[2025-08-03 08:37:29] core.schema_system.enhanced_base_agent - ERROR - ❌ run_simulation 执行失败 (0.07s): None
[2025-08-03 08:37:29] core.schema_system.enhanced_base_agent - ERROR - ❌ run_simulation 执行失败，标记为永久失败
[2025-08-03 08:37:29] core.schema_system.enhanced_base_agent - ERROR - ❌ 关键工具永久失败: run_simulation，停止后续工具执行
[2025-08-03 08:38:30] core.schema_system.enhanced_base_agent - ERROR - ❌ run_simulation 执行失败 (0.08s): None
[2025-08-03 08:38:30] core.schema_system.enhanced_base_agent - ERROR - ❌ run_simulation 执行失败，标记为永久失败
[2025-08-03 08:38:30] core.schema_system.enhanced_base_agent - ERROR - ❌ 关键工具永久失败: run_simulation，停止后续工具执行
syntax error
file_workspace/testbenches/adder_16bit_tb.v:6: error: Invalid module item.
file_workspace/testbenches/adder_16bit_tb.v:117: syntax error
file_workspace/testbenches/adder_16bit_tb.v:117: error: Incomprehensible for loop.
file_workspace/testbenches/adder_16bit_tb.v:126: syntax error
file_workspace/testbenches/adder_16bit_tb.v:126: error: Malformed statement

[2025-08-03 08:38:30] Agent.enhanced_real_code_review_agent - ERROR - ❌ 编译失败，返回码: 54
[2025-08-03 08:38:30] Agent.enhanced_real_code_review_agent - ERROR - 编译错误: file_workspace/testbenches/adder_16bit_tb.v:96: syntax error
file_workspace/testbenches/adder_16bit_tb.v:96: error: Malformed statement
file_workspace/testbenches/adder_16bit_tb.v:97: syntax error
file_workspace/testbenches/adder_16bit_tb.v:98: error: Malformed statement
file_workspace/testbenches/adder_16bit_tb.v:107: syntax error
file_workspace/testbenches/adder_16bit_tb.v:107: error: Malformed statement
file_workspace/testbenches/adder_16bit_tb.v:108: syntax error
file_workspace/testbenches/adder_16bit_tb.v:109: error: Malformed statement
file_workspace/testbenches/adder_16bit_tb.v:118: syntax error
file_workspace/testbenches/adder_16bit_tb.v:118: error: Malformed statement
file_workspace/testbenches/adder_16bit_tb.v:119: syntax error
file_workspace/testbenches/adder_16bit_tb.v:120: error: Malformed statement
file_workspace/testbenches/adder_16bit_tb.v:86: error: Task body with multiple statements requires SystemVerilog.
file_workspace/testbenches/adder_16bit_tb.v:1: error: Task body with multiple statements requires SystemVerilog.
file_workspace/testbenches/adder_16bit_tb.v:136: syntax error
file_workspace/testbenches/adder_16bit_tb.v:136: error: Malformed statement
file_workspace/testbenches/adder_16bit_tb.v:137: syntax error
file_workspace/testbenches/adder_16bit_tb.v:138: error: Malformed statement
file_workspace/testbenches/adder_16bit_tb.v:147: syntax error
file_workspace/testbenches/adder_16bit_tb.v:147: error: Malformed statement
file_workspace/testbenches/adder_16bit_tb.v:148: syntax error
file_workspace/testbenches/adder_16bit_tb.v:149: error: Malformed statement
file_workspace/testbenches/adder_16bit_tb.v:126: error: Task body with multiple statements requires SystemVerilog.
file_workspace/testbenches/adder_16bit_tb.v:1: error: Task body with multiple statements requires SystemVerilog.
file_workspace/testbenches/adder_16bit_tb.v:165: syntax error
file_workspace/testbenches/adder_16bit_tb.v:165: error: Malformed statement
file_workspace/testbenches/adder_16bit_tb.v:166: syntax error
file_workspace/testbenches/adder_16bit_tb.v:167: error: Malformed statement
file_workspace/testbenches/adder_16bit_tb.v:176: syntax error
file_workspace/testbenches/adder_16bit_tb.v:176: error: Malformed statement
file_workspace/testbenches/adder_16bit_tb.v:177: syntax error
file_workspace/testbenches/adder_16bit_tb.v:178: error: Malformed statement
file_workspace/testbenches/adder_16bit_tb.v:155: error: Task body with multiple statements requires SystemVerilog.
file_workspace/testbenches/adder_16bit_tb.v:1: error: Task body with multiple statements requires SystemVerilog.
file_workspace/testbenches/adder_16bit_tb.v:194: syntax error
file_workspace/testbenches/adder_16bit_tb.v:194: error: Malformed statement
file_workspace/testbenches/adder_16bit_tb.v:195: syntax error
file_workspace/testbenches/adder_16bit_tb.v:196: error: Malformed statement
file_workspace/testbenches/adder_16bit_tb.v:205: syntax error
file_workspace/testbenches/adder_16bit_tb.v:205: error: Malformed statement
file_workspace/testbenches/adder_16bit_tb.v:206: syntax error
file_workspace/testbenches/adder_16bit_tb.v:207: error: Malformed statement
file_workspace/testbenches/adder_16bit_tb.v:216: syntax error
file_workspace/testbenches/adder_16bit_tb.v:216: error: Malformed statement
file_workspace/testbenches/adder_16bit_tb.v:217: syntax error
file_workspace/testbenches/adder_16bit_tb.v:218: error: Malformed statement
file_workspace/testbenches/adder_16bit_tb.v:184: error: Task body with multiple statements requires SystemVerilog.
file_workspace/testbenches/adder_16bit_tb.v:1: error: Task body with multiple statements requires SystemVerilog.
file_workspace/testbenches/adder_16bit_tb.v:236: syntax error
file_workspace/testbenches/adder_16bit_tb.v:236: error: Malformed statement
file_workspace/testbenches/adder_16bit_tb.v:237: syntax error
file_workspace/testbenches/adder_16bit_tb.v:238: error: Malformed statement
file_workspace/testbenches/adder_16bit_tb.v:224: error: Task body with multiple statements requires SystemVerilog.
file_workspace/testbenches/adder_16bit_tb.v:1: error: Task body with multiple statements requires SystemVerilog.

[2025-08-03 08:38:30] Agent.enhanced_real_code_review_agent - ERROR - ❌ 仿真执行失败 (compilation): 编译失败: file_workspace/testbenches/adder_16bit_tb.v:96: syntax error
file_workspace/testbenches/adder_16bit_tb.v:96: error: Malformed statement
file_workspace/testbenches/adder_16bit_tb.v:97: syntax error
file_workspace/testbenches/adder_16bit_tb.v:98: error: Malformed statement
file_workspace/testbenches/adder_16bit_tb.v:107: syntax error
file_workspace/testbenches/adder_16bit_tb.v:107: error: Malformed statement
file_workspace/testbenches/adder_16bit_tb.v:108: syntax error
file_workspace/testbenches/adder_16bit_tb.v:109: error: Malformed statement
file_workspace/testbenches/adder_16bit_tb.v:118: syntax error
file_workspace/testbenches/adder_16bit_tb.v:118: error: Malformed statement
file_workspace/testbenches/adder_16bit_tb.v:119: syntax error
file_workspace/testbenches/adder_16bit_tb.v:120: error: Malformed statement
file_workspace/testbenches/adder_16bit_tb.v:86: error: Task body with multiple statements requires SystemVerilog.
file_workspace/testbenches/adder_16bit_tb.v:1: error: Task body with multiple statements requires SystemVerilog.
file_workspace/testbenches/adder_16bit_tb.v:136: syntax error
file_workspace/testbenches/adder_16bit_tb.v:136: error: Malformed statement
file_workspace/testbenches/adder_16bit_tb.v:137: syntax error
file_workspace/testbenches/adder_16bit_tb.v:138: error: Malformed statement
file_workspace/testbenches/adder_16bit_tb.v:147: syntax error
file_workspace/testbenches/adder_16bit_tb.v:147: error: Malformed statement
file_workspace/testbenches/adder_16bit_tb.v:148: syntax error
file_workspace/testbenches/adder_16bit_tb.v:149: error: Malformed statement
file_workspace/testbenches/adder_16bit_tb.v:126: error: Task body with multiple statements requires SystemVerilog.
file_workspace/testbenches/adder_16bit_tb.v:1: error: Task body with multiple statements requires SystemVerilog.
file_workspace/testbenches/adder_16bit_tb.v:165: syntax error
file_workspace/testbenches/adder_16bit_tb.v:165: error: Malformed statement
file_workspace/testbenches/adder_16bit_tb.v:166: syntax error
file_workspace/testbenches/adder_16bit_tb.v:167: error: Malformed statement
file_workspace/testbenches/adder_16bit_tb.v:176: syntax error
file_workspace/testbenches/adder_16bit_tb.v:176: error: Malformed statement
file_workspace/testbenches/adder_16bit_tb.v:177: syntax error
file_workspace/testbenches/adder_16bit_tb.v:178: error: Malformed statement
file_workspace/testbenches/adder_16bit_tb.v:155: error: Task body with multiple statements requires SystemVerilog.
file_workspace/testbenches/adder_16bit_tb.v:1: error: Task body with multiple statements requires SystemVerilog.
file_workspace/testbenches/adder_16bit_tb.v:194: syntax error
file_workspace/testbenches/adder_16bit_tb.v:194: error: Malformed statement
file_workspace/testbenches/adder_16bit_tb.v:195: syntax error
file_workspace/testbenches/adder_16bit_tb.v:196: error: Malformed statement
file_workspace/testbenches/adder_16bit_tb.v:205: syntax error
file_workspace/testbenches/adder_16bit_tb.v:205: error: Malformed statement
file_workspace/testbenches/adder_16bit_tb.v:206: syntax error
file_workspace/testbenches/adder_16bit_tb.v:207: error: Malformed statement
file_workspace/testbenches/adder_16bit_tb.v:216: syntax error
file_workspace/testbenches/adder_16bit_tb.v:216: error: Malformed statement
file_workspace/testbenches/adder_16bit_tb.v:217: syntax error
file_workspace/testbenches/adder_16bit_tb.v:218: error: Malformed statement
file_workspace/testbenches/adder_16bit_tb.v:184: error: Task body with multiple statements requires SystemVerilog.
file_workspace/testbenches/adder_16bit_tb.v:1: error: Task body with multiple statements requires SystemVerilog.
file_workspace/testbenches/adder_16bit_tb.v:236: syntax error
file_workspace/testbenches/adder_16bit_tb.v:236: error: Malformed statement
file_workspace/testbenches/adder_16bit_tb.v:237: syntax error
file_workspace/testbenches/adder_16bit_tb.v:238: error: Malformed statement
file_workspace/testbenches/adder_16bit_tb.v:224: error: Task body with multiple statements requires SystemVerilog.
file_workspace/testbenches/adder_16bit_tb.v:1: error: Task body with multiple statements requires SystemVerilog.

