08:15:03 - Agent.enhanced_real_verilog_agent - INFO - ğŸ” å¼€å§‹åˆ†æè®¾è®¡éœ€æ±‚
08:15:38 - Agent.enhanced_real_verilog_agent - INFO - ğŸ’» å¼€å§‹ç”ŸæˆVerilogä»£ç : counter_4bit
ğŸš€ å¼€å§‹é‡æ„åVerilogæ™ºèƒ½ä½“æµ‹è¯•...

ğŸ§ª æµ‹è¯•é‡æ„åVerilogæ™ºèƒ½ä½“åŸºç¡€åŠŸèƒ½...
âœ… æˆåŠŸåŠ è½½ç¯å¢ƒé…ç½®: /Users/haiyan-mini/Documents/Study/V-Agent/.env
âœ… å¢å¼ºæ—¥å¿—ç³»ç»Ÿåˆå§‹åŒ–æˆåŠŸ
ğŸ“‚ å®éªŒç›®å½•: logs/experiment_20250807_081435
ğŸ“ å·¥ä»¶ç›®å½•: logs/experiment_20250807_081435/artifacts
ğŸ“‹ ä¸»æ—¥å¿—ç›®å½•: logs
âœ… é‡æ„åVerilogæ™ºèƒ½ä½“åˆ›å»ºæˆåŠŸ
ğŸ“Š æ™ºèƒ½ä½“ID: enhanced_real_verilog_agent
ğŸ¯ è§’è‰²: verilog_designer
ğŸ”§ èƒ½åŠ›: {<AgentCapability.MODULE_DESIGN: 'module_design'>, <AgentCapability.CODE_GENERATION: 'code_generation'>, <AgentCapability.SPECIFICATION_ANALYSIS: 'specification_analysis'>}
ğŸ“ ä¸“ä¸šæè¿°: é›†æˆSchemaéªŒè¯çš„å¢å¼ºVerilog HDLè®¾è®¡æ™ºèƒ½ä½“ï¼Œæä¾›ä¸¥æ ¼å‚æ•°éªŒè¯å’Œæ™ºèƒ½é”™è¯¯ä¿®å¤çš„ä¸“ä¸šæ•°å­—ç”µè·¯è®¾è®¡æœåŠ¡

ğŸ§ª æµ‹è¯•LLMé€šä¿¡åŠŸèƒ½...
âœ… æˆåŠŸåŠ è½½ç¯å¢ƒé…ç½®: /Users/haiyan-mini/Documents/Study/V-Agent/.env
âœ… System Promptæ„å»ºæˆåŠŸï¼Œé•¿åº¦: 913 å­—ç¬¦
ğŸ“ Prompté¢„è§ˆ: ä½ æ˜¯ä¸€ä½èµ„æ·±çš„Verilogç¡¬ä»¶è®¾è®¡ä¸“å®¶ï¼Œå…·å¤‡ä»¥ä¸‹ä¸“ä¸šèƒ½åŠ›ï¼š

ğŸ” **æ ¸å¿ƒä¸“é•¿**:
- Verilog/SystemVerilogæ¨¡å—è®¾è®¡å’Œä»£ç ç”Ÿæˆ
- ç»„åˆé€»è¾‘å’Œæ—¶åºé€»è¾‘è®¾è®¡
- å‚æ•°åŒ–è®¾è®¡å’Œå¯é‡ç”¨æ¨¡å—å¼€å‘
- ä»£ç è´¨é‡åˆ†æå’Œæœ€ä½³å®è·µåº”ç”¨
- å¯ç»¼åˆæ€§å’Œæ—¶åºæ”¶æ•›è®¾è®¡
- è®¾è®¡éªŒè¯å’Œæµ‹è¯•ç­–ç•¥

ğŸ“‹ **è®¾è®¡æ ‡å‡†**:
1. IEEE 1800æ ‡å‡†åˆè§„æ€§
2. ä»£ç å¯è¯»æ€§å’Œç»´æŠ¤æ€§
3. ç»¼åˆæ€§å’Œ...
âœ… LLMè°ƒç”¨æˆåŠŸï¼Œå“åº”é•¿åº¦: 1997 å­—ç¬¦

ğŸ§ª æµ‹è¯•å·¥å…·æ³¨å†ŒåŠŸèƒ½...
âœ… æˆåŠŸåŠ è½½ç¯å¢ƒé…ç½®: /Users/haiyan-mini/Documents/Study/V-Agent/.env
âœ… å·¥å…·æ³¨å†ŒæˆåŠŸï¼Œæ³¨å†Œå·¥å…·æ•°é‡: 5
âœ… å·¥å…· analyze_design_requirements æ³¨å†ŒæˆåŠŸ
âœ… å·¥å…· generate_verilog_code æ³¨å†ŒæˆåŠŸ
âœ… å·¥å…· analyze_code_quality æ³¨å†ŒæˆåŠŸ
âœ… å·¥å…· optimize_verilog_code æ³¨å†ŒæˆåŠŸ
âœ… å·¥å…· get_tool_usage_guide æ³¨å†ŒæˆåŠŸ

ğŸ§ª æµ‹è¯•è®¾è®¡éœ€æ±‚åˆ†æå·¥å…·...
âœ… æˆåŠŸåŠ è½½ç¯å¢ƒé…ç½®: /Users/haiyan-mini/Documents/Study/V-Agent/.env
âœ… éœ€æ±‚åˆ†ææˆåŠŸ
ğŸ“Š åˆ†æç»“æœé•¿åº¦: 2533 å­—ç¬¦
ğŸ” è®¾è®¡ç±»å‹: sequential
ğŸ“ˆ å¤æ‚åº¦çº§åˆ«: medium

ğŸ§ª æµ‹è¯•Verilogä»£ç ç”Ÿæˆå·¥å…·...
âœ… æˆåŠŸåŠ è½½ç¯å¢ƒé…ç½®: /Users/haiyan-mini/Documents/Study/V-Agent/.env
Traceback (most recent call last):
  File "/opt/homebrew/Cellar/python@3.13/3.13.3_1/Frameworks/Python.framework/Versions/3.13/lib/python3.13/asyncio/runners.py", line 118, in run
    return self._loop.run_until_complete(task)
           ~~~~~~~~~~~~~~~~~~~~~~~~~~~~~^^^^^^
  File "/opt/homebrew/Cellar/python@3.13/3.13.3_1/Frameworks/Python.framework/Versions/3.13/lib/python3.13/asyncio/base_events.py", line 719, in run_until_complete
    return future.result()
           ~~~~~~~~~~~~~^^
  File "/Users/haiyan-mini/Documents/Study/V-Agent/test_verilog_agent_integration.py", line 327, in main
    generation_success = await test_verilog_code_generation()
                         ^^^^^^^^^^^^^^^^^^^^^^^^^^^^^^^^^^^^
  File "/Users/haiyan-mini/Documents/Study/V-Agent/test_verilog_agent_integration.py", line 173, in test_verilog_code_generation
    result = await agent._tool_generate_verilog_code(
             ^^^^^^^^^^^^^^^^^^^^^^^^^^^^^^^^^^^^^^^^
    ...<11 lines>...
    )
    ^
  File "/Users/haiyan-mini/Documents/Study/V-Agent/agents/enhanced_real_verilog_agent.py", line 441, in _tool_generate_verilog_code
    response = await self.llm_manager.call_llm_for_function_calling(conversation)
               ^^^^^^^^^^^^^^^^^^^^^^^^^^^^^^^^^^^^^^^^^^^^^^^^^^^^^^^^^^^^^^^^^^
  File "/Users/haiyan-mini/Documents/Study/V-Agent/core/llm_communication/managers/client_manager.py", line 91, in call_llm_for_function_calling
    response = await self.llm_client.send_prompt_optimized(
               ^^^^^^^^^^^^^^^^^^^^^^^^^^^^^^^^^^^^^^^^^^^^
    ...<6 lines>...
    )
    ^
  File "/Users/haiyan-mini/Documents/Study/V-Agent/llm_integration/enhanced_llm_client.py", line 627, in send_prompt_optimized
    return await self.optimized_client.send_prompt_optimized(
           ^^^^^^^^^^^^^^^^^^^^^^^^^^^^^^^^^^^^^^^^^^^^^^^^^^
    ...<2 lines>...
    )
    ^
  File "/Users/haiyan-mini/Documents/Study/V-Agent/llm_integration/enhanced_llm_client.py", line 316, in send_prompt_optimized
    response = await self._send_prompt_internal(messages, temperature, max_tokens, json_mode)
               ^^^^^^^^^^^^^^^^^^^^^^^^^^^^^^^^^^^^^^^^^^^^^^^^^^^^^^^^^^^^^^^^^^^^^^^^^^^^^^
  File "/Users/haiyan-mini/Documents/Study/V-Agent/llm_integration/enhanced_llm_client.py", line 354, in _send_prompt_internal
    return await self._send_prompt_direct(user_prompt.strip(), system_prompt,
           ^^^^^^^^^^^^^^^^^^^^^^^^^^^^^^^^^^^^^^^^^^^^^^^^^^^^^^^^^^^^^^^^^^
                                        temperature, max_tokens, json_mode)
                                        ^^^^^^^^^^^^^^^^^^^^^^^^^^^^^^^^^^^
  File "/Users/haiyan-mini/Documents/Study/V-Agent/llm_integration/enhanced_llm_client.py", line 365, in _send_prompt_direct
    return await self.parent_client.send_prompt(
           ^^^^^^^^^^^^^^^^^^^^^^^^^^^^^^^^^^^^^
        prompt, system_prompt, temperature, max_tokens, json_mode
        ^^^^^^^^^^^^^^^^^^^^^^^^^^^^^^^^^^^^^^^^^^^^^^^^^^^^^^^^^
    )
    ^
  File "/Users/haiyan-mini/Documents/Study/V-Agent/llm_integration/enhanced_llm_client.py", line 479, in send_prompt
    response_content = await self._send_openai_compatible_request(
                       ^^^^^^^^^^^^^^^^^^^^^^^^^^^^^^^^^^^^^^^^^^^
        session, prompt, system_prompt, temperature, max_tokens, json_mode)
        ^^^^^^^^^^^^^^^^^^^^^^^^^^^^^^^^^^^^^^^^^^^^^^^^^^^^^^^^^^^^^^^^^^^
  File "/Users/haiyan-mini/Documents/Study/V-Agent/llm_integration/enhanced_llm_client.py", line 552, in _send_openai_compatible_request
    async with session.post(url, json=payload, headers=headers) as response:
               ~~~~~~~~~~~~^^^^^^^^^^^^^^^^^^^^^^^^^^^^^^^^^^^^
  File "/opt/homebrew/lib/python3.13/site-packages/aiohttp/client.py", line 1482, in __aenter__
    self._resp: _RetType = await self._coro
                           ^^^^^^^^^^^^^^^^
  File "/opt/homebrew/lib/python3.13/site-packages/aiohttp/client.py", line 770, in _request
    resp = await handler(req)
           ^^^^^^^^^^^^^^^^^^
  File "/opt/homebrew/lib/python3.13/site-packages/aiohttp/client.py", line 748, in _connect_and_send_request
    await resp.start(conn)
  File "/opt/homebrew/lib/python3.13/site-packages/aiohttp/client_reqrep.py", line 532, in start
    message, payload = await protocol.read()  # type: ignore[union-attr]
                       ^^^^^^^^^^^^^^^^^^^^^
  File "/opt/homebrew/lib/python3.13/site-packages/aiohttp/streams.py", line 672, in read
    await self._waiter
asyncio.exceptions.CancelledError

During handling of the above exception, another exception occurred:

Traceback (most recent call last):
  File "/Users/haiyan-mini/Documents/Study/V-Agent/test_verilog_agent_integration.py", line 358, in <module>
    success = asyncio.run(main())
  File "/opt/homebrew/Cellar/python@3.13/3.13.3_1/Frameworks/Python.framework/Versions/3.13/lib/python3.13/asyncio/runners.py", line 195, in run
    return runner.run(main)
           ~~~~~~~~~~^^^^^^
  File "/opt/homebrew/Cellar/python@3.13/3.13.3_1/Frameworks/Python.framework/Versions/3.13/lib/python3.13/asyncio/runners.py", line 123, in run
    raise KeyboardInterrupt()
KeyboardInterrupt
