2025-08-02 10:31:03,930 - core.file_manager - INFO - ğŸ—‚ï¸ ä¸­å¤®æ–‡ä»¶ç®¡ç†å™¨å·²åˆå§‹åŒ–ï¼Œå·¥ä½œç©ºé—´: /tmp/tdd_advanced_test_cl5no335
2025-08-02 10:31:03,931 - core.file_manager - INFO - ğŸ’¾ æ–‡ä»¶å·²ä¿å­˜: simple_8bit_adder_problematic.v (ID: e7de7f0e, ç±»å‹: verilog)
2025-08-02 10:31:03,931 - core.file_manager - INFO - ğŸ’¾ æ–‡ä»¶å·²ä¿å­˜: simple_8bit_adder_complete.v (ID: 0dadf2b7, ç±»å‹: verilog)
2025-08-02 10:31:03,932 - core.file_manager - INFO - ğŸ’¾ æ–‡ä»¶å·²ä¿å­˜: simple_8bit_adder_tb.v (ID: e851137c, ç±»å‹: testbench)
2025-08-02 10:31:03,933 - extensions.verilog_dependency_analyzer.VerilogDependencyAnalyzer - INFO - å‘ç°æ¨¡å—: simple_8bit_adder (ä¾èµ–: 1ä¸ª)
2025-08-02 10:31:03,933 - extensions.verilog_dependency_analyzer.VerilogDependencyAnalyzer - INFO - å‘ç°æ¨¡å—: full_adder (ä¾èµ–: 1ä¸ª)
2025-08-02 10:31:03,933 - extensions.verilog_dependency_analyzer.VerilogDependencyAnalyzer - INFO - å‘ç°æ¨¡å—: simple_8bit_adder (ä¾èµ–: 1ä¸ª)
2025-08-02 10:31:03,933 - extensions.test_analyzer.TestAnalyzer - INFO - ğŸ§ª ä½¿ç”¨ç”¨æˆ·æµ‹è¯•å°è¿è¡Œæµ‹è¯•: /tmp/tdd_advanced_test_cl5no335/testbenches/simple_8bit_adder_tb.v
2025-08-02 10:31:03,933 - extensions.test_analyzer.TestAnalyzer - INFO - ğŸ” å¤„ç†æ–‡ä»¶å¼•ç”¨ 0: <class 'dict'> = {'file_path': '/tmp/tdd_advanced_test_cl5no335/designs/simple_8bit_adder_problematic.v', 'file_type': 'verilog', 'file_id': 'e7de7f0e'}
2025-08-02 10:31:03,934 - extensions.test_analyzer.TestAnalyzer - INFO -   å­—å…¸æ ¼å¼ï¼Œæå–è·¯å¾„: /tmp/tdd_advanced_test_cl5no335/designs/simple_8bit_adder_problematic.v
2025-08-02 10:31:03,934 - extensions.test_analyzer.TestAnalyzer - INFO -   ğŸ“ æ£€æŸ¥è·¯å¾„: /tmp/tdd_advanced_test_cl5no335/designs/simple_8bit_adder_problematic.v
2025-08-02 10:31:03,934 - extensions.test_analyzer.TestAnalyzer - INFO -   âœ… æ–‡ä»¶å­˜åœ¨: /tmp/tdd_advanced_test_cl5no335/designs/simple_8bit_adder_problematic.v
2025-08-02 10:31:03,934 - extensions.test_analyzer.TestAnalyzer - INFO -   âœ… æ·»åŠ Verilogæ–‡ä»¶: /tmp/tdd_advanced_test_cl5no335/designs/simple_8bit_adder_problematic.v
2025-08-02 10:31:03,934 - extensions.test_analyzer.TestAnalyzer - INFO - ğŸ“„ æˆåŠŸæå–è®¾è®¡æ–‡ä»¶è·¯å¾„: 1 ä¸ªæ–‡ä»¶
2025-08-02 10:31:03,934 - extensions.test_analyzer.TestAnalyzer - INFO -   1. /tmp/tdd_advanced_test_cl5no335/designs/simple_8bit_adder_problematic.v
2025-08-02 10:31:03,934 - extensions.test_analyzer.TestAnalyzer - INFO - ğŸ” å¼€å§‹Verilogä¾èµ–åˆ†æ...
2025-08-02 10:31:03,934 - extensions.verilog_dependency_analyzer.VerilogDependencyAnalyzer - INFO - å‘ç°æ¨¡å—: simple_8bit_adder (ä¾èµ–: 1ä¸ª)
2025-08-02 10:31:03,935 - extensions.verilog_dependency_analyzer.VerilogDependencyAnalyzer - INFO - å‘ç°æ¨¡å—: simple_8bit_adder (ä¾èµ–: 1ä¸ª)
2025-08-02 10:31:03,935 - extensions.verilog_dependency_analyzer.VerilogDependencyAnalyzer - WARNING - ç¼ºå¤±æ¨¡å—: module
2025-08-02 10:31:03,935 - extensions.verilog_dependency_analyzer.VerilogDependencyAnalyzer - INFO - æ·»åŠ æ–‡ä»¶: simple_8bit_adder_problematic.v (æ¨¡å—: simple_8bit_adder)
2025-08-02 10:31:03,935 - extensions.test_analyzer.TestAnalyzer - INFO - ğŸ“Š å…¼å®¹æ€§åˆ†æ: å…¼å®¹=False
2025-08-02 10:31:03,935 - extensions.test_analyzer.TestAnalyzer - WARNING - âš ï¸ å…¼å®¹æ€§é—®é¢˜: æµ‹è¯•å°æ²¡æœ‰å®ä¾‹åŒ–ä»»ä½•è®¾è®¡æ¨¡å—
2025-08-02 10:31:03,935 - extensions.test_analyzer.TestAnalyzer - WARNING - âš ï¸ å…¼å®¹æ€§é—®é¢˜: ç¼ºå¤±ä¾èµ–æ¨¡å—: ['module']
2025-08-02 10:31:03,935 - extensions.test_analyzer.TestAnalyzer - INFO - ğŸ” æŸ¥æ‰¾ç¼ºå¤±çš„ä¾èµ–æ¨¡å—: ['module']
2025-08-02 10:31:03,935 - extensions.test_analyzer.TestAnalyzer - INFO - ğŸ” æœç´¢ç¼ºå¤±æ¨¡å—: module
2025-08-02 10:31:03,935 - extensions.test_analyzer.TestAnalyzer - INFO - ğŸ” ä¾èµ–åˆ†æå®Œæˆï¼Œéœ€è¦ç¼–è¯‘ 1 ä¸ªæ–‡ä»¶
2025-08-02 10:31:03,935 - extensions.test_analyzer.TestAnalyzer - INFO - ğŸ§ª å¼€å§‹ä»¿çœŸï¼Œè®¾è®¡æ–‡ä»¶: 1 ä¸ª
2025-08-02 10:31:03,935 - extensions.test_analyzer.TestAnalyzer - INFO - ğŸ§ª æµ‹è¯•å°æ–‡ä»¶: /tmp/tdd_advanced_test_cl5no335/testbenches/simple_8bit_adder_tb.v
2025-08-02 10:31:03,935 - extensions.test_analyzer.TestAnalyzer - INFO - ğŸ“‹ éªŒè¯æ–‡ä»¶å­˜åœ¨æ€§:
2025-08-02 10:31:03,936 - extensions.test_analyzer.TestAnalyzer - INFO -   âœ… è®¾è®¡æ–‡ä»¶1: simple_8bit_adder_problematic.v (859 bytes)
2025-08-02 10:31:03,936 - extensions.test_analyzer.TestAnalyzer - INFO -   âœ… æµ‹è¯•å°æ–‡ä»¶: simple_8bit_adder_tb.v (1017 bytes)
2025-08-02 10:31:03,936 - extensions.test_analyzer.TestAnalyzer - INFO - ğŸ“ ä¸´æ—¶ä»¿çœŸè¾“å‡º: /tmp/tdd_test_analyzer/sim_3332730
2025-08-02 10:31:03,936 - extensions.test_analyzer.TestAnalyzer - INFO - ğŸ”¨ ç¼–è¯‘å‘½ä»¤æ–‡ä»¶é¡ºåº:
2025-08-02 10:31:03,936 - extensions.test_analyzer.TestAnalyzer - INFO -   1. simple_8bit_adder_problematic.v (è®¾è®¡)
2025-08-02 10:31:03,936 - extensions.test_analyzer.TestAnalyzer - INFO -   2. simple_8bit_adder_tb.v (æµ‹è¯•å°)
2025-08-02 10:31:03,936 - extensions.test_analyzer.TestAnalyzer - INFO - ğŸ”¨ ç¼–è¯‘å‘½ä»¤: iverilog -o /tmp/tdd_test_analyzer/sim_3332730 /tmp/tdd_advanced_test_cl5no335/designs/simple_8bit_adder_problematic.v /tmp/tdd_advanced_test_cl5no335/testbenches/simple_8bit_adder_tb.v
2025-08-02 10:31:03,936 - extensions.test_analyzer.TestAnalyzer - INFO - â³ å¼€å§‹iverilogç¼–è¯‘...
2025-08-02 10:31:03,987 - extensions.test_analyzer.TestAnalyzer - INFO - ğŸ”¨ ç¼–è¯‘è¿”å›ç : 8
2025-08-02 10:31:03,987 - extensions.test_analyzer.TestAnalyzer - INFO - ğŸ“¤ ç¼–è¯‘stderr: /tmp/tdd_advanced_test_cl5no335/designs/simple_8bit_adder_problematic.v:14: error: Unknown module type: full_adder
/tmp/tdd_advanced_test_cl5no335/designs/simple_8bit_adder_problematic.v:22: error: Unknown module type: full_adder
/tmp/tdd_advanced_test_cl5no335/designs/simple_8bit_adder_problematic.v:22: error: Unknown module type: full_adder
/tmp/tdd_advanced_test_cl5no335/designs/simple_8bit_adder_problematic.v:22: error: Unknown module type: full_adder
/tmp/tdd_advanced_test_cl5no335/designs/simple_8bit_adder_problematic.v:22: error: Unknown module type: full_adder
/tmp/tdd_advanced_test_cl5no335/designs/simple_8bit_adder_problematic.v:22: error: Unknown module type: full_adder
/tmp/tdd_advanced_test_cl5no335/designs/simple_8bit_adder_problematic.v:22: error: Unknown module type: full_adder
/tmp/tdd_advanced_test_cl5no335/designs/simple_8bit_adder_problematic.v:22: error: Unknown module type: full_adder
8 error(s) during elaboration.
*** These modules were missing:
        full_adder referenced 8 times.
***

2025-08-02 10:31:03,989 - extensions.test_analyzer.TestAnalyzer - INFO - ğŸ§ª ä½¿ç”¨ç”¨æˆ·æµ‹è¯•å°è¿è¡Œæµ‹è¯•: /tmp/tdd_advanced_test_cl5no335/testbenches/simple_8bit_adder_tb.v
2025-08-02 10:31:03,989 - extensions.test_analyzer.TestAnalyzer - INFO - ğŸ” å¤„ç†æ–‡ä»¶å¼•ç”¨ 0: <class 'dict'> = {'file_path': '/tmp/tdd_advanced_test_cl5no335/designs/simple_8bit_adder_complete.v', 'file_type': 'verilog', 'file_id': '0dadf2b7'}
2025-08-02 10:31:03,989 - extensions.test_analyzer.TestAnalyzer - INFO -   å­—å…¸æ ¼å¼ï¼Œæå–è·¯å¾„: /tmp/tdd_advanced_test_cl5no335/designs/simple_8bit_adder_complete.v
2025-08-02 10:31:03,989 - extensions.test_analyzer.TestAnalyzer - INFO -   ğŸ“ æ£€æŸ¥è·¯å¾„: /tmp/tdd_advanced_test_cl5no335/designs/simple_8bit_adder_complete.v
2025-08-02 10:31:03,989 - extensions.test_analyzer.TestAnalyzer - INFO -   âœ… æ–‡ä»¶å­˜åœ¨: /tmp/tdd_advanced_test_cl5no335/designs/simple_8bit_adder_complete.v
2025-08-02 10:31:03,989 - extensions.test_analyzer.TestAnalyzer - INFO -   âœ… æ·»åŠ Verilogæ–‡ä»¶: /tmp/tdd_advanced_test_cl5no335/designs/simple_8bit_adder_complete.v
2025-08-02 10:31:03,989 - extensions.test_analyzer.TestAnalyzer - INFO - ğŸ“„ æˆåŠŸæå–è®¾è®¡æ–‡ä»¶è·¯å¾„: 1 ä¸ªæ–‡ä»¶
2025-08-02 10:31:03,989 - extensions.test_analyzer.TestAnalyzer - INFO -   1. /tmp/tdd_advanced_test_cl5no335/designs/simple_8bit_adder_complete.v
2025-08-02 10:31:03,989 - extensions.test_analyzer.TestAnalyzer - INFO - ğŸ” å¼€å§‹Verilogä¾èµ–åˆ†æ...
2025-08-02 10:31:03,990 - extensions.verilog_dependency_analyzer.VerilogDependencyAnalyzer - INFO - å‘ç°æ¨¡å—: full_adder (ä¾èµ–: 1ä¸ª)
2025-08-02 10:31:03,990 - extensions.verilog_dependency_analyzer.VerilogDependencyAnalyzer - INFO - å‘ç°æ¨¡å—: simple_8bit_adder (ä¾èµ–: 1ä¸ª)
2025-08-02 10:31:03,990 - extensions.verilog_dependency_analyzer.VerilogDependencyAnalyzer - INFO - å‘ç°æ¨¡å—: full_adder (ä¾èµ–: 1ä¸ª)
2025-08-02 10:31:03,991 - extensions.verilog_dependency_analyzer.VerilogDependencyAnalyzer - INFO - å‘ç°æ¨¡å—: simple_8bit_adder (ä¾èµ–: 1ä¸ª)
2025-08-02 10:31:03,991 - extensions.verilog_dependency_analyzer.VerilogDependencyAnalyzer - WARNING - ç¼ºå¤±æ¨¡å—: module
2025-08-02 10:31:03,991 - extensions.verilog_dependency_analyzer.VerilogDependencyAnalyzer - INFO - æ·»åŠ æ–‡ä»¶: simple_8bit_adder_complete.v (æ¨¡å—: full_adder)
2025-08-02 10:31:03,991 - extensions.test_analyzer.TestAnalyzer - INFO - ğŸ“Š å…¼å®¹æ€§åˆ†æ: å…¼å®¹=False
2025-08-02 10:31:03,991 - extensions.test_analyzer.TestAnalyzer - WARNING - âš ï¸ å…¼å®¹æ€§é—®é¢˜: æµ‹è¯•å°æ²¡æœ‰å®ä¾‹åŒ–ä»»ä½•è®¾è®¡æ¨¡å—
2025-08-02 10:31:03,991 - extensions.test_analyzer.TestAnalyzer - WARNING - âš ï¸ å…¼å®¹æ€§é—®é¢˜: ç¼ºå¤±ä¾èµ–æ¨¡å—: ['module']
2025-08-02 10:31:03,991 - extensions.test_analyzer.TestAnalyzer - INFO - ğŸ” æŸ¥æ‰¾ç¼ºå¤±çš„ä¾èµ–æ¨¡å—: ['module']
2025-08-02 10:31:03,991 - extensions.test_analyzer.TestAnalyzer - INFO - ğŸ” æœç´¢ç¼ºå¤±æ¨¡å—: module
2025-08-02 10:31:03,991 - extensions.test_analyzer.TestAnalyzer - INFO - ğŸ” ä¾èµ–åˆ†æå®Œæˆï¼Œéœ€è¦ç¼–è¯‘ 1 ä¸ªæ–‡ä»¶
2025-08-02 10:31:03,991 - extensions.test_analyzer.TestAnalyzer - INFO - ğŸ§ª å¼€å§‹ä»¿çœŸï¼Œè®¾è®¡æ–‡ä»¶: 1 ä¸ª
2025-08-02 10:31:03,991 - extensions.test_analyzer.TestAnalyzer - INFO - ğŸ§ª æµ‹è¯•å°æ–‡ä»¶: /tmp/tdd_advanced_test_cl5no335/testbenches/simple_8bit_adder_tb.v
2025-08-02 10:31:03,991 - extensions.test_analyzer.TestAnalyzer - INFO - ğŸ“‹ éªŒè¯æ–‡ä»¶å­˜åœ¨æ€§:
2025-08-02 10:31:03,992 - extensions.test_analyzer.TestAnalyzer - INFO -   âœ… è®¾è®¡æ–‡ä»¶1: simple_8bit_adder_complete.v (1050 bytes)
2025-08-02 10:31:03,992 - extensions.test_analyzer.TestAnalyzer - INFO -   âœ… æµ‹è¯•å°æ–‡ä»¶: simple_8bit_adder_tb.v (1017 bytes)
2025-08-02 10:31:03,992 - extensions.test_analyzer.TestAnalyzer - INFO - ğŸ“ ä¸´æ—¶ä»¿çœŸè¾“å‡º: /tmp/tdd_test_analyzer/sim_3332730
2025-08-02 10:31:03,992 - extensions.test_analyzer.TestAnalyzer - INFO - ğŸ”¨ ç¼–è¯‘å‘½ä»¤æ–‡ä»¶é¡ºåº:
2025-08-02 10:31:03,992 - extensions.test_analyzer.TestAnalyzer - INFO -   1. simple_8bit_adder_complete.v (è®¾è®¡)
2025-08-02 10:31:03,992 - extensions.test_analyzer.TestAnalyzer - INFO -   2. simple_8bit_adder_tb.v (æµ‹è¯•å°)
2025-08-02 10:31:03,992 - extensions.test_analyzer.TestAnalyzer - INFO - ğŸ”¨ ç¼–è¯‘å‘½ä»¤: iverilog -o /tmp/tdd_test_analyzer/sim_3332730 /tmp/tdd_advanced_test_cl5no335/designs/simple_8bit_adder_complete.v /tmp/tdd_advanced_test_cl5no335/testbenches/simple_8bit_adder_tb.v
2025-08-02 10:31:03,992 - extensions.test_analyzer.TestAnalyzer - INFO - â³ å¼€å§‹iverilogç¼–è¯‘...
2025-08-02 10:31:04,036 - extensions.test_analyzer.TestAnalyzer - INFO - ğŸ”¨ ç¼–è¯‘è¿”å›ç : 0
2025-08-02 10:31:04,037 - extensions.test_analyzer.TestAnalyzer - INFO - â–¶ï¸ è¿è¡Œä»¿çœŸ: /tmp/tdd_test_analyzer/sim_3332730
2025-08-02 10:31:04,038 - extensions.test_analyzer.TestAnalyzer - INFO - â³ è¿è¡Œä»¿çœŸï¼Œè¶…æ—¶30ç§’...
2025-08-02 10:31:04,057 - extensions.test_analyzer.TestAnalyzer - INFO - â–¶ï¸ ä»¿çœŸè¿”å›ç : 0
2025-08-02 10:31:04,058 - extensions.test_analyzer.TestAnalyzer - INFO - ğŸ“¤ ä»¿çœŸstdout: VCD info: dumpfile simple_8bit_adder.vcd opened for output.
å¼€å§‹8ä½åŠ æ³•å™¨æµ‹è¯•...
Test 1: 0f + 10 + 0 = 1f (cout=0)
Test 2: ff + 01 + 0 = 00 (cout=1)
Test 3: ff + ff + 1 = ff (cout=1)
æµ‹è¯•å®Œæˆ
/tmp/tdd_advanced_test_cl5no335/testbenches/simple_8bit_adder_tb.v:36: $finish called at 30 (1s)
...
2025-08-02 10:31:04,058 - extensions.test_analyzer.TestAnalyzer - INFO - âœ… ä»¿çœŸå®Œæˆï¼ŒæˆåŠŸ: True
2025-08-02 10:36:48,649 - core.file_manager - INFO - ğŸ—‚ï¸ ä¸­å¤®æ–‡ä»¶ç®¡ç†å™¨å·²åˆå§‹åŒ–ï¼Œå·¥ä½œç©ºé—´: /tmp/tdd_advanced_test_52bkjes0
2025-08-02 10:36:48,649 - core.file_manager - INFO - ğŸ’¾ æ–‡ä»¶å·²ä¿å­˜: simple_8bit_adder_problematic.v (ID: 6e327621, ç±»å‹: verilog)
2025-08-02 10:36:48,650 - core.file_manager - INFO - ğŸ’¾ æ–‡ä»¶å·²ä¿å­˜: simple_8bit_adder_complete.v (ID: 9225e3cf, ç±»å‹: verilog)
2025-08-02 10:36:48,650 - core.file_manager - INFO - ğŸ’¾ æ–‡ä»¶å·²ä¿å­˜: simple_8bit_adder_tb.v (ID: f89e922b, ç±»å‹: testbench)
2025-08-02 10:36:48,651 - extensions.verilog_dependency_analyzer.VerilogDependencyAnalyzer - INFO - å‘ç°æ¨¡å—: simple_8bit_adder (ä¾èµ–: ['full_adder'])
2025-08-02 10:36:48,652 - extensions.verilog_dependency_analyzer.VerilogDependencyAnalyzer - INFO - å‘ç°æ¨¡å—: full_adder (ä¾èµ–: æ— )
2025-08-02 10:36:48,652 - extensions.verilog_dependency_analyzer.VerilogDependencyAnalyzer - INFO - å‘ç°æ¨¡å—: simple_8bit_adder (ä¾èµ–: ['full_adder'])
2025-08-02 10:36:48,652 - extensions.test_analyzer.TestAnalyzer - INFO - ğŸ§ª ä½¿ç”¨ç”¨æˆ·æµ‹è¯•å°è¿è¡Œæµ‹è¯•: /tmp/tdd_advanced_test_52bkjes0/testbenches/simple_8bit_adder_tb.v
2025-08-02 10:36:48,652 - extensions.test_analyzer.TestAnalyzer - INFO - ğŸ” å¤„ç†æ–‡ä»¶å¼•ç”¨ 0: <class 'dict'> = {'file_path': '/tmp/tdd_advanced_test_52bkjes0/designs/simple_8bit_adder_problematic.v', 'file_type': 'verilog', 'file_id': '6e327621'}
2025-08-02 10:36:48,652 - extensions.test_analyzer.TestAnalyzer - INFO -   å­—å…¸æ ¼å¼ï¼Œæå–è·¯å¾„: /tmp/tdd_advanced_test_52bkjes0/designs/simple_8bit_adder_problematic.v
2025-08-02 10:36:48,653 - extensions.test_analyzer.TestAnalyzer - INFO -   ğŸ“ æ£€æŸ¥è·¯å¾„: /tmp/tdd_advanced_test_52bkjes0/designs/simple_8bit_adder_problematic.v
2025-08-02 10:36:48,653 - extensions.test_analyzer.TestAnalyzer - INFO -   âœ… æ–‡ä»¶å­˜åœ¨: /tmp/tdd_advanced_test_52bkjes0/designs/simple_8bit_adder_problematic.v
2025-08-02 10:36:48,653 - extensions.test_analyzer.TestAnalyzer - INFO -   âœ… æ·»åŠ Verilogæ–‡ä»¶: /tmp/tdd_advanced_test_52bkjes0/designs/simple_8bit_adder_problematic.v
2025-08-02 10:36:48,653 - extensions.test_analyzer.TestAnalyzer - INFO - ğŸ“„ æˆåŠŸæå–è®¾è®¡æ–‡ä»¶è·¯å¾„: 1 ä¸ªæ–‡ä»¶
2025-08-02 10:36:48,653 - extensions.test_analyzer.TestAnalyzer - INFO -   1. /tmp/tdd_advanced_test_52bkjes0/designs/simple_8bit_adder_problematic.v
2025-08-02 10:36:48,653 - extensions.test_analyzer.TestAnalyzer - INFO - ğŸ” å¼€å§‹Verilogä¾èµ–åˆ†æ...
2025-08-02 10:36:48,653 - extensions.verilog_dependency_analyzer.VerilogDependencyAnalyzer - INFO - å‘ç°æ¨¡å—: simple_8bit_adder (ä¾èµ–: ['full_adder'])
2025-08-02 10:36:48,654 - extensions.verilog_dependency_analyzer.VerilogDependencyAnalyzer - INFO - å‘ç°æ¨¡å—: simple_8bit_adder_tb (ä¾èµ–: ['simple_8bit_adder'])
2025-08-02 10:36:48,654 - extensions.verilog_dependency_analyzer.VerilogDependencyAnalyzer - INFO - å‘ç°æ¨¡å—: simple_8bit_adder (ä¾èµ–: ['full_adder'])
2025-08-02 10:36:48,655 - extensions.verilog_dependency_analyzer.VerilogDependencyAnalyzer - INFO - å‘ç°æ¨¡å—: simple_8bit_adder_tb (ä¾èµ–: ['simple_8bit_adder'])
2025-08-02 10:36:48,655 - extensions.verilog_dependency_analyzer.VerilogDependencyAnalyzer - INFO - æµ‹è¯•å°å®ä¾‹åŒ–çš„è®¾è®¡æ¨¡å—: {'simple_8bit_adder'}
2025-08-02 10:36:48,655 - extensions.verilog_dependency_analyzer.VerilogDependencyAnalyzer - WARNING - ç¼ºå¤±æ¨¡å—: full_adder
2025-08-02 10:36:48,655 - extensions.verilog_dependency_analyzer.VerilogDependencyAnalyzer - INFO - æ·»åŠ æ–‡ä»¶: simple_8bit_adder_problematic.v (æ¨¡å—: simple_8bit_adder)
2025-08-02 10:36:48,655 - extensions.verilog_dependency_analyzer.VerilogDependencyAnalyzer - INFO - æ·»åŠ æ–‡ä»¶: simple_8bit_adder_tb.v (æ¨¡å—: simple_8bit_adder_tb)
2025-08-02 10:36:48,655 - extensions.test_analyzer.TestAnalyzer - INFO - ğŸ“Š å…¼å®¹æ€§åˆ†æ: å…¼å®¹=False
2025-08-02 10:36:48,655 - extensions.test_analyzer.TestAnalyzer - WARNING - âš ï¸ å…¼å®¹æ€§é—®é¢˜: ç¼ºå¤±ä¾èµ–æ¨¡å—: ['full_adder']
2025-08-02 10:36:48,655 - extensions.test_analyzer.TestAnalyzer - INFO - ğŸ” æŸ¥æ‰¾ç¼ºå¤±çš„ä¾èµ–æ¨¡å—: ['full_adder']
2025-08-02 10:36:48,655 - extensions.test_analyzer.TestAnalyzer - INFO - ğŸ” æœç´¢ç¼ºå¤±æ¨¡å—: full_adder
2025-08-02 10:36:48,655 - extensions.test_analyzer.TestAnalyzer - INFO - âœ… åœ¨æ–‡ä»¶å†…å®¹ä¸­æ‰¾åˆ°æ¨¡å— full_adder: simple_8bit_adder_complete.v
2025-08-02 10:36:48,655 - extensions.test_analyzer.TestAnalyzer - INFO - ğŸ” ä¾èµ–åˆ†æå®Œæˆï¼Œéœ€è¦ç¼–è¯‘ 2 ä¸ªæ–‡ä»¶
2025-08-02 10:36:48,656 - extensions.test_analyzer.TestAnalyzer - INFO - ğŸ§ª å¼€å§‹ä»¿çœŸï¼Œè®¾è®¡æ–‡ä»¶: 2 ä¸ª
2025-08-02 10:36:48,656 - extensions.test_analyzer.TestAnalyzer - INFO - ğŸ§ª æµ‹è¯•å°æ–‡ä»¶: /tmp/tdd_advanced_test_52bkjes0/testbenches/simple_8bit_adder_tb.v
2025-08-02 10:36:48,656 - extensions.test_analyzer.TestAnalyzer - INFO - ğŸ“‹ éªŒè¯æ–‡ä»¶å­˜åœ¨æ€§:
2025-08-02 10:36:48,656 - extensions.test_analyzer.TestAnalyzer - INFO -   âœ… è®¾è®¡æ–‡ä»¶1: simple_8bit_adder_problematic.v (859 bytes)
2025-08-02 10:36:48,656 - extensions.test_analyzer.TestAnalyzer - INFO -   âœ… è®¾è®¡æ–‡ä»¶2: simple_8bit_adder_complete.v (1050 bytes)
2025-08-02 10:36:48,656 - extensions.test_analyzer.TestAnalyzer - INFO -   âœ… æµ‹è¯•å°æ–‡ä»¶: simple_8bit_adder_tb.v (1017 bytes)
2025-08-02 10:36:48,656 - extensions.test_analyzer.TestAnalyzer - WARNING - âš ï¸ å‘ç°å¤šä¸ªè®¾è®¡æ–‡ä»¶ï¼Œè¿™å¯èƒ½å¯¼è‡´æ¨¡å—å†²çª:
2025-08-02 10:36:48,656 - extensions.test_analyzer.TestAnalyzer - WARNING -     - simple_8bit_adder_problematic.v
2025-08-02 10:36:48,656 - extensions.test_analyzer.TestAnalyzer - WARNING -     - simple_8bit_adder_complete.v
2025-08-02 10:36:48,656 - extensions.test_analyzer.TestAnalyzer - INFO - ğŸ“ ä¸´æ—¶ä»¿çœŸè¾“å‡º: /tmp/tdd_test_analyzer/sim_3333075
2025-08-02 10:36:48,656 - extensions.test_analyzer.TestAnalyzer - INFO - ğŸ”¨ ç¼–è¯‘å‘½ä»¤æ–‡ä»¶é¡ºåº:
2025-08-02 10:36:48,656 - extensions.test_analyzer.TestAnalyzer - INFO -   1. simple_8bit_adder_complete.v (è®¾è®¡)
2025-08-02 10:36:48,656 - extensions.test_analyzer.TestAnalyzer - INFO -   2. simple_8bit_adder_problematic.v (è®¾è®¡)
2025-08-02 10:36:48,656 - extensions.test_analyzer.TestAnalyzer - INFO -   3. simple_8bit_adder_tb.v (æµ‹è¯•å°)
2025-08-02 10:36:48,656 - extensions.test_analyzer.TestAnalyzer - INFO - ğŸ”¨ ç¼–è¯‘å‘½ä»¤: iverilog -o /tmp/tdd_test_analyzer/sim_3333075 /tmp/tdd_advanced_test_52bkjes0/designs/simple_8bit_adder_complete.v /tmp/tdd_advanced_test_52bkjes0/designs/simple_8bit_adder_problematic.v /tmp/tdd_advanced_test_52bkjes0/testbenches/simple_8bit_adder_tb.v
2025-08-02 10:36:48,656 - extensions.test_analyzer.TestAnalyzer - INFO - â³ å¼€å§‹iverilogç¼–è¯‘...
2025-08-02 10:36:48,701 - extensions.test_analyzer.TestAnalyzer - INFO - ğŸ”¨ ç¼–è¯‘è¿”å›ç : 2
2025-08-02 10:36:48,701 - extensions.test_analyzer.TestAnalyzer - INFO - ğŸ“¤ ç¼–è¯‘stderr: /tmp/tdd_advanced_test_52bkjes0/designs/simple_8bit_adder_problematic.v:1: error: 'simple_8bit_adder' has already been declared in this scope.
/tmp/tdd_advanced_test_52bkjes0/designs/simple_8bit_adder_complete.v:11:      : It was declared here as a module.
/tmp/tdd_advanced_test_52bkjes0/designs/simple_8bit_adder_problematic.v:34: error: Module simple_8bit_adder was already declared here: /tmp/tdd_advanced_test_52bkjes0/designs/simple_8bit_adder_complete.v:11


2025-08-02 10:36:48,703 - extensions.test_analyzer.TestAnalyzer - INFO - ğŸ§ª ä½¿ç”¨ç”¨æˆ·æµ‹è¯•å°è¿è¡Œæµ‹è¯•: /tmp/tdd_advanced_test_52bkjes0/testbenches/simple_8bit_adder_tb.v
2025-08-02 10:36:48,703 - extensions.test_analyzer.TestAnalyzer - INFO - ğŸ” å¤„ç†æ–‡ä»¶å¼•ç”¨ 0: <class 'dict'> = {'file_path': '/tmp/tdd_advanced_test_52bkjes0/designs/simple_8bit_adder_complete.v', 'file_type': 'verilog', 'file_id': '9225e3cf'}
2025-08-02 10:36:48,703 - extensions.test_analyzer.TestAnalyzer - INFO -   å­—å…¸æ ¼å¼ï¼Œæå–è·¯å¾„: /tmp/tdd_advanced_test_52bkjes0/designs/simple_8bit_adder_complete.v
2025-08-02 10:36:48,703 - extensions.test_analyzer.TestAnalyzer - INFO -   ğŸ“ æ£€æŸ¥è·¯å¾„: /tmp/tdd_advanced_test_52bkjes0/designs/simple_8bit_adder_complete.v
2025-08-02 10:36:48,703 - extensions.test_analyzer.TestAnalyzer - INFO -   âœ… æ–‡ä»¶å­˜åœ¨: /tmp/tdd_advanced_test_52bkjes0/designs/simple_8bit_adder_complete.v
2025-08-02 10:36:48,703 - extensions.test_analyzer.TestAnalyzer - INFO -   âœ… æ·»åŠ Verilogæ–‡ä»¶: /tmp/tdd_advanced_test_52bkjes0/designs/simple_8bit_adder_complete.v
2025-08-02 10:36:48,703 - extensions.test_analyzer.TestAnalyzer - INFO - ğŸ“„ æˆåŠŸæå–è®¾è®¡æ–‡ä»¶è·¯å¾„: 1 ä¸ªæ–‡ä»¶
2025-08-02 10:36:48,704 - extensions.test_analyzer.TestAnalyzer - INFO -   1. /tmp/tdd_advanced_test_52bkjes0/designs/simple_8bit_adder_complete.v
2025-08-02 10:36:48,704 - extensions.test_analyzer.TestAnalyzer - INFO - ğŸ” å¼€å§‹Verilogä¾èµ–åˆ†æ...
2025-08-02 10:36:48,704 - extensions.verilog_dependency_analyzer.VerilogDependencyAnalyzer - INFO - å‘ç°æ¨¡å—: full_adder (ä¾èµ–: æ— )
2025-08-02 10:36:48,704 - extensions.verilog_dependency_analyzer.VerilogDependencyAnalyzer - INFO - å‘ç°æ¨¡å—: simple_8bit_adder (ä¾èµ–: ['full_adder'])
2025-08-02 10:36:48,705 - extensions.verilog_dependency_analyzer.VerilogDependencyAnalyzer - INFO - å‘ç°æ¨¡å—: simple_8bit_adder_tb (ä¾èµ–: ['simple_8bit_adder'])
2025-08-02 10:36:48,705 - extensions.verilog_dependency_analyzer.VerilogDependencyAnalyzer - INFO - å‘ç°æ¨¡å—: full_adder (ä¾èµ–: æ— )
2025-08-02 10:36:48,706 - extensions.verilog_dependency_analyzer.VerilogDependencyAnalyzer - INFO - å‘ç°æ¨¡å—: simple_8bit_adder (ä¾èµ–: ['full_adder'])
2025-08-02 10:36:48,707 - extensions.verilog_dependency_analyzer.VerilogDependencyAnalyzer - INFO - å‘ç°æ¨¡å—: simple_8bit_adder_tb (ä¾èµ–: ['simple_8bit_adder'])
2025-08-02 10:36:48,707 - extensions.verilog_dependency_analyzer.VerilogDependencyAnalyzer - INFO - æµ‹è¯•å°å®ä¾‹åŒ–çš„è®¾è®¡æ¨¡å—: {'simple_8bit_adder'}
2025-08-02 10:36:48,707 - extensions.verilog_dependency_analyzer.VerilogDependencyAnalyzer - INFO - æ·»åŠ æ–‡ä»¶: simple_8bit_adder_complete.v (æ¨¡å—: full_adder)
2025-08-02 10:36:48,707 - extensions.verilog_dependency_analyzer.VerilogDependencyAnalyzer - INFO - æ·»åŠ æ–‡ä»¶: simple_8bit_adder_tb.v (æ¨¡å—: simple_8bit_adder_tb)
2025-08-02 10:36:48,707 - extensions.test_analyzer.TestAnalyzer - INFO - ğŸ“Š å…¼å®¹æ€§åˆ†æ: å…¼å®¹=True
2025-08-02 10:36:48,707 - extensions.test_analyzer.TestAnalyzer - INFO - ğŸ” ä¾èµ–åˆ†æå®Œæˆï¼Œéœ€è¦ç¼–è¯‘ 1 ä¸ªæ–‡ä»¶
2025-08-02 10:36:48,707 - extensions.test_analyzer.TestAnalyzer - INFO - ğŸ§ª å¼€å§‹ä»¿çœŸï¼Œè®¾è®¡æ–‡ä»¶: 1 ä¸ª
2025-08-02 10:36:48,707 - extensions.test_analyzer.TestAnalyzer - INFO - ğŸ§ª æµ‹è¯•å°æ–‡ä»¶: /tmp/tdd_advanced_test_52bkjes0/testbenches/simple_8bit_adder_tb.v
2025-08-02 10:36:48,707 - extensions.test_analyzer.TestAnalyzer - INFO - ğŸ“‹ éªŒè¯æ–‡ä»¶å­˜åœ¨æ€§:
2025-08-02 10:36:48,707 - extensions.test_analyzer.TestAnalyzer - INFO -   âœ… è®¾è®¡æ–‡ä»¶1: simple_8bit_adder_complete.v (1050 bytes)
2025-08-02 10:36:48,707 - extensions.test_analyzer.TestAnalyzer - INFO -   âœ… æµ‹è¯•å°æ–‡ä»¶: simple_8bit_adder_tb.v (1017 bytes)
2025-08-02 10:36:48,707 - extensions.test_analyzer.TestAnalyzer - INFO - ğŸ“ ä¸´æ—¶ä»¿çœŸè¾“å‡º: /tmp/tdd_test_analyzer/sim_3333075
2025-08-02 10:36:48,707 - extensions.test_analyzer.TestAnalyzer - INFO - ğŸ”¨ ç¼–è¯‘å‘½ä»¤æ–‡ä»¶é¡ºåº:
2025-08-02 10:36:48,708 - extensions.test_analyzer.TestAnalyzer - INFO -   1. simple_8bit_adder_complete.v (è®¾è®¡)
2025-08-02 10:36:48,708 - extensions.test_analyzer.TestAnalyzer - INFO -   2. simple_8bit_adder_tb.v (æµ‹è¯•å°)
2025-08-02 10:36:48,708 - extensions.test_analyzer.TestAnalyzer - INFO - ğŸ”¨ ç¼–è¯‘å‘½ä»¤: iverilog -o /tmp/tdd_test_analyzer/sim_3333075 /tmp/tdd_advanced_test_52bkjes0/designs/simple_8bit_adder_complete.v /tmp/tdd_advanced_test_52bkjes0/testbenches/simple_8bit_adder_tb.v
2025-08-02 10:36:48,708 - extensions.test_analyzer.TestAnalyzer - INFO - â³ å¼€å§‹iverilogç¼–è¯‘...
2025-08-02 10:36:48,756 - extensions.test_analyzer.TestAnalyzer - INFO - ğŸ”¨ ç¼–è¯‘è¿”å›ç : 0
2025-08-02 10:36:48,757 - extensions.test_analyzer.TestAnalyzer - INFO - â–¶ï¸ è¿è¡Œä»¿çœŸ: /tmp/tdd_test_analyzer/sim_3333075
2025-08-02 10:36:48,760 - extensions.test_analyzer.TestAnalyzer - INFO - â³ è¿è¡Œä»¿çœŸï¼Œè¶…æ—¶30ç§’...
2025-08-02 10:36:48,790 - extensions.test_analyzer.TestAnalyzer - INFO - â–¶ï¸ ä»¿çœŸè¿”å›ç : 0
2025-08-02 10:36:48,790 - extensions.test_analyzer.TestAnalyzer - INFO - ğŸ“¤ ä»¿çœŸstdout: VCD info: dumpfile simple_8bit_adder.vcd opened for output.
å¼€å§‹8ä½åŠ æ³•å™¨æµ‹è¯•...
Test 1: 0f + 10 + 0 = 1f (cout=0)
Test 2: ff + 01 + 0 = 00 (cout=1)
Test 3: ff + ff + 1 = ff (cout=1)
æµ‹è¯•å®Œæˆ
/tmp/tdd_advanced_test_52bkjes0/testbenches/simple_8bit_adder_tb.v:36: $finish called at 30 (1s)
...
2025-08-02 10:36:48,791 - extensions.test_analyzer.TestAnalyzer - INFO - âœ… ä»¿çœŸå®Œæˆï¼ŒæˆåŠŸ: True
