{
  "experiment_id": "unified_tdd_adder_1753999939",
  "design_type": "adder",
  "config_profile": "standard",
  "success": false,
  "total_duration": 628.4249649047852,
  "timestamp": 1754000567.855919,
  "detailed_result": {
    "success": false,
    "session_id": "tdd_1753999939",
    "total_iterations": 5,
    "final_design": [
      "FileReference(file_path='logs/experiment_20250801_061219/artifacts/adder_16bit.v', file_type='verilog', description='real_verilog_design_agent生成的verilog文件', metadata={'created_at': None, 'size_bytes': None})",
      "FileReference(file_path='logs/experiment_20250801_061219/artifacts/adder_16bit_doc.md', file_type='documentation', description='real_verilog_design_agent生成的documentation文件', metadata={'created_at': None, 'size_bytes': None})"
    ],
    "completion_reason": "max_iterations_reached",
    "error": "达到最大迭代次数，但测试仍未全部通过",
    "partial_results": [
      {
        "iteration": 1,
        "start_time": 1753999939.4485257,
        "duration": 163.1194179058075,
        "result": {
          "success": true,
          "design_files": [
            "FileReference(file_path='logs/experiment_20250801_061219/artifacts/adder_16bit.v', file_type='verilog', description='real_verilog_design_agent生成的verilog文件', metadata={'created_at': None, 'size_bytes': None})",
            "FileReference(file_path='logs/experiment_20250801_061219/artifacts/adder_16bit_doc.md', file_type='documentation', description='real_verilog_design_agent生成的documentation文件', metadata={'created_at': None, 'size_bytes': None})"
          ],
          "test_results": {
            "success": false,
            "stage": "compilation",
            "compile_stdout": "",
            "compile_stderr": "/home/haiyan/Research/CentralizedAgentFramework/test_cases/carry_lookahead_adder_tb.v:11: error: timescale directive cannot be inside a module definition.\n/home/haiyan/Research/CentralizedAgentFramework/test_cases/carry_lookahead_adder_tb.v:13: syntax error\nlogs/experiment_20250801_061219/artifacts/adder_16bit.v:36: error: Syntax error in continuous assignment\n/home/haiyan/Research/CentralizedAgentFramework/test_cases/carry_lookahead_adder_tb.v:15: error: 'a' has already been declared in this scope.\nlogs/experiment_20250801_061219/artifacts/adder_16bit.v:2:      : It was declared here as a net.\n/home/haiyan/Research/CentralizedAgentFramework/test_cases/carry_lookahead_adder_tb.v:15: error: 'b' has already been declared in this scope.\nlogs/experiment_20250801_061219/artifacts/adder_16bit.v:3:      : It was declared here as a net.\n/home/haiyan/Research/CentralizedAgentFramework/test_cases/carry_lookahead_adder_tb.v:16: error: 'cin' has already been declared in this scope.\nlogs/experiment_20250801_061219/artifacts/adder_16bit.v:4:      : It was declared here as a net.\n/home/haiyan/Research/CentralizedAgentFramework/test_cases/carry_lookahead_adder_tb.v:17: error: 'sum' has already been declared in this scope.\nlogs/experiment_20250801_061219/artifacts/adder_16bit.v:5:      : It was declared here as a net.\n/home/haiyan/Research/CentralizedAgentFramework/test_cases/carry_lookahead_adder_tb.v:18: error: 'cout' has already been declared in this scope.\nlogs/experiment_20250801_061219/artifacts/adder_16bit.v:6:      : It was declared here as a net.\n",
            "command": "iverilog -o /tmp/tdd_test_analyzer/sim_3230969 logs/experiment_20250801_061219/artifacts/adder_16bit.v /home/haiyan/Research/CentralizedAgentFramework/test_cases/carry_lookahead_adder_tb.v",
            "returncode": 8,
            "all_tests_passed": false,
            "test_summary": "❌ 编译失败",
            "detailed_analysis": {},
            "failure_reasons": [
              "语法错误"
            ],
            "suggestions": [
              "检查Verilog语法：分号、括号、关键字拼写等"
            ],
            "testbench_path": "/home/haiyan/Research/CentralizedAgentFramework/test_cases/carry_lookahead_adder_tb.v",
            "design_files": [
              "logs/experiment_20250801_061219/artifacts/adder_16bit.v"
            ]
          },
          "all_tests_passed": false,
          "iteration": 1
        }
      },
      {
        "iteration": 2,
        "start_time": 1754000102.5679824,
        "duration": 115.39862036705017,
        "result": {
          "success": true,
          "design_files": [
            "FileReference(file_path='logs/experiment_20250801_061219/artifacts/adder_16bit.v', file_type='verilog', description='real_verilog_design_agent生成的verilog文件', metadata={'created_at': None, 'size_bytes': None})",
            "FileReference(file_path='logs/experiment_20250801_061219/artifacts/adder_16bit_doc.md', file_type='documentation', description='real_verilog_design_agent生成的documentation文件', metadata={'created_at': None, 'size_bytes': None})"
          ],
          "test_results": {
            "success": false,
            "stage": "compilation",
            "compile_stdout": "",
            "compile_stderr": "logs/experiment_20250801_061219/artifacts/adder_16bit.v:1: syntax error\nI give up.\n",
            "command": "iverilog -o /tmp/tdd_test_analyzer/sim_3231084 logs/experiment_20250801_061219/artifacts/adder_16bit.v /home/haiyan/Research/CentralizedAgentFramework/test_cases/carry_lookahead_adder_tb.v",
            "returncode": 2,
            "all_tests_passed": false,
            "test_summary": "❌ 编译失败",
            "detailed_analysis": {},
            "failure_reasons": [
              "语法错误"
            ],
            "suggestions": [
              "检查Verilog语法：分号、括号、关键字拼写等"
            ],
            "testbench_path": "/home/haiyan/Research/CentralizedAgentFramework/test_cases/carry_lookahead_adder_tb.v",
            "design_files": [
              "logs/experiment_20250801_061219/artifacts/adder_16bit.v"
            ]
          },
          "all_tests_passed": false,
          "iteration": 2
        }
      },
      {
        "iteration": 3,
        "start_time": 1754000217.9666395,
        "duration": 104.50045943260193,
        "result": {
          "success": true,
          "design_files": [
            "FileReference(file_path='logs/experiment_20250801_061219/artifacts/adder_16bit.v', file_type='verilog', description='real_verilog_design_agent生成的verilog文件', metadata={'created_at': None, 'size_bytes': None})",
            "FileReference(file_path='logs/experiment_20250801_061219/artifacts/adder_16bit_doc.md', file_type='documentation', description='real_verilog_design_agent生成的documentation文件', metadata={'created_at': None, 'size_bytes': None})"
          ],
          "test_results": {
            "success": false,
            "stage": "compilation",
            "compile_stdout": "",
            "compile_stderr": "logs/experiment_20250801_061219/artifacts/adder_16bit.v:1: syntax error\nI give up.\n",
            "command": "iverilog -o /tmp/tdd_test_analyzer/sim_3231189 logs/experiment_20250801_061219/artifacts/adder_16bit.v /home/haiyan/Research/CentralizedAgentFramework/test_cases/carry_lookahead_adder_tb.v",
            "returncode": 2,
            "all_tests_passed": false,
            "test_summary": "❌ 编译失败",
            "detailed_analysis": {},
            "failure_reasons": [
              "语法错误"
            ],
            "suggestions": [
              "检查Verilog语法：分号、括号、关键字拼写等"
            ],
            "testbench_path": "/home/haiyan/Research/CentralizedAgentFramework/test_cases/carry_lookahead_adder_tb.v",
            "design_files": [
              "logs/experiment_20250801_061219/artifacts/adder_16bit.v"
            ]
          },
          "all_tests_passed": false,
          "iteration": 3
        }
      },
      {
        "iteration": 4,
        "start_time": 1754000322.4671366,
        "duration": 188.2614517211914,
        "result": {
          "success": true,
          "design_files": [
            "FileReference(file_path='logs/experiment_20250801_061219/artifacts/adder_16bit.v', file_type='verilog', description='real_verilog_design_agent生成的verilog文件', metadata={'created_at': None, 'size_bytes': None})",
            "FileReference(file_path='logs/experiment_20250801_061219/artifacts/adder_16bit_doc.md', file_type='documentation', description='real_verilog_design_agent生成的documentation文件', metadata={'created_at': None, 'size_bytes': None})"
          ],
          "test_results": {
            "success": false,
            "stage": "compilation",
            "compile_stdout": "",
            "compile_stderr": "logs/experiment_20250801_061219/artifacts/adder_16bit.v:1: syntax error\nI give up.\n",
            "command": "iverilog -o /tmp/tdd_test_analyzer/sim_3231377 logs/experiment_20250801_061219/artifacts/adder_16bit.v /home/haiyan/Research/CentralizedAgentFramework/test_cases/carry_lookahead_adder_tb.v",
            "returncode": 2,
            "all_tests_passed": false,
            "test_summary": "❌ 编译失败",
            "detailed_analysis": {},
            "failure_reasons": [
              "语法错误"
            ],
            "suggestions": [
              "检查Verilog语法：分号、括号、关键字拼写等"
            ],
            "testbench_path": "/home/haiyan/Research/CentralizedAgentFramework/test_cases/carry_lookahead_adder_tb.v",
            "design_files": [
              "logs/experiment_20250801_061219/artifacts/adder_16bit.v"
            ]
          },
          "all_tests_passed": false,
          "iteration": 4
        }
      },
      {
        "iteration": 5,
        "start_time": 1754000510.7286265,
        "duration": 57.12703251838684,
        "result": {
          "success": true,
          "design_files": [
            "FileReference(file_path='logs/experiment_20250801_061219/artifacts/adder_16bit.v', file_type='verilog', description='real_verilog_design_agent生成的verilog文件', metadata={'created_at': None, 'size_bytes': None})",
            "FileReference(file_path='logs/experiment_20250801_061219/artifacts/adder_16bit_doc.md', file_type='documentation', description='real_verilog_design_agent生成的documentation文件', metadata={'created_at': None, 'size_bytes': None})"
          ],
          "test_results": {
            "success": false,
            "stage": "compilation",
            "compile_stdout": "",
            "compile_stderr": "logs/experiment_20250801_061219/artifacts/adder_16bit.v:34: error: variable c; cannot be driven by a primitive or continuous assignment.\nlogs/experiment_20250801_061219/artifacts/adder_16bit.v:36: error: variable c; cannot be driven by a primitive or continuous assignment.\nlogs/experiment_20250801_061219/artifacts/adder_16bit.v:36: error: variable c; cannot be driven by a primitive or continuous assignment.\nlogs/experiment_20250801_061219/artifacts/adder_16bit.v:36: error: variable c; cannot be driven by a primitive or continuous assignment.\nlogs/experiment_20250801_061219/artifacts/adder_16bit.v:36: error: variable c; cannot be driven by a primitive or continuous assignment.\nlogs/experiment_20250801_061219/artifacts/adder_16bit.v:36: error: variable c; cannot be driven by a primitive or continuous assignment.\nlogs/experiment_20250801_061219/artifacts/adder_16bit.v:36: error: variable c; cannot be driven by a primitive or continuous assignment.\nlogs/experiment_20250801_061219/artifacts/adder_16bit.v:36: error: variable c; cannot be driven by a primitive or continuous assignment.\nlogs/experiment_20250801_061219/artifacts/adder_16bit.v:36: error: variable c; cannot be driven by a primitive or continuous assignment.\nlogs/experiment_20250801_061219/artifacts/adder_16bit.v:36: error: variable c; cannot be driven by a primitive or continuous assignment.\nlogs/experiment_20250801_061219/artifacts/adder_16bit.v:36: error: variable c; cannot be driven by a primitive or continuous assignment.\nlogs/experiment_20250801_061219/artifacts/adder_16bit.v:36: error: variable c; cannot be driven by a primitive or continuous assignment.\nlogs/experiment_20250801_061219/artifacts/adder_16bit.v:36: error: variable c; cannot be driven by a primitive or continuous assignment.\nlogs/experiment_20250801_061219/artifacts/adder_16bit.v:36: error: variable c; cannot be driven by a primitive or continuous assignment.\nlogs/experiment_20250801_061219/artifacts/adder_16bit.v:36: error: variable c; cannot be driven by a primitive or continuous assignment.\nlogs/experiment_20250801_061219/artifacts/adder_16bit.v:36: error: variable c; cannot be driven by a primitive or continuous assignment.\nlogs/experiment_20250801_061219/artifacts/adder_16bit.v:43: error: 'cout' is not a valid l-value for a procedural assignment.\nlogs/experiment_20250801_061219/artifacts/adder_16bit.v:6:      : 'cout' is declared here as a wire.\n17 error(s) during elaboration.\n",
            "command": "iverilog -o /tmp/tdd_test_analyzer/sim_3231434 logs/experiment_20250801_061219/artifacts/adder_16bit.v /home/haiyan/Research/CentralizedAgentFramework/test_cases/carry_lookahead_adder_tb.v",
            "returncode": 17,
            "all_tests_passed": false,
            "test_summary": "❌ 编译失败",
            "detailed_analysis": {},
            "failure_reasons": [],
            "suggestions": [],
            "testbench_path": "/home/haiyan/Research/CentralizedAgentFramework/test_cases/carry_lookahead_adder_tb.v",
            "design_files": [
              "logs/experiment_20250801_061219/artifacts/adder_16bit.v"
            ]
          },
          "all_tests_passed": false,
          "iteration": 5
        }
      }
    ]
  },
  "summary": {
    "iterations_used": 5,
    "completion_reason": "max_iterations_reached",
    "error": "达到最大迭代次数，但测试仍未全部通过",
    "partial_progress": true
  }
}