{
  "experiment_id": "unified_tdd_adder_16bit_1754202643",
  "design_type": "adder_16bit",
  "config_profile": "standard",
  "success": false,
  "total_duration": 84.73423647880554,
  "timestamp": 1754202728.6172318,
  "detailed_result": {
    "success": false,
    "session_id": "tdd_1754202643",
    "total_iterations": 3,
    "final_design": [
      {
        "file_id": "f0e0b688",
        "file_path": "/home/haiyan/Research/CentralizedAgentFramework/tdd_experiments/unified_tdd_adder_16bit_1754202643/artifacts/testbenches/testbench_adder_16bit.v",
        "file_type": "testbench",
        "created_by": "enhanced_real_verilog_agent",
        "created_at": "2025-08-03T14:31:44.881293",
        "description": "ç”±enhanced_real_verilog_agentåˆ›å»ºçš„testbenchæ–‡ä»¶"
      },
      {
        "file_id": "9c780013",
        "file_path": "/home/haiyan/Research/CentralizedAgentFramework/tdd_experiments/unified_tdd_adder_16bit_1754202643/artifacts/testbenches/adder_16bit_tb.v",
        "file_type": "testbench",
        "created_by": "enhanced_real_verilog_agent",
        "created_at": "2025-08-03T14:31:44.870178",
        "description": "ç”±enhanced_real_verilog_agentåˆ›å»ºçš„testbenchæ–‡ä»¶"
      },
      {
        "file_id": "abd881d2",
        "file_path": "/home/haiyan/Research/CentralizedAgentFramework/tdd_experiments/unified_tdd_adder_16bit_1754202643/artifacts/designs/adder_16bit.v",
        "file_type": "verilog",
        "created_by": "enhanced_real_verilog_agent",
        "created_at": "2025-08-03T14:32:08.508474",
        "description": "ç”±enhanced_real_verilog_agentåˆ›å»ºçš„verilogæ–‡ä»¶"
      }
    ],
    "completion_reason": "max_iterations_reached",
    "error": "è¾¾åˆ°æœ€å¤§è¿­ä»£æ¬¡æ•°ï¼Œä½†æµ‹è¯•ä»æœªå…¨éƒ¨é€šè¿‡",
    "partial_results": [
      {
        "iteration": 1,
        "start_time": 1754202643.907379,
        "duration": 15.980880737304688,
        "result": {
          "success": true,
          "design_files": [
            {
              "file_id": "abd881d2",
              "file_path": "/home/haiyan/Research/CentralizedAgentFramework/tdd_experiments/unified_tdd_adder_16bit_1754202643/artifacts/designs/adder_16bit.v",
              "file_type": "verilog",
              "created_by": "enhanced_real_verilog_agent",
              "created_at": "2025-08-03T14:30:59.799510",
              "description": "ç”±enhanced_real_verilog_agentåˆ›å»ºçš„verilogæ–‡ä»¶"
            }
          ],
          "test_results": {
            "success": false,
            "stage": "compilation",
            "compile_stdout": "",
            "compile_stderr": "/home/haiyan/Research/CentralizedAgentFramework/tdd_experiments/unified_tdd_adder_16bit_1754202643/artifacts/designs/adder_16bit.v:18: syntax error\n/home/haiyan/Research/CentralizedAgentFramework/tdd_experiments/unified_tdd_adder_16bit_1754202643/artifacts/designs/adder_16bit.v:18: error: Invalid module instantiation\n/home/haiyan/Research/CentralizedAgentFramework/tdd_experiments/unified_tdd_adder_16bit_1754202643/artifacts/designs/adder_16bit.v:23: syntax error\n/home/haiyan/Research/CentralizedAgentFramework/tdd_experiments/unified_tdd_adder_16bit_1754202643/artifacts/designs/adder_16bit.v:23: error: Invalid module item.\n/home/haiyan/Research/CentralizedAgentFramework/tdd_experiments/unified_tdd_adder_16bit_1754202643/artifacts/designs/adder_16bit.v:23: syntax error\n/home/haiyan/Research/CentralizedAgentFramework/tdd_experiments/unified_tdd_adder_16bit_1754202643/artifacts/designs/adder_16bit.v:23: error: Invalid module instantiation\n/home/haiyan/Research/CentralizedAgentFramework/tdd_experiments/unified_tdd_adder_16bit_1754202643/artifacts/designs/adder_16bit.v:23: error: Invalid module instantiation\n/home/haiyan/Research/CentralizedAgentFramework/tdd_experiments/unified_tdd_adder_16bit_1754202643/artifacts/designs/adder_16bit.v:28: error: Invalid module item.\n/home/haiyan/Research/CentralizedAgentFramework/tdd_experiments/unified_tdd_adder_16bit_1754202643/artifacts/designs/adder_16bit.v:32: syntax error\n/home/haiyan/Research/CentralizedAgentFramework/tdd_experiments/unified_tdd_adder_16bit_1754202643/artifacts/designs/adder_16bit.v:32: error: Invalid module instantiation\n/home/haiyan/Research/CentralizedAgentFramework/tdd_experiments/unified_tdd_adder_16bit_1754187911/testbenches/testbench_adder_16bit.v:11: error: Invalid module item.\n/home/haiyan/Research/CentralizedAgentFramework/tdd_experiments/unified_tdd_adder_16bit_1754187911/testbenches/testbench_adder_16bit.v:16: error: 'clk' has already been declared in this scope.\n/home/haiyan/Research/CentralizedAgentFramework/tdd_experiments/unified_tdd_adder_16bit_1754202643/artifacts/designs/adder_16bit.v:4:      : It was declared here as a net.\n/home/haiyan/Research/CentralizedAgentFramework/tdd_experiments/unified_tdd_adder_16bit_1754187911/testbenches/testbench_adder_16bit.v:18: error: 'a' has already been declared in this scope.\n/home/haiyan/Research/CentralizedAgentFramework/tdd_experiments/unified_tdd_adder_16bit_1754202643/artifacts/designs/adder_16bit.v:6:      : It was declared here as a net.\n/home/haiyan/Research/CentralizedAgentFramework/tdd_experiments/unified_tdd_adder_16bit_1754187911/testbenches/testbench_adder_16bit.v:19: error: 'b' has already been declared in this scope.\n/home/haiyan/Research/CentralizedAgentFramework/tdd_experiments/unified_tdd_adder_16bit_1754202643/artifacts/designs/adder_16bit.v:7:      : It was declared here as a net.\n/home/haiyan/Research/CentralizedAgentFramework/tdd_experiments/unified_tdd_adder_16bit_1754187911/testbenches/testbench_adder_16bit.v:20: error: 'cin' has already been declared in this scope.\n/home/haiyan/Research/CentralizedAgentFramework/tdd_experiments/unified_tdd_adder_16bit_1754202643/artifacts/designs/adder_16bit.v:8:      : It was declared here as a net.\n/home/haiyan/Research/CentralizedAgentFramework/tdd_experiments/unified_tdd_adder_16bit_1754187911/testbenches/testbench_adder_16bit.v:21: error: 'sum' has already been declared in this scope.\n/home/haiyan/Research/CentralizedAgentFramework/tdd_experiments/unified_tdd_adder_16bit_1754202643/artifacts/designs/adder_16bit.v:9:      : It was declared here as a variable.\n/home/haiyan/Research/CentralizedAgentFramework/tdd_experiments/unified_tdd_adder_16bit_1754187911/testbenches/testbench_adder_16bit.v:22: error: 'cout' has already been declared in this scope.\n/home/haiyan/Research/CentralizedAgentFramework/tdd_experiments/unified_tdd_adder_16bit_1754202643/artifacts/designs/adder_16bit.v:10:      : It was declared here as a variable.\n/home/haiyan/Research/CentralizedAgentFramework/tdd_experiments/unified_tdd_adder_16bit_1754187911/testbenches/testbench_adder_16bit.v:23: error: 'overflow' has already been declared in this scope.\n/home/haiyan/Research/CentralizedAgentFramework/tdd_experiments/unified_tdd_adder_16bit_1754202643/artifacts/designs/adder_16bit.v:11:      : It was declared here as a variable.\n/home/haiyan/Research/CentralizedAgentFramework/tdd_experiments/unified_tdd_adder_16bit_1754187911/testbenches/testbench_adder_16bit.v:249: syntax error\n/home/haiyan/Research/CentralizedAgentFramework/tdd_experiments/unified_tdd_adder_16bit_1754187911/testbenches/testbench_adder_16bit.v:249: error: Malformed statement\n/home/haiyan/Research/CentralizedAgentFramework/tdd_experiments/unified_tdd_adder_16bit_1754187911/testbenches/testbench_adder_16bit.v:250: syntax error\n/home/haiyan/Research/CentralizedAgentFramework/tdd_experiments/unified_tdd_adder_16bit_1754187911/testbenches/testbench_adder_16bit.v:250: error: Malformed statement\n/home/haiyan/Research/CentralizedAgentFramework/tdd_experiments/unified_tdd_adder_16bit_1754187911/testbenches/testbench_adder_16bit.v:251: syntax error\n/home/haiyan/Research/CentralizedAgentFramework/tdd_experiments/unified_tdd_adder_16bit_1754187911/testbenches/testbench_adder_16bit.v:251: error: Malformed statement\n",
            "command": "iverilog -o /tmp/tdd_test_analyzer/sim_3433526 /home/haiyan/Research/CentralizedAgentFramework/tdd_experiments/unified_tdd_adder_16bit_1754202643/artifacts/designs/adder_16bit.v /home/haiyan/Research/CentralizedAgentFramework/tdd_experiments/unified_tdd_adder_16bit_1754187911/testbenches/testbench_adder_16bit.v",
            "returncode": 24,
            "error_details": {
              "error_count": 31,
              "precise_errors": [
                {
                  "file": "/home/haiyan/Research/CentralizedAgentFramework/tdd_experiments/unified_tdd_adder_16bit_1754202643/artifacts/designs/adder_16bit.v",
                  "line": 18,
                  "message": "syntax error",
                  "type": "syntax_error"
                },
                {
                  "file": "/home/haiyan/Research/CentralizedAgentFramework/tdd_experiments/unified_tdd_adder_16bit_1754202643/artifacts/designs/adder_16bit.v",
                  "line": 18,
                  "message": "error: Invalid module instantiation",
                  "type": "other_error"
                },
                {
                  "file": "/home/haiyan/Research/CentralizedAgentFramework/tdd_experiments/unified_tdd_adder_16bit_1754202643/artifacts/designs/adder_16bit.v",
                  "line": 23,
                  "message": "syntax error",
                  "type": "syntax_error"
                },
                {
                  "file": "/home/haiyan/Research/CentralizedAgentFramework/tdd_experiments/unified_tdd_adder_16bit_1754202643/artifacts/designs/adder_16bit.v",
                  "line": 23,
                  "message": "error: Invalid module item.",
                  "type": "other_error"
                },
                {
                  "file": "/home/haiyan/Research/CentralizedAgentFramework/tdd_experiments/unified_tdd_adder_16bit_1754202643/artifacts/designs/adder_16bit.v",
                  "line": 23,
                  "message": "syntax error",
                  "type": "syntax_error"
                },
                {
                  "file": "/home/haiyan/Research/CentralizedAgentFramework/tdd_experiments/unified_tdd_adder_16bit_1754202643/artifacts/designs/adder_16bit.v",
                  "line": 23,
                  "message": "error: Invalid module instantiation",
                  "type": "other_error"
                },
                {
                  "file": "/home/haiyan/Research/CentralizedAgentFramework/tdd_experiments/unified_tdd_adder_16bit_1754202643/artifacts/designs/adder_16bit.v",
                  "line": 23,
                  "message": "error: Invalid module instantiation",
                  "type": "other_error"
                },
                {
                  "file": "/home/haiyan/Research/CentralizedAgentFramework/tdd_experiments/unified_tdd_adder_16bit_1754202643/artifacts/designs/adder_16bit.v",
                  "line": 28,
                  "message": "error: Invalid module item.",
                  "type": "other_error"
                },
                {
                  "file": "/home/haiyan/Research/CentralizedAgentFramework/tdd_experiments/unified_tdd_adder_16bit_1754202643/artifacts/designs/adder_16bit.v",
                  "line": 32,
                  "message": "syntax error",
                  "type": "syntax_error"
                },
                {
                  "file": "/home/haiyan/Research/CentralizedAgentFramework/tdd_experiments/unified_tdd_adder_16bit_1754202643/artifacts/designs/adder_16bit.v",
                  "line": 32,
                  "message": "error: Invalid module instantiation",
                  "type": "other_error"
                },
                {
                  "file": "/home/haiyan/Research/CentralizedAgentFramework/tdd_experiments/unified_tdd_adder_16bit_1754187911/testbenches/testbench_adder_16bit.v",
                  "line": 11,
                  "message": "error: Invalid module item.",
                  "type": "other_error"
                },
                {
                  "file": "/home/haiyan/Research/CentralizedAgentFramework/tdd_experiments/unified_tdd_adder_16bit_1754187911/testbenches/testbench_adder_16bit.v",
                  "line": 16,
                  "message": "error: 'clk' has already been declared in this scope.",
                  "type": "other_error"
                },
                {
                  "file": "/home/haiyan/Research/CentralizedAgentFramework/tdd_experiments/unified_tdd_adder_16bit_1754202643/artifacts/designs/adder_16bit.v",
                  "line": 4,
                  "message": ": It was declared here as a net.",
                  "type": "other_error"
                },
                {
                  "file": "/home/haiyan/Research/CentralizedAgentFramework/tdd_experiments/unified_tdd_adder_16bit_1754187911/testbenches/testbench_adder_16bit.v",
                  "line": 18,
                  "message": "error: 'a' has already been declared in this scope.",
                  "type": "other_error"
                },
                {
                  "file": "/home/haiyan/Research/CentralizedAgentFramework/tdd_experiments/unified_tdd_adder_16bit_1754202643/artifacts/designs/adder_16bit.v",
                  "line": 6,
                  "message": ": It was declared here as a net.",
                  "type": "other_error"
                },
                {
                  "file": "/home/haiyan/Research/CentralizedAgentFramework/tdd_experiments/unified_tdd_adder_16bit_1754187911/testbenches/testbench_adder_16bit.v",
                  "line": 19,
                  "message": "error: 'b' has already been declared in this scope.",
                  "type": "other_error"
                },
                {
                  "file": "/home/haiyan/Research/CentralizedAgentFramework/tdd_experiments/unified_tdd_adder_16bit_1754202643/artifacts/designs/adder_16bit.v",
                  "line": 7,
                  "message": ": It was declared here as a net.",
                  "type": "other_error"
                },
                {
                  "file": "/home/haiyan/Research/CentralizedAgentFramework/tdd_experiments/unified_tdd_adder_16bit_1754187911/testbenches/testbench_adder_16bit.v",
                  "line": 20,
                  "message": "error: 'cin' has already been declared in this scope.",
                  "type": "other_error"
                },
                {
                  "file": "/home/haiyan/Research/CentralizedAgentFramework/tdd_experiments/unified_tdd_adder_16bit_1754202643/artifacts/designs/adder_16bit.v",
                  "line": 8,
                  "message": ": It was declared here as a net.",
                  "type": "other_error"
                },
                {
                  "file": "/home/haiyan/Research/CentralizedAgentFramework/tdd_experiments/unified_tdd_adder_16bit_1754187911/testbenches/testbench_adder_16bit.v",
                  "line": 21,
                  "message": "error: 'sum' has already been declared in this scope.",
                  "type": "other_error"
                },
                {
                  "file": "/home/haiyan/Research/CentralizedAgentFramework/tdd_experiments/unified_tdd_adder_16bit_1754202643/artifacts/designs/adder_16bit.v",
                  "line": 9,
                  "message": ": It was declared here as a variable.",
                  "type": "other_error"
                },
                {
                  "file": "/home/haiyan/Research/CentralizedAgentFramework/tdd_experiments/unified_tdd_adder_16bit_1754187911/testbenches/testbench_adder_16bit.v",
                  "line": 22,
                  "message": "error: 'cout' has already been declared in this scope.",
                  "type": "other_error"
                },
                {
                  "file": "/home/haiyan/Research/CentralizedAgentFramework/tdd_experiments/unified_tdd_adder_16bit_1754202643/artifacts/designs/adder_16bit.v",
                  "line": 10,
                  "message": ": It was declared here as a variable.",
                  "type": "other_error"
                },
                {
                  "file": "/home/haiyan/Research/CentralizedAgentFramework/tdd_experiments/unified_tdd_adder_16bit_1754187911/testbenches/testbench_adder_16bit.v",
                  "line": 23,
                  "message": "error: 'overflow' has already been declared in this scope.",
                  "type": "other_error"
                },
                {
                  "file": "/home/haiyan/Research/CentralizedAgentFramework/tdd_experiments/unified_tdd_adder_16bit_1754202643/artifacts/designs/adder_16bit.v",
                  "line": 11,
                  "message": ": It was declared here as a variable.",
                  "type": "other_error"
                },
                {
                  "file": "/home/haiyan/Research/CentralizedAgentFramework/tdd_experiments/unified_tdd_adder_16bit_1754187911/testbenches/testbench_adder_16bit.v",
                  "line": 249,
                  "message": "syntax error",
                  "type": "syntax_error"
                },
                {
                  "file": "/home/haiyan/Research/CentralizedAgentFramework/tdd_experiments/unified_tdd_adder_16bit_1754187911/testbenches/testbench_adder_16bit.v",
                  "line": 249,
                  "message": "error: Malformed statement",
                  "type": "other_error"
                },
                {
                  "file": "/home/haiyan/Research/CentralizedAgentFramework/tdd_experiments/unified_tdd_adder_16bit_1754187911/testbenches/testbench_adder_16bit.v",
                  "line": 250,
                  "message": "syntax error",
                  "type": "syntax_error"
                },
                {
                  "file": "/home/haiyan/Research/CentralizedAgentFramework/tdd_experiments/unified_tdd_adder_16bit_1754187911/testbenches/testbench_adder_16bit.v",
                  "line": 250,
                  "message": "error: Malformed statement",
                  "type": "other_error"
                },
                {
                  "file": "/home/haiyan/Research/CentralizedAgentFramework/tdd_experiments/unified_tdd_adder_16bit_1754187911/testbenches/testbench_adder_16bit.v",
                  "line": 251,
                  "message": "syntax error",
                  "type": "syntax_error"
                },
                {
                  "file": "/home/haiyan/Research/CentralizedAgentFramework/tdd_experiments/unified_tdd_adder_16bit_1754187911/testbenches/testbench_adder_16bit.v",
                  "line": 251,
                  "message": "error: Malformed statement",
                  "type": "other_error"
                }
              ],
              "summary": "å‘ç° 31 ä¸ªç¼–è¯‘é”™è¯¯:\n1. æ–‡ä»¶: /home/haiyan/Research/CentralizedAgentFramework/tdd_experiments/unified_tdd_adder_16bit_1754202643/artifacts/designs/adder_16bit.v, è¡Œ: 18\n   é”™è¯¯: syntax error\n2. æ–‡ä»¶: /home/haiyan/Research/CentralizedAgentFramework/tdd_experiments/unified_tdd_adder_16bit_1754202643/artifacts/designs/adder_16bit.v, è¡Œ: 18\n   é”™è¯¯: error: Invalid module instantiation\n3. æ–‡ä»¶: /home/haiyan/Research/CentralizedAgentFramework/tdd_experiments/unified_tdd_adder_16bit_1754202643/artifacts/designs/adder_16bit.v, è¡Œ: 23\n   é”™è¯¯: syntax error\n... è¿˜æœ‰ 28 ä¸ªé”™è¯¯\n"
            },
            "precise_errors": [
              {
                "file": "/home/haiyan/Research/CentralizedAgentFramework/tdd_experiments/unified_tdd_adder_16bit_1754202643/artifacts/designs/adder_16bit.v",
                "line": 18,
                "message": "syntax error",
                "type": "syntax_error"
              },
              {
                "file": "/home/haiyan/Research/CentralizedAgentFramework/tdd_experiments/unified_tdd_adder_16bit_1754202643/artifacts/designs/adder_16bit.v",
                "line": 18,
                "message": "error: Invalid module instantiation",
                "type": "other_error"
              },
              {
                "file": "/home/haiyan/Research/CentralizedAgentFramework/tdd_experiments/unified_tdd_adder_16bit_1754202643/artifacts/designs/adder_16bit.v",
                "line": 23,
                "message": "syntax error",
                "type": "syntax_error"
              },
              {
                "file": "/home/haiyan/Research/CentralizedAgentFramework/tdd_experiments/unified_tdd_adder_16bit_1754202643/artifacts/designs/adder_16bit.v",
                "line": 23,
                "message": "error: Invalid module item.",
                "type": "other_error"
              },
              {
                "file": "/home/haiyan/Research/CentralizedAgentFramework/tdd_experiments/unified_tdd_adder_16bit_1754202643/artifacts/designs/adder_16bit.v",
                "line": 23,
                "message": "syntax error",
                "type": "syntax_error"
              },
              {
                "file": "/home/haiyan/Research/CentralizedAgentFramework/tdd_experiments/unified_tdd_adder_16bit_1754202643/artifacts/designs/adder_16bit.v",
                "line": 23,
                "message": "error: Invalid module instantiation",
                "type": "other_error"
              },
              {
                "file": "/home/haiyan/Research/CentralizedAgentFramework/tdd_experiments/unified_tdd_adder_16bit_1754202643/artifacts/designs/adder_16bit.v",
                "line": 23,
                "message": "error: Invalid module instantiation",
                "type": "other_error"
              },
              {
                "file": "/home/haiyan/Research/CentralizedAgentFramework/tdd_experiments/unified_tdd_adder_16bit_1754202643/artifacts/designs/adder_16bit.v",
                "line": 28,
                "message": "error: Invalid module item.",
                "type": "other_error"
              },
              {
                "file": "/home/haiyan/Research/CentralizedAgentFramework/tdd_experiments/unified_tdd_adder_16bit_1754202643/artifacts/designs/adder_16bit.v",
                "line": 32,
                "message": "syntax error",
                "type": "syntax_error"
              },
              {
                "file": "/home/haiyan/Research/CentralizedAgentFramework/tdd_experiments/unified_tdd_adder_16bit_1754202643/artifacts/designs/adder_16bit.v",
                "line": 32,
                "message": "error: Invalid module instantiation",
                "type": "other_error"
              },
              {
                "file": "/home/haiyan/Research/CentralizedAgentFramework/tdd_experiments/unified_tdd_adder_16bit_1754187911/testbenches/testbench_adder_16bit.v",
                "line": 11,
                "message": "error: Invalid module item.",
                "type": "other_error"
              },
              {
                "file": "/home/haiyan/Research/CentralizedAgentFramework/tdd_experiments/unified_tdd_adder_16bit_1754187911/testbenches/testbench_adder_16bit.v",
                "line": 16,
                "message": "error: 'clk' has already been declared in this scope.",
                "type": "other_error"
              },
              {
                "file": "/home/haiyan/Research/CentralizedAgentFramework/tdd_experiments/unified_tdd_adder_16bit_1754202643/artifacts/designs/adder_16bit.v",
                "line": 4,
                "message": ": It was declared here as a net.",
                "type": "other_error"
              },
              {
                "file": "/home/haiyan/Research/CentralizedAgentFramework/tdd_experiments/unified_tdd_adder_16bit_1754187911/testbenches/testbench_adder_16bit.v",
                "line": 18,
                "message": "error: 'a' has already been declared in this scope.",
                "type": "other_error"
              },
              {
                "file": "/home/haiyan/Research/CentralizedAgentFramework/tdd_experiments/unified_tdd_adder_16bit_1754202643/artifacts/designs/adder_16bit.v",
                "line": 6,
                "message": ": It was declared here as a net.",
                "type": "other_error"
              },
              {
                "file": "/home/haiyan/Research/CentralizedAgentFramework/tdd_experiments/unified_tdd_adder_16bit_1754187911/testbenches/testbench_adder_16bit.v",
                "line": 19,
                "message": "error: 'b' has already been declared in this scope.",
                "type": "other_error"
              },
              {
                "file": "/home/haiyan/Research/CentralizedAgentFramework/tdd_experiments/unified_tdd_adder_16bit_1754202643/artifacts/designs/adder_16bit.v",
                "line": 7,
                "message": ": It was declared here as a net.",
                "type": "other_error"
              },
              {
                "file": "/home/haiyan/Research/CentralizedAgentFramework/tdd_experiments/unified_tdd_adder_16bit_1754187911/testbenches/testbench_adder_16bit.v",
                "line": 20,
                "message": "error: 'cin' has already been declared in this scope.",
                "type": "other_error"
              },
              {
                "file": "/home/haiyan/Research/CentralizedAgentFramework/tdd_experiments/unified_tdd_adder_16bit_1754202643/artifacts/designs/adder_16bit.v",
                "line": 8,
                "message": ": It was declared here as a net.",
                "type": "other_error"
              },
              {
                "file": "/home/haiyan/Research/CentralizedAgentFramework/tdd_experiments/unified_tdd_adder_16bit_1754187911/testbenches/testbench_adder_16bit.v",
                "line": 21,
                "message": "error: 'sum' has already been declared in this scope.",
                "type": "other_error"
              },
              {
                "file": "/home/haiyan/Research/CentralizedAgentFramework/tdd_experiments/unified_tdd_adder_16bit_1754202643/artifacts/designs/adder_16bit.v",
                "line": 9,
                "message": ": It was declared here as a variable.",
                "type": "other_error"
              },
              {
                "file": "/home/haiyan/Research/CentralizedAgentFramework/tdd_experiments/unified_tdd_adder_16bit_1754187911/testbenches/testbench_adder_16bit.v",
                "line": 22,
                "message": "error: 'cout' has already been declared in this scope.",
                "type": "other_error"
              },
              {
                "file": "/home/haiyan/Research/CentralizedAgentFramework/tdd_experiments/unified_tdd_adder_16bit_1754202643/artifacts/designs/adder_16bit.v",
                "line": 10,
                "message": ": It was declared here as a variable.",
                "type": "other_error"
              },
              {
                "file": "/home/haiyan/Research/CentralizedAgentFramework/tdd_experiments/unified_tdd_adder_16bit_1754187911/testbenches/testbench_adder_16bit.v",
                "line": 23,
                "message": "error: 'overflow' has already been declared in this scope.",
                "type": "other_error"
              },
              {
                "file": "/home/haiyan/Research/CentralizedAgentFramework/tdd_experiments/unified_tdd_adder_16bit_1754202643/artifacts/designs/adder_16bit.v",
                "line": 11,
                "message": ": It was declared here as a variable.",
                "type": "other_error"
              },
              {
                "file": "/home/haiyan/Research/CentralizedAgentFramework/tdd_experiments/unified_tdd_adder_16bit_1754187911/testbenches/testbench_adder_16bit.v",
                "line": 249,
                "message": "syntax error",
                "type": "syntax_error"
              },
              {
                "file": "/home/haiyan/Research/CentralizedAgentFramework/tdd_experiments/unified_tdd_adder_16bit_1754187911/testbenches/testbench_adder_16bit.v",
                "line": 249,
                "message": "error: Malformed statement",
                "type": "other_error"
              },
              {
                "file": "/home/haiyan/Research/CentralizedAgentFramework/tdd_experiments/unified_tdd_adder_16bit_1754187911/testbenches/testbench_adder_16bit.v",
                "line": 250,
                "message": "syntax error",
                "type": "syntax_error"
              },
              {
                "file": "/home/haiyan/Research/CentralizedAgentFramework/tdd_experiments/unified_tdd_adder_16bit_1754187911/testbenches/testbench_adder_16bit.v",
                "line": 250,
                "message": "error: Malformed statement",
                "type": "other_error"
              },
              {
                "file": "/home/haiyan/Research/CentralizedAgentFramework/tdd_experiments/unified_tdd_adder_16bit_1754187911/testbenches/testbench_adder_16bit.v",
                "line": 251,
                "message": "syntax error",
                "type": "syntax_error"
              },
              {
                "file": "/home/haiyan/Research/CentralizedAgentFramework/tdd_experiments/unified_tdd_adder_16bit_1754187911/testbenches/testbench_adder_16bit.v",
                "line": 251,
                "message": "error: Malformed statement",
                "type": "other_error"
              }
            ],
            "all_tests_passed": false,
            "test_summary": "âŒ ç¼–è¯‘å¤±è´¥",
            "detailed_analysis": {
              "error_lines": [
                "/home/haiyan/Research/CentralizedAgentFramework/tdd_experiments/unified_tdd_adder_16bit_1754202643/artifacts/designs/adder_16bit.v:18: syntax error",
                "/home/haiyan/Research/CentralizedAgentFramework/tdd_experiments/unified_tdd_adder_16bit_1754202643/artifacts/designs/adder_16bit.v:18: error: Invalid module instantiation",
                "/home/haiyan/Research/CentralizedAgentFramework/tdd_experiments/unified_tdd_adder_16bit_1754202643/artifacts/designs/adder_16bit.v:23: syntax error",
                "/home/haiyan/Research/CentralizedAgentFramework/tdd_experiments/unified_tdd_adder_16bit_1754202643/artifacts/designs/adder_16bit.v:23: error: Invalid module item.",
                "/home/haiyan/Research/CentralizedAgentFramework/tdd_experiments/unified_tdd_adder_16bit_1754202643/artifacts/designs/adder_16bit.v:23: syntax error",
                "/home/haiyan/Research/CentralizedAgentFramework/tdd_experiments/unified_tdd_adder_16bit_1754202643/artifacts/designs/adder_16bit.v:23: error: Invalid module instantiation",
                "/home/haiyan/Research/CentralizedAgentFramework/tdd_experiments/unified_tdd_adder_16bit_1754202643/artifacts/designs/adder_16bit.v:23: error: Invalid module instantiation",
                "/home/haiyan/Research/CentralizedAgentFramework/tdd_experiments/unified_tdd_adder_16bit_1754202643/artifacts/designs/adder_16bit.v:28: error: Invalid module item.",
                "/home/haiyan/Research/CentralizedAgentFramework/tdd_experiments/unified_tdd_adder_16bit_1754202643/artifacts/designs/adder_16bit.v:32: syntax error",
                "/home/haiyan/Research/CentralizedAgentFramework/tdd_experiments/unified_tdd_adder_16bit_1754202643/artifacts/designs/adder_16bit.v:32: error: Invalid module instantiation"
              ],
              "module_references": [],
              "file_references": [
                "/home/haiyan/Research/CentralizedAgentFramework/tdd_experiments/unified_tdd_adder_16bit_1754202643/artifacts/designs/adder_16bit.v",
                "/home/haiyan/Research/CentralizedAgentFramework/tdd_experiments/unified_tdd_adder_16bit_1754187911/testbenches/testbench_adder_16bit.v"
              ],
              "suggestions_context": {}
            },
            "failure_reasons": [
              "è¯­æ³•é”™è¯¯"
            ],
            "suggestions": [
              "ğŸ“ æ£€æŸ¥Verilogè¯­æ³•ï¼šåˆ†å·ã€æ‹¬å·ã€å…³é”®å­—æ‹¼å†™ç­‰",
              "ğŸ”¤ éªŒè¯æ ‡è¯†ç¬¦å‘½åè§„åˆ™å’Œä¿ç•™å­—ä½¿ç”¨"
            ],
            "error_category": "syntax_issue",
            "intelligent_error_analysis": true,
            "has_intelligent_suggestions": true,
            "testbench_path": "/home/haiyan/Research/CentralizedAgentFramework/tdd_experiments/unified_tdd_adder_16bit_1754187911/testbenches/testbench_adder_16bit.v",
            "design_files": [
              "/home/haiyan/Research/CentralizedAgentFramework/tdd_experiments/unified_tdd_adder_16bit_1754202643/artifacts/designs/adder_16bit.v"
            ],
            "compilation_files": [
              "/home/haiyan/Research/CentralizedAgentFramework/tdd_experiments/unified_tdd_adder_16bit_1754202643/artifacts/designs/adder_16bit.v"
            ],
            "dependency_analysis": {
              "success": true,
              "compatible": true,
              "issues": [],
              "suggestions": [],
              "missing_dependencies": [],
              "additional_files": [],
              "compilation_files": [
                "/home/haiyan/Research/CentralizedAgentFramework/tdd_experiments/unified_tdd_adder_16bit_1754202643/artifacts/designs/adder_16bit.v"
              ],
              "design_modules": [
                "adder_16bit"
              ],
              "testbench_modules": [
                "tb_adder_16bit"
              ]
            }
          },
          "all_tests_passed": false,
          "iteration": 1
        }
      },
      {
        "iteration": 2,
        "start_time": 1754202659.9272363,
        "duration": 45.03734517097473,
        "result": {
          "success": true,
          "design_files": [
            {
              "file_id": "f0e0b688",
              "file_path": "/home/haiyan/Research/CentralizedAgentFramework/tdd_experiments/unified_tdd_adder_16bit_1754202643/artifacts/testbenches/testbench_adder_16bit.v",
              "file_type": "testbench",
              "created_by": "enhanced_real_verilog_agent",
              "created_at": "2025-08-03T14:31:44.881293",
              "description": "ç”±enhanced_real_verilog_agentåˆ›å»ºçš„testbenchæ–‡ä»¶"
            },
            {
              "file_id": "9c780013",
              "file_path": "/home/haiyan/Research/CentralizedAgentFramework/tdd_experiments/unified_tdd_adder_16bit_1754202643/artifacts/testbenches/adder_16bit_tb.v",
              "file_type": "testbench",
              "created_by": "enhanced_real_verilog_agent",
              "created_at": "2025-08-03T14:31:44.870178",
              "description": "ç”±enhanced_real_verilog_agentåˆ›å»ºçš„testbenchæ–‡ä»¶"
            },
            {
              "file_id": "abd881d2",
              "file_path": "/home/haiyan/Research/CentralizedAgentFramework/tdd_experiments/unified_tdd_adder_16bit_1754202643/artifacts/designs/adder_16bit.v",
              "file_type": "verilog",
              "created_by": "enhanced_real_verilog_agent",
              "created_at": "2025-08-03T14:31:44.876303",
              "description": "ç”±enhanced_real_verilog_agentåˆ›å»ºçš„verilogæ–‡ä»¶"
            }
          ],
          "test_results": {
            "success": false,
            "stage": "compilation",
            "compile_stdout": "",
            "compile_stderr": "/home/haiyan/Research/CentralizedAgentFramework/tdd_experiments/unified_tdd_adder_16bit_1754202643/artifacts/designs/adder_16bit.v:19: error: Index carry[16] is out of range.\n1 error(s) during elaboration.\n",
            "command": "iverilog -o /tmp/tdd_test_analyzer/sim_3433571 /home/haiyan/Research/CentralizedAgentFramework/tdd_experiments/unified_tdd_adder_16bit_1754202643/artifacts/designs/adder_16bit.v /home/haiyan/Research/CentralizedAgentFramework/tdd_experiments/unified_tdd_adder_16bit_1754202643/artifacts/testbenches/testbench_adder_16bit.v",
            "returncode": 1,
            "error_details": {
              "error_count": 1,
              "precise_errors": [
                {
                  "file": "/home/haiyan/Research/CentralizedAgentFramework/tdd_experiments/unified_tdd_adder_16bit_1754202643/artifacts/designs/adder_16bit.v",
                  "line": 19,
                  "message": "error: Index carry[16] is out of range.",
                  "type": "other_error"
                }
              ],
              "summary": "å‘ç° 1 ä¸ªç¼–è¯‘é”™è¯¯:\n1. æ–‡ä»¶: /home/haiyan/Research/CentralizedAgentFramework/tdd_experiments/unified_tdd_adder_16bit_1754202643/artifacts/designs/adder_16bit.v, è¡Œ: 19\n   é”™è¯¯: error: Index carry[16] is out of range.\n"
            },
            "precise_errors": [
              {
                "file": "/home/haiyan/Research/CentralizedAgentFramework/tdd_experiments/unified_tdd_adder_16bit_1754202643/artifacts/designs/adder_16bit.v",
                "line": 19,
                "message": "error: Index carry[16] is out of range.",
                "type": "other_error"
              }
            ],
            "all_tests_passed": false,
            "test_summary": "âŒ ç¼–è¯‘å¤±è´¥",
            "detailed_analysis": {
              "error_lines": [
                "/home/haiyan/Research/CentralizedAgentFramework/tdd_experiments/unified_tdd_adder_16bit_1754202643/artifacts/designs/adder_16bit.v:19: error: Index carry[16] is out of range.",
                "1 error(s) during elaboration."
              ],
              "module_references": [],
              "file_references": [
                "/home/haiyan/Research/CentralizedAgentFramework/tdd_experiments/unified_tdd_adder_16bit_1754202643/artifacts/designs/adder_16bit.v"
              ],
              "suggestions_context": {}
            },
            "failure_reasons": [],
            "suggestions": [],
            "error_category": "unknown",
            "intelligent_error_analysis": true,
            "testbench_path": "/home/haiyan/Research/CentralizedAgentFramework/tdd_experiments/unified_tdd_adder_16bit_1754202643/artifacts/testbenches/testbench_adder_16bit.v",
            "design_files": [
              "/home/haiyan/Research/CentralizedAgentFramework/tdd_experiments/unified_tdd_adder_16bit_1754202643/artifacts/designs/adder_16bit.v"
            ],
            "compilation_files": [
              "/home/haiyan/Research/CentralizedAgentFramework/tdd_experiments/unified_tdd_adder_16bit_1754202643/artifacts/designs/adder_16bit.v"
            ],
            "dependency_analysis": {
              "success": true,
              "compatible": true,
              "issues": [],
              "suggestions": [],
              "missing_dependencies": [],
              "additional_files": [],
              "compilation_files": [
                "/home/haiyan/Research/CentralizedAgentFramework/tdd_experiments/unified_tdd_adder_16bit_1754202643/artifacts/designs/adder_16bit.v"
              ],
              "design_modules": [
                "adder_16bit"
              ],
              "testbench_modules": [
                "tb_adder_16bit"
              ]
            }
          },
          "all_tests_passed": false,
          "iteration": 2
        }
      },
      {
        "iteration": 3,
        "start_time": 1754202704.967537,
        "duration": 23.62035059928894,
        "result": {
          "success": true,
          "design_files": [
            {
              "file_id": "f0e0b688",
              "file_path": "/home/haiyan/Research/CentralizedAgentFramework/tdd_experiments/unified_tdd_adder_16bit_1754202643/artifacts/testbenches/testbench_adder_16bit.v",
              "file_type": "testbench",
              "created_by": "enhanced_real_verilog_agent",
              "created_at": "2025-08-03T14:31:44.881293",
              "description": "ç”±enhanced_real_verilog_agentåˆ›å»ºçš„testbenchæ–‡ä»¶"
            },
            {
              "file_id": "9c780013",
              "file_path": "/home/haiyan/Research/CentralizedAgentFramework/tdd_experiments/unified_tdd_adder_16bit_1754202643/artifacts/testbenches/adder_16bit_tb.v",
              "file_type": "testbench",
              "created_by": "enhanced_real_verilog_agent",
              "created_at": "2025-08-03T14:31:44.870178",
              "description": "ç”±enhanced_real_verilog_agentåˆ›å»ºçš„testbenchæ–‡ä»¶"
            },
            {
              "file_id": "abd881d2",
              "file_path": "/home/haiyan/Research/CentralizedAgentFramework/tdd_experiments/unified_tdd_adder_16bit_1754202643/artifacts/designs/adder_16bit.v",
              "file_type": "verilog",
              "created_by": "enhanced_real_verilog_agent",
              "created_at": "2025-08-03T14:32:08.508474",
              "description": "ç”±enhanced_real_verilog_agentåˆ›å»ºçš„verilogæ–‡ä»¶"
            }
          ],
          "test_results": {
            "success": false,
            "stage": "compilation",
            "compile_stdout": "",
            "compile_stderr": "/home/haiyan/Research/CentralizedAgentFramework/tdd_experiments/unified_tdd_adder_16bit_1754202643/artifacts/designs/adder_16bit.v:18: syntax error\n/home/haiyan/Research/CentralizedAgentFramework/tdd_experiments/unified_tdd_adder_16bit_1754202643/artifacts/designs/adder_16bit.v:18: error: Invalid module instantiation\n/home/haiyan/Research/CentralizedAgentFramework/tdd_experiments/unified_tdd_adder_16bit_1754202643/artifacts/designs/adder_16bit.v:23: syntax error\n/home/haiyan/Research/CentralizedAgentFramework/tdd_experiments/unified_tdd_adder_16bit_1754202643/artifacts/designs/adder_16bit.v:23: error: Invalid module item.\n/home/haiyan/Research/CentralizedAgentFramework/tdd_experiments/unified_tdd_adder_16bit_1754202643/artifacts/designs/adder_16bit.v:23: syntax error\n/home/haiyan/Research/CentralizedAgentFramework/tdd_experiments/unified_tdd_adder_16bit_1754202643/artifacts/designs/adder_16bit.v:23: error: Invalid module instantiation\n/home/haiyan/Research/CentralizedAgentFramework/tdd_experiments/unified_tdd_adder_16bit_1754202643/artifacts/designs/adder_16bit.v:23: error: Invalid module instantiation\n/home/haiyan/Research/CentralizedAgentFramework/tdd_experiments/unified_tdd_adder_16bit_1754202643/artifacts/designs/adder_16bit.v:28: error: Invalid module item.\n/home/haiyan/Research/CentralizedAgentFramework/tdd_experiments/unified_tdd_adder_16bit_1754202643/artifacts/designs/adder_16bit.v:32: syntax error\n/home/haiyan/Research/CentralizedAgentFramework/tdd_experiments/unified_tdd_adder_16bit_1754202643/artifacts/designs/adder_16bit.v:32: error: Invalid module instantiation\n/home/haiyan/Research/CentralizedAgentFramework/tdd_experiments/unified_tdd_adder_16bit_1754202643/artifacts/designs/adder_16bit.v:38: warning: Using SystemVerilog 'N bit vector. Use at least -g2005-sv to remove this warning.\n/home/haiyan/Research/CentralizedAgentFramework/tdd_experiments/unified_tdd_adder_16bit_1754202643/artifacts/designs/adder_16bit.v:38: error: Invalid module item.\n/home/haiyan/Research/CentralizedAgentFramework/tdd_experiments/unified_tdd_adder_16bit_1754202643/artifacts/designs/adder_16bit.v:39: syntax error\n/home/haiyan/Research/CentralizedAgentFramework/tdd_experiments/unified_tdd_adder_16bit_1754202643/artifacts/designs/adder_16bit.v:39: error: Invalid module instantiation\n/home/haiyan/Research/CentralizedAgentFramework/tdd_experiments/unified_tdd_adder_16bit_1754202643/artifacts/designs/adder_16bit.v:40: error: Invalid module instantiation\n/home/haiyan/Research/CentralizedAgentFramework/tdd_experiments/unified_tdd_adder_16bit_1754202643/artifacts/testbenches/testbench_adder_16bit.v:3: error: Invalid module item.\n/home/haiyan/Research/CentralizedAgentFramework/tdd_experiments/unified_tdd_adder_16bit_1754202643/artifacts/testbenches/testbench_adder_16bit.v:5: error: 'a' has already been declared in this scope.\n/home/haiyan/Research/CentralizedAgentFramework/tdd_experiments/unified_tdd_adder_16bit_1754202643/artifacts/designs/adder_16bit.v:6:      : It was declared here as a net.\n/home/haiyan/Research/CentralizedAgentFramework/tdd_experiments/unified_tdd_adder_16bit_1754202643/artifacts/testbenches/testbench_adder_16bit.v:5: error: 'b' has already been declared in this scope.\n/home/haiyan/Research/CentralizedAgentFramework/tdd_experiments/unified_tdd_adder_16bit_1754202643/artifacts/designs/adder_16bit.v:7:      : It was declared here as a net.\n/home/haiyan/Research/CentralizedAgentFramework/tdd_experiments/unified_tdd_adder_16bit_1754202643/artifacts/testbenches/testbench_adder_16bit.v:6: error: 'cin' has already been declared in this scope.\n/home/haiyan/Research/CentralizedAgentFramework/tdd_experiments/unified_tdd_adder_16bit_1754202643/artifacts/designs/adder_16bit.v:8:      : It was declared here as a net.\n/home/haiyan/Research/CentralizedAgentFramework/tdd_experiments/unified_tdd_adder_16bit_1754202643/artifacts/testbenches/testbench_adder_16bit.v:7: error: 'sum' has already been declared in this scope.\n/home/haiyan/Research/CentralizedAgentFramework/tdd_experiments/unified_tdd_adder_16bit_1754202643/artifacts/designs/adder_16bit.v:9:      : It was declared here as a variable.\n/home/haiyan/Research/CentralizedAgentFramework/tdd_experiments/unified_tdd_adder_16bit_1754202643/artifacts/testbenches/testbench_adder_16bit.v:8: error: 'cout' has already been declared in this scope.\n/home/haiyan/Research/CentralizedAgentFramework/tdd_experiments/unified_tdd_adder_16bit_1754202643/artifacts/designs/adder_16bit.v:10:      : It was declared here as a variable.\n/home/haiyan/Research/CentralizedAgentFramework/tdd_experiments/unified_tdd_adder_16bit_1754202643/artifacts/testbenches/testbench_adder_16bit.v:9: error: 'overflow' has already been declared in this scope.\n/home/haiyan/Research/CentralizedAgentFramework/tdd_experiments/unified_tdd_adder_16bit_1754202643/artifacts/designs/adder_16bit.v:11:      : It was declared here as a variable.\n",
            "command": "iverilog -o /tmp/tdd_test_analyzer/sim_3433595 /home/haiyan/Research/CentralizedAgentFramework/tdd_experiments/unified_tdd_adder_16bit_1754202643/artifacts/designs/adder_16bit.v /home/haiyan/Research/CentralizedAgentFramework/tdd_experiments/unified_tdd_adder_16bit_1754202643/artifacts/testbenches/testbench_adder_16bit.v",
            "returncode": 21,
            "error_details": {
              "error_count": 28,
              "precise_errors": [
                {
                  "file": "/home/haiyan/Research/CentralizedAgentFramework/tdd_experiments/unified_tdd_adder_16bit_1754202643/artifacts/designs/adder_16bit.v",
                  "line": 18,
                  "message": "syntax error",
                  "type": "syntax_error"
                },
                {
                  "file": "/home/haiyan/Research/CentralizedAgentFramework/tdd_experiments/unified_tdd_adder_16bit_1754202643/artifacts/designs/adder_16bit.v",
                  "line": 18,
                  "message": "error: Invalid module instantiation",
                  "type": "other_error"
                },
                {
                  "file": "/home/haiyan/Research/CentralizedAgentFramework/tdd_experiments/unified_tdd_adder_16bit_1754202643/artifacts/designs/adder_16bit.v",
                  "line": 23,
                  "message": "syntax error",
                  "type": "syntax_error"
                },
                {
                  "file": "/home/haiyan/Research/CentralizedAgentFramework/tdd_experiments/unified_tdd_adder_16bit_1754202643/artifacts/designs/adder_16bit.v",
                  "line": 23,
                  "message": "error: Invalid module item.",
                  "type": "other_error"
                },
                {
                  "file": "/home/haiyan/Research/CentralizedAgentFramework/tdd_experiments/unified_tdd_adder_16bit_1754202643/artifacts/designs/adder_16bit.v",
                  "line": 23,
                  "message": "syntax error",
                  "type": "syntax_error"
                },
                {
                  "file": "/home/haiyan/Research/CentralizedAgentFramework/tdd_experiments/unified_tdd_adder_16bit_1754202643/artifacts/designs/adder_16bit.v",
                  "line": 23,
                  "message": "error: Invalid module instantiation",
                  "type": "other_error"
                },
                {
                  "file": "/home/haiyan/Research/CentralizedAgentFramework/tdd_experiments/unified_tdd_adder_16bit_1754202643/artifacts/designs/adder_16bit.v",
                  "line": 23,
                  "message": "error: Invalid module instantiation",
                  "type": "other_error"
                },
                {
                  "file": "/home/haiyan/Research/CentralizedAgentFramework/tdd_experiments/unified_tdd_adder_16bit_1754202643/artifacts/designs/adder_16bit.v",
                  "line": 28,
                  "message": "error: Invalid module item.",
                  "type": "other_error"
                },
                {
                  "file": "/home/haiyan/Research/CentralizedAgentFramework/tdd_experiments/unified_tdd_adder_16bit_1754202643/artifacts/designs/adder_16bit.v",
                  "line": 32,
                  "message": "syntax error",
                  "type": "syntax_error"
                },
                {
                  "file": "/home/haiyan/Research/CentralizedAgentFramework/tdd_experiments/unified_tdd_adder_16bit_1754202643/artifacts/designs/adder_16bit.v",
                  "line": 32,
                  "message": "error: Invalid module instantiation",
                  "type": "other_error"
                },
                {
                  "file": "/home/haiyan/Research/CentralizedAgentFramework/tdd_experiments/unified_tdd_adder_16bit_1754202643/artifacts/designs/adder_16bit.v",
                  "line": 38,
                  "message": "warning: Using SystemVerilog 'N bit vector. Use at least -g2005-sv to remove this warning.",
                  "type": "other_error"
                },
                {
                  "file": "/home/haiyan/Research/CentralizedAgentFramework/tdd_experiments/unified_tdd_adder_16bit_1754202643/artifacts/designs/adder_16bit.v",
                  "line": 38,
                  "message": "error: Invalid module item.",
                  "type": "other_error"
                },
                {
                  "file": "/home/haiyan/Research/CentralizedAgentFramework/tdd_experiments/unified_tdd_adder_16bit_1754202643/artifacts/designs/adder_16bit.v",
                  "line": 39,
                  "message": "syntax error",
                  "type": "syntax_error"
                },
                {
                  "file": "/home/haiyan/Research/CentralizedAgentFramework/tdd_experiments/unified_tdd_adder_16bit_1754202643/artifacts/designs/adder_16bit.v",
                  "line": 39,
                  "message": "error: Invalid module instantiation",
                  "type": "other_error"
                },
                {
                  "file": "/home/haiyan/Research/CentralizedAgentFramework/tdd_experiments/unified_tdd_adder_16bit_1754202643/artifacts/designs/adder_16bit.v",
                  "line": 40,
                  "message": "error: Invalid module instantiation",
                  "type": "other_error"
                },
                {
                  "file": "/home/haiyan/Research/CentralizedAgentFramework/tdd_experiments/unified_tdd_adder_16bit_1754202643/artifacts/testbenches/testbench_adder_16bit.v",
                  "line": 3,
                  "message": "error: Invalid module item.",
                  "type": "other_error"
                },
                {
                  "file": "/home/haiyan/Research/CentralizedAgentFramework/tdd_experiments/unified_tdd_adder_16bit_1754202643/artifacts/testbenches/testbench_adder_16bit.v",
                  "line": 5,
                  "message": "error: 'a' has already been declared in this scope.",
                  "type": "other_error"
                },
                {
                  "file": "/home/haiyan/Research/CentralizedAgentFramework/tdd_experiments/unified_tdd_adder_16bit_1754202643/artifacts/designs/adder_16bit.v",
                  "line": 6,
                  "message": ": It was declared here as a net.",
                  "type": "other_error"
                },
                {
                  "file": "/home/haiyan/Research/CentralizedAgentFramework/tdd_experiments/unified_tdd_adder_16bit_1754202643/artifacts/testbenches/testbench_adder_16bit.v",
                  "line": 5,
                  "message": "error: 'b' has already been declared in this scope.",
                  "type": "other_error"
                },
                {
                  "file": "/home/haiyan/Research/CentralizedAgentFramework/tdd_experiments/unified_tdd_adder_16bit_1754202643/artifacts/designs/adder_16bit.v",
                  "line": 7,
                  "message": ": It was declared here as a net.",
                  "type": "other_error"
                },
                {
                  "file": "/home/haiyan/Research/CentralizedAgentFramework/tdd_experiments/unified_tdd_adder_16bit_1754202643/artifacts/testbenches/testbench_adder_16bit.v",
                  "line": 6,
                  "message": "error: 'cin' has already been declared in this scope.",
                  "type": "other_error"
                },
                {
                  "file": "/home/haiyan/Research/CentralizedAgentFramework/tdd_experiments/unified_tdd_adder_16bit_1754202643/artifacts/designs/adder_16bit.v",
                  "line": 8,
                  "message": ": It was declared here as a net.",
                  "type": "other_error"
                },
                {
                  "file": "/home/haiyan/Research/CentralizedAgentFramework/tdd_experiments/unified_tdd_adder_16bit_1754202643/artifacts/testbenches/testbench_adder_16bit.v",
                  "line": 7,
                  "message": "error: 'sum' has already been declared in this scope.",
                  "type": "other_error"
                },
                {
                  "file": "/home/haiyan/Research/CentralizedAgentFramework/tdd_experiments/unified_tdd_adder_16bit_1754202643/artifacts/designs/adder_16bit.v",
                  "line": 9,
                  "message": ": It was declared here as a variable.",
                  "type": "other_error"
                },
                {
                  "file": "/home/haiyan/Research/CentralizedAgentFramework/tdd_experiments/unified_tdd_adder_16bit_1754202643/artifacts/testbenches/testbench_adder_16bit.v",
                  "line": 8,
                  "message": "error: 'cout' has already been declared in this scope.",
                  "type": "other_error"
                },
                {
                  "file": "/home/haiyan/Research/CentralizedAgentFramework/tdd_experiments/unified_tdd_adder_16bit_1754202643/artifacts/designs/adder_16bit.v",
                  "line": 10,
                  "message": ": It was declared here as a variable.",
                  "type": "other_error"
                },
                {
                  "file": "/home/haiyan/Research/CentralizedAgentFramework/tdd_experiments/unified_tdd_adder_16bit_1754202643/artifacts/testbenches/testbench_adder_16bit.v",
                  "line": 9,
                  "message": "error: 'overflow' has already been declared in this scope.",
                  "type": "other_error"
                },
                {
                  "file": "/home/haiyan/Research/CentralizedAgentFramework/tdd_experiments/unified_tdd_adder_16bit_1754202643/artifacts/designs/adder_16bit.v",
                  "line": 11,
                  "message": ": It was declared here as a variable.",
                  "type": "other_error"
                }
              ],
              "summary": "å‘ç° 28 ä¸ªç¼–è¯‘é”™è¯¯:\n1. æ–‡ä»¶: /home/haiyan/Research/CentralizedAgentFramework/tdd_experiments/unified_tdd_adder_16bit_1754202643/artifacts/designs/adder_16bit.v, è¡Œ: 18\n   é”™è¯¯: syntax error\n2. æ–‡ä»¶: /home/haiyan/Research/CentralizedAgentFramework/tdd_experiments/unified_tdd_adder_16bit_1754202643/artifacts/designs/adder_16bit.v, è¡Œ: 18\n   é”™è¯¯: error: Invalid module instantiation\n3. æ–‡ä»¶: /home/haiyan/Research/CentralizedAgentFramework/tdd_experiments/unified_tdd_adder_16bit_1754202643/artifacts/designs/adder_16bit.v, è¡Œ: 23\n   é”™è¯¯: syntax error\n... è¿˜æœ‰ 25 ä¸ªé”™è¯¯\n"
            },
            "precise_errors": [
              {
                "file": "/home/haiyan/Research/CentralizedAgentFramework/tdd_experiments/unified_tdd_adder_16bit_1754202643/artifacts/designs/adder_16bit.v",
                "line": 18,
                "message": "syntax error",
                "type": "syntax_error"
              },
              {
                "file": "/home/haiyan/Research/CentralizedAgentFramework/tdd_experiments/unified_tdd_adder_16bit_1754202643/artifacts/designs/adder_16bit.v",
                "line": 18,
                "message": "error: Invalid module instantiation",
                "type": "other_error"
              },
              {
                "file": "/home/haiyan/Research/CentralizedAgentFramework/tdd_experiments/unified_tdd_adder_16bit_1754202643/artifacts/designs/adder_16bit.v",
                "line": 23,
                "message": "syntax error",
                "type": "syntax_error"
              },
              {
                "file": "/home/haiyan/Research/CentralizedAgentFramework/tdd_experiments/unified_tdd_adder_16bit_1754202643/artifacts/designs/adder_16bit.v",
                "line": 23,
                "message": "error: Invalid module item.",
                "type": "other_error"
              },
              {
                "file": "/home/haiyan/Research/CentralizedAgentFramework/tdd_experiments/unified_tdd_adder_16bit_1754202643/artifacts/designs/adder_16bit.v",
                "line": 23,
                "message": "syntax error",
                "type": "syntax_error"
              },
              {
                "file": "/home/haiyan/Research/CentralizedAgentFramework/tdd_experiments/unified_tdd_adder_16bit_1754202643/artifacts/designs/adder_16bit.v",
                "line": 23,
                "message": "error: Invalid module instantiation",
                "type": "other_error"
              },
              {
                "file": "/home/haiyan/Research/CentralizedAgentFramework/tdd_experiments/unified_tdd_adder_16bit_1754202643/artifacts/designs/adder_16bit.v",
                "line": 23,
                "message": "error: Invalid module instantiation",
                "type": "other_error"
              },
              {
                "file": "/home/haiyan/Research/CentralizedAgentFramework/tdd_experiments/unified_tdd_adder_16bit_1754202643/artifacts/designs/adder_16bit.v",
                "line": 28,
                "message": "error: Invalid module item.",
                "type": "other_error"
              },
              {
                "file": "/home/haiyan/Research/CentralizedAgentFramework/tdd_experiments/unified_tdd_adder_16bit_1754202643/artifacts/designs/adder_16bit.v",
                "line": 32,
                "message": "syntax error",
                "type": "syntax_error"
              },
              {
                "file": "/home/haiyan/Research/CentralizedAgentFramework/tdd_experiments/unified_tdd_adder_16bit_1754202643/artifacts/designs/adder_16bit.v",
                "line": 32,
                "message": "error: Invalid module instantiation",
                "type": "other_error"
              },
              {
                "file": "/home/haiyan/Research/CentralizedAgentFramework/tdd_experiments/unified_tdd_adder_16bit_1754202643/artifacts/designs/adder_16bit.v",
                "line": 38,
                "message": "warning: Using SystemVerilog 'N bit vector. Use at least -g2005-sv to remove this warning.",
                "type": "other_error"
              },
              {
                "file": "/home/haiyan/Research/CentralizedAgentFramework/tdd_experiments/unified_tdd_adder_16bit_1754202643/artifacts/designs/adder_16bit.v",
                "line": 38,
                "message": "error: Invalid module item.",
                "type": "other_error"
              },
              {
                "file": "/home/haiyan/Research/CentralizedAgentFramework/tdd_experiments/unified_tdd_adder_16bit_1754202643/artifacts/designs/adder_16bit.v",
                "line": 39,
                "message": "syntax error",
                "type": "syntax_error"
              },
              {
                "file": "/home/haiyan/Research/CentralizedAgentFramework/tdd_experiments/unified_tdd_adder_16bit_1754202643/artifacts/designs/adder_16bit.v",
                "line": 39,
                "message": "error: Invalid module instantiation",
                "type": "other_error"
              },
              {
                "file": "/home/haiyan/Research/CentralizedAgentFramework/tdd_experiments/unified_tdd_adder_16bit_1754202643/artifacts/designs/adder_16bit.v",
                "line": 40,
                "message": "error: Invalid module instantiation",
                "type": "other_error"
              },
              {
                "file": "/home/haiyan/Research/CentralizedAgentFramework/tdd_experiments/unified_tdd_adder_16bit_1754202643/artifacts/testbenches/testbench_adder_16bit.v",
                "line": 3,
                "message": "error: Invalid module item.",
                "type": "other_error"
              },
              {
                "file": "/home/haiyan/Research/CentralizedAgentFramework/tdd_experiments/unified_tdd_adder_16bit_1754202643/artifacts/testbenches/testbench_adder_16bit.v",
                "line": 5,
                "message": "error: 'a' has already been declared in this scope.",
                "type": "other_error"
              },
              {
                "file": "/home/haiyan/Research/CentralizedAgentFramework/tdd_experiments/unified_tdd_adder_16bit_1754202643/artifacts/designs/adder_16bit.v",
                "line": 6,
                "message": ": It was declared here as a net.",
                "type": "other_error"
              },
              {
                "file": "/home/haiyan/Research/CentralizedAgentFramework/tdd_experiments/unified_tdd_adder_16bit_1754202643/artifacts/testbenches/testbench_adder_16bit.v",
                "line": 5,
                "message": "error: 'b' has already been declared in this scope.",
                "type": "other_error"
              },
              {
                "file": "/home/haiyan/Research/CentralizedAgentFramework/tdd_experiments/unified_tdd_adder_16bit_1754202643/artifacts/designs/adder_16bit.v",
                "line": 7,
                "message": ": It was declared here as a net.",
                "type": "other_error"
              },
              {
                "file": "/home/haiyan/Research/CentralizedAgentFramework/tdd_experiments/unified_tdd_adder_16bit_1754202643/artifacts/testbenches/testbench_adder_16bit.v",
                "line": 6,
                "message": "error: 'cin' has already been declared in this scope.",
                "type": "other_error"
              },
              {
                "file": "/home/haiyan/Research/CentralizedAgentFramework/tdd_experiments/unified_tdd_adder_16bit_1754202643/artifacts/designs/adder_16bit.v",
                "line": 8,
                "message": ": It was declared here as a net.",
                "type": "other_error"
              },
              {
                "file": "/home/haiyan/Research/CentralizedAgentFramework/tdd_experiments/unified_tdd_adder_16bit_1754202643/artifacts/testbenches/testbench_adder_16bit.v",
                "line": 7,
                "message": "error: 'sum' has already been declared in this scope.",
                "type": "other_error"
              },
              {
                "file": "/home/haiyan/Research/CentralizedAgentFramework/tdd_experiments/unified_tdd_adder_16bit_1754202643/artifacts/designs/adder_16bit.v",
                "line": 9,
                "message": ": It was declared here as a variable.",
                "type": "other_error"
              },
              {
                "file": "/home/haiyan/Research/CentralizedAgentFramework/tdd_experiments/unified_tdd_adder_16bit_1754202643/artifacts/testbenches/testbench_adder_16bit.v",
                "line": 8,
                "message": "error: 'cout' has already been declared in this scope.",
                "type": "other_error"
              },
              {
                "file": "/home/haiyan/Research/CentralizedAgentFramework/tdd_experiments/unified_tdd_adder_16bit_1754202643/artifacts/designs/adder_16bit.v",
                "line": 10,
                "message": ": It was declared here as a variable.",
                "type": "other_error"
              },
              {
                "file": "/home/haiyan/Research/CentralizedAgentFramework/tdd_experiments/unified_tdd_adder_16bit_1754202643/artifacts/testbenches/testbench_adder_16bit.v",
                "line": 9,
                "message": "error: 'overflow' has already been declared in this scope.",
                "type": "other_error"
              },
              {
                "file": "/home/haiyan/Research/CentralizedAgentFramework/tdd_experiments/unified_tdd_adder_16bit_1754202643/artifacts/designs/adder_16bit.v",
                "line": 11,
                "message": ": It was declared here as a variable.",
                "type": "other_error"
              }
            ],
            "all_tests_passed": false,
            "test_summary": "âŒ ç¼–è¯‘å¤±è´¥",
            "detailed_analysis": {
              "error_lines": [
                "/home/haiyan/Research/CentralizedAgentFramework/tdd_experiments/unified_tdd_adder_16bit_1754202643/artifacts/designs/adder_16bit.v:18: syntax error",
                "/home/haiyan/Research/CentralizedAgentFramework/tdd_experiments/unified_tdd_adder_16bit_1754202643/artifacts/designs/adder_16bit.v:18: error: Invalid module instantiation",
                "/home/haiyan/Research/CentralizedAgentFramework/tdd_experiments/unified_tdd_adder_16bit_1754202643/artifacts/designs/adder_16bit.v:23: syntax error",
                "/home/haiyan/Research/CentralizedAgentFramework/tdd_experiments/unified_tdd_adder_16bit_1754202643/artifacts/designs/adder_16bit.v:23: error: Invalid module item.",
                "/home/haiyan/Research/CentralizedAgentFramework/tdd_experiments/unified_tdd_adder_16bit_1754202643/artifacts/designs/adder_16bit.v:23: syntax error",
                "/home/haiyan/Research/CentralizedAgentFramework/tdd_experiments/unified_tdd_adder_16bit_1754202643/artifacts/designs/adder_16bit.v:23: error: Invalid module instantiation",
                "/home/haiyan/Research/CentralizedAgentFramework/tdd_experiments/unified_tdd_adder_16bit_1754202643/artifacts/designs/adder_16bit.v:23: error: Invalid module instantiation",
                "/home/haiyan/Research/CentralizedAgentFramework/tdd_experiments/unified_tdd_adder_16bit_1754202643/artifacts/designs/adder_16bit.v:28: error: Invalid module item.",
                "/home/haiyan/Research/CentralizedAgentFramework/tdd_experiments/unified_tdd_adder_16bit_1754202643/artifacts/designs/adder_16bit.v:32: syntax error",
                "/home/haiyan/Research/CentralizedAgentFramework/tdd_experiments/unified_tdd_adder_16bit_1754202643/artifacts/designs/adder_16bit.v:32: error: Invalid module instantiation"
              ],
              "module_references": [],
              "file_references": [
                "/home/haiyan/Research/CentralizedAgentFramework/tdd_experiments/unified_tdd_adder_16bit_1754202643/artifacts/designs/adder_16bit.v",
                "/home/haiyan/Research/CentralizedAgentFramework/tdd_experiments/unified_tdd_adder_16bit_1754202643/artifacts/testbenches/testbench_adder_16bit.v"
              ],
              "suggestions_context": {}
            },
            "failure_reasons": [
              "è¯­æ³•é”™è¯¯"
            ],
            "suggestions": [
              "ğŸ“ æ£€æŸ¥Verilogè¯­æ³•ï¼šåˆ†å·ã€æ‹¬å·ã€å…³é”®å­—æ‹¼å†™ç­‰",
              "ğŸ”¤ éªŒè¯æ ‡è¯†ç¬¦å‘½åè§„åˆ™å’Œä¿ç•™å­—ä½¿ç”¨"
            ],
            "error_category": "syntax_issue",
            "intelligent_error_analysis": true,
            "has_intelligent_suggestions": true,
            "testbench_path": "/home/haiyan/Research/CentralizedAgentFramework/tdd_experiments/unified_tdd_adder_16bit_1754202643/artifacts/testbenches/testbench_adder_16bit.v",
            "design_files": [
              "/home/haiyan/Research/CentralizedAgentFramework/tdd_experiments/unified_tdd_adder_16bit_1754202643/artifacts/designs/adder_16bit.v"
            ],
            "compilation_files": [
              "/home/haiyan/Research/CentralizedAgentFramework/tdd_experiments/unified_tdd_adder_16bit_1754202643/artifacts/designs/adder_16bit.v"
            ],
            "dependency_analysis": {
              "success": true,
              "compatible": true,
              "issues": [],
              "suggestions": [],
              "missing_dependencies": [],
              "additional_files": [],
              "compilation_files": [
                "/home/haiyan/Research/CentralizedAgentFramework/tdd_experiments/unified_tdd_adder_16bit_1754202643/artifacts/designs/adder_16bit.v"
              ],
              "design_modules": [
                "adder_16bit"
              ],
              "testbench_modules": [
                "tb_adder_16bit"
              ]
            }
          },
          "all_tests_passed": false,
          "iteration": 3
        }
      }
    ],
    "context_file": "tdd_context_tdd_1754202643.json"
  },
  "summary": {
    "iterations_used": 3,
    "completion_reason": "max_iterations_reached",
    "error": "è¾¾åˆ°æœ€å¤§è¿­ä»£æ¬¡æ•°ï¼Œä½†æµ‹è¯•ä»æœªå…¨éƒ¨é€šè¿‡",
    "partial_progress": true
  }
}