[2025-08-02 18:21:52] Agent.enhanced_real_code_review_agent - ERROR - ❌ 编译失败，返回码: 255
[2025-08-02 18:21:52] Agent.enhanced_real_code_review_agent - ERROR - 编译错误: logs/experiment_20250802_182152/artifacts/simulation: No such file or directory
error: Code generator failure: -1

[2025-08-02 18:21:52] Agent.enhanced_real_code_review_agent - ERROR - ❌ 仿真执行失败 (compilation): 编译失败: logs/experiment_20250802_182152/artifacts/simulation: No such file or directory
error: Code generator failure: -1

[2025-08-02 18:21:52] Agent.enhanced_real_code_review_agent - ERROR - ❌ 编译失败，返回码: 2
[2025-08-02 18:21:52] Agent.enhanced_real_code_review_agent - ERROR - 编译错误: /tmp/tmpy20ni9od/broken_module.v:9: error: Unknown module type: missing_module
2 error(s) during elaboration.
*** These modules were missing:
        missing_module referenced 1 times.
***

[2025-08-02 18:21:52] Agent.enhanced_real_code_review_agent - ERROR - ❌ 仿真执行失败 (compilation): 编译失败: /tmp/tmpy20ni9od/broken_module.v:9: error: Unknown module type: missing_module
2 error(s) during elaboration.
*** These modules were missing:
        missing_module referenced 1 times.
***

