[2025-08-03 08:30:31] core.schema_system.enhanced_base_agent - ERROR - ❌ analyze_code_quality 参数修复失败
[2025-08-03 08:30:31] Agent.enhanced_real_code_review_agent - ERROR - ❌ 编译失败，返回码: 11
[2025-08-03 08:30:31] Agent.enhanced_real_code_review_agent - ERROR - 编译错误: file_workspace/testbenches/adder_16bit_tb.v:6: syntax error
file_workspace/testbenches/adder_16bit_tb.v:6: error: Invalid module item.
file_workspace/testbenches/adder_16bit_tb.v:72: syntax error
file_workspace/testbenches/adder_16bit_tb.v:72: error: Incomprehensible for loop.
file_workspace/testbenches/adder_16bit_tb.v:152: syntax error
file_workspace/testbenches/adder_16bit_tb.v:153: error: Empty function argument list requires SystemVerilog.
file_workspace/testbenches/adder_16bit_tb.v:154: error: Empty function argument list requires SystemVerilog.
file_workspace/testbenches/adder_16bit_tb.v:155: error: Empty function argument list requires SystemVerilog.
file_workspace/testbenches/adder_16bit_tb.v:159: syntax error
file_workspace/testbenches/adder_16bit_tb.v:159: error: Malformed statement
file_workspace/testbenches/adder_16bit_tb.v:152: error: Incomprehensible for loop.

[2025-08-03 08:30:31] Agent.enhanced_real_code_review_agent - ERROR - ❌ 仿真执行失败 (compilation): 编译失败: file_workspace/testbenches/adder_16bit_tb.v:6: syntax error
file_workspace/testbenches/adder_16bit_tb.v:6: error: Invalid module item.
file_workspace/testbenches/adder_16bit_tb.v:72: syntax error
file_workspace/testbenches/adder_16bit_tb.v:72: error: Incomprehensible for loop.
file_workspace/testbenches/adder_16bit_tb.v:152: syntax error
file_workspace/testbenches/adder_16bit_tb.v:153: error: Empty function argument list requires SystemVerilog.
file_workspace/testbenches/adder_16bit_tb.v:154: error: Empty function argument list requires SystemVerilog.
file_workspace/testbenches/adder_16bit_tb.v:155: error: Empty function argument list requires SystemVerilog.
file_workspace/testbenches/adder_16bit_tb.v:159: syntax error
file_workspace/testbenches/adder_16bit_tb.v:159: error: Malformed statement
file_workspace/testbenches/adder_16bit_tb.v:152: error: Incomprehensible for loop.

[2025-08-03 08:30:40] Agent.enhanced_real_code_review_agent - ERROR - ❌ 编译失败，返回码: 11
[2025-08-03 08:30:40] Agent.enhanced_real_code_review_agent - ERROR - 编译错误: file_workspace/testbenches/adder_16bit_tb.v:6: syntax error
file_workspace/testbenches/adder_16bit_tb.v:6: error: Invalid module item.
file_workspace/testbenches/adder_16bit_tb.v:72: syntax error
file_workspace/testbenches/adder_16bit_tb.v:72: error: Incomprehensible for loop.
file_workspace/testbenches/adder_16bit_tb.v:152: syntax error
file_workspace/testbenches/adder_16bit_tb.v:153: error: Empty function argument list requires SystemVerilog.
file_workspace/testbenches/adder_16bit_tb.v:154: error: Empty function argument list requires SystemVerilog.
file_workspace/testbenches/adder_16bit_tb.v:155: error: Empty function argument list requires SystemVerilog.
file_workspace/testbenches/adder_16bit_tb.v:159: syntax error
file_workspace/testbenches/adder_16bit_tb.v:159: error: Malformed statement
file_workspace/testbenches/adder_16bit_tb.v:152: error: Incomprehensible for loop.

[2025-08-03 08:30:40] Agent.enhanced_real_code_review_agent - ERROR - ❌ 仿真执行失败 (compilation): 编译失败: file_workspace/testbenches/adder_16bit_tb.v:6: syntax error
file_workspace/testbenches/adder_16bit_tb.v:6: error: Invalid module item.
file_workspace/testbenches/adder_16bit_tb.v:72: syntax error
file_workspace/testbenches/adder_16bit_tb.v:72: error: Incomprehensible for loop.
file_workspace/testbenches/adder_16bit_tb.v:152: syntax error
file_workspace/testbenches/adder_16bit_tb.v:153: error: Empty function argument list requires SystemVerilog.
file_workspace/testbenches/adder_16bit_tb.v:154: error: Empty function argument list requires SystemVerilog.
file_workspace/testbenches/adder_16bit_tb.v:155: error: Empty function argument list requires SystemVerilog.
file_workspace/testbenches/adder_16bit_tb.v:159: syntax error
file_workspace/testbenches/adder_16bit_tb.v:159: error: Malformed statement
file_workspace/testbenches/adder_16bit_tb.v:152: error: Incomprehensible for loop.

