[2025-08-03 08:29:39] Agent.enhanced_real_verilog_agent - INFO - ğŸ› ï¸ ä¼ ç»Ÿå·¥å…·è°ƒç”¨å·²å¯ç”¨: æƒé™=4
[2025-08-03 08:29:39] Agent.enhanced_real_verilog_agent - INFO - ğŸ”§ æ³¨å†ŒFunction Callingå·¥å…·: write_file
[2025-08-03 08:29:39] Agent.enhanced_real_verilog_agent - INFO - ğŸ”§ æ³¨å†ŒFunction Callingå·¥å…·: read_file
[2025-08-03 08:29:39] Agent.enhanced_real_verilog_agent - INFO - âœ… EnhancedRealVerilogAgent (Function Callingæ”¯æŒ) åˆå§‹åŒ–å®Œæˆ
[2025-08-03 08:29:39] Agent.enhanced_real_verilog_agent - DEBUG - ğŸ“ System prompt é•¿åº¦: 3652 å­—ç¬¦
[2025-08-03 08:29:39] Agent.enhanced_real_verilog_agent - INFO - ğŸ”§ æ³¨å†ŒFunction Callingå·¥å…·: analyze_design_requirements
[2025-08-03 08:29:39] Agent.enhanced_real_verilog_agent - INFO - ğŸ”§ æ³¨å†ŒFunction Callingå·¥å…·: generate_verilog_code
[2025-08-03 08:29:39] Agent.enhanced_real_verilog_agent - INFO - ğŸ”§ æ³¨å†ŒFunction Callingå·¥å…·: search_existing_modules
[2025-08-03 08:29:39] Agent.enhanced_real_verilog_agent - INFO - ğŸ”§ æ³¨å†ŒFunction Callingå·¥å…·: analyze_code_quality
[2025-08-03 08:29:39] Agent.enhanced_real_verilog_agent - INFO - ğŸ”§ æ³¨å†ŒFunction Callingå·¥å…·: generate_testbench
[2025-08-03 08:29:39] Agent.enhanced_real_verilog_agent - INFO - ğŸ”§ å¢å¼ºVerilogè®¾è®¡æ™ºèƒ½ä½“(Schemaæ”¯æŒ)åˆå§‹åŒ–å®Œæˆ
[2025-08-03 08:29:39] EnhancedRealVerilogAgent - INFO - EnhancedRealVerilogAgentåˆå§‹åŒ–å®Œæˆ
[2025-08-03 08:29:39] Agent.enhanced_real_code_review_agent - INFO - ğŸ› ï¸ ä¼ ç»Ÿå·¥å…·è°ƒç”¨å·²å¯ç”¨: æƒé™=2
[2025-08-03 08:29:39] Agent.enhanced_real_code_review_agent - INFO - ğŸ”§ æ³¨å†ŒFunction Callingå·¥å…·: write_file
[2025-08-03 08:29:39] Agent.enhanced_real_code_review_agent - INFO - ğŸ”§ æ³¨å†ŒFunction Callingå·¥å…·: read_file
[2025-08-03 08:29:39] Agent.enhanced_real_code_review_agent - INFO - âœ… EnhancedRealCodeReviewAgent (Function Callingæ”¯æŒ) åˆå§‹åŒ–å®Œæˆ
[2025-08-03 08:29:39] Agent.enhanced_real_code_review_agent - DEBUG - ğŸ“ System prompt é•¿åº¦: 3921 å­—ç¬¦
[2025-08-03 08:29:39] Agent.enhanced_real_code_review_agent - INFO - ğŸ”§ æ³¨å†ŒFunction Callingå·¥å…·: generate_testbench
[2025-08-03 08:29:39] Agent.enhanced_real_code_review_agent - INFO - ğŸ”§ æ³¨å†ŒFunction Callingå·¥å…·: run_simulation
[2025-08-03 08:29:39] Agent.enhanced_real_code_review_agent - INFO - ğŸ”§ æ³¨å†ŒFunction Callingå·¥å…·: analyze_code_quality
[2025-08-03 08:29:39] Agent.enhanced_real_code_review_agent - INFO - ğŸ”§ æ³¨å†ŒFunction Callingå·¥å…·: generate_build_script
[2025-08-03 08:29:39] Agent.enhanced_real_code_review_agent - INFO - ğŸ”§ æ³¨å†ŒFunction Callingå·¥å…·: execute_build_script
[2025-08-03 08:29:39] Agent.enhanced_real_code_review_agent - INFO - ğŸ”§ æ³¨å†ŒFunction Callingå·¥å…·: analyze_coverage
[2025-08-03 08:29:39] Agent.enhanced_real_code_review_agent - INFO - ğŸ”§ æ³¨å†ŒFunction Callingå·¥å…·: analyze_test_failures
[2025-08-03 08:29:39] Agent.enhanced_real_code_review_agent - INFO - ğŸ” å¢å¼ºä»£ç å®¡æŸ¥æ™ºèƒ½ä½“(Schemaæ”¯æŒ)åˆå§‹åŒ–å®Œæˆ
[2025-08-03 08:29:39] EnhancedRealCodeReviewAgent - INFO - EnhancedRealCodeReviewAgentåˆå§‹åŒ–å®Œæˆ
[2025-08-03 08:29:39] Agent.enhanced_real_code_review_agent - INFO - ğŸ“¨ æ”¶åˆ°ä»»åŠ¡æ¶ˆæ¯: task_execution
[2025-08-03 08:29:39] Agent.enhanced_real_code_review_agent - INFO - ğŸ¯ å¼€å§‹æ‰§è¡Œå¢å¼ºä»£ç å®¡æŸ¥ä»»åŠ¡: conv_1754180979
[2025-08-03 08:29:55] Agent.enhanced_real_code_review_agent - INFO - ğŸ§ª ç”Ÿæˆæµ‹è¯•å°: adder_16bit
[2025-08-03 08:30:31] Agent.enhanced_real_code_review_agent - INFO - ğŸ“ å†™å…¥æ–‡ä»¶: adder_16bit_tb.v
[2025-08-03 08:30:31] Agent.enhanced_real_code_review_agent - INFO - ğŸ” filename: adder_16bit_tb.v
[2025-08-03 08:30:31] Agent.enhanced_real_code_review_agent - INFO - ğŸ” file type: verilog
[2025-08-03 08:30:31] Agent.enhanced_real_code_review_agent - INFO - ğŸ§¹ ä½¿ç”¨æ™ºèƒ½ä»£ç æå–å¤„ç†Verilogæ–‡ä»¶
[2025-08-03 08:30:31] Agent.enhanced_real_code_review_agent - INFO - ğŸ” å¼€å§‹æå–Verilogä»£ç ï¼ŒåŸå§‹å†…å®¹é•¿åº¦: 6666
[2025-08-03 08:30:31] Agent.enhanced_real_code_review_agent - INFO - âœ… æ‰¾åˆ° 1 ä¸ªVerilogä»£ç å—
[2025-08-03 08:30:31] Agent.enhanced_real_code_review_agent - INFO - âœ… ä»£ç å— 1 éªŒè¯é€šè¿‡ï¼Œé•¿åº¦: 5531
[2025-08-03 08:30:31] Agent.enhanced_real_code_review_agent - INFO - âœ… æˆåŠŸæå–Verilogä»£ç ï¼Œé•¿åº¦: 5531
[2025-08-03 08:30:31] Agent.enhanced_real_code_review_agent - INFO - ğŸ§¹ Verilogä»£ç æå–æˆåŠŸï¼š6666 -> 5531 å­—ç¬¦
[2025-08-03 08:30:31] Agent.enhanced_real_code_review_agent - INFO - ğŸ§¹ å†…å®¹å·²æ¸…ç†ï¼š6666 -> 5531 å­—ç¬¦
[2025-08-03 08:30:31] Agent.enhanced_real_code_review_agent - INFO - âœ… æ–‡ä»¶å·²é€šè¿‡ä¸­å¤®ç®¡ç†å™¨ä¿å­˜: adder_16bit_tb.v (file path: /home/haiyan/Research/CentralizedAgentFramework/file_workspace/testbenches/adder_16bit_tb.v) (ID: ca8ac957)
[2025-08-03 08:30:31] Agent.enhanced_real_code_review_agent - INFO - ğŸ”¬ è¿è¡Œä»¿çœŸ: iverilog
[2025-08-03 08:30:31] Agent.enhanced_real_code_review_agent - INFO - ğŸ“ æ‰¾åˆ°æ¨¡å—æ–‡ä»¶: file_workspace/designs/adder_16bit.v
[2025-08-03 08:30:31] Agent.enhanced_real_code_review_agent - INFO - ğŸ“ æ‰¾åˆ°æµ‹è¯•å°æ–‡ä»¶: file_workspace/testbenches/adder_16bit_tb.v
[2025-08-03 08:30:31] Agent.enhanced_real_code_review_agent - INFO - ğŸ”¨ å¼€å§‹ç¼–è¯‘ 2 ä¸ªæ–‡ä»¶
[2025-08-03 08:30:31] Agent.enhanced_real_code_review_agent - INFO - ğŸ”¨ ç¼–è¯‘å‘½ä»¤: iverilog -o logs/experiment_20250803_082939/artifacts/simulation file_workspace/designs/adder_16bit.v file_workspace/testbenches/adder_16bit_tb.v
[2025-08-03 08:30:31] Agent.enhanced_real_code_review_agent - INFO - ğŸ”¨ ç¼–è¯‘å·¥ä½œç›®å½•: /home/haiyan/Research/CentralizedAgentFramework
[2025-08-03 08:30:31] Agent.enhanced_real_code_review_agent - ERROR - âŒ ç¼–è¯‘å¤±è´¥ï¼Œè¿”å›ç : 11
[2025-08-03 08:30:31] Agent.enhanced_real_code_review_agent - ERROR - ç¼–è¯‘é”™è¯¯: file_workspace/testbenches/adder_16bit_tb.v:6: syntax error
file_workspace/testbenches/adder_16bit_tb.v:6: error: Invalid module item.
file_workspace/testbenches/adder_16bit_tb.v:72: syntax error
file_workspace/testbenches/adder_16bit_tb.v:72: error: Incomprehensible for loop.
file_workspace/testbenches/adder_16bit_tb.v:152: syntax error
file_workspace/testbenches/adder_16bit_tb.v:153: error: Empty function argument list requires SystemVerilog.
file_workspace/testbenches/adder_16bit_tb.v:154: error: Empty function argument list requires SystemVerilog.
file_workspace/testbenches/adder_16bit_tb.v:155: error: Empty function argument list requires SystemVerilog.
file_workspace/testbenches/adder_16bit_tb.v:159: syntax error
file_workspace/testbenches/adder_16bit_tb.v:159: error: Malformed statement
file_workspace/testbenches/adder_16bit_tb.v:152: error: Incomprehensible for loop.

[2025-08-03 08:30:31] Agent.enhanced_real_code_review_agent - INFO - ğŸ” ä»¿çœŸç»“æœ: {'success': False, 'error': 'ç¼–è¯‘å¤±è´¥: file_workspace/testbenches/adder_16bit_tb.v:6: syntax error\nfile_workspace/testbenches/adder_16bit_tb.v:6: error: Invalid module item.\nfile_workspace/testbenches/adder_16bit_tb.v:72: syntax error\nfile_workspace/testbenches/adder_16bit_tb.v:72: error: Incomprehensible for loop.\nfile_workspace/testbenches/adder_16bit_tb.v:152: syntax error\nfile_workspace/testbenches/adder_16bit_tb.v:153: error: Empty function argument list requires SystemVerilog.\nfile_workspace/testbenches/adder_16bit_tb.v:154: error: Empty function argument list requires SystemVerilog.\nfile_workspace/testbenches/adder_16bit_tb.v:155: error: Empty function argument list requires SystemVerilog.\nfile_workspace/testbenches/adder_16bit_tb.v:159: syntax error\nfile_workspace/testbenches/adder_16bit_tb.v:159: error: Malformed statement\nfile_workspace/testbenches/adder_16bit_tb.v:152: error: Incomprehensible for loop.\n', 'stage': 'compilation', 'compilation_output': 'file_workspace/testbenches/adder_16bit_tb.v:6: syntax error\nfile_workspace/testbenches/adder_16bit_tb.v:6: error: Invalid module item.\nfile_workspace/testbenches/adder_16bit_tb.v:72: syntax error\nfile_workspace/testbenches/adder_16bit_tb.v:72: error: Incomprehensible for loop.\nfile_workspace/testbenches/adder_16bit_tb.v:152: syntax error\nfile_workspace/testbenches/adder_16bit_tb.v:153: error: Empty function argument list requires SystemVerilog.\nfile_workspace/testbenches/adder_16bit_tb.v:154: error: Empty function argument list requires SystemVerilog.\nfile_workspace/testbenches/adder_16bit_tb.v:155: error: Empty function argument list requires SystemVerilog.\nfile_workspace/testbenches/adder_16bit_tb.v:159: syntax error\nfile_workspace/testbenches/adder_16bit_tb.v:159: error: Malformed statement\nfile_workspace/testbenches/adder_16bit_tb.v:152: error: Incomprehensible for loop.\n', 'command': 'iverilog -o logs/experiment_20250803_082939/artifacts/simulation file_workspace/designs/adder_16bit.v file_workspace/testbenches/adder_16bit_tb.v'}
[2025-08-03 08:30:31] Agent.enhanced_real_code_review_agent - ERROR - âŒ ä»¿çœŸæ‰§è¡Œå¤±è´¥ (compilation): ç¼–è¯‘å¤±è´¥: file_workspace/testbenches/adder_16bit_tb.v:6: syntax error
file_workspace/testbenches/adder_16bit_tb.v:6: error: Invalid module item.
file_workspace/testbenches/adder_16bit_tb.v:72: syntax error
file_workspace/testbenches/adder_16bit_tb.v:72: error: Incomprehensible for loop.
file_workspace/testbenches/adder_16bit_tb.v:152: syntax error
file_workspace/testbenches/adder_16bit_tb.v:153: error: Empty function argument list requires SystemVerilog.
file_workspace/testbenches/adder_16bit_tb.v:154: error: Empty function argument list requires SystemVerilog.
file_workspace/testbenches/adder_16bit_tb.v:155: error: Empty function argument list requires SystemVerilog.
file_workspace/testbenches/adder_16bit_tb.v:159: syntax error
file_workspace/testbenches/adder_16bit_tb.v:159: error: Malformed statement
file_workspace/testbenches/adder_16bit_tb.v:152: error: Incomprehensible for loop.

[2025-08-03 08:30:40] Agent.enhanced_real_code_review_agent - INFO - ğŸ” åˆ†æä»£ç è´¨é‡: ieee1800 æ ‡å‡†
[2025-08-03 08:30:40] Agent.enhanced_real_code_review_agent - INFO - ğŸ”¬ è¿è¡Œä»¿çœŸ: iverilog
[2025-08-03 08:30:40] Agent.enhanced_real_code_review_agent - INFO - ğŸ“ æ‰¾åˆ°æ¨¡å—æ–‡ä»¶: file_workspace/designs/adder_16bit.v
[2025-08-03 08:30:40] Agent.enhanced_real_code_review_agent - INFO - ğŸ“ æ‰¾åˆ°æµ‹è¯•å°æ–‡ä»¶: file_workspace/testbenches/adder_16bit_tb.v
[2025-08-03 08:30:40] Agent.enhanced_real_code_review_agent - INFO - ğŸ”¨ å¼€å§‹ç¼–è¯‘ 2 ä¸ªæ–‡ä»¶
[2025-08-03 08:30:40] Agent.enhanced_real_code_review_agent - INFO - ğŸ”¨ ç¼–è¯‘å‘½ä»¤: iverilog -o logs/experiment_20250803_082939/artifacts/simulation file_workspace/designs/adder_16bit.v file_workspace/testbenches/adder_16bit_tb.v
[2025-08-03 08:30:40] Agent.enhanced_real_code_review_agent - INFO - ğŸ”¨ ç¼–è¯‘å·¥ä½œç›®å½•: /home/haiyan/Research/CentralizedAgentFramework
[2025-08-03 08:30:40] Agent.enhanced_real_code_review_agent - ERROR - âŒ ç¼–è¯‘å¤±è´¥ï¼Œè¿”å›ç : 11
[2025-08-03 08:30:40] Agent.enhanced_real_code_review_agent - ERROR - ç¼–è¯‘é”™è¯¯: file_workspace/testbenches/adder_16bit_tb.v:6: syntax error
file_workspace/testbenches/adder_16bit_tb.v:6: error: Invalid module item.
file_workspace/testbenches/adder_16bit_tb.v:72: syntax error
file_workspace/testbenches/adder_16bit_tb.v:72: error: Incomprehensible for loop.
file_workspace/testbenches/adder_16bit_tb.v:152: syntax error
file_workspace/testbenches/adder_16bit_tb.v:153: error: Empty function argument list requires SystemVerilog.
file_workspace/testbenches/adder_16bit_tb.v:154: error: Empty function argument list requires SystemVerilog.
file_workspace/testbenches/adder_16bit_tb.v:155: error: Empty function argument list requires SystemVerilog.
file_workspace/testbenches/adder_16bit_tb.v:159: syntax error
file_workspace/testbenches/adder_16bit_tb.v:159: error: Malformed statement
file_workspace/testbenches/adder_16bit_tb.v:152: error: Incomprehensible for loop.

[2025-08-03 08:30:40] Agent.enhanced_real_code_review_agent - INFO - ğŸ” ä»¿çœŸç»“æœ: {'success': False, 'error': 'ç¼–è¯‘å¤±è´¥: file_workspace/testbenches/adder_16bit_tb.v:6: syntax error\nfile_workspace/testbenches/adder_16bit_tb.v:6: error: Invalid module item.\nfile_workspace/testbenches/adder_16bit_tb.v:72: syntax error\nfile_workspace/testbenches/adder_16bit_tb.v:72: error: Incomprehensible for loop.\nfile_workspace/testbenches/adder_16bit_tb.v:152: syntax error\nfile_workspace/testbenches/adder_16bit_tb.v:153: error: Empty function argument list requires SystemVerilog.\nfile_workspace/testbenches/adder_16bit_tb.v:154: error: Empty function argument list requires SystemVerilog.\nfile_workspace/testbenches/adder_16bit_tb.v:155: error: Empty function argument list requires SystemVerilog.\nfile_workspace/testbenches/adder_16bit_tb.v:159: syntax error\nfile_workspace/testbenches/adder_16bit_tb.v:159: error: Malformed statement\nfile_workspace/testbenches/adder_16bit_tb.v:152: error: Incomprehensible for loop.\n', 'stage': 'compilation', 'compilation_output': 'file_workspace/testbenches/adder_16bit_tb.v:6: syntax error\nfile_workspace/testbenches/adder_16bit_tb.v:6: error: Invalid module item.\nfile_workspace/testbenches/adder_16bit_tb.v:72: syntax error\nfile_workspace/testbenches/adder_16bit_tb.v:72: error: Incomprehensible for loop.\nfile_workspace/testbenches/adder_16bit_tb.v:152: syntax error\nfile_workspace/testbenches/adder_16bit_tb.v:153: error: Empty function argument list requires SystemVerilog.\nfile_workspace/testbenches/adder_16bit_tb.v:154: error: Empty function argument list requires SystemVerilog.\nfile_workspace/testbenches/adder_16bit_tb.v:155: error: Empty function argument list requires SystemVerilog.\nfile_workspace/testbenches/adder_16bit_tb.v:159: syntax error\nfile_workspace/testbenches/adder_16bit_tb.v:159: error: Malformed statement\nfile_workspace/testbenches/adder_16bit_tb.v:152: error: Incomprehensible for loop.\n', 'command': 'iverilog -o logs/experiment_20250803_082939/artifacts/simulation file_workspace/designs/adder_16bit.v file_workspace/testbenches/adder_16bit_tb.v'}
[2025-08-03 08:30:40] Agent.enhanced_real_code_review_agent - ERROR - âŒ ä»¿çœŸæ‰§è¡Œå¤±è´¥ (compilation): ç¼–è¯‘å¤±è´¥: file_workspace/testbenches/adder_16bit_tb.v:6: syntax error
file_workspace/testbenches/adder_16bit_tb.v:6: error: Invalid module item.
file_workspace/testbenches/adder_16bit_tb.v:72: syntax error
file_workspace/testbenches/adder_16bit_tb.v:72: error: Incomprehensible for loop.
file_workspace/testbenches/adder_16bit_tb.v:152: syntax error
file_workspace/testbenches/adder_16bit_tb.v:153: error: Empty function argument list requires SystemVerilog.
file_workspace/testbenches/adder_16bit_tb.v:154: error: Empty function argument list requires SystemVerilog.
file_workspace/testbenches/adder_16bit_tb.v:155: error: Empty function argument list requires SystemVerilog.
file_workspace/testbenches/adder_16bit_tb.v:159: syntax error
file_workspace/testbenches/adder_16bit_tb.v:159: error: Malformed statement
file_workspace/testbenches/adder_16bit_tb.v:152: error: Incomprehensible for loop.

[2025-08-03 08:30:40] Agent.enhanced_real_code_review_agent - INFO - âœ… ä»£ç å®¡æŸ¥ä»»åŠ¡å®Œæˆ: conv_1754180979
