[2025-08-03 08:40:46] core.schema_system.enhanced_base_agent - ERROR - ❌ run_simulation 执行失败 (0.00s): 测试台文件不存在: testbench_adder_16bit.v，已搜索路径: ['testbench_adder_16bit.v', 'file_workspace/testbenches/testbench_adder_16bit.v', 'file_workspace/testbench_adder_16bit.v', '/home/haiyan/Research/CentralizedAgentFramework/file_workspace/testbenches/testbench_adder_16bit.v', '/home/haiyan/Research/CentralizedAgentFramework/file_workspace/testbench_adder_16bit.v']
[2025-08-03 08:40:46] core.schema_system.enhanced_base_agent - ERROR - ❌ run_simulation 执行失败，标记为永久失败
[2025-08-03 08:40:46] core.schema_system.enhanced_base_agent - ERROR - ❌ 关键工具永久失败: run_simulation，停止后续工具执行
[2025-08-03 08:41:48] core.schema_system.enhanced_base_agent - ERROR - ❌ run_simulation 执行失败 (0.06s): None
[2025-08-03 08:41:48] core.schema_system.enhanced_base_agent - ERROR - ❌ run_simulation 执行失败，标记为永久失败
[2025-08-03 08:41:48] core.schema_system.enhanced_base_agent - ERROR - ❌ 关键工具永久失败: run_simulation，停止后续工具执行
[2025-08-03 08:43:01] core.schema_system.enhanced_base_agent - ERROR - ❌ run_simulation 执行失败 (0.06s): None
[2025-08-03 08:43:01] core.schema_system.enhanced_base_agent - ERROR - ❌ run_simulation 执行失败，标记为永久失败
[2025-08-03 08:43:01] core.schema_system.enhanced_base_agent - ERROR - ❌ 关键工具永久失败: run_simulation，停止后续工具执行
[2025-08-03 08:44:03] core.schema_system.enhanced_base_agent - ERROR - ❌ run_simulation 执行失败 (0.06s): None
[2025-08-03 08:44:03] core.schema_system.enhanced_base_agent - ERROR - ❌ run_simulation 执行失败，标记为永久失败
[2025-08-03 08:44:03] core.schema_system.enhanced_base_agent - ERROR - ❌ 关键工具永久失败: run_simulation，停止后续工具执行
:03] Agent.enhanced_real_code_review_agent - ERROR - ❌ 编译失败，返回码: 1
[2025-08-03 08:44:03] Agent.enhanced_real_code_review_agent - ERROR - 编译错误: logs/experiment_20250803_083953/artifacts/temp_module.v:23: error: Index carry[16] is out of range.
1 error(s) during elaboration.

[2025-08-03 08:44:03] Agent.enhanced_real_code_review_agent - ERROR - ❌ 仿真执行失败 (compilation): 编译失败: logs/experiment_20250803_083953/artifacts/temp_module.v:23: error: Index carry[16] is out of range.
1 error(s) during elaboration.

