[2025-08-04 15:44:21] core.schema_system.enhanced_base_agent - ERROR - ❌ run_simulation 执行失败 (0.84s): 编译错误:
C:\Users\84672\Documents\Research\V-Agent\tdd_experiments\unified_tdd_alu_1754293418\designs\alu_32bit.v:41: error: result is not a valid l-value in tb_alu_32bit.uut.
C:\Users\84672\Documents\Research\V-Agent\tdd_experiments\unified_tdd_alu_1754293418\designs\alu_32bit.v:5:      : result is declared here as wire.
C:\Users\84672\Documents\Research\V-Agent\tdd_experiments\unified_tdd_alu_1754293418\designs\alu_32bit.v:42: error: result is not a valid l-value in tb_alu_32bit.uut.
C:\Users\84672\Documents\Research\V-Agent\tdd_experiments\unified_tdd_alu_1754293418\designs\alu_32bit.v:5:      : result is declared here as wire.
C:\Users\84672\Documents\Research\V-Agent\tdd_experiments\unified_tdd_alu_1754293418\designs\alu_32bit.v:43: error: result is not a valid l-value in tb_alu_32bit.uut.
C:\Users\84672\Documents\Research\V-Agent\tdd_experiments\unified_tdd_alu_1754293418\designs\alu_32bit.v:5:      : result is declared here as wire.
C:\Users\84672\Documents\Research\V-Agent\tdd_experiments\unified_tdd_alu_1754293418\designs\alu_32bit.v:44: error: result is not a valid l-value in tb_alu_32bit.uut.
C:\Users\84672\Documents\Research\V-Agent\tdd_experiments\unified_tdd_alu_1754293418\designs\alu_32bit.v:5:      : result is declared here as wire.
C:\Users\84672\Documents\Research\V-Agent\tdd_experiments\unified_tdd_alu_1754293418\designs\alu_32bit.v:45: error: result is not a valid l-value in tb_alu_32bit.uut.
C:\Users\84672\Documents\Research\V-Agent\tdd_experiments\unified_tdd_alu_1754293418\designs\alu_32bit.v:5:      : result is declared here as wire.
C:\Users\84672\Documents\Research\V-Agent\tdd_experiments\unified_tdd_alu_1754293418\designs\alu_32bit.v:46: error: result is not a valid l-value in tb_alu_32bit.uut.
C:\Users\84672\Documents\Research\V-Agent\tdd_experiments\unified_tdd_alu_1754293418\designs\alu_32bit.v:5:      : result is declared here as wire.
C:\Users\84672\Documents\Research\V-Agent\tdd_experiments\unified_tdd_alu_1754293418\designs\alu_32bit.v:47: error: result is not a valid l-value in tb_alu_32bit.uut.
C:\Users\84672\Documents\Research\V-Agent\tdd_experiments\unified_tdd_alu_1754293418\designs\alu_32bit.v:5:      : result is declared here as wire.
C:\Users\84672\Documents\Research\V-Agent\tdd_experiments\unified_tdd_alu_1754293418\designs\alu_32bit.v:48: error: result is not a valid l-value in tb_alu_32bit.uut.
C:\Users\84672\Documents\Research\V-Agent\tdd_experiments\unified_tdd_alu_1754293418\designs\alu_32bit.v:5:      : result is declared here as wire.
C:\Users\84672\Documents\Research\V-Agent\tdd_experiments\unified_tdd_alu_1754293418\testbenches\testbench_alu_32bit.v:25: warning: output port result is coerced to inout.
8 error(s) during elaboration.


错误消息: 编译失败: C:\Users\84672\Documents\Research\V-Agent\tdd_experiments\unified_tdd_alu_1754293418\designs\alu_32bit.v:41: error: result is not a valid l-value in tb_alu_32bit.uut.
C:\Users\84672\Documents\Research\V-Agent\tdd_experiments\unified_tdd_alu_1754293418\designs\alu_32bit.v:5:      : result is declared here as wire.
C:\Users\84672\Documents\Research\V-Agent\tdd_experiments\unified_tdd_alu_1754293418\designs\alu_32bit.v:42: error: result is not a valid l-value in tb_alu_32bit.uut.
C:\Users\84672\Documents\Research\V-Agent\tdd_experiments\unified_tdd_alu_1754293418\designs\alu_32bit.v:5:      : result is declared here as wire.
C:\Users\84672\Documents\Research\V-Agent\tdd_experiments\unified_tdd_alu_1754293418\designs\alu_32bit.v:43: error: result is not a valid l-value in tb_alu_32bit.uut.
C:\Users\84672\Documents\Research\V-Agent\tdd_experiments\unified_tdd_alu_1754293418\designs\alu_32bit.v:5:      : result is declared here as wire.
C:\Users\84672\Documents\Research\V-Agent\tdd_experiments\unified_tdd_alu_1754293418\designs\alu_32bit.v:44: error: result is not a valid l-value in tb_alu_32bit.uut.
C:\Users\84672\Documents\Research\V-Agent\tdd_experiments\unified_tdd_alu_1754293418\designs\alu_32bit.v:5:      : result is declared here as wire.
C:\Users\84672\Documents\Research\V-Agent\tdd_experiments\unified_tdd_alu_1754293418\designs\alu_32bit.v:45: error: result is not a valid l-value in tb_alu_32bit.uut.
C:\Users\84672\Documents\Research\V-Agent\tdd_experiments\unified_tdd_alu_1754293418\designs\alu_32bit.v:5:      : result is declared here as wire.
C:\Users\84672\Documents\Research\V-Agent\tdd_experiments\unified_tdd_alu_1754293418\designs\alu_32bit.v:46: error: result is not a valid l-value in tb_alu_32bit.uut.
C:\Users\84672\Documents\Research\V-Agent\tdd_experiments\unified_tdd_alu_1754293418\designs\alu_32bit.v:5:      : result is declared here as wire.
C:\Users\84672\Documents\Research\V-Agent\tdd_experiments\unified_tdd_alu_1754293418\designs\alu_32bit.v:47: error: result is not a valid l-value in tb_alu_32bit.uut.
C:\Users\84672\Documents\Research\V-Agent\tdd_experiments\unified_tdd_alu_1754293418\designs\alu_32bit.v:5:      : result is declared here as wire.
C:\Users\84672\Documents\Research\V-Agent\tdd_experiments\unified_tdd_alu_1754293418\designs\alu_32bit.v:48: error: result is not a valid l-value in tb_alu_32bit.uut.
C:\Users\84672\Documents\Research\V-Agent\tdd_experiments\unified_tdd_alu_1754293418\designs\alu_32bit.v:5:      : result is declared here as wire.
C:\Users\84672\Documents\Research\V-Agent\tdd_experiments\unified_tdd_alu_1754293418\testbenches\testbench_alu_32bit.v:25: warning: output port result is coerced to inout.
8 error(s) during elaboration.

[2025-08-04 15:44:21] core.schema_system.enhanced_base_agent - ERROR - ❌ run_simulation 执行失败，标记为永久失败
[2025-08-04 15:44:21] core.schema_system.enhanced_base_agent - ERROR - ❌ 关键工具永久失败: run_simulation，停止后续工具执行
[2025-08-04 15:44:56] core.schema_system.enhanced_base_agent - ERROR - ❌ run_simulation 执行失败 (0.45s): 编译错误:
C:\Users\84672\Documents\Research\V-Agent\tdd_experiments\unified_tdd_alu_1754293418\designs\alu_32bit.v:41: error: result is not a valid l-value in tb_alu_32bit.uut.
C:\Users\84672\Documents\Research\V-Agent\tdd_experiments\unified_tdd_alu_1754293418\designs\alu_32bit.v:5:      : result is declared here as wire.
C:\Users\84672\Documents\Research\V-Agent\tdd_experiments\unified_tdd_alu_1754293418\designs\alu_32bit.v:42: error: result is not a valid l-value in tb_alu_32bit.uut.
C:\Users\84672\Documents\Research\V-Agent\tdd_experiments\unified_tdd_alu_1754293418\designs\alu_32bit.v:5:      : result is declared here as wire.
C:\Users\84672\Documents\Research\V-Agent\tdd_experiments\unified_tdd_alu_1754293418\designs\alu_32bit.v:43: error: result is not a valid l-value in tb_alu_32bit.uut.
C:\Users\84672\Documents\Research\V-Agent\tdd_experiments\unified_tdd_alu_1754293418\designs\alu_32bit.v:5:      : result is declared here as wire.
C:\Users\84672\Documents\Research\V-Agent\tdd_experiments\unified_tdd_alu_1754293418\designs\alu_32bit.v:44: error: result is not a valid l-value in tb_alu_32bit.uut.
C:\Users\84672\Documents\Research\V-Agent\tdd_experiments\unified_tdd_alu_1754293418\designs\alu_32bit.v:5:      : result is declared here as wire.
C:\Users\84672\Documents\Research\V-Agent\tdd_experiments\unified_tdd_alu_1754293418\designs\alu_32bit.v:45: error: result is not a valid l-value in tb_alu_32bit.uut.
C:\Users\84672\Documents\Research\V-Agent\tdd_experiments\unified_tdd_alu_1754293418\designs\alu_32bit.v:5:      : result is declared here as wire.
C:\Users\84672\Documents\Research\V-Agent\tdd_experiments\unified_tdd_alu_1754293418\designs\alu_32bit.v:46: error: result is not a valid l-value in tb_alu_32bit.uut.
C:\Users\84672\Documents\Research\V-Agent\tdd_experiments\unified_tdd_alu_1754293418\designs\alu_32bit.v:5:      : result is declared here as wire.
C:\Users\84672\Documents\Research\V-Agent\tdd_experiments\unified_tdd_alu_1754293418\designs\alu_32bit.v:47: error: result is not a valid l-value in tb_alu_32bit.uut.
C:\Users\84672\Documents\Research\V-Agent\tdd_experiments\unified_tdd_alu_1754293418\designs\alu_32bit.v:5:      : result is declared here as wire.
C:\Users\84672\Documents\Research\V-Agent\tdd_experiments\unified_tdd_alu_1754293418\designs\alu_32bit.v:48: error: result is not a valid l-value in tb_alu_32bit.uut.
C:\Users\84672\Documents\Research\V-Agent\tdd_experiments\unified_tdd_alu_1754293418\designs\alu_32bit.v:5:      : result is declared here as wire.
C:\Users\84672\Documents\Research\V-Agent\tdd_experiments\unified_tdd_alu_1754293418\testbenches\testbench_alu_32bit.v:25: warning: output port result is coerced to inout.
8 error(s) during elaboration.


错误消息: 编译失败: C:\Users\84672\Documents\Research\V-Agent\tdd_experiments\unified_tdd_alu_1754293418\designs\alu_32bit.v:41: error: result is not a valid l-value in tb_alu_32bit.uut.
C:\Users\84672\Documents\Research\V-Agent\tdd_experiments\unified_tdd_alu_1754293418\designs\alu_32bit.v:5:      : result is declared here as wire.
C:\Users\84672\Documents\Research\V-Agent\tdd_experiments\unified_tdd_alu_1754293418\designs\alu_32bit.v:42: error: result is not a valid l-value in tb_alu_32bit.uut.
C:\Users\84672\Documents\Research\V-Agent\tdd_experiments\unified_tdd_alu_1754293418\designs\alu_32bit.v:5:      : result is declared here as wire.
C:\Users\84672\Documents\Research\V-Agent\tdd_experiments\unified_tdd_alu_1754293418\designs\alu_32bit.v:43: error: result is not a valid l-value in tb_alu_32bit.uut.
C:\Users\84672\Documents\Research\V-Agent\tdd_experiments\unified_tdd_alu_1754293418\designs\alu_32bit.v:5:      : result is declared here as wire.
C:\Users\84672\Documents\Research\V-Agent\tdd_experiments\unified_tdd_alu_1754293418\designs\alu_32bit.v:44: error: result is not a valid l-value in tb_alu_32bit.uut.
C:\Users\84672\Documents\Research\V-Agent\tdd_experiments\unified_tdd_alu_1754293418\designs\alu_32bit.v:5:      : result is declared here as wire.
C:\Users\84672\Documents\Research\V-Agent\tdd_experiments\unified_tdd_alu_1754293418\designs\alu_32bit.v:45: error: result is not a valid l-value in tb_alu_32bit.uut.
C:\Users\84672\Documents\Research\V-Agent\tdd_experiments\unified_tdd_alu_1754293418\designs\alu_32bit.v:5:      : result is declared here as wire.
C:\Users\84672\Documents\Research\V-Agent\tdd_experiments\unified_tdd_alu_1754293418\designs\alu_32bit.v:46: error: result is not a valid l-value in tb_alu_32bit.uut.
C:\Users\84672\Documents\Research\V-Agent\tdd_experiments\unified_tdd_alu_1754293418\designs\alu_32bit.v:5:      : result is declared here as wire.
C:\Users\84672\Documents\Research\V-Agent\tdd_experiments\unified_tdd_alu_1754293418\designs\alu_32bit.v:47: error: result is not a valid l-value in tb_alu_32bit.uut.
C:\Users\84672\Documents\Research\V-Agent\tdd_experiments\unified_tdd_alu_1754293418\designs\alu_32bit.v:5:      : result is declared here as wire.
C:\Users\84672\Documents\Research\V-Agent\tdd_experiments\unified_tdd_alu_1754293418\designs\alu_32bit.v:48: error: result is not a valid l-value in tb_alu_32bit.uut.
C:\Users\84672\Documents\Research\V-Agent\tdd_experiments\unified_tdd_alu_1754293418\designs\alu_32bit.v:5:      : result is declared here as wire.
C:\Users\84672\Documents\Research\V-Agent\tdd_experiments\unified_tdd_alu_1754293418\testbenches\testbench_alu_32bit.v:25: warning: output port result is coerced to inout.
8 error(s) during elaboration.

[2025-08-04 15:44:56] core.schema_system.enhanced_base_agent - ERROR - ❌ run_simulation 执行失败，标记为永久失败
[2025-08-04 15:44:56] core.schema_system.enhanced_base_agent - ERROR - ❌ 关键工具永久失败: run_simulation，停止后续工具执行
