[2025-08-04 15:43:38] Agent.enhanced_real_verilog_agent - INFO - ğŸ› ï¸ ä¼ ç»Ÿå·¥å…·è°ƒç”¨å·²å¯ç”¨: æƒé™=4
[2025-08-04 15:43:38] Agent.enhanced_real_verilog_agent - INFO - ğŸ”§ æ³¨å†ŒFunction Callingå·¥å…·: write_file
[2025-08-04 15:43:38] Agent.enhanced_real_verilog_agent - INFO - ğŸ”§ æ³¨å†ŒFunction Callingå·¥å…·: read_file
[2025-08-04 15:43:38] Agent.enhanced_real_verilog_agent - INFO - âœ… EnhancedRealVerilogAgent (Function Callingæ”¯æŒ) åˆå§‹åŒ–å®Œæˆ
[2025-08-04 15:43:38] Agent.enhanced_real_verilog_agent - DEBUG - ğŸ“ System prompt é•¿åº¦: 4510 å­—ç¬¦
[2025-08-04 15:43:38] Agent.enhanced_real_verilog_agent - INFO - ğŸ”§ æ³¨å†ŒFunction Callingå·¥å…·: analyze_design_requirements
[2025-08-04 15:43:38] Agent.enhanced_real_verilog_agent - INFO - ğŸ”§ æ³¨å†ŒFunction Callingå·¥å…·: generate_verilog_code
[2025-08-04 15:43:38] Agent.enhanced_real_verilog_agent - INFO - ğŸ”§ æ³¨å†ŒFunction Callingå·¥å…·: search_existing_modules
[2025-08-04 15:43:38] Agent.enhanced_real_verilog_agent - INFO - ğŸ”§ æ³¨å†ŒFunction Callingå·¥å…·: generate_testbench
[2025-08-04 15:43:38] Agent.enhanced_real_verilog_agent - INFO - ğŸ”§ å¢å¼ºVerilogè®¾è®¡æ™ºèƒ½ä½“(Schemaæ”¯æŒ)åˆå§‹åŒ–å®Œæˆ
[2025-08-04 15:43:38] EnhancedRealVerilogAgent - INFO - EnhancedRealVerilogAgentåˆå§‹åŒ–å®Œæˆ
[2025-08-04 15:43:38] Agent.enhanced_real_code_review_agent - INFO - ğŸ› ï¸ ä¼ ç»Ÿå·¥å…·è°ƒç”¨å·²å¯ç”¨: æƒé™=2
[2025-08-04 15:43:38] Agent.enhanced_real_code_review_agent - INFO - ğŸ”§ æ³¨å†ŒFunction Callingå·¥å…·: write_file
[2025-08-04 15:43:38] Agent.enhanced_real_code_review_agent - INFO - ğŸ”§ æ³¨å†ŒFunction Callingå·¥å…·: read_file
[2025-08-04 15:43:38] Agent.enhanced_real_code_review_agent - INFO - âœ… EnhancedRealCodeReviewAgent (Function Callingæ”¯æŒ) åˆå§‹åŒ–å®Œæˆ
[2025-08-04 15:43:38] Agent.enhanced_real_code_review_agent - DEBUG - ğŸ“ System prompt é•¿åº¦: 5405 å­—ç¬¦
[2025-08-04 15:43:38] Agent.enhanced_real_code_review_agent - INFO - ğŸ”§ æ³¨å†ŒFunction Callingå·¥å…·: generate_testbench
[2025-08-04 15:43:38] Agent.enhanced_real_code_review_agent - INFO - ğŸ”§ æ³¨å†ŒFunction Callingå·¥å…·: run_simulation
[2025-08-04 15:43:38] Agent.enhanced_real_code_review_agent - INFO - ğŸ”§ æ³¨å†ŒFunction Callingå·¥å…·: generate_build_script
[2025-08-04 15:43:38] Agent.enhanced_real_code_review_agent - INFO - ğŸ”§ æ³¨å†ŒFunction Callingå·¥å…·: execute_build_script
[2025-08-04 15:43:38] Agent.enhanced_real_code_review_agent - INFO - ğŸ”§ æ³¨å†ŒFunction Callingå·¥å…·: analyze_test_failures
[2025-08-04 15:43:38] Agent.enhanced_real_code_review_agent - INFO - ğŸ” å¢å¼ºä»£ç å®¡æŸ¥æ™ºèƒ½ä½“(Schemaæ”¯æŒ)åˆå§‹åŒ–å®Œæˆ
[2025-08-04 15:43:38] EnhancedRealCodeReviewAgent - INFO - EnhancedRealCodeReviewAgentåˆå§‹åŒ–å®Œæˆ
[2025-08-04 15:43:38] Agent.enhanced_real_verilog_agent - INFO - ğŸ“¨ æ”¶åˆ°ä»»åŠ¡æ¶ˆæ¯: task_execution
[2025-08-04 15:43:38] Agent.enhanced_real_verilog_agent - INFO - ğŸ¯ å¼€å§‹æ‰§è¡Œå¢å¼ºVerilogè®¾è®¡ä»»åŠ¡: conv_1754293418
[2025-08-04 15:43:38] Agent.enhanced_real_verilog_agent - INFO - ğŸ”— ä»ä»»åŠ¡æ¶ˆæ¯è·å–åˆ°0è½®å¯¹è¯å†å²
[2025-08-04 15:43:38] Agent.enhanced_real_verilog_agent - INFO - ğŸ“ å½“å‰å¯¹è¯æ€»é•¿åº¦: 5665 å­—ç¬¦, 2 è½®
[2025-08-04 15:43:40] Agent.enhanced_real_verilog_agent - INFO - ğŸ”§ ç”ŸæˆVerilogä»£ç : alu_32bit
[2025-08-04 15:43:40] Agent.enhanced_real_verilog_agent - INFO - ğŸ” æ£€æµ‹åˆ°è®¾è®¡ç±»å‹: ç»„åˆé€»è¾‘
[2025-08-04 15:43:45] Agent.enhanced_real_verilog_agent - INFO - ğŸ“ å†™å…¥æ–‡ä»¶: alu_32bit.v
[2025-08-04 15:43:45] Agent.enhanced_real_verilog_agent - INFO - ğŸ” å®éªŒç®¡ç†å™¨æ£€æŸ¥:
[2025-08-04 15:43:45] Agent.enhanced_real_verilog_agent - INFO -    - å®éªŒç®¡ç†å™¨å­˜åœ¨: True
[2025-08-04 15:43:45] Agent.enhanced_real_verilog_agent - INFO -    - å½“å‰å®éªŒè·¯å¾„: C:\Users\84672\Documents\Research\V-Agent\tdd_experiments\unified_tdd_alu_1754293418
[2025-08-04 15:43:45] Agent.enhanced_real_verilog_agent - INFO - ğŸ§¹ ä½¿ç”¨æ™ºèƒ½ä»£ç æå–å¤„ç†Verilogæ–‡ä»¶
[2025-08-04 15:43:45] Agent.enhanced_real_verilog_agent - INFO - ğŸ” å¼€å§‹æå–Verilogä»£ç ï¼ŒåŸå§‹å†…å®¹é•¿åº¦: 1213
[2025-08-04 15:43:45] Agent.enhanced_real_verilog_agent - INFO - ğŸ” æœªæ‰¾åˆ°ä»£ç å—ï¼Œå°è¯•æå–moduleå£°æ˜
[2025-08-04 15:43:45] Agent.enhanced_real_verilog_agent - INFO - âœ… æ‰¾åˆ° 1 ä¸ªmoduleå£°æ˜
[2025-08-04 15:43:45] Agent.enhanced_real_verilog_agent - INFO - âœ… module 1 éªŒè¯é€šè¿‡ï¼Œé•¿åº¦: 1213
[2025-08-04 15:43:45] Agent.enhanced_real_verilog_agent - INFO - âœ… æˆåŠŸæå–Verilogä»£ç ï¼Œé•¿åº¦: 1213
[2025-08-04 15:43:45] Agent.enhanced_real_verilog_agent - WARNING - âš ï¸ Verilogä»£ç æå–å¤±è´¥ï¼Œä½¿ç”¨ä¼ ç»Ÿæ¸…ç†æ–¹æ³•
[2025-08-04 15:43:45] Agent.enhanced_real_verilog_agent - INFO - âœ… æ–‡ä»¶å·²ä¿å­˜åˆ°å®éªŒæ–‡ä»¶å¤¹: alu_32bit.v (ID: 383cf9f5)
[2025-08-04 15:43:45] Agent.enhanced_real_verilog_agent - INFO - âœ… ä»»åŠ¡å®Œæˆ: conv_1754293418
[2025-08-04 15:43:45] Agent.enhanced_real_code_review_agent - INFO - ğŸ“¨ æ”¶åˆ°ä»»åŠ¡æ¶ˆæ¯: task_execution
[2025-08-04 15:43:45] Agent.enhanced_real_code_review_agent - INFO - ğŸ¯ å¼€å§‹æ‰§è¡Œå¢å¼ºä»£ç å®¡æŸ¥ä»»åŠ¡: conv_1754293425
[2025-08-04 15:43:45] Agent.enhanced_real_code_review_agent - INFO - ğŸ“ å½“å‰å¯¹è¯æ€»é•¿åº¦: 5696 å­—ç¬¦, 2 è½®
[2025-08-04 15:43:51] Agent.enhanced_real_code_review_agent - INFO - ğŸ§ª ç”Ÿæˆæµ‹è¯•å°: alu_32bit
[2025-08-04 15:44:18] Agent.enhanced_real_code_review_agent - INFO - ğŸ“ å†™å…¥æ–‡ä»¶: alu_32bit.v
[2025-08-04 15:44:18] Agent.enhanced_real_code_review_agent - INFO - ğŸ” å®éªŒç®¡ç†å™¨æ£€æŸ¥:
[2025-08-04 15:44:18] Agent.enhanced_real_code_review_agent - INFO -    - å®éªŒç®¡ç†å™¨å­˜åœ¨: True
[2025-08-04 15:44:18] Agent.enhanced_real_code_review_agent - INFO -    - å½“å‰å®éªŒè·¯å¾„: C:\Users\84672\Documents\Research\V-Agent\tdd_experiments\unified_tdd_alu_1754293418
[2025-08-04 15:44:18] Agent.enhanced_real_code_review_agent - INFO - ğŸ§¹ ä½¿ç”¨æ™ºèƒ½ä»£ç æå–å¤„ç†Verilogæ–‡ä»¶
[2025-08-04 15:44:18] Agent.enhanced_real_code_review_agent - INFO - ğŸ” å¼€å§‹æå–Verilogä»£ç ï¼ŒåŸå§‹å†…å®¹é•¿åº¦: 611
[2025-08-04 15:44:18] Agent.enhanced_real_code_review_agent - INFO - ğŸ” æœªæ‰¾åˆ°ä»£ç å—ï¼Œå°è¯•æå–moduleå£°æ˜
[2025-08-04 15:44:18] Agent.enhanced_real_code_review_agent - INFO - âœ… æ‰¾åˆ° 1 ä¸ªmoduleå£°æ˜
[2025-08-04 15:44:18] Agent.enhanced_real_code_review_agent - INFO - âœ… module 1 éªŒè¯é€šè¿‡ï¼Œé•¿åº¦: 611
[2025-08-04 15:44:18] Agent.enhanced_real_code_review_agent - INFO - âœ… æˆåŠŸæå–Verilogä»£ç ï¼Œé•¿åº¦: 611
[2025-08-04 15:44:18] Agent.enhanced_real_code_review_agent - WARNING - âš ï¸ Verilogä»£ç æå–å¤±è´¥ï¼Œä½¿ç”¨ä¼ ç»Ÿæ¸…ç†æ–¹æ³•
[2025-08-04 15:44:18] Agent.enhanced_real_code_review_agent - INFO - âœ… æ–‡ä»¶å·²ä¿å­˜åˆ°å®éªŒæ–‡ä»¶å¤¹: alu_32bit.v (ID: 383cf9f5)
[2025-08-04 15:44:18] Agent.enhanced_real_code_review_agent - INFO - âœ… è®¾è®¡ä»£ç å·²ä¿å­˜: alu_32bit.v
[2025-08-04 15:44:18] Agent.enhanced_real_code_review_agent - INFO - ğŸ“ å†™å…¥æ–‡ä»¶: testbench_alu_32bit.v
[2025-08-04 15:44:18] Agent.enhanced_real_code_review_agent - INFO - ğŸ” å®éªŒç®¡ç†å™¨æ£€æŸ¥:
[2025-08-04 15:44:18] Agent.enhanced_real_code_review_agent - INFO -    - å®éªŒç®¡ç†å™¨å­˜åœ¨: True
[2025-08-04 15:44:18] Agent.enhanced_real_code_review_agent - INFO -    - å½“å‰å®éªŒè·¯å¾„: C:\Users\84672\Documents\Research\V-Agent\tdd_experiments\unified_tdd_alu_1754293418
[2025-08-04 15:44:18] Agent.enhanced_real_code_review_agent - INFO - ğŸ§¹ ä½¿ç”¨æ™ºèƒ½ä»£ç æå–å¤„ç†Verilogæ–‡ä»¶
[2025-08-04 15:44:18] Agent.enhanced_real_code_review_agent - INFO - ğŸ” å¼€å§‹æå–Verilogä»£ç ï¼ŒåŸå§‹å†…å®¹é•¿åº¦: 11679
[2025-08-04 15:44:18] Agent.enhanced_real_code_review_agent - INFO - âœ… æ‰¾åˆ° 1 ä¸ªVerilogä»£ç å—
[2025-08-04 15:44:18] Agent.enhanced_real_code_review_agent - INFO - âœ… ä»£ç å— 1 éªŒè¯é€šè¿‡ï¼Œé•¿åº¦: 11664
[2025-08-04 15:44:18] Agent.enhanced_real_code_review_agent - INFO - âœ… æˆåŠŸæå–Verilogä»£ç ï¼Œé•¿åº¦: 11664
[2025-08-04 15:44:18] Agent.enhanced_real_code_review_agent - INFO - ğŸ§¹ Verilogä»£ç æå–æˆåŠŸï¼š11679 -> 11664 å­—ç¬¦
[2025-08-04 15:44:18] Agent.enhanced_real_code_review_agent - INFO - ğŸ§¹ å†…å®¹å·²æ¸…ç†ï¼š11679 -> 11664 å­—ç¬¦
[2025-08-04 15:44:18] Agent.enhanced_real_code_review_agent - INFO - âœ… æ–‡ä»¶å·²ä¿å­˜åˆ°å®éªŒæ–‡ä»¶å¤¹: testbench_alu_32bit.v (ID: 76709462)
[2025-08-04 15:44:18] Agent.enhanced_real_code_review_agent - INFO - âœ… ä»£ç å®¡æŸ¥ä»»åŠ¡å®Œæˆ: conv_1754293425
[2025-08-04 15:44:18] Agent.enhanced_real_code_review_agent - INFO - ğŸ“¨ æ”¶åˆ°ä»»åŠ¡æ¶ˆæ¯: task_execution
[2025-08-04 15:44:18] Agent.enhanced_real_code_review_agent - INFO - ğŸ¯ å¼€å§‹æ‰§è¡Œå¢å¼ºä»£ç å®¡æŸ¥ä»»åŠ¡: conv_1754293458
[2025-08-04 15:44:18] Agent.enhanced_real_code_review_agent - INFO - ğŸ“ å½“å‰å¯¹è¯æ€»é•¿åº¦: 6998 å­—ç¬¦, 2 è½®
[2025-08-04 15:44:20] Agent.enhanced_real_code_review_agent - INFO - ğŸ” è¿è¡Œä»¿çœŸ: C:\Users\84672\Documents\Research\V-Agent\tdd_experiments\unified_tdd_alu_1754293418\designs\alu_32bit.v C:\Users\84672\Documents\Research\V-Agent\tdd_experiments\unified_tdd_alu_1754293418\testbenches\testbench_alu_32bit.v None None auto None
[2025-08-04 15:44:20] Agent.enhanced_real_code_review_agent - INFO - ğŸ”¬ è¿è¡Œä»¿çœŸ: auto
[2025-08-04 15:44:20] Agent.enhanced_real_code_review_agent - INFO - ğŸ”¨ å¼€å§‹ç¼–è¯‘ 2 ä¸ªæ–‡ä»¶
[2025-08-04 15:44:20] Agent.enhanced_real_code_review_agent - INFO - ğŸ”¨ ç¼–è¯‘å‘½ä»¤: iverilog -o logs\experiment_20250804_154338\artifacts\simulation C:\Users\84672\Documents\Research\V-Agent\tdd_experiments\unified_tdd_alu_1754293418\designs\alu_32bit.v C:\Users\84672\Documents\Research\V-Agent\tdd_experiments\unified_tdd_alu_1754293418\testbenches\testbench_alu_32bit.v
[2025-08-04 15:44:20] Agent.enhanced_real_code_review_agent - INFO - ğŸ”¨ ç¼–è¯‘å·¥ä½œç›®å½•: C:\Users\84672\Documents\Research\V-Agent
[2025-08-04 15:44:21] Agent.enhanced_real_code_review_agent - ERROR - âŒ ç¼–è¯‘å¤±è´¥ï¼Œè¿”å›ç : 8
[2025-08-04 15:44:21] Agent.enhanced_real_code_review_agent - ERROR - ç¼–è¯‘é”™è¯¯: C:\Users\84672\Documents\Research\V-Agent\tdd_experiments\unified_tdd_alu_1754293418\designs\alu_32bit.v:41: error: result is not a valid l-value in tb_alu_32bit.uut.
C:\Users\84672\Documents\Research\V-Agent\tdd_experiments\unified_tdd_alu_1754293418\designs\alu_32bit.v:5:      : result is declared here as wire.
C:\Users\84672\Documents\Research\V-Agent\tdd_experiments\unified_tdd_alu_1754293418\designs\alu_32bit.v:42: error: result is not a valid l-value in tb_alu_32bit.uut.
C:\Users\84672\Documents\Research\V-Agent\tdd_experiments\unified_tdd_alu_1754293418\designs\alu_32bit.v:5:      : result is declared here as wire.
C:\Users\84672\Documents\Research\V-Agent\tdd_experiments\unified_tdd_alu_1754293418\designs\alu_32bit.v:43: error: result is not a valid l-value in tb_alu_32bit.uut.
C:\Users\84672\Documents\Research\V-Agent\tdd_experiments\unified_tdd_alu_1754293418\designs\alu_32bit.v:5:      : result is declared here as wire.
C:\Users\84672\Documents\Research\V-Agent\tdd_experiments\unified_tdd_alu_1754293418\designs\alu_32bit.v:44: error: result is not a valid l-value in tb_alu_32bit.uut.
C:\Users\84672\Documents\Research\V-Agent\tdd_experiments\unified_tdd_alu_1754293418\designs\alu_32bit.v:5:      : result is declared here as wire.
C:\Users\84672\Documents\Research\V-Agent\tdd_experiments\unified_tdd_alu_1754293418\designs\alu_32bit.v:45: error: result is not a valid l-value in tb_alu_32bit.uut.
C:\Users\84672\Documents\Research\V-Agent\tdd_experiments\unified_tdd_alu_1754293418\designs\alu_32bit.v:5:      : result is declared here as wire.
C:\Users\84672\Documents\Research\V-Agent\tdd_experiments\unified_tdd_alu_1754293418\designs\alu_32bit.v:46: error: result is not a valid l-value in tb_alu_32bit.uut.
C:\Users\84672\Documents\Research\V-Agent\tdd_experiments\unified_tdd_alu_1754293418\designs\alu_32bit.v:5:      : result is declared here as wire.
C:\Users\84672\Documents\Research\V-Agent\tdd_experiments\unified_tdd_alu_1754293418\designs\alu_32bit.v:47: error: result is not a valid l-value in tb_alu_32bit.uut.
C:\Users\84672\Documents\Research\V-Agent\tdd_experiments\unified_tdd_alu_1754293418\designs\alu_32bit.v:5:      : result is declared here as wire.
C:\Users\84672\Documents\Research\V-Agent\tdd_experiments\unified_tdd_alu_1754293418\designs\alu_32bit.v:48: error: result is not a valid l-value in tb_alu_32bit.uut.
C:\Users\84672\Documents\Research\V-Agent\tdd_experiments\unified_tdd_alu_1754293418\designs\alu_32bit.v:5:      : result is declared here as wire.
C:\Users\84672\Documents\Research\V-Agent\tdd_experiments\unified_tdd_alu_1754293418\testbenches\testbench_alu_32bit.v:25: warning: output port result is coerced to inout.
8 error(s) during elaboration.

[2025-08-04 15:44:21] Agent.enhanced_real_code_review_agent - INFO - ğŸ” ä»¿çœŸç»“æœ: {'success': False, 'error': 'ç¼–è¯‘å¤±è´¥: C:\\Users\\84672\\Documents\\Research\\V-Agent\\tdd_experiments\\unified_tdd_alu_1754293418\\designs\\alu_32bit.v:41: error: result is not a valid l-value in tb_alu_32bit.uut.\r\nC:\\Users\\84672\\Documents\\Research\\V-Agent\\tdd_experiments\\unified_tdd_alu_1754293418\\designs\\alu_32bit.v:5:      : result is declared here as wire.\r\nC:\\Users\\84672\\Documents\\Research\\V-Agent\\tdd_experiments\\unified_tdd_alu_1754293418\\designs\\alu_32bit.v:42: error: result is not a valid l-value in tb_alu_32bit.uut.\r\nC:\\Users\\84672\\Documents\\Research\\V-Agent\\tdd_experiments\\unified_tdd_alu_1754293418\\designs\\alu_32bit.v:5:      : result is declared here as wire.\r\nC:\\Users\\84672\\Documents\\Research\\V-Agent\\tdd_experiments\\unified_tdd_alu_1754293418\\designs\\alu_32bit.v:43: error: result is not a valid l-value in tb_alu_32bit.uut.\r\nC:\\Users\\84672\\Documents\\Research\\V-Agent\\tdd_experiments\\unified_tdd_alu_1754293418\\designs\\alu_32bit.v:5:      : result is declared here as wire.\r\nC:\\Users\\84672\\Documents\\Research\\V-Agent\\tdd_experiments\\unified_tdd_alu_1754293418\\designs\\alu_32bit.v:44: error: result is not a valid l-value in tb_alu_32bit.uut.\r\nC:\\Users\\84672\\Documents\\Research\\V-Agent\\tdd_experiments\\unified_tdd_alu_1754293418\\designs\\alu_32bit.v:5:      : result is declared here as wire.\r\nC:\\Users\\84672\\Documents\\Research\\V-Agent\\tdd_experiments\\unified_tdd_alu_1754293418\\designs\\alu_32bit.v:45: error: result is not a valid l-value in tb_alu_32bit.uut.\r\nC:\\Users\\84672\\Documents\\Research\\V-Agent\\tdd_experiments\\unified_tdd_alu_1754293418\\designs\\alu_32bit.v:5:      : result is declared here as wire.\r\nC:\\Users\\84672\\Documents\\Research\\V-Agent\\tdd_experiments\\unified_tdd_alu_1754293418\\designs\\alu_32bit.v:46: error: result is not a valid l-value in tb_alu_32bit.uut.\r\nC:\\Users\\84672\\Documents\\Research\\V-Agent\\tdd_experiments\\unified_tdd_alu_1754293418\\designs\\alu_32bit.v:5:      : result is declared here as wire.\r\nC:\\Users\\84672\\Documents\\Research\\V-Agent\\tdd_experiments\\unified_tdd_alu_1754293418\\designs\\alu_32bit.v:47: error: result is not a valid l-value in tb_alu_32bit.uut.\r\nC:\\Users\\84672\\Documents\\Research\\V-Agent\\tdd_experiments\\unified_tdd_alu_1754293418\\designs\\alu_32bit.v:5:      : result is declared here as wire.\r\nC:\\Users\\84672\\Documents\\Research\\V-Agent\\tdd_experiments\\unified_tdd_alu_1754293418\\designs\\alu_32bit.v:48: error: result is not a valid l-value in tb_alu_32bit.uut.\r\nC:\\Users\\84672\\Documents\\Research\\V-Agent\\tdd_experiments\\unified_tdd_alu_1754293418\\designs\\alu_32bit.v:5:      : result is declared here as wire.\r\nC:\\Users\\84672\\Documents\\Research\\V-Agent\\tdd_experiments\\unified_tdd_alu_1754293418\\testbenches\\testbench_alu_32bit.v:25: warning: output port result is coerced to inout.\r\n8 error(s) during elaboration.\r\n', 'stage': 'compilation', 'compilation_output': 'C:\\Users\\84672\\Documents\\Research\\V-Agent\\tdd_experiments\\unified_tdd_alu_1754293418\\designs\\alu_32bit.v:41: error: result is not a valid l-value in tb_alu_32bit.uut.\r\nC:\\Users\\84672\\Documents\\Research\\V-Agent\\tdd_experiments\\unified_tdd_alu_1754293418\\designs\\alu_32bit.v:5:      : result is declared here as wire.\r\nC:\\Users\\84672\\Documents\\Research\\V-Agent\\tdd_experiments\\unified_tdd_alu_1754293418\\designs\\alu_32bit.v:42: error: result is not a valid l-value in tb_alu_32bit.uut.\r\nC:\\Users\\84672\\Documents\\Research\\V-Agent\\tdd_experiments\\unified_tdd_alu_1754293418\\designs\\alu_32bit.v:5:      : result is declared here as wire.\r\nC:\\Users\\84672\\Documents\\Research\\V-Agent\\tdd_experiments\\unified_tdd_alu_1754293418\\designs\\alu_32bit.v:43: error: result is not a valid l-value in tb_alu_32bit.uut.\r\nC:\\Users\\84672\\Documents\\Research\\V-Agent\\tdd_experiments\\unified_tdd_alu_1754293418\\designs\\alu_32bit.v:5:      : result is declared here as wire.\r\nC:\\Users\\84672\\Documents\\Research\\V-Agent\\tdd_experiments\\unified_tdd_alu_1754293418\\designs\\alu_32bit.v:44: error: result is not a valid l-value in tb_alu_32bit.uut.\r\nC:\\Users\\84672\\Documents\\Research\\V-Agent\\tdd_experiments\\unified_tdd_alu_1754293418\\designs\\alu_32bit.v:5:      : result is declared here as wire.\r\nC:\\Users\\84672\\Documents\\Research\\V-Agent\\tdd_experiments\\unified_tdd_alu_1754293418\\designs\\alu_32bit.v:45: error: result is not a valid l-value in tb_alu_32bit.uut.\r\nC:\\Users\\84672\\Documents\\Research\\V-Agent\\tdd_experiments\\unified_tdd_alu_1754293418\\designs\\alu_32bit.v:5:      : result is declared here as wire.\r\nC:\\Users\\84672\\Documents\\Research\\V-Agent\\tdd_experiments\\unified_tdd_alu_1754293418\\designs\\alu_32bit.v:46: error: result is not a valid l-value in tb_alu_32bit.uut.\r\nC:\\Users\\84672\\Documents\\Research\\V-Agent\\tdd_experiments\\unified_tdd_alu_1754293418\\designs\\alu_32bit.v:5:      : result is declared here as wire.\r\nC:\\Users\\84672\\Documents\\Research\\V-Agent\\tdd_experiments\\unified_tdd_alu_1754293418\\designs\\alu_32bit.v:47: error: result is not a valid l-value in tb_alu_32bit.uut.\r\nC:\\Users\\84672\\Documents\\Research\\V-Agent\\tdd_experiments\\unified_tdd_alu_1754293418\\designs\\alu_32bit.v:5:      : result is declared here as wire.\r\nC:\\Users\\84672\\Documents\\Research\\V-Agent\\tdd_experiments\\unified_tdd_alu_1754293418\\designs\\alu_32bit.v:48: error: result is not a valid l-value in tb_alu_32bit.uut.\r\nC:\\Users\\84672\\Documents\\Research\\V-Agent\\tdd_experiments\\unified_tdd_alu_1754293418\\designs\\alu_32bit.v:5:      : result is declared here as wire.\r\nC:\\Users\\84672\\Documents\\Research\\V-Agent\\tdd_experiments\\unified_tdd_alu_1754293418\\testbenches\\testbench_alu_32bit.v:25: warning: output port result is coerced to inout.\r\n8 error(s) during elaboration.\r\n', 'command': 'iverilog -o logs\\experiment_20250804_154338\\artifacts\\simulation C:\\Users\\84672\\Documents\\Research\\V-Agent\\tdd_experiments\\unified_tdd_alu_1754293418\\designs\\alu_32bit.v C:\\Users\\84672\\Documents\\Research\\V-Agent\\tdd_experiments\\unified_tdd_alu_1754293418\\testbenches\\testbench_alu_32bit.v'}
[2025-08-04 15:44:21] Agent.enhanced_real_code_review_agent - ERROR - âŒ ä»¿çœŸæ‰§è¡Œå¤±è´¥ (compilation): ç¼–è¯‘å¤±è´¥: C:\Users\84672\Documents\Research\V-Agent\tdd_experiments\unified_tdd_alu_1754293418\designs\alu_32bit.v:41: error: result is not a valid l-value in tb_alu_32bit.uut.
C:\Users\84672\Documents\Research\V-Agent\tdd_experiments\unified_tdd_alu_1754293418\designs\alu_32bit.v:5:      : result is declared here as wire.
C:\Users\84672\Documents\Research\V-Agent\tdd_experiments\unified_tdd_alu_1754293418\designs\alu_32bit.v:42: error: result is not a valid l-value in tb_alu_32bit.uut.
C:\Users\84672\Documents\Research\V-Agent\tdd_experiments\unified_tdd_alu_1754293418\designs\alu_32bit.v:5:      : result is declared here as wire.
C:\Users\84672\Documents\Research\V-Agent\tdd_experiments\unified_tdd_alu_1754293418\designs\alu_32bit.v:43: error: result is not a valid l-value in tb_alu_32bit.uut.
C:\Users\84672\Documents\Research\V-Agent\tdd_experiments\unified_tdd_alu_1754293418\designs\alu_32bit.v:5:      : result is declared here as wire.
C:\Users\84672\Documents\Research\V-Agent\tdd_experiments\unified_tdd_alu_1754293418\designs\alu_32bit.v:44: error: result is not a valid l-value in tb_alu_32bit.uut.
C:\Users\84672\Documents\Research\V-Agent\tdd_experiments\unified_tdd_alu_1754293418\designs\alu_32bit.v:5:      : result is declared here as wire.
C:\Users\84672\Documents\Research\V-Agent\tdd_experiments\unified_tdd_alu_1754293418\designs\alu_32bit.v:45: error: result is not a valid l-value in tb_alu_32bit.uut.
C:\Users\84672\Documents\Research\V-Agent\tdd_experiments\unified_tdd_alu_1754293418\designs\alu_32bit.v:5:      : result is declared here as wire.
C:\Users\84672\Documents\Research\V-Agent\tdd_experiments\unified_tdd_alu_1754293418\designs\alu_32bit.v:46: error: result is not a valid l-value in tb_alu_32bit.uut.
C:\Users\84672\Documents\Research\V-Agent\tdd_experiments\unified_tdd_alu_1754293418\designs\alu_32bit.v:5:      : result is declared here as wire.
C:\Users\84672\Documents\Research\V-Agent\tdd_experiments\unified_tdd_alu_1754293418\designs\alu_32bit.v:47: error: result is not a valid l-value in tb_alu_32bit.uut.
C:\Users\84672\Documents\Research\V-Agent\tdd_experiments\unified_tdd_alu_1754293418\designs\alu_32bit.v:5:      : result is declared here as wire.
C:\Users\84672\Documents\Research\V-Agent\tdd_experiments\unified_tdd_alu_1754293418\designs\alu_32bit.v:48: error: result is not a valid l-value in tb_alu_32bit.uut.
C:\Users\84672\Documents\Research\V-Agent\tdd_experiments\unified_tdd_alu_1754293418\designs\alu_32bit.v:5:      : result is declared here as wire.
C:\Users\84672\Documents\Research\V-Agent\tdd_experiments\unified_tdd_alu_1754293418\testbenches\testbench_alu_32bit.v:25: warning: output port result is coerced to inout.
8 error(s) during elaboration.

[2025-08-04 15:44:21] Agent.enhanced_real_code_review_agent - INFO - ğŸ”— æ·»åŠ 2è½®å†å²å¯¹è¯åˆ°å½“å‰å¯¹è¯
[2025-08-04 15:44:21] Agent.enhanced_real_code_review_agent - INFO - ğŸ“ å½“å‰å¯¹è¯æ€»é•¿åº¦: 17454 å­—ç¬¦, 4 è½®
[2025-08-04 15:44:54] Agent.enhanced_real_code_review_agent - INFO - ğŸ” åˆ†æç¬¬1æ¬¡è¿­ä»£çš„æµ‹è¯•å¤±è´¥
[2025-08-04 15:44:54] Agent.enhanced_real_code_review_agent - INFO - âœ… æµ‹è¯•å¤±è´¥åˆ†æå®Œæˆï¼Œå‘ç° 0 ç§å¤±è´¥ç±»å‹
[2025-08-04 15:44:54] Agent.enhanced_real_code_review_agent - INFO - âœ… ä»£ç å®¡æŸ¥ä»»åŠ¡å®Œæˆ: conv_1754293458
[2025-08-04 15:44:54] Agent.enhanced_real_code_review_agent - INFO - ğŸ“¨ æ”¶åˆ°ä»»åŠ¡æ¶ˆæ¯: task_execution
[2025-08-04 15:44:54] Agent.enhanced_real_code_review_agent - INFO - ğŸ¯ å¼€å§‹æ‰§è¡Œå¢å¼ºä»£ç å®¡æŸ¥ä»»åŠ¡: conv_1754293494
[2025-08-04 15:44:54] Agent.enhanced_real_code_review_agent - INFO - ğŸ“ å½“å‰å¯¹è¯æ€»é•¿åº¦: 5646 å­—ç¬¦, 2 è½®
[2025-08-04 15:44:56] Agent.enhanced_real_code_review_agent - INFO - ğŸ” è¿è¡Œä»¿çœŸ: C:\Users\84672\Documents\Research\V-Agent\tdd_experiments\unified_tdd_alu_1754293418\designs\alu_32bit.v C:\Users\84672\Documents\Research\V-Agent\tdd_experiments\unified_tdd_alu_1754293418\testbenches\testbench_alu_32bit.v None None iverilog None
[2025-08-04 15:44:56] Agent.enhanced_real_code_review_agent - INFO - ğŸ”¬ è¿è¡Œä»¿çœŸ: iverilog
[2025-08-04 15:44:56] Agent.enhanced_real_code_review_agent - INFO - ğŸ”¨ å¼€å§‹ç¼–è¯‘ 2 ä¸ªæ–‡ä»¶
[2025-08-04 15:44:56] Agent.enhanced_real_code_review_agent - INFO - ğŸ”¨ ç¼–è¯‘å‘½ä»¤: iverilog -o logs\experiment_20250804_154338\artifacts\simulation C:\Users\84672\Documents\Research\V-Agent\tdd_experiments\unified_tdd_alu_1754293418\designs\alu_32bit.v C:\Users\84672\Documents\Research\V-Agent\tdd_experiments\unified_tdd_alu_1754293418\testbenches\testbench_alu_32bit.v
[2025-08-04 15:44:56] Agent.enhanced_real_code_review_agent - INFO - ğŸ”¨ ç¼–è¯‘å·¥ä½œç›®å½•: C:\Users\84672\Documents\Research\V-Agent
[2025-08-04 15:44:56] Agent.enhanced_real_code_review_agent - ERROR - âŒ ç¼–è¯‘å¤±è´¥ï¼Œè¿”å›ç : 8
[2025-08-04 15:44:56] Agent.enhanced_real_code_review_agent - ERROR - ç¼–è¯‘é”™è¯¯: C:\Users\84672\Documents\Research\V-Agent\tdd_experiments\unified_tdd_alu_1754293418\designs\alu_32bit.v:41: error: result is not a valid l-value in tb_alu_32bit.uut.
C:\Users\84672\Documents\Research\V-Agent\tdd_experiments\unified_tdd_alu_1754293418\designs\alu_32bit.v:5:      : result is declared here as wire.
C:\Users\84672\Documents\Research\V-Agent\tdd_experiments\unified_tdd_alu_1754293418\designs\alu_32bit.v:42: error: result is not a valid l-value in tb_alu_32bit.uut.
C:\Users\84672\Documents\Research\V-Agent\tdd_experiments\unified_tdd_alu_1754293418\designs\alu_32bit.v:5:      : result is declared here as wire.
C:\Users\84672\Documents\Research\V-Agent\tdd_experiments\unified_tdd_alu_1754293418\designs\alu_32bit.v:43: error: result is not a valid l-value in tb_alu_32bit.uut.
C:\Users\84672\Documents\Research\V-Agent\tdd_experiments\unified_tdd_alu_1754293418\designs\alu_32bit.v:5:      : result is declared here as wire.
C:\Users\84672\Documents\Research\V-Agent\tdd_experiments\unified_tdd_alu_1754293418\designs\alu_32bit.v:44: error: result is not a valid l-value in tb_alu_32bit.uut.
C:\Users\84672\Documents\Research\V-Agent\tdd_experiments\unified_tdd_alu_1754293418\designs\alu_32bit.v:5:      : result is declared here as wire.
C:\Users\84672\Documents\Research\V-Agent\tdd_experiments\unified_tdd_alu_1754293418\designs\alu_32bit.v:45: error: result is not a valid l-value in tb_alu_32bit.uut.
C:\Users\84672\Documents\Research\V-Agent\tdd_experiments\unified_tdd_alu_1754293418\designs\alu_32bit.v:5:      : result is declared here as wire.
C:\Users\84672\Documents\Research\V-Agent\tdd_experiments\unified_tdd_alu_1754293418\designs\alu_32bit.v:46: error: result is not a valid l-value in tb_alu_32bit.uut.
C:\Users\84672\Documents\Research\V-Agent\tdd_experiments\unified_tdd_alu_1754293418\designs\alu_32bit.v:5:      : result is declared here as wire.
C:\Users\84672\Documents\Research\V-Agent\tdd_experiments\unified_tdd_alu_1754293418\designs\alu_32bit.v:47: error: result is not a valid l-value in tb_alu_32bit.uut.
C:\Users\84672\Documents\Research\V-Agent\tdd_experiments\unified_tdd_alu_1754293418\designs\alu_32bit.v:5:      : result is declared here as wire.
C:\Users\84672\Documents\Research\V-Agent\tdd_experiments\unified_tdd_alu_1754293418\designs\alu_32bit.v:48: error: result is not a valid l-value in tb_alu_32bit.uut.
C:\Users\84672\Documents\Research\V-Agent\tdd_experiments\unified_tdd_alu_1754293418\designs\alu_32bit.v:5:      : result is declared here as wire.
C:\Users\84672\Documents\Research\V-Agent\tdd_experiments\unified_tdd_alu_1754293418\testbenches\testbench_alu_32bit.v:25: warning: output port result is coerced to inout.
8 error(s) during elaboration.

[2025-08-04 15:44:56] Agent.enhanced_real_code_review_agent - INFO - ğŸ” ä»¿çœŸç»“æœ: {'success': False, 'error': 'ç¼–è¯‘å¤±è´¥: C:\\Users\\84672\\Documents\\Research\\V-Agent\\tdd_experiments\\unified_tdd_alu_1754293418\\designs\\alu_32bit.v:41: error: result is not a valid l-value in tb_alu_32bit.uut.\r\nC:\\Users\\84672\\Documents\\Research\\V-Agent\\tdd_experiments\\unified_tdd_alu_1754293418\\designs\\alu_32bit.v:5:      : result is declared here as wire.\r\nC:\\Users\\84672\\Documents\\Research\\V-Agent\\tdd_experiments\\unified_tdd_alu_1754293418\\designs\\alu_32bit.v:42: error: result is not a valid l-value in tb_alu_32bit.uut.\r\nC:\\Users\\84672\\Documents\\Research\\V-Agent\\tdd_experiments\\unified_tdd_alu_1754293418\\designs\\alu_32bit.v:5:      : result is declared here as wire.\r\nC:\\Users\\84672\\Documents\\Research\\V-Agent\\tdd_experiments\\unified_tdd_alu_1754293418\\designs\\alu_32bit.v:43: error: result is not a valid l-value in tb_alu_32bit.uut.\r\nC:\\Users\\84672\\Documents\\Research\\V-Agent\\tdd_experiments\\unified_tdd_alu_1754293418\\designs\\alu_32bit.v:5:      : result is declared here as wire.\r\nC:\\Users\\84672\\Documents\\Research\\V-Agent\\tdd_experiments\\unified_tdd_alu_1754293418\\designs\\alu_32bit.v:44: error: result is not a valid l-value in tb_alu_32bit.uut.\r\nC:\\Users\\84672\\Documents\\Research\\V-Agent\\tdd_experiments\\unified_tdd_alu_1754293418\\designs\\alu_32bit.v:5:      : result is declared here as wire.\r\nC:\\Users\\84672\\Documents\\Research\\V-Agent\\tdd_experiments\\unified_tdd_alu_1754293418\\designs\\alu_32bit.v:45: error: result is not a valid l-value in tb_alu_32bit.uut.\r\nC:\\Users\\84672\\Documents\\Research\\V-Agent\\tdd_experiments\\unified_tdd_alu_1754293418\\designs\\alu_32bit.v:5:      : result is declared here as wire.\r\nC:\\Users\\84672\\Documents\\Research\\V-Agent\\tdd_experiments\\unified_tdd_alu_1754293418\\designs\\alu_32bit.v:46: error: result is not a valid l-value in tb_alu_32bit.uut.\r\nC:\\Users\\84672\\Documents\\Research\\V-Agent\\tdd_experiments\\unified_tdd_alu_1754293418\\designs\\alu_32bit.v:5:      : result is declared here as wire.\r\nC:\\Users\\84672\\Documents\\Research\\V-Agent\\tdd_experiments\\unified_tdd_alu_1754293418\\designs\\alu_32bit.v:47: error: result is not a valid l-value in tb_alu_32bit.uut.\r\nC:\\Users\\84672\\Documents\\Research\\V-Agent\\tdd_experiments\\unified_tdd_alu_1754293418\\designs\\alu_32bit.v:5:      : result is declared here as wire.\r\nC:\\Users\\84672\\Documents\\Research\\V-Agent\\tdd_experiments\\unified_tdd_alu_1754293418\\designs\\alu_32bit.v:48: error: result is not a valid l-value in tb_alu_32bit.uut.\r\nC:\\Users\\84672\\Documents\\Research\\V-Agent\\tdd_experiments\\unified_tdd_alu_1754293418\\designs\\alu_32bit.v:5:      : result is declared here as wire.\r\nC:\\Users\\84672\\Documents\\Research\\V-Agent\\tdd_experiments\\unified_tdd_alu_1754293418\\testbenches\\testbench_alu_32bit.v:25: warning: output port result is coerced to inout.\r\n8 error(s) during elaboration.\r\n', 'stage': 'compilation', 'compilation_output': 'C:\\Users\\84672\\Documents\\Research\\V-Agent\\tdd_experiments\\unified_tdd_alu_1754293418\\designs\\alu_32bit.v:41: error: result is not a valid l-value in tb_alu_32bit.uut.\r\nC:\\Users\\84672\\Documents\\Research\\V-Agent\\tdd_experiments\\unified_tdd_alu_1754293418\\designs\\alu_32bit.v:5:      : result is declared here as wire.\r\nC:\\Users\\84672\\Documents\\Research\\V-Agent\\tdd_experiments\\unified_tdd_alu_1754293418\\designs\\alu_32bit.v:42: error: result is not a valid l-value in tb_alu_32bit.uut.\r\nC:\\Users\\84672\\Documents\\Research\\V-Agent\\tdd_experiments\\unified_tdd_alu_1754293418\\designs\\alu_32bit.v:5:      : result is declared here as wire.\r\nC:\\Users\\84672\\Documents\\Research\\V-Agent\\tdd_experiments\\unified_tdd_alu_1754293418\\designs\\alu_32bit.v:43: error: result is not a valid l-value in tb_alu_32bit.uut.\r\nC:\\Users\\84672\\Documents\\Research\\V-Agent\\tdd_experiments\\unified_tdd_alu_1754293418\\designs\\alu_32bit.v:5:      : result is declared here as wire.\r\nC:\\Users\\84672\\Documents\\Research\\V-Agent\\tdd_experiments\\unified_tdd_alu_1754293418\\designs\\alu_32bit.v:44: error: result is not a valid l-value in tb_alu_32bit.uut.\r\nC:\\Users\\84672\\Documents\\Research\\V-Agent\\tdd_experiments\\unified_tdd_alu_1754293418\\designs\\alu_32bit.v:5:      : result is declared here as wire.\r\nC:\\Users\\84672\\Documents\\Research\\V-Agent\\tdd_experiments\\unified_tdd_alu_1754293418\\designs\\alu_32bit.v:45: error: result is not a valid l-value in tb_alu_32bit.uut.\r\nC:\\Users\\84672\\Documents\\Research\\V-Agent\\tdd_experiments\\unified_tdd_alu_1754293418\\designs\\alu_32bit.v:5:      : result is declared here as wire.\r\nC:\\Users\\84672\\Documents\\Research\\V-Agent\\tdd_experiments\\unified_tdd_alu_1754293418\\designs\\alu_32bit.v:46: error: result is not a valid l-value in tb_alu_32bit.uut.\r\nC:\\Users\\84672\\Documents\\Research\\V-Agent\\tdd_experiments\\unified_tdd_alu_1754293418\\designs\\alu_32bit.v:5:      : result is declared here as wire.\r\nC:\\Users\\84672\\Documents\\Research\\V-Agent\\tdd_experiments\\unified_tdd_alu_1754293418\\designs\\alu_32bit.v:47: error: result is not a valid l-value in tb_alu_32bit.uut.\r\nC:\\Users\\84672\\Documents\\Research\\V-Agent\\tdd_experiments\\unified_tdd_alu_1754293418\\designs\\alu_32bit.v:5:      : result is declared here as wire.\r\nC:\\Users\\84672\\Documents\\Research\\V-Agent\\tdd_experiments\\unified_tdd_alu_1754293418\\designs\\alu_32bit.v:48: error: result is not a valid l-value in tb_alu_32bit.uut.\r\nC:\\Users\\84672\\Documents\\Research\\V-Agent\\tdd_experiments\\unified_tdd_alu_1754293418\\designs\\alu_32bit.v:5:      : result is declared here as wire.\r\nC:\\Users\\84672\\Documents\\Research\\V-Agent\\tdd_experiments\\unified_tdd_alu_1754293418\\testbenches\\testbench_alu_32bit.v:25: warning: output port result is coerced to inout.\r\n8 error(s) during elaboration.\r\n', 'command': 'iverilog -o logs\\experiment_20250804_154338\\artifacts\\simulation C:\\Users\\84672\\Documents\\Research\\V-Agent\\tdd_experiments\\unified_tdd_alu_1754293418\\designs\\alu_32bit.v C:\\Users\\84672\\Documents\\Research\\V-Agent\\tdd_experiments\\unified_tdd_alu_1754293418\\testbenches\\testbench_alu_32bit.v'}
[2025-08-04 15:44:56] Agent.enhanced_real_code_review_agent - ERROR - âŒ ä»¿çœŸæ‰§è¡Œå¤±è´¥ (compilation): ç¼–è¯‘å¤±è´¥: C:\Users\84672\Documents\Research\V-Agent\tdd_experiments\unified_tdd_alu_1754293418\designs\alu_32bit.v:41: error: result is not a valid l-value in tb_alu_32bit.uut.
C:\Users\84672\Documents\Research\V-Agent\tdd_experiments\unified_tdd_alu_1754293418\designs\alu_32bit.v:5:      : result is declared here as wire.
C:\Users\84672\Documents\Research\V-Agent\tdd_experiments\unified_tdd_alu_1754293418\designs\alu_32bit.v:42: error: result is not a valid l-value in tb_alu_32bit.uut.
C:\Users\84672\Documents\Research\V-Agent\tdd_experiments\unified_tdd_alu_1754293418\designs\alu_32bit.v:5:      : result is declared here as wire.
C:\Users\84672\Documents\Research\V-Agent\tdd_experiments\unified_tdd_alu_1754293418\designs\alu_32bit.v:43: error: result is not a valid l-value in tb_alu_32bit.uut.
C:\Users\84672\Documents\Research\V-Agent\tdd_experiments\unified_tdd_alu_1754293418\designs\alu_32bit.v:5:      : result is declared here as wire.
C:\Users\84672\Documents\Research\V-Agent\tdd_experiments\unified_tdd_alu_1754293418\designs\alu_32bit.v:44: error: result is not a valid l-value in tb_alu_32bit.uut.
C:\Users\84672\Documents\Research\V-Agent\tdd_experiments\unified_tdd_alu_1754293418\designs\alu_32bit.v:5:      : result is declared here as wire.
C:\Users\84672\Documents\Research\V-Agent\tdd_experiments\unified_tdd_alu_1754293418\designs\alu_32bit.v:45: error: result is not a valid l-value in tb_alu_32bit.uut.
C:\Users\84672\Documents\Research\V-Agent\tdd_experiments\unified_tdd_alu_1754293418\designs\alu_32bit.v:5:      : result is declared here as wire.
C:\Users\84672\Documents\Research\V-Agent\tdd_experiments\unified_tdd_alu_1754293418\designs\alu_32bit.v:46: error: result is not a valid l-value in tb_alu_32bit.uut.
C:\Users\84672\Documents\Research\V-Agent\tdd_experiments\unified_tdd_alu_1754293418\designs\alu_32bit.v:5:      : result is declared here as wire.
C:\Users\84672\Documents\Research\V-Agent\tdd_experiments\unified_tdd_alu_1754293418\designs\alu_32bit.v:47: error: result is not a valid l-value in tb_alu_32bit.uut.
C:\Users\84672\Documents\Research\V-Agent\tdd_experiments\unified_tdd_alu_1754293418\designs\alu_32bit.v:5:      : result is declared here as wire.
C:\Users\84672\Documents\Research\V-Agent\tdd_experiments\unified_tdd_alu_1754293418\designs\alu_32bit.v:48: error: result is not a valid l-value in tb_alu_32bit.uut.
C:\Users\84672\Documents\Research\V-Agent\tdd_experiments\unified_tdd_alu_1754293418\designs\alu_32bit.v:5:      : result is declared here as wire.
C:\Users\84672\Documents\Research\V-Agent\tdd_experiments\unified_tdd_alu_1754293418\testbenches\testbench_alu_32bit.v:25: warning: output port result is coerced to inout.
8 error(s) during elaboration.

[2025-08-04 15:44:56] Agent.enhanced_real_code_review_agent - INFO - ğŸ”— æ·»åŠ 2è½®å†å²å¯¹è¯åˆ°å½“å‰å¯¹è¯
[2025-08-04 15:44:56] Agent.enhanced_real_code_review_agent - INFO - ğŸ“ å½“å‰å¯¹è¯æ€»é•¿åº¦: 17417 å­—ç¬¦, 4 è½®
[2025-08-04 15:45:14] Agent.enhanced_real_code_review_agent - INFO - ğŸ” åˆ†æç¬¬1æ¬¡è¿­ä»£çš„æµ‹è¯•å¤±è´¥
[2025-08-04 15:45:14] Agent.enhanced_real_code_review_agent - INFO - âœ… æµ‹è¯•å¤±è´¥åˆ†æå®Œæˆï¼Œå‘ç° 0 ç§å¤±è´¥ç±»å‹
[2025-08-04 15:45:14] Agent.enhanced_real_code_review_agent - INFO - âœ… ä»£ç å®¡æŸ¥ä»»åŠ¡å®Œæˆ: conv_1754293494
[2025-08-04 15:45:14] Agent.enhanced_real_code_review_agent - INFO - ğŸ“¨ æ”¶åˆ°ä»»åŠ¡æ¶ˆæ¯: task_execution
[2025-08-04 15:45:14] Agent.enhanced_real_code_review_agent - INFO - ğŸ¯ å¼€å§‹æ‰§è¡Œå¢å¼ºä»£ç å®¡æŸ¥ä»»åŠ¡: conv_1754293514
[2025-08-04 15:45:14] Agent.enhanced_real_code_review_agent - INFO - ğŸ“ å½“å‰å¯¹è¯æ€»é•¿åº¦: 5469 å­—ç¬¦, 2 è½®
[2025-08-04 15:45:15] Agent.enhanced_real_code_review_agent - INFO - ğŸ” åˆ†æç¬¬1æ¬¡è¿­ä»£çš„æµ‹è¯•å¤±è´¥
[2025-08-04 15:45:15] Agent.enhanced_real_code_review_agent - INFO - âœ… æµ‹è¯•å¤±è´¥åˆ†æå®Œæˆï¼Œå‘ç° 0 ç§å¤±è´¥ç±»å‹
[2025-08-04 15:45:15] Agent.enhanced_real_code_review_agent - INFO - âœ… ä»£ç å®¡æŸ¥ä»»åŠ¡å®Œæˆ: conv_1754293514
[2025-08-04 15:45:15] Agent.enhanced_real_code_review_agent - INFO - ğŸ“¨ æ”¶åˆ°ä»»åŠ¡æ¶ˆæ¯: task_execution
[2025-08-04 15:45:15] Agent.enhanced_real_code_review_agent - INFO - ğŸ¯ å¼€å§‹æ‰§è¡Œå¢å¼ºä»£ç å®¡æŸ¥ä»»åŠ¡: conv_1754293515
[2025-08-04 15:45:15] Agent.enhanced_real_code_review_agent - INFO - ğŸ“ å½“å‰å¯¹è¯æ€»é•¿åº¦: 5470 å­—ç¬¦, 2 è½®
[2025-08-04 15:45:17] Agent.enhanced_real_code_review_agent - INFO - ğŸ” åˆ†æç¬¬1æ¬¡è¿­ä»£çš„æµ‹è¯•å¤±è´¥
[2025-08-04 15:45:17] Agent.enhanced_real_code_review_agent - INFO - âœ… æµ‹è¯•å¤±è´¥åˆ†æå®Œæˆï¼Œå‘ç° 0 ç§å¤±è´¥ç±»å‹
[2025-08-04 15:45:17] Agent.enhanced_real_code_review_agent - INFO - âœ… ä»£ç å®¡æŸ¥ä»»åŠ¡å®Œæˆ: conv_1754293515
