[2025-08-03 09:31:01] Agent.enhanced_real_verilog_agent - INFO - ğŸ› ï¸ ä¼ ç»Ÿå·¥å…·è°ƒç”¨å·²å¯ç”¨: æƒé™=4
[2025-08-03 09:31:01] Agent.enhanced_real_verilog_agent - INFO - ğŸ”§ æ³¨å†ŒFunction Callingå·¥å…·: write_file
[2025-08-03 09:31:01] Agent.enhanced_real_verilog_agent - INFO - ğŸ”§ æ³¨å†ŒFunction Callingå·¥å…·: read_file
[2025-08-03 09:31:01] Agent.enhanced_real_verilog_agent - INFO - âœ… EnhancedRealVerilogAgent (Function Callingæ”¯æŒ) åˆå§‹åŒ–å®Œæˆ
[2025-08-03 09:31:01] Agent.enhanced_real_verilog_agent - DEBUG - ğŸ“ System prompt é•¿åº¦: 3652 å­—ç¬¦
[2025-08-03 09:31:01] Agent.enhanced_real_verilog_agent - INFO - ğŸ”§ æ³¨å†ŒFunction Callingå·¥å…·: analyze_design_requirements
[2025-08-03 09:31:01] Agent.enhanced_real_verilog_agent - INFO - ğŸ”§ æ³¨å†ŒFunction Callingå·¥å…·: generate_verilog_code
[2025-08-03 09:31:01] Agent.enhanced_real_verilog_agent - INFO - ğŸ”§ æ³¨å†ŒFunction Callingå·¥å…·: search_existing_modules
[2025-08-03 09:31:01] Agent.enhanced_real_verilog_agent - INFO - ğŸ”§ æ³¨å†ŒFunction Callingå·¥å…·: analyze_code_quality
[2025-08-03 09:31:01] Agent.enhanced_real_verilog_agent - INFO - ğŸ”§ æ³¨å†ŒFunction Callingå·¥å…·: generate_testbench
[2025-08-03 09:31:01] Agent.enhanced_real_verilog_agent - INFO - ğŸ”§ å¢å¼ºVerilogè®¾è®¡æ™ºèƒ½ä½“(Schemaæ”¯æŒ)åˆå§‹åŒ–å®Œæˆ
[2025-08-03 09:31:01] EnhancedRealVerilogAgent - INFO - EnhancedRealVerilogAgentåˆå§‹åŒ–å®Œæˆ
[2025-08-03 09:31:01] Agent.enhanced_real_code_review_agent - INFO - ğŸ› ï¸ ä¼ ç»Ÿå·¥å…·è°ƒç”¨å·²å¯ç”¨: æƒé™=2
[2025-08-03 09:31:01] Agent.enhanced_real_code_review_agent - INFO - ğŸ”§ æ³¨å†ŒFunction Callingå·¥å…·: write_file
[2025-08-03 09:31:01] Agent.enhanced_real_code_review_agent - INFO - ğŸ”§ æ³¨å†ŒFunction Callingå·¥å…·: read_file
[2025-08-03 09:31:01] Agent.enhanced_real_code_review_agent - INFO - âœ… EnhancedRealCodeReviewAgent (Function Callingæ”¯æŒ) åˆå§‹åŒ–å®Œæˆ
[2025-08-03 09:31:01] Agent.enhanced_real_code_review_agent - DEBUG - ğŸ“ System prompt é•¿åº¦: 5037 å­—ç¬¦
[2025-08-03 09:31:01] Agent.enhanced_real_code_review_agent - INFO - ğŸ”§ æ³¨å†ŒFunction Callingå·¥å…·: generate_testbench
[2025-08-03 09:31:01] Agent.enhanced_real_code_review_agent - INFO - ğŸ”§ æ³¨å†ŒFunction Callingå·¥å…·: run_simulation
[2025-08-03 09:31:01] Agent.enhanced_real_code_review_agent - INFO - ğŸ”§ æ³¨å†ŒFunction Callingå·¥å…·: analyze_code_quality
[2025-08-03 09:31:01] Agent.enhanced_real_code_review_agent - INFO - ğŸ”§ æ³¨å†ŒFunction Callingå·¥å…·: generate_build_script
[2025-08-03 09:31:01] Agent.enhanced_real_code_review_agent - INFO - ğŸ”§ æ³¨å†ŒFunction Callingå·¥å…·: execute_build_script
[2025-08-03 09:31:01] Agent.enhanced_real_code_review_agent - INFO - ğŸ”§ æ³¨å†ŒFunction Callingå·¥å…·: analyze_coverage
[2025-08-03 09:31:01] Agent.enhanced_real_code_review_agent - INFO - ğŸ”§ æ³¨å†ŒFunction Callingå·¥å…·: analyze_test_failures
[2025-08-03 09:31:01] Agent.enhanced_real_code_review_agent - INFO - ğŸ” å¢å¼ºä»£ç å®¡æŸ¥æ™ºèƒ½ä½“(Schemaæ”¯æŒ)åˆå§‹åŒ–å®Œæˆ
[2025-08-03 09:31:01] EnhancedRealCodeReviewAgent - INFO - EnhancedRealCodeReviewAgentåˆå§‹åŒ–å®Œæˆ
[2025-08-03 09:31:01] Agent.enhanced_real_code_review_agent - INFO - ğŸ“¨ æ”¶åˆ°ä»»åŠ¡æ¶ˆæ¯: task_execution
[2025-08-03 09:31:01] Agent.enhanced_real_code_review_agent - INFO - ğŸ¯ å¼€å§‹æ‰§è¡Œå¢å¼ºä»£ç å®¡æŸ¥ä»»åŠ¡: conv_1754184661
[2025-08-03 09:31:19] Agent.enhanced_real_code_review_agent - INFO - ğŸ§ª ç”Ÿæˆæµ‹è¯•å°: adder_16bit
[2025-08-03 09:31:55] Agent.enhanced_real_code_review_agent - INFO - ğŸ“ å†™å…¥æ–‡ä»¶: testbench_adder_16bit.v
[2025-08-03 09:31:55] Agent.enhanced_real_code_review_agent - INFO - ğŸ” filename: testbench_adder_16bit.v
[2025-08-03 09:31:55] Agent.enhanced_real_code_review_agent - INFO - ğŸ” file type: verilog
[2025-08-03 09:31:55] Agent.enhanced_real_code_review_agent - INFO - ğŸ§¹ ä½¿ç”¨æ™ºèƒ½ä»£ç æå–å¤„ç†Verilogæ–‡ä»¶
[2025-08-03 09:31:55] Agent.enhanced_real_code_review_agent - INFO - ğŸ” å¼€å§‹æå–Verilogä»£ç ï¼ŒåŸå§‹å†…å®¹é•¿åº¦: 7132
[2025-08-03 09:31:55] Agent.enhanced_real_code_review_agent - INFO - âœ… æ‰¾åˆ° 1 ä¸ªVerilogä»£ç å—
[2025-08-03 09:31:55] Agent.enhanced_real_code_review_agent - INFO - âœ… ä»£ç å— 1 éªŒè¯é€šè¿‡ï¼Œé•¿åº¦: 6367
[2025-08-03 09:31:55] Agent.enhanced_real_code_review_agent - INFO - âœ… æˆåŠŸæå–Verilogä»£ç ï¼Œé•¿åº¦: 6367
[2025-08-03 09:31:55] Agent.enhanced_real_code_review_agent - INFO - ğŸ§¹ Verilogä»£ç æå–æˆåŠŸï¼š7132 -> 6367 å­—ç¬¦
[2025-08-03 09:31:55] Agent.enhanced_real_code_review_agent - INFO - ğŸ§¹ å†…å®¹å·²æ¸…ç†ï¼š7132 -> 6367 å­—ç¬¦
[2025-08-03 09:31:55] Agent.enhanced_real_code_review_agent - INFO - âœ… æ–‡ä»¶å·²é€šè¿‡ä¸­å¤®ç®¡ç†å™¨ä¿å­˜: testbench_adder_16bit.v (file path: /home/haiyan/Research/CentralizedAgentFramework/file_workspace/testbenches/testbench_adder_16bit.v) (ID: c24a8cc4)
[2025-08-03 09:31:55] Agent.enhanced_real_code_review_agent - INFO - ğŸ” è¿è¡Œä»¿çœŸ: adder_16bit.v testbench_adder_16bit.v None None iverilog {'timescale': '1ns/1ps'}
[2025-08-03 09:31:55] Agent.enhanced_real_code_review_agent - INFO - ğŸ”¬ è¿è¡Œä»¿çœŸ: iverilog
[2025-08-03 09:31:55] Agent.enhanced_real_code_review_agent - INFO - ğŸ“ æ‰¾åˆ°æ¨¡å—æ–‡ä»¶: file_workspace/designs/adder_16bit.v
[2025-08-03 09:31:55] Agent.enhanced_real_code_review_agent - INFO - ğŸ“ æ‰¾åˆ°æœ‰æ•ˆæµ‹è¯•å°æ–‡ä»¶: file_workspace/testbenches/testbench_adder_16bit.v
[2025-08-03 09:31:55] Agent.enhanced_real_code_review_agent - INFO - ğŸ”¨ å¼€å§‹ç¼–è¯‘ 2 ä¸ªæ–‡ä»¶
[2025-08-03 09:31:55] Agent.enhanced_real_code_review_agent - INFO - ğŸ”¨ ç¼–è¯‘å‘½ä»¤: iverilog -o logs/experiment_20250803_093101/artifacts/simulation file_workspace/designs/adder_16bit.v file_workspace/testbenches/testbench_adder_16bit.v
[2025-08-03 09:31:55] Agent.enhanced_real_code_review_agent - INFO - ğŸ”¨ ç¼–è¯‘å·¥ä½œç›®å½•: /home/haiyan/Research/CentralizedAgentFramework
[2025-08-03 09:31:55] Agent.enhanced_real_code_review_agent - ERROR - âŒ ç¼–è¯‘å¤±è´¥ï¼Œè¿”å›ç : 16
[2025-08-03 09:31:55] Agent.enhanced_real_code_review_agent - ERROR - ç¼–è¯‘é”™è¯¯: file_workspace/testbenches/testbench_adder_16bit.v:173: syntax error
file_workspace/testbenches/testbench_adder_16bit.v:173: error: Malformed statement
file_workspace/testbenches/testbench_adder_16bit.v:174: syntax error
file_workspace/testbenches/testbench_adder_16bit.v:175: error: Malformed statement
file_workspace/testbenches/testbench_adder_16bit.v:182: syntax error
file_workspace/testbenches/testbench_adder_16bit.v:182: error: Malformed statement
file_workspace/testbenches/testbench_adder_16bit.v:183: syntax error
file_workspace/testbenches/testbench_adder_16bit.v:184: error: Malformed statement
file_workspace/testbenches/testbench_adder_16bit.v:191: syntax error
file_workspace/testbenches/testbench_adder_16bit.v:191: error: Malformed statement
file_workspace/testbenches/testbench_adder_16bit.v:192: syntax error
file_workspace/testbenches/testbench_adder_16bit.v:193: error: Malformed statement
file_workspace/testbenches/testbench_adder_16bit.v:200: syntax error
file_workspace/testbenches/testbench_adder_16bit.v:200: error: Malformed statement
file_workspace/testbenches/testbench_adder_16bit.v:201: syntax error
file_workspace/testbenches/testbench_adder_16bit.v:202: error: Malformed statement

[2025-08-03 09:31:55] Agent.enhanced_real_code_review_agent - INFO - ğŸ” ä»¿çœŸç»“æœ: {'success': False, 'error': 'ç¼–è¯‘å¤±è´¥: file_workspace/testbenches/testbench_adder_16bit.v:173: syntax error\nfile_workspace/testbenches/testbench_adder_16bit.v:173: error: Malformed statement\nfile_workspace/testbenches/testbench_adder_16bit.v:174: syntax error\nfile_workspace/testbenches/testbench_adder_16bit.v:175: error: Malformed statement\nfile_workspace/testbenches/testbench_adder_16bit.v:182: syntax error\nfile_workspace/testbenches/testbench_adder_16bit.v:182: error: Malformed statement\nfile_workspace/testbenches/testbench_adder_16bit.v:183: syntax error\nfile_workspace/testbenches/testbench_adder_16bit.v:184: error: Malformed statement\nfile_workspace/testbenches/testbench_adder_16bit.v:191: syntax error\nfile_workspace/testbenches/testbench_adder_16bit.v:191: error: Malformed statement\nfile_workspace/testbenches/testbench_adder_16bit.v:192: syntax error\nfile_workspace/testbenches/testbench_adder_16bit.v:193: error: Malformed statement\nfile_workspace/testbenches/testbench_adder_16bit.v:200: syntax error\nfile_workspace/testbenches/testbench_adder_16bit.v:200: error: Malformed statement\nfile_workspace/testbenches/testbench_adder_16bit.v:201: syntax error\nfile_workspace/testbenches/testbench_adder_16bit.v:202: error: Malformed statement\n', 'stage': 'compilation', 'compilation_output': 'file_workspace/testbenches/testbench_adder_16bit.v:173: syntax error\nfile_workspace/testbenches/testbench_adder_16bit.v:173: error: Malformed statement\nfile_workspace/testbenches/testbench_adder_16bit.v:174: syntax error\nfile_workspace/testbenches/testbench_adder_16bit.v:175: error: Malformed statement\nfile_workspace/testbenches/testbench_adder_16bit.v:182: syntax error\nfile_workspace/testbenches/testbench_adder_16bit.v:182: error: Malformed statement\nfile_workspace/testbenches/testbench_adder_16bit.v:183: syntax error\nfile_workspace/testbenches/testbench_adder_16bit.v:184: error: Malformed statement\nfile_workspace/testbenches/testbench_adder_16bit.v:191: syntax error\nfile_workspace/testbenches/testbench_adder_16bit.v:191: error: Malformed statement\nfile_workspace/testbenches/testbench_adder_16bit.v:192: syntax error\nfile_workspace/testbenches/testbench_adder_16bit.v:193: error: Malformed statement\nfile_workspace/testbenches/testbench_adder_16bit.v:200: syntax error\nfile_workspace/testbenches/testbench_adder_16bit.v:200: error: Malformed statement\nfile_workspace/testbenches/testbench_adder_16bit.v:201: syntax error\nfile_workspace/testbenches/testbench_adder_16bit.v:202: error: Malformed statement\n', 'command': 'iverilog -o logs/experiment_20250803_093101/artifacts/simulation file_workspace/designs/adder_16bit.v file_workspace/testbenches/testbench_adder_16bit.v'}
[2025-08-03 09:31:55] Agent.enhanced_real_code_review_agent - ERROR - âŒ ä»¿çœŸæ‰§è¡Œå¤±è´¥ (compilation): ç¼–è¯‘å¤±è´¥: file_workspace/testbenches/testbench_adder_16bit.v:173: syntax error
file_workspace/testbenches/testbench_adder_16bit.v:173: error: Malformed statement
file_workspace/testbenches/testbench_adder_16bit.v:174: syntax error
file_workspace/testbenches/testbench_adder_16bit.v:175: error: Malformed statement
file_workspace/testbenches/testbench_adder_16bit.v:182: syntax error
file_workspace/testbenches/testbench_adder_16bit.v:182: error: Malformed statement
file_workspace/testbenches/testbench_adder_16bit.v:183: syntax error
file_workspace/testbenches/testbench_adder_16bit.v:184: error: Malformed statement
file_workspace/testbenches/testbench_adder_16bit.v:191: syntax error
file_workspace/testbenches/testbench_adder_16bit.v:191: error: Malformed statement
file_workspace/testbenches/testbench_adder_16bit.v:192: syntax error
file_workspace/testbenches/testbench_adder_16bit.v:193: error: Malformed statement
file_workspace/testbenches/testbench_adder_16bit.v:200: syntax error
file_workspace/testbenches/testbench_adder_16bit.v:200: error: Malformed statement
file_workspace/testbenches/testbench_adder_16bit.v:201: syntax error
file_workspace/testbenches/testbench_adder_16bit.v:202: error: Malformed statement

[2025-08-03 09:31:55] Agent.enhanced_real_code_review_agent - INFO - ğŸ”¨ å·¥å…·æ‰§è¡Œç»“æœ: ## ğŸ”§ å·¥å…·æ‰§è¡Œç»“æœè¯¦ç»†æŠ¥å‘Š

ğŸ“Š **æ‰§è¡Œæ‘˜è¦**: 1/4 ä¸ªå·¥å…·æˆåŠŸæ‰§è¡Œ (3 ä¸ªå¤±è´¥)

### âŒ å·¥å…· 1: analyze_code_quality - æ‰§è¡Œå¤±è´¥
**è°ƒç”¨å‚æ•°**: { code: 'module adder_16bit (
    input  [15:0] a,
    inpu...'[æˆªæ–­ï¼Œæ€»é•¿åº¦:896], analysis_scope: ['syntax', 'style', 'compliance'], coding_standard: 'ieee1800' }
**é”™è¯¯ä¿¡æ¯**: ğŸš¨ å‚æ•°éªŒè¯å¤±è´¥ï¼Œè¯·æ ¹æ®ä»¥ä¸‹æŒ‡å¯¼ä¿®æ­£å‚æ•°:

ğŸ“‹ **é”™è¯¯è¯¦æƒ…**:
å‘ç° 1 ä¸ªé”™è¯¯:
1. [analysis_scope[2]] å€¼å¿…é¡»æ˜¯ä»¥ä¸‹é€‰é¡¹ä¹‹ä¸€: ['syntax', 'style', 'naming', 'structure', 'timing', 'synthesis', 'testability', 'documentation', 'complexity', 'maintainability', 'performance']
   å»ºè®®: è¯·é€‰æ‹©: syntax, style, naming, structure, timing, synthesis, testability, documentation, complexity, maintainability, performance

============================================================
ğŸ“ **ä¿®å¤æŒ‡ä»¤**:

å‚æ•°éªŒè¯å¤±è´¥ï¼Œè¯·æ ¹æ®ä»¥ä¸‹ä¿¡æ¯ä¿®å¤å‚æ•°:

ğŸ” éªŒè¯é”™è¯¯:
1. å­—æ®µ 'analysis_scope[2]': å€¼å¿…é¡»æ˜¯ä»¥ä¸‹é€‰é¡¹ä¹‹ä¸€: ['syntax', 'style', 'naming', 'structure', 'timing', 'synthesis', 'testability', 'documentation', 'complexity', 'maintainability', 'performance']
   æœŸæœ›: one of: ['syntax', 'style', 'naming', 'structure', 'timing', 'synthesis', 'testability', 'documentation', 'complexity', 'maintainability', 'performance']
   å®é™…: value: compliance

ğŸ“‹ ä¿®å¤æŒ‡ä»¤:
1. è¯·ä»”ç»†æ£€æŸ¥ä¸Šè¿°é”™è¯¯ä¿¡æ¯
2. æ ¹æ®Schemaè¦æ±‚ä¿®å¤å‚æ•°æ ¼å¼
3. å¯¹äºé«˜ç½®ä¿¡åº¦(>80%)çš„å»ºè®®ï¼Œå¯ç›´æ¥é‡‡ç”¨
4. å¯¹äºä½ç½®ä¿¡åº¦çš„å»ºè®®ï¼Œè¯·ä»”ç»†è€ƒè™‘åè°ƒæ•´
5. ç¡®ä¿ä¿®å¤åçš„å‚æ•°ç¬¦åˆåŠŸèƒ½éœ€æ±‚

ğŸ“š ç›¸å…³Schemaä¿¡æ¯:
```json
{
  "type": "object",
  "properties": {
    "code": {
      "type": "string",
      "minLength": 10,
      "maxLength": 500000,
      "description": "å¾…åˆ†æçš„Verilogä»£ç "
    },
    "analysis_scope": {
      "type": "array",
      "items": {
        "type": "string",
        "enum": [
          "syntax",
          "style",
          "naming",
          "structure",
          "timing",
          "synthesis",
          "testability",
          "documentation",
          "complexity",
          "maintainability",
          "performance"
        ]
      },
      "minItems": 1,
      "maxItems": 11,
      "default": [
        "syntax",
        "style",
        "structure"
      ],
      "description": "åˆ†æèŒƒå›´é€‰æ‹©"
    },
    "coding_standard": {
      "type": "string",
      "enum": [
        "ieee1800",
        "systemverilog",
        "verilog2001",
        "custom"
      ],
      "default": "ieee1800",
      "description": "ç¼–ç æ ‡å‡†è§„èŒƒ"
    },
    "severity_filter": {
      "type": "array",
      "items": {
        "type": "string",
        "enum": [
          "error",
          "warning",
          "info",
          "suggestion"
        ]
      },
      "default": [
        "error",
        "warning"
      ],
      "description": "ä¸¥é‡åº¦è¿‡æ»¤çº§åˆ«"
    },
    "generate_report": {
      "type": "boolean",
      "default": true,
      "description": "æ˜¯å¦ç”Ÿæˆè¯¦ç»†çš„åˆ†ææŠ¥å‘Š"
    }
  },
  "required": [
    "code"
  ],
  "additionalProperties": false
}
```

è¯·é‡æ–°è°ƒç”¨å·¥å…·ï¼Œä½¿ç”¨ä¿®å¤åçš„å‚æ•°ã€‚

============================================================
ğŸ“š **ä¿®å¤ç¤ºä¾‹**:

è¯·å‚è€ƒå·¥å…·çš„Schemaå®šä¹‰ï¼Œç¡®ä¿æ‰€æœ‰å‚æ•°æ ¼å¼æ­£ç¡®ã€‚

ğŸ¯ **è¯·é‡æ–°è°ƒç”¨å·¥å…·ï¼Œä½¿ç”¨ä¿®å¤åçš„å‚æ•°**ã€‚
ç¡®ä¿æ‰€æœ‰å‚æ•°éƒ½ç¬¦åˆSchemaè¦æ±‚ï¼Œç„¶åé‡æ–°æ‰§è¡Œç›¸åŒçš„å·¥å…·è°ƒç”¨ã€‚
**å½±å“**: æ­¤å·¥å…·è°ƒç”¨å¤±è´¥å¯èƒ½å½±å“åç»­æ“ä½œçš„æ‰§è¡Œ
**å»ºè®®**: è¯·æ ¹æ®é”™è¯¯ä¿¡æ¯åˆ†æé—®é¢˜å¹¶è°ƒæ•´å‚æ•°é‡æ–°è°ƒç”¨

### âœ… å·¥å…· 2: generate_testbench - æ‰§è¡ŒæˆåŠŸ
**è°ƒç”¨å‚æ•°**: { module_name: 'adder_16bit', verilog_code: 'module adder_16bit (
    input  [15:0] a,
    inpu...'[æˆªæ–­ï¼Œæ€»é•¿åº¦:896], test_scenarios: list[é•¿åº¦:5] }
**æ‰§è¡Œç»“æœ**: âœ… æˆåŠŸ; module_name: adder_16bit; testbench_code: 'ä»¥ä¸‹æ˜¯ä¸º `adder_16bit` æ¨¡å—è®¾è®¡çš„å®Œæ•´ã€ä¸“ä¸šçš„ Verilog æµ‹è¯•å°ï¼Œç¬¦åˆæ‚¨æå‡ºçš„æ‰€...'[æˆªæ–­]; testbench_filename: testbench_adder_16bit.v; file_path: /home/haiyan/Research/CentralizedAgentFramework/file_workspace/testbenches/testbench_adder_16bit.v; file_id: c24a8cc4; test_scenarios: [{'name': 'basic_test', 'description': 'åŸºæœ¬åŠ æ³•è¿ç®—æµ‹è¯•'}, {'name': 'carry_propagation_test', 'description': 'è¿›ä½ä¼ æ’­æµ‹è¯•'}, {'name': 'overflow_test', 'description': 'æº¢å‡ºæ£€æµ‹æµ‹è¯•'}, {'name': 'boundary_value_test', 'description': 'è¾¹ç•Œå€¼æµ‹è¯•ï¼ˆ0x0000, 0xFFFFç­‰ï¼‰'}, {'name': 'random_data_test', 'description': 'éšæœºæ•°æ®æµ‹è¯•'}]; simulation_config: {'clock_period': 10.0, 'simulation_time': 10000, 'coverage_enabled': False}; message: âœ… æˆåŠŸç”Ÿæˆæµ‹è¯•å°: testbench_adder_16bit.v
**çŠ¶æ€**: æˆåŠŸå®Œæˆï¼Œå¯è¿›è¡Œä¸‹ä¸€æ­¥æ“ä½œ

### âŒ å·¥å…· 3: run_simulation - æ‰§è¡Œå¤±è´¥
**è°ƒç”¨å‚æ•°**: { module_file: 'adder_16bit.v', testbench_file: 'testbench_adder_16bit.v', simulator: 'iverilog', simulation_options: {'timescale': '1ns/1ps'} }
**é”™è¯¯ä¿¡æ¯**: ç¼–è¯‘é”™è¯¯:
file_workspace/testbenches/testbench_adder_16bit.v:173: syntax error
file_workspace/testbenches/testbench_adder_16bit.v:173: error: Malformed statement
file_workspace/testbenches/testbench_adder_16bit.v:174: syntax error
file_workspace/testbenches/testbench_adder_16bit.v:175: error: Malformed statement
file_workspace/testbenches/testbench_adder_16bit.v:182: syntax error
file_workspace/testbenches/testbench_adder_16bit.v:182: error: Malformed statement
file_workspace/testbenches/testbench_adder_16bit.v:183: syntax error
file_workspace/testbenches/testbench_adder_16bit.v:184: error: Malformed statement
file_workspace/testbenches/testbench_adder_16bit.v:191: syntax error
file_workspace/testbenches/testbench_adder_16bit.v:191: error: Malformed statement
file_workspace/testbenches/testbench_adder_16bit.v:192: syntax error
file_workspace/testbenches/testbench_adder_16bit.v:193: error: Malformed statement
file_workspace/testbenches/testbench_adder_16bit.v:200: syntax error
file_workspace/testbenches/testbench_adder_16bit.v:200: error: Malformed statement
file_workspace/testbenches/testbench_adder_16bit.v:201: syntax error
file_workspace/testbenches/testbench_adder_16bit.v:202: error: Malformed statement


é”™è¯¯æ¶ˆæ¯: ç¼–è¯‘å¤±è´¥: file_workspace/testbenches/testbench_adder_16bit.v:173: syntax error
file_workspace/testbenches/testbench_adder_16bit.v:173: error: Malformed statement
file_workspace/testbenches/testbench_adder_16bit.v:174: syntax error
file_workspace/testbenches/testbench_adder_16bit.v:175: error: Malformed statement
file_workspace/testbenches/testbench_adder_16bit.v:182: syntax error
file_workspace/testbenches/testbench_adder_16bit.v:182: error: Malformed statement
file_workspace/testbenches/testbench_adder_16bit.v:183: syntax error
file_workspace/testbenches/testbench_adder_16bit.v:184: error: Malformed statement
file_workspace/testbenches/testbench_adder_16bit.v:191: syntax error
file_workspace/testbenches/testbench_adder_16bit.v:191: error: Malformed statement
file_workspace/testbenches/testbench_adder_16bit.v:192: syntax error
file_workspace/testbenches/testbench_adder_16bit.v:193: error: Malformed statement
file_workspace/testbenches/testbench_adder_16bit.v:200: syntax error
file_workspace/testbenches/testbench_adder_16bit.v:200: error: Malformed statement
file_workspace/testbenches/testbench_adder_16bit.v:201: syntax error
file_workspace/testbenches/testbench_adder_16bit.v:202: error: Malformed statement

**å½±å“**: æ­¤å·¥å…·è°ƒç”¨å¤±è´¥å¯èƒ½å½±å“åç»­æ“ä½œçš„æ‰§è¡Œ
**å»ºè®®**: è¯·æ ¹æ®é”™è¯¯ä¿¡æ¯åˆ†æé—®é¢˜å¹¶è°ƒæ•´å‚æ•°é‡æ–°è°ƒç”¨

### âŒ å·¥å…· 4: analyze_coverage - æ‰§è¡Œå¤±è´¥
**è°ƒç”¨å‚æ•°**: { coverage_data_file: 'coverage_data.vcd', coverage_types: ['statement', 'branch', 'condition'], threshold: {'statement': 95, 'branch': 90, 'condition': 85} }
**é”™è¯¯ä¿¡æ¯**: è·³è¿‡æ‰§è¡Œï¼šå…³é”®å·¥å…· run_simulation å·²æ°¸ä¹…å¤±è´¥
**å½±å“**: æ­¤å·¥å…·è°ƒç”¨å¤±è´¥å¯èƒ½å½±å“åç»­æ“ä½œçš„æ‰§è¡Œ
**å»ºè®®**: è¯·æ ¹æ®é”™è¯¯ä¿¡æ¯åˆ†æé—®é¢˜å¹¶è°ƒæ•´å‚æ•°é‡æ–°è°ƒç”¨

## ğŸš¨ å¤±è´¥åˆ†æä¸ä¿®å¤å»ºè®®

### ğŸ“ˆ å¤±è´¥æ¨¡å¼åˆ†æ
- **å‚æ•°é—®é¢˜**: å‘ç°1ä¸ªå‚æ•°ç›¸å…³é”™è¯¯ï¼Œéœ€è¦æ£€æŸ¥è°ƒç”¨å‚æ•°

### ğŸ’¡ æ™ºèƒ½ä¿®å¤å»ºè®®
1. å¯¹äºå·¥å…· analyze_code_quality: æ£€æŸ¥è¾“å…¥ä»£ç çš„è¯­æ³•æ­£ç¡®æ€§
2. å¯¹äºå·¥å…· run_simulation: æ£€æŸ¥è¾“å…¥ä»£ç çš„è¯­æ³•æ­£ç¡®æ€§
3. å¯¹äºå·¥å…· analyze_coverage: åˆ†æå…·ä½“é”™è¯¯ä¿¡æ¯ 'è·³è¿‡æ‰§è¡Œï¼šå…³é”®å·¥å…· run_simulation å·²æ°¸ä¹…å¤±è´¥...' å¹¶ç›¸åº”è°ƒæ•´
4. æ£€æŸ¥æ˜¯å¦å­˜åœ¨å·¥å…·é—´çš„ä¾èµ–å…³ç³»ï¼Œè€ƒè™‘è°ƒæ•´æ‰§è¡Œé¡ºåº

### ğŸ”„ æ›¿ä»£æ–¹æ¡ˆ
- æ£€æŸ¥Verilogä»£ç è¯­æ³•ï¼Œè€ƒè™‘ä½¿ç”¨åœ¨çº¿è¯­æ³•æ£€æŸ¥å™¨
- ç¡®è®¤ä»¿çœŸå·¥å…·(å¦‚iverilog)å·²æ­£ç¡®å®‰è£…

## ğŸ¯ ä¸‹ä¸€æ­¥è¡ŒåŠ¨æŒ‡å¯¼

âš ï¸ å­˜åœ¨å¤±è´¥çš„å·¥å…·è°ƒç”¨ï¼Œå»ºè®®é‡‡å–ä»¥ä¸‹è¡ŒåŠ¨ï¼š
1. **ä¼˜å…ˆä¿®å¤å…³é”®å¤±è´¥**: ä¸“æ³¨è§£å†³é˜»å¡æ€§é”™è¯¯
2. **è°ƒæ•´å‚æ•°é‡è¯•**: åŸºäºé”™è¯¯åˆ†æä¿®æ”¹è°ƒç”¨å‚æ•°
3. **è€ƒè™‘æ›¿ä»£æ–¹æ¡ˆ**: å¦‚æœç›´æ¥ä¿®å¤å›°éš¾ï¼Œå°è¯•å…¶ä»–æ–¹æ³•
4. **å¯»æ±‚å¸®åŠ©**: å¦‚æœé—®é¢˜æŒç»­ï¼Œè¯·æè¿°é‡åˆ°çš„å…·ä½“é—®é¢˜

ğŸ’­ **é‡è¦æç¤º**: è¯·ä»”ç»†åˆ†æä¸Šè¿°ç»“æœï¼ŒåŸºäºå…·ä½“çš„æˆåŠŸ/å¤±è´¥æƒ…å†µåšå‡ºæ˜æ™ºçš„ä¸‹ä¸€æ­¥å†³ç­–ã€‚
[2025-08-03 09:32:13] Agent.enhanced_real_code_review_agent - INFO - ğŸ” åˆ†æä»£ç è´¨é‡: ieee1800 æ ‡å‡†
[2025-08-03 09:32:13] Agent.enhanced_real_code_review_agent - INFO - ğŸ§ª ç”Ÿæˆæµ‹è¯•å°: adder_16bit
[2025-08-03 09:32:54] Agent.enhanced_real_code_review_agent - INFO - ğŸ“ å†™å…¥æ–‡ä»¶: testbench_adder_16bit.v
[2025-08-03 09:32:54] Agent.enhanced_real_code_review_agent - INFO - ğŸ” filename: testbench_adder_16bit.v
[2025-08-03 09:32:54] Agent.enhanced_real_code_review_agent - INFO - ğŸ” file type: verilog
[2025-08-03 09:32:54] Agent.enhanced_real_code_review_agent - INFO - ğŸ§¹ ä½¿ç”¨æ™ºèƒ½ä»£ç æå–å¤„ç†Verilogæ–‡ä»¶
[2025-08-03 09:32:54] Agent.enhanced_real_code_review_agent - INFO - ğŸ” å¼€å§‹æå–Verilogä»£ç ï¼ŒåŸå§‹å†…å®¹é•¿åº¦: 6497
[2025-08-03 09:32:54] Agent.enhanced_real_code_review_agent - INFO - âœ… æ‰¾åˆ° 1 ä¸ªVerilogä»£ç å—
[2025-08-03 09:32:54] Agent.enhanced_real_code_review_agent - INFO - âœ… ä»£ç å— 1 éªŒè¯é€šè¿‡ï¼Œé•¿åº¦: 5665
[2025-08-03 09:32:54] Agent.enhanced_real_code_review_agent - INFO - âœ… æˆåŠŸæå–Verilogä»£ç ï¼Œé•¿åº¦: 5665
[2025-08-03 09:32:54] Agent.enhanced_real_code_review_agent - INFO - ğŸ§¹ Verilogä»£ç æå–æˆåŠŸï¼š6497 -> 5665 å­—ç¬¦
[2025-08-03 09:32:54] Agent.enhanced_real_code_review_agent - INFO - ğŸ§¹ å†…å®¹å·²æ¸…ç†ï¼š6497 -> 5665 å­—ç¬¦
[2025-08-03 09:32:54] Agent.enhanced_real_code_review_agent - INFO - âœ… æ–‡ä»¶å·²é€šè¿‡ä¸­å¤®ç®¡ç†å™¨ä¿å­˜: testbench_adder_16bit.v (file path: /home/haiyan/Research/CentralizedAgentFramework/file_workspace/testbenches/testbench_adder_16bit.v) (ID: c24a8cc4)
[2025-08-03 09:32:54] Agent.enhanced_real_code_review_agent - INFO - ğŸ” è¿è¡Œä»¿çœŸ: adder_16bit.v testbench_adder_16bit.v None None iverilog {'timescale': '1ns/1ps'}
[2025-08-03 09:32:54] Agent.enhanced_real_code_review_agent - INFO - ğŸ”¬ è¿è¡Œä»¿çœŸ: iverilog
[2025-08-03 09:32:54] Agent.enhanced_real_code_review_agent - INFO - ğŸ“ æ‰¾åˆ°æ¨¡å—æ–‡ä»¶: file_workspace/designs/adder_16bit.v
[2025-08-03 09:32:54] Agent.enhanced_real_code_review_agent - INFO - ğŸ“ æ‰¾åˆ°æœ‰æ•ˆæµ‹è¯•å°æ–‡ä»¶: file_workspace/testbenches/testbench_adder_16bit.v
[2025-08-03 09:32:54] Agent.enhanced_real_code_review_agent - INFO - ğŸ”¨ å¼€å§‹ç¼–è¯‘ 2 ä¸ªæ–‡ä»¶
[2025-08-03 09:32:54] Agent.enhanced_real_code_review_agent - INFO - ğŸ”¨ ç¼–è¯‘å‘½ä»¤: iverilog -o logs/experiment_20250803_093101/artifacts/simulation file_workspace/designs/adder_16bit.v file_workspace/testbenches/testbench_adder_16bit.v
[2025-08-03 09:32:54] Agent.enhanced_real_code_review_agent - INFO - ğŸ”¨ ç¼–è¯‘å·¥ä½œç›®å½•: /home/haiyan/Research/CentralizedAgentFramework
[2025-08-03 09:32:54] Agent.enhanced_real_code_review_agent - ERROR - âŒ ç¼–è¯‘å¤±è´¥ï¼Œè¿”å›ç : 13
[2025-08-03 09:32:54] Agent.enhanced_real_code_review_agent - ERROR - ç¼–è¯‘é”™è¯¯: file_workspace/testbenches/testbench_adder_16bit.v:84: error: Task body with multiple statements requires SystemVerilog.
file_workspace/testbenches/testbench_adder_16bit.v:1: error: Task body with multiple statements requires SystemVerilog.
file_workspace/testbenches/testbench_adder_16bit.v:104: error: Task body with multiple statements requires SystemVerilog.
file_workspace/testbenches/testbench_adder_16bit.v:1: error: Task body with multiple statements requires SystemVerilog.
file_workspace/testbenches/testbench_adder_16bit.v:124: error: Task body with multiple statements requires SystemVerilog.
file_workspace/testbenches/testbench_adder_16bit.v:1: error: Task body with multiple statements requires SystemVerilog.
file_workspace/testbenches/testbench_adder_16bit.v:144: error: Task body with multiple statements requires SystemVerilog.
file_workspace/testbenches/testbench_adder_16bit.v:1: error: Task body with multiple statements requires SystemVerilog.
file_workspace/testbenches/testbench_adder_16bit.v:166: syntax error
file_workspace/testbenches/testbench_adder_16bit.v:166: error: Malformed statement
file_workspace/testbenches/testbench_adder_16bit.v:164: error: Task body with multiple statements requires SystemVerilog.
file_workspace/testbenches/testbench_adder_16bit.v:1: error: Task body with multiple statements requires SystemVerilog.
file_workspace/testbenches/testbench_adder_16bit.v:177: error: Task body with multiple statements requires SystemVerilog.

[2025-08-03 09:32:54] Agent.enhanced_real_code_review_agent - INFO - ğŸ” ä»¿çœŸç»“æœ: {'success': False, 'error': 'ç¼–è¯‘å¤±è´¥: file_workspace/testbenches/testbench_adder_16bit.v:84: error: Task body with multiple statements requires SystemVerilog.\nfile_workspace/testbenches/testbench_adder_16bit.v:1: error: Task body with multiple statements requires SystemVerilog.\nfile_workspace/testbenches/testbench_adder_16bit.v:104: error: Task body with multiple statements requires SystemVerilog.\nfile_workspace/testbenches/testbench_adder_16bit.v:1: error: Task body with multiple statements requires SystemVerilog.\nfile_workspace/testbenches/testbench_adder_16bit.v:124: error: Task body with multiple statements requires SystemVerilog.\nfile_workspace/testbenches/testbench_adder_16bit.v:1: error: Task body with multiple statements requires SystemVerilog.\nfile_workspace/testbenches/testbench_adder_16bit.v:144: error: Task body with multiple statements requires SystemVerilog.\nfile_workspace/testbenches/testbench_adder_16bit.v:1: error: Task body with multiple statements requires SystemVerilog.\nfile_workspace/testbenches/testbench_adder_16bit.v:166: syntax error\nfile_workspace/testbenches/testbench_adder_16bit.v:166: error: Malformed statement\nfile_workspace/testbenches/testbench_adder_16bit.v:164: error: Task body with multiple statements requires SystemVerilog.\nfile_workspace/testbenches/testbench_adder_16bit.v:1: error: Task body with multiple statements requires SystemVerilog.\nfile_workspace/testbenches/testbench_adder_16bit.v:177: error: Task body with multiple statements requires SystemVerilog.\n', 'stage': 'compilation', 'compilation_output': 'file_workspace/testbenches/testbench_adder_16bit.v:84: error: Task body with multiple statements requires SystemVerilog.\nfile_workspace/testbenches/testbench_adder_16bit.v:1: error: Task body with multiple statements requires SystemVerilog.\nfile_workspace/testbenches/testbench_adder_16bit.v:104: error: Task body with multiple statements requires SystemVerilog.\nfile_workspace/testbenches/testbench_adder_16bit.v:1: error: Task body with multiple statements requires SystemVerilog.\nfile_workspace/testbenches/testbench_adder_16bit.v:124: error: Task body with multiple statements requires SystemVerilog.\nfile_workspace/testbenches/testbench_adder_16bit.v:1: error: Task body with multiple statements requires SystemVerilog.\nfile_workspace/testbenches/testbench_adder_16bit.v:144: error: Task body with multiple statements requires SystemVerilog.\nfile_workspace/testbenches/testbench_adder_16bit.v:1: error: Task body with multiple statements requires SystemVerilog.\nfile_workspace/testbenches/testbench_adder_16bit.v:166: syntax error\nfile_workspace/testbenches/testbench_adder_16bit.v:166: error: Malformed statement\nfile_workspace/testbenches/testbench_adder_16bit.v:164: error: Task body with multiple statements requires SystemVerilog.\nfile_workspace/testbenches/testbench_adder_16bit.v:1: error: Task body with multiple statements requires SystemVerilog.\nfile_workspace/testbenches/testbench_adder_16bit.v:177: error: Task body with multiple statements requires SystemVerilog.\n', 'command': 'iverilog -o logs/experiment_20250803_093101/artifacts/simulation file_workspace/designs/adder_16bit.v file_workspace/testbenches/testbench_adder_16bit.v'}
[2025-08-03 09:32:55] Agent.enhanced_real_code_review_agent - ERROR - âŒ ä»¿çœŸæ‰§è¡Œå¤±è´¥ (compilation): ç¼–è¯‘å¤±è´¥: file_workspace/testbenches/testbench_adder_16bit.v:84: error: Task body with multiple statements requires SystemVerilog.
file_workspace/testbenches/testbench_adder_16bit.v:1: error: Task body with multiple statements requires SystemVerilog.
file_workspace/testbenches/testbench_adder_16bit.v:104: error: Task body with multiple statements requires SystemVerilog.
file_workspace/testbenches/testbench_adder_16bit.v:1: error: Task body with multiple statements requires SystemVerilog.
file_workspace/testbenches/testbench_adder_16bit.v:124: error: Task body with multiple statements requires SystemVerilog.
file_workspace/testbenches/testbench_adder_16bit.v:1: error: Task body with multiple statements requires SystemVerilog.
file_workspace/testbenches/testbench_adder_16bit.v:144: error: Task body with multiple statements requires SystemVerilog.
file_workspace/testbenches/testbench_adder_16bit.v:1: error: Task body with multiple statements requires SystemVerilog.
file_workspace/testbenches/testbench_adder_16bit.v:166: syntax error
file_workspace/testbenches/testbench_adder_16bit.v:166: error: Malformed statement
file_workspace/testbenches/testbench_adder_16bit.v:164: error: Task body with multiple statements requires SystemVerilog.
file_workspace/testbenches/testbench_adder_16bit.v:1: error: Task body with multiple statements requires SystemVerilog.
file_workspace/testbenches/testbench_adder_16bit.v:177: error: Task body with multiple statements requires SystemVerilog.

[2025-08-03 09:32:55] Agent.enhanced_real_code_review_agent - INFO - ğŸ”¨ å·¥å…·æ‰§è¡Œç»“æœ: ## ğŸ”§ å·¥å…·æ‰§è¡Œç»“æœè¯¦ç»†æŠ¥å‘Š

ğŸ“Š **æ‰§è¡Œæ‘˜è¦**: 2/4 ä¸ªå·¥å…·æˆåŠŸæ‰§è¡Œ (2 ä¸ªå¤±è´¥)

### âœ… å·¥å…· 1: analyze_code_quality - æ‰§è¡ŒæˆåŠŸ
**è°ƒç”¨å‚æ•°**: { code: 'module adder_16bit (
    input  [15:0] a,
    inpu...'[æˆªæ–­ï¼Œæ€»é•¿åº¦:896], analysis_scope: ['syntax', 'style', 'structure'], coding_standard: 'ieee1800' }
**æ‰§è¡Œç»“æœ**: âœ… æˆåŠŸ; quality_score: 100; maintainability_index: 100.0; metrics: {'lines_of_code': 48, 'modules_count': 2, 'complexity_score': 100, 'maintainability_index': 100.0}; issues: []; analysis_scope: ['syntax', 'style', 'structure']; coding_standard: ieee1800; report_file: logs/experiment_20250803_093101/artifacts/code_quality_report.html; recommendations: ['ä»£ç è´¨é‡è‰¯å¥½ï¼Œç»§ç»­ä¿æŒï¼']
**çŠ¶æ€**: æˆåŠŸå®Œæˆï¼Œå¯è¿›è¡Œä¸‹ä¸€æ­¥æ“ä½œ

### âœ… å·¥å…· 2: generate_testbench - æ‰§è¡ŒæˆåŠŸ
**è°ƒç”¨å‚æ•°**: { module_name: 'adder_16bit', verilog_code: 'module adder_16bit (
    input  [15:0] a,
    inpu...'[æˆªæ–­ï¼Œæ€»é•¿åº¦:896], test_scenarios: list[é•¿åº¦:5] }
**æ‰§è¡Œç»“æœ**: âœ… æˆåŠŸ; module_name: adder_16bit; testbench_code: 'ä»¥ä¸‹æ˜¯ä¸º `adder_16bit` æ¨¡å—è®¾è®¡çš„å®Œæ•´ã€ä¸“ä¸šçš„ Verilog æµ‹è¯•å°ï¼Œç¬¦åˆæ‚¨æå‡ºçš„æ‰€...'[æˆªæ–­]; testbench_filename: testbench_adder_16bit.v; file_path: /home/haiyan/Research/CentralizedAgentFramework/file_workspace/testbenches/testbench_adder_16bit.v; file_id: c24a8cc4; test_scenarios: [{'name': 'basic_test', 'description': 'åŸºæœ¬åŠ æ³•è¿ç®—æµ‹è¯•'}, {'name': 'carry_propagation_test', 'description': 'è¿›ä½ä¼ æ’­æµ‹è¯•'}, {'name': 'overflow_test', 'description': 'æº¢å‡ºæ£€æµ‹æµ‹è¯•'}, {'name': 'boundary_value_test', 'description': 'è¾¹ç•Œå€¼æµ‹è¯•ï¼ˆ0x0000, 0xFFFFç­‰ï¼‰'}, {'name': 'random_data_test', 'description': 'éšæœºæ•°æ®æµ‹è¯•'}]; simulation_config: {'clock_period': 10.0, 'simulation_time': 10000, 'coverage_enabled': False}; message: âœ… æˆåŠŸç”Ÿæˆæµ‹è¯•å°: testbench_adder_16bit.v
**çŠ¶æ€**: æˆåŠŸå®Œæˆï¼Œå¯è¿›è¡Œä¸‹ä¸€æ­¥æ“ä½œ

### âŒ å·¥å…· 3: run_simulation - æ‰§è¡Œå¤±è´¥
**è°ƒç”¨å‚æ•°**: { module_file: 'adder_16bit.v', testbench_file: 'testbench_adder_16bit.v', simulator: 'iverilog', simulation_options: {'timescale': '1ns/1ps'} }
**é”™è¯¯ä¿¡æ¯**: ç¼–è¯‘é”™è¯¯:
file_workspace/testbenches/testbench_adder_16bit.v:84: error: Task body with multiple statements requires SystemVerilog.
file_workspace/testbenches/testbench_adder_16bit.v:1: error: Task body with multiple statements requires SystemVerilog.
file_workspace/testbenches/testbench_adder_16bit.v:104: error: Task body with multiple statements requires SystemVerilog.
file_workspace/testbenches/testbench_adder_16bit.v:1: error: Task body with multiple statements requires SystemVerilog.
file_workspace/testbenches/testbench_adder_16bit.v:124: error: Task body with multiple statements requires SystemVerilog.
file_workspace/testbenches/testbench_adder_16bit.v:1: error: Task body with multiple statements requires SystemVerilog.
file_workspace/testbenches/testbench_adder_16bit.v:144: error: Task body with multiple statements requires SystemVerilog.
file_workspace/testbenches/testbench_adder_16bit.v:1: error: Task body with multiple statements requires SystemVerilog.
file_workspace/testbenches/testbench_adder_16bit.v:166: syntax error
file_workspace/testbenches/testbench_adder_16bit.v:166: error: Malformed statement
file_workspace/testbenches/testbench_adder_16bit.v:164: error: Task body with multiple statements requires SystemVerilog.
file_workspace/testbenches/testbench_adder_16bit.v:1: error: Task body with multiple statements requires SystemVerilog.
file_workspace/testbenches/testbench_adder_16bit.v:177: error: Task body with multiple statements requires SystemVerilog.


é”™è¯¯æ¶ˆæ¯: ç¼–è¯‘å¤±è´¥: file_workspace/testbenches/testbench_adder_16bit.v:84: error: Task body with multiple statements requires SystemVerilog.
file_workspace/testbenches/testbench_adder_16bit.v:1: error: Task body with multiple statements requires SystemVerilog.
file_workspace/testbenches/testbench_adder_16bit.v:104: error: Task body with multiple statements requires SystemVerilog.
file_workspace/testbenches/testbench_adder_16bit.v:1: error: Task body with multiple statements requires SystemVerilog.
file_workspace/testbenches/testbench_adder_16bit.v:124: error: Task body with multiple statements requires SystemVerilog.
file_workspace/testbenches/testbench_adder_16bit.v:1: error: Task body with multiple statements requires SystemVerilog.
file_workspace/testbenches/testbench_adder_16bit.v:144: error: Task body with multiple statements requires SystemVerilog.
file_workspace/testbenches/testbench_adder_16bit.v:1: error: Task body with multiple statements requires SystemVerilog.
file_workspace/testbenches/testbench_adder_16bit.v:166: syntax error
file_workspace/testbenches/testbench_adder_16bit.v:166: error: Malformed statement
file_workspace/testbenches/testbench_adder_16bit.v:164: error: Task body with multiple statements requires SystemVerilog.
file_workspace/testbenches/testbench_adder_16bit.v:1: error: Task body with multiple statements requires SystemVerilog.
file_workspace/testbenches/testbench_adder_16bit.v:177: error: Task body with multiple statements requires SystemVerilog.

**å½±å“**: æ­¤å·¥å…·è°ƒç”¨å¤±è´¥å¯èƒ½å½±å“åç»­æ“ä½œçš„æ‰§è¡Œ
**å»ºè®®**: è¯·æ ¹æ®é”™è¯¯ä¿¡æ¯åˆ†æé—®é¢˜å¹¶è°ƒæ•´å‚æ•°é‡æ–°è°ƒç”¨

### âŒ å·¥å…· 4: analyze_coverage - æ‰§è¡Œå¤±è´¥
**è°ƒç”¨å‚æ•°**: { coverage_data_file: 'coverage_data.vcd', coverage_types: ['statement', 'branch', 'condition'], threshold: {'statement': 95, 'branch': 90, 'condition': 85} }
**é”™è¯¯ä¿¡æ¯**: è·³è¿‡æ‰§è¡Œï¼šå…³é”®å·¥å…· run_simulation å·²æ°¸ä¹…å¤±è´¥
**å½±å“**: æ­¤å·¥å…·è°ƒç”¨å¤±è´¥å¯èƒ½å½±å“åç»­æ“ä½œçš„æ‰§è¡Œ
**å»ºè®®**: è¯·æ ¹æ®é”™è¯¯ä¿¡æ¯åˆ†æé—®é¢˜å¹¶è°ƒæ•´å‚æ•°é‡æ–°è°ƒç”¨

## ğŸš¨ å¤±è´¥åˆ†æä¸ä¿®å¤å»ºè®®

### ğŸ’¡ æ™ºèƒ½ä¿®å¤å»ºè®®
1. å¯¹äºå·¥å…· run_simulation: æ£€æŸ¥è¾“å…¥ä»£ç çš„è¯­æ³•æ­£ç¡®æ€§
2. å¯¹äºå·¥å…· analyze_coverage: åˆ†æå…·ä½“é”™è¯¯ä¿¡æ¯ 'è·³è¿‡æ‰§è¡Œï¼šå…³é”®å·¥å…· run_simulation å·²æ°¸ä¹…å¤±è´¥...' å¹¶ç›¸åº”è°ƒæ•´
3. æ£€æŸ¥æ˜¯å¦å­˜åœ¨å·¥å…·é—´çš„ä¾èµ–å…³ç³»ï¼Œè€ƒè™‘è°ƒæ•´æ‰§è¡Œé¡ºåº

### ğŸ”„ æ›¿ä»£æ–¹æ¡ˆ
- æ£€æŸ¥Verilogä»£ç è¯­æ³•ï¼Œè€ƒè™‘ä½¿ç”¨åœ¨çº¿è¯­æ³•æ£€æŸ¥å™¨
- ç¡®è®¤ä»¿çœŸå·¥å…·(å¦‚iverilog)å·²æ­£ç¡®å®‰è£…

## ğŸ¯ ä¸‹ä¸€æ­¥è¡ŒåŠ¨æŒ‡å¯¼

âš ï¸ å­˜åœ¨å¤±è´¥çš„å·¥å…·è°ƒç”¨ï¼Œå»ºè®®é‡‡å–ä»¥ä¸‹è¡ŒåŠ¨ï¼š
1. **ä¼˜å…ˆä¿®å¤å…³é”®å¤±è´¥**: ä¸“æ³¨è§£å†³é˜»å¡æ€§é”™è¯¯
2. **è°ƒæ•´å‚æ•°é‡è¯•**: åŸºäºé”™è¯¯åˆ†æä¿®æ”¹è°ƒç”¨å‚æ•°
3. **è€ƒè™‘æ›¿ä»£æ–¹æ¡ˆ**: å¦‚æœç›´æ¥ä¿®å¤å›°éš¾ï¼Œå°è¯•å…¶ä»–æ–¹æ³•
4. **å¯»æ±‚å¸®åŠ©**: å¦‚æœé—®é¢˜æŒç»­ï¼Œè¯·æè¿°é‡åˆ°çš„å…·ä½“é—®é¢˜

ğŸ’­ **é‡è¦æç¤º**: è¯·ä»”ç»†åˆ†æä¸Šè¿°ç»“æœï¼ŒåŸºäºå…·ä½“çš„æˆåŠŸ/å¤±è´¥æƒ…å†µåšå‡ºæ˜æ™ºçš„ä¸‹ä¸€æ­¥å†³ç­–ã€‚
