[2025-08-03 08:50:33] Agent.enhanced_real_verilog_agent - INFO - ğŸ› ï¸ ä¼ ç»Ÿå·¥å…·è°ƒç”¨å·²å¯ç”¨: æƒé™=4
[2025-08-03 08:50:33] Agent.enhanced_real_verilog_agent - INFO - ğŸ”§ æ³¨å†ŒFunction Callingå·¥å…·: write_file
[2025-08-03 08:50:33] Agent.enhanced_real_verilog_agent - INFO - ğŸ”§ æ³¨å†ŒFunction Callingå·¥å…·: read_file
[2025-08-03 08:50:33] Agent.enhanced_real_verilog_agent - INFO - âœ… EnhancedRealVerilogAgent (Function Callingæ”¯æŒ) åˆå§‹åŒ–å®Œæˆ
[2025-08-03 08:50:33] Agent.enhanced_real_verilog_agent - DEBUG - ğŸ“ System prompt é•¿åº¦: 3652 å­—ç¬¦
[2025-08-03 08:50:33] Agent.enhanced_real_verilog_agent - INFO - ğŸ”§ æ³¨å†ŒFunction Callingå·¥å…·: analyze_design_requirements
[2025-08-03 08:50:33] Agent.enhanced_real_verilog_agent - INFO - ğŸ”§ æ³¨å†ŒFunction Callingå·¥å…·: generate_verilog_code
[2025-08-03 08:50:33] Agent.enhanced_real_verilog_agent - INFO - ğŸ”§ æ³¨å†ŒFunction Callingå·¥å…·: search_existing_modules
[2025-08-03 08:50:33] Agent.enhanced_real_verilog_agent - INFO - ğŸ”§ æ³¨å†ŒFunction Callingå·¥å…·: analyze_code_quality
[2025-08-03 08:50:33] Agent.enhanced_real_verilog_agent - INFO - ğŸ”§ æ³¨å†ŒFunction Callingå·¥å…·: generate_testbench
[2025-08-03 08:50:33] Agent.enhanced_real_verilog_agent - INFO - ğŸ”§ å¢å¼ºVerilogè®¾è®¡æ™ºèƒ½ä½“(Schemaæ”¯æŒ)åˆå§‹åŒ–å®Œæˆ
[2025-08-03 08:50:33] EnhancedRealVerilogAgent - INFO - EnhancedRealVerilogAgentåˆå§‹åŒ–å®Œæˆ
[2025-08-03 08:50:33] Agent.enhanced_real_code_review_agent - INFO - ğŸ› ï¸ ä¼ ç»Ÿå·¥å…·è°ƒç”¨å·²å¯ç”¨: æƒé™=2
[2025-08-03 08:50:33] Agent.enhanced_real_code_review_agent - INFO - ğŸ”§ æ³¨å†ŒFunction Callingå·¥å…·: write_file
[2025-08-03 08:50:33] Agent.enhanced_real_code_review_agent - INFO - ğŸ”§ æ³¨å†ŒFunction Callingå·¥å…·: read_file
[2025-08-03 08:50:33] Agent.enhanced_real_code_review_agent - INFO - âœ… EnhancedRealCodeReviewAgent (Function Callingæ”¯æŒ) åˆå§‹åŒ–å®Œæˆ
[2025-08-03 08:50:33] Agent.enhanced_real_code_review_agent - DEBUG - ğŸ“ System prompt é•¿åº¦: 3921 å­—ç¬¦
[2025-08-03 08:50:33] Agent.enhanced_real_code_review_agent - INFO - ğŸ”§ æ³¨å†ŒFunction Callingå·¥å…·: generate_testbench
[2025-08-03 08:50:33] Agent.enhanced_real_code_review_agent - INFO - ğŸ”§ æ³¨å†ŒFunction Callingå·¥å…·: run_simulation
[2025-08-03 08:50:33] Agent.enhanced_real_code_review_agent - INFO - ğŸ”§ æ³¨å†ŒFunction Callingå·¥å…·: analyze_code_quality
[2025-08-03 08:50:33] Agent.enhanced_real_code_review_agent - INFO - ğŸ”§ æ³¨å†ŒFunction Callingå·¥å…·: generate_build_script
[2025-08-03 08:50:33] Agent.enhanced_real_code_review_agent - INFO - ğŸ”§ æ³¨å†ŒFunction Callingå·¥å…·: execute_build_script
[2025-08-03 08:50:33] Agent.enhanced_real_code_review_agent - INFO - ğŸ”§ æ³¨å†ŒFunction Callingå·¥å…·: analyze_coverage
[2025-08-03 08:50:33] Agent.enhanced_real_code_review_agent - INFO - ğŸ”§ æ³¨å†ŒFunction Callingå·¥å…·: analyze_test_failures
[2025-08-03 08:50:33] Agent.enhanced_real_code_review_agent - INFO - ğŸ” å¢å¼ºä»£ç å®¡æŸ¥æ™ºèƒ½ä½“(Schemaæ”¯æŒ)åˆå§‹åŒ–å®Œæˆ
[2025-08-03 08:50:33] EnhancedRealCodeReviewAgent - INFO - EnhancedRealCodeReviewAgentåˆå§‹åŒ–å®Œæˆ
[2025-08-03 08:50:33] Agent.enhanced_real_code_review_agent - INFO - ğŸ“¨ æ”¶åˆ°ä»»åŠ¡æ¶ˆæ¯: task_execution
[2025-08-03 08:50:33] Agent.enhanced_real_code_review_agent - INFO - ğŸ¯ å¼€å§‹æ‰§è¡Œå¢å¼ºä»£ç å®¡æŸ¥ä»»åŠ¡: conv_1754182233
[2025-08-03 08:50:47] Agent.enhanced_real_code_review_agent - INFO - ğŸ§ª ç”Ÿæˆæµ‹è¯•å°: adder_16bit
[2025-08-03 08:51:35] Agent.enhanced_real_code_review_agent - INFO - ğŸ“ å†™å…¥æ–‡ä»¶: testbench_adder_16bit.v
[2025-08-03 08:51:35] Agent.enhanced_real_code_review_agent - INFO - ğŸ” filename: testbench_adder_16bit.v
[2025-08-03 08:51:35] Agent.enhanced_real_code_review_agent - INFO - ğŸ” file type: verilog
[2025-08-03 08:51:35] Agent.enhanced_real_code_review_agent - INFO - ğŸ§¹ ä½¿ç”¨æ™ºèƒ½ä»£ç æå–å¤„ç†Verilogæ–‡ä»¶
[2025-08-03 08:51:35] Agent.enhanced_real_code_review_agent - INFO - ğŸ” å¼€å§‹æå–Verilogä»£ç ï¼ŒåŸå§‹å†…å®¹é•¿åº¦: 8146
[2025-08-03 08:51:35] Agent.enhanced_real_code_review_agent - INFO - âœ… æ‰¾åˆ° 1 ä¸ªVerilogä»£ç å—
[2025-08-03 08:51:35] Agent.enhanced_real_code_review_agent - INFO - âœ… ä»£ç å— 1 éªŒè¯é€šè¿‡ï¼Œé•¿åº¦: 7406
[2025-08-03 08:51:35] Agent.enhanced_real_code_review_agent - INFO - âœ… æˆåŠŸæå–Verilogä»£ç ï¼Œé•¿åº¦: 7406
[2025-08-03 08:51:35] Agent.enhanced_real_code_review_agent - INFO - ğŸ§¹ Verilogä»£ç æå–æˆåŠŸï¼š8146 -> 7406 å­—ç¬¦
[2025-08-03 08:51:35] Agent.enhanced_real_code_review_agent - INFO - ğŸ§¹ å†…å®¹å·²æ¸…ç†ï¼š8146 -> 7406 å­—ç¬¦
[2025-08-03 08:51:35] Agent.enhanced_real_code_review_agent - INFO - âœ… æ–‡ä»¶å·²é€šè¿‡ä¸­å¤®ç®¡ç†å™¨ä¿å­˜: testbench_adder_16bit.v (file path: /home/haiyan/Research/CentralizedAgentFramework/file_workspace/testbenches/testbench_adder_16bit.v) (ID: c24a8cc4)
[2025-08-03 08:51:35] Agent.enhanced_real_code_review_agent - INFO - ğŸ” è¿è¡Œä»¿çœŸ: adder_16bit.v adder_16bit_tb.v None None iverilog {}
[2025-08-03 08:51:35] Agent.enhanced_real_code_review_agent - INFO - ğŸ”¬ è¿è¡Œä»¿çœŸ: iverilog
[2025-08-03 08:51:35] Agent.enhanced_real_code_review_agent - INFO - ğŸ“ æ‰¾åˆ°æ¨¡å—æ–‡ä»¶: file_workspace/designs/adder_16bit.v
[2025-08-03 08:51:35] Agent.enhanced_real_code_review_agent - INFO - ğŸ“ æ‰¾åˆ°æµ‹è¯•å°æ–‡ä»¶: file_workspace/testbenches/testbench_adder_16bit.v
[2025-08-03 08:51:35] Agent.enhanced_real_code_review_agent - INFO - ğŸ”¨ å¼€å§‹ç¼–è¯‘ 2 ä¸ªæ–‡ä»¶
[2025-08-03 08:51:35] Agent.enhanced_real_code_review_agent - INFO - ğŸ”¨ ç¼–è¯‘å‘½ä»¤: iverilog -o logs/experiment_20250803_085033/artifacts/simulation file_workspace/designs/adder_16bit.v file_workspace/testbenches/testbench_adder_16bit.v
[2025-08-03 08:51:35] Agent.enhanced_real_code_review_agent - INFO - ğŸ”¨ ç¼–è¯‘å·¥ä½œç›®å½•: /home/haiyan/Research/CentralizedAgentFramework
[2025-08-03 08:51:35] Agent.enhanced_real_code_review_agent - ERROR - âŒ ç¼–è¯‘å¤±è´¥ï¼Œè¿”å›ç : 81
[2025-08-03 08:51:35] Agent.enhanced_real_code_review_agent - ERROR - ç¼–è¯‘é”™è¯¯: file_workspace/testbenches/testbench_adder_16bit.v:6: syntax error
file_workspace/testbenches/testbench_adder_16bit.v:6: error: Invalid module item.
file_workspace/testbenches/testbench_adder_16bit.v:77: syntax error
file_workspace/testbenches/testbench_adder_16bit.v:77: error: Malformed statement
file_workspace/testbenches/testbench_adder_16bit.v:78: syntax error
file_workspace/testbenches/testbench_adder_16bit.v:78: error: Malformed statement
file_workspace/testbenches/testbench_adder_16bit.v:84: syntax error
file_workspace/testbenches/testbench_adder_16bit.v:84: error: Malformed statement
file_workspace/testbenches/testbench_adder_16bit.v:85: syntax error
file_workspace/testbenches/testbench_adder_16bit.v:85: error: Malformed statement
file_workspace/testbenches/testbench_adder_16bit.v:91: syntax error
file_workspace/testbenches/testbench_adder_16bit.v:91: error: Malformed statement
file_workspace/testbenches/testbench_adder_16bit.v:92: syntax error
file_workspace/testbenches/testbench_adder_16bit.v:92: error: Malformed statement
file_workspace/testbenches/testbench_adder_16bit.v:98: syntax error
file_workspace/testbenches/testbench_adder_16bit.v:98: error: Malformed statement
file_workspace/testbenches/testbench_adder_16bit.v:99: syntax error
file_workspace/testbenches/testbench_adder_16bit.v:99: error: Malformed statement
file_workspace/testbenches/testbench_adder_16bit.v:105: syntax error
file_workspace/testbenches/testbench_adder_16bit.v:105: error: Malformed statement
file_workspace/testbenches/testbench_adder_16bit.v:106: syntax error
file_workspace/testbenches/testbench_adder_16bit.v:106: error: Malformed statement
file_workspace/testbenches/testbench_adder_16bit.v:70: error: Task body with multiple statements requires SystemVerilog.
file_workspace/testbenches/testbench_adder_16bit.v:1: error: Task body with multiple statements requires SystemVerilog.
file_workspace/testbenches/testbench_adder_16bit.v:117: syntax error
file_workspace/testbenches/testbench_adder_16bit.v:117: error: Malformed statement
file_workspace/testbenches/testbench_adder_16bit.v:118: syntax error
file_workspace/testbenches/testbench_adder_16bit.v:118: error: Malformed statement
file_workspace/testbenches/testbench_adder_16bit.v:123: syntax error
file_workspace/testbenches/testbench_adder_16bit.v:123: error: Malformed statement
file_workspace/testbenches/testbench_adder_16bit.v:124: syntax error
file_workspace/testbenches/testbench_adder_16bit.v:124: error: Malformed statement
file_workspace/testbenches/testbench_adder_16bit.v:129: syntax error
file_workspace/testbenches/testbench_adder_16bit.v:129: error: Malformed statement
file_workspace/testbenches/testbench_adder_16bit.v:130: syntax error
file_workspace/testbenches/testbench_adder_16bit.v:130: error: Malformed statement
file_workspace/testbenches/testbench_adder_16bit.v:110: error: Task body with multiple statements requires SystemVerilog.
file_workspace/testbenches/testbench_adder_16bit.v:1: error: Task body with multiple statements requires SystemVerilog.
file_workspace/testbenches/testbench_adder_16bit.v:141: syntax error
file_workspace/testbenches/testbench_adder_16bit.v:141: error: Malformed statement
file_workspace/testbenches/testbench_adder_16bit.v:142: syntax error
file_workspace/testbenches/testbench_adder_16bit.v:142: error: Malformed statement
file_workspace/testbenches/testbench_adder_16bit.v:148: syntax error
file_workspace/testbenches/testbench_adder_16bit.v:148: error: Malformed statement
file_workspace/testbenches/testbench_adder_16bit.v:149: syntax error
file_workspace/testbenches/testbench_adder_16bit.v:149: error: Malformed statement
file_workspace/testbenches/testbench_adder_16bit.v:155: syntax error
file_workspace/testbenches/testbench_adder_16bit.v:155: error: Malformed statement
file_workspace/testbenches/testbench_adder_16bit.v:156: syntax error
file_workspace/testbenches/testbench_adder_16bit.v:156: error: Malformed statement
file_workspace/testbenches/testbench_adder_16bit.v:162: syntax error
file_workspace/testbenches/testbench_adder_16bit.v:162: error: Malformed statement
file_workspace/testbenches/testbench_adder_16bit.v:163: syntax error
file_workspace/testbenches/testbench_adder_16bit.v:163: error: Malformed statement
file_workspace/testbenches/testbench_adder_16bit.v:134: error: Task body with multiple statements requires SystemVerilog.
file_workspace/testbenches/testbench_adder_16bit.v:1: error: Task body with multiple statements requires SystemVerilog.
file_workspace/testbenches/testbench_adder_16bit.v:174: syntax error
file_workspace/testbenches/testbench_adder_16bit.v:174: error: Malformed statement
file_workspace/testbenches/testbench_adder_16bit.v:175: syntax error
file_workspace/testbenches/testbench_adder_16bit.v:175: error: Malformed statement
file_workspace/testbenches/testbench_adder_16bit.v:181: syntax error
file_workspace/testbenches/testbench_adder_16bit.v:181: error: Malformed statement
file_workspace/testbenches/testbench_adder_16bit.v:182: syntax error
file_workspace/testbenches/testbench_adder_16bit.v:182: error: Malformed statement
file_workspace/testbenches/testbench_adder_16bit.v:188: syntax error
file_workspace/testbenches/testbench_adder_16bit.v:188: error: Malformed statement
file_workspace/testbenches/testbench_adder_16bit.v:189: syntax error
file_workspace/testbenches/testbench_adder_16bit.v:189: error: Malformed statement
file_workspace/testbenches/testbench_adder_16bit.v:167: error: Task body with multiple statements requires SystemVerilog.
file_workspace/testbenches/testbench_adder_16bit.v:1: error: Task body with multiple statements requires SystemVerilog.
file_workspace/testbenches/testbench_adder_16bit.v:197: syntax error
file_workspace/testbenches/testbench_adder_16bit.v:198: error: Empty function argument list requires SystemVerilog.
file_workspace/testbenches/testbench_adder_16bit.v:199: error: Empty function argument list requires SystemVerilog.
file_workspace/testbenches/testbench_adder_16bit.v:200: error: Empty function argument list requires SystemVerilog.
file_workspace/testbenches/testbench_adder_16bit.v:204: syntax error
file_workspace/testbenches/testbench_adder_16bit.v:204: Syntax in assignment statement l-value.
file_workspace/testbenches/testbench_adder_16bit.v:205: syntax error
file_workspace/testbenches/testbench_adder_16bit.v:205: Syntax in assignment statement l-value.
file_workspace/testbenches/testbench_adder_16bit.v:206: syntax error
file_workspace/testbenches/testbench_adder_16bit.v:206: Syntax in assignment statement l-value.
file_workspace/testbenches/testbench_adder_16bit.v:197: error: Incomprehensible for loop.

[2025-08-03 08:51:35] Agent.enhanced_real_code_review_agent - INFO - ğŸ” ä»¿çœŸç»“æœ: {'success': False, 'error': 'ç¼–è¯‘å¤±è´¥: file_workspace/testbenches/testbench_adder_16bit.v:6: syntax error\nfile_workspace/testbenches/testbench_adder_16bit.v:6: error: Invalid module item.\nfile_workspace/testbenches/testbench_adder_16bit.v:77: syntax error\nfile_workspace/testbenches/testbench_adder_16bit.v:77: error: Malformed statement\nfile_workspace/testbenches/testbench_adder_16bit.v:78: syntax error\nfile_workspace/testbenches/testbench_adder_16bit.v:78: error: Malformed statement\nfile_workspace/testbenches/testbench_adder_16bit.v:84: syntax error\nfile_workspace/testbenches/testbench_adder_16bit.v:84: error: Malformed statement\nfile_workspace/testbenches/testbench_adder_16bit.v:85: syntax error\nfile_workspace/testbenches/testbench_adder_16bit.v:85: error: Malformed statement\nfile_workspace/testbenches/testbench_adder_16bit.v:91: syntax error\nfile_workspace/testbenches/testbench_adder_16bit.v:91: error: Malformed statement\nfile_workspace/testbenches/testbench_adder_16bit.v:92: syntax error\nfile_workspace/testbenches/testbench_adder_16bit.v:92: error: Malformed statement\nfile_workspace/testbenches/testbench_adder_16bit.v:98: syntax error\nfile_workspace/testbenches/testbench_adder_16bit.v:98: error: Malformed statement\nfile_workspace/testbenches/testbench_adder_16bit.v:99: syntax error\nfile_workspace/testbenches/testbench_adder_16bit.v:99: error: Malformed statement\nfile_workspace/testbenches/testbench_adder_16bit.v:105: syntax error\nfile_workspace/testbenches/testbench_adder_16bit.v:105: error: Malformed statement\nfile_workspace/testbenches/testbench_adder_16bit.v:106: syntax error\nfile_workspace/testbenches/testbench_adder_16bit.v:106: error: Malformed statement\nfile_workspace/testbenches/testbench_adder_16bit.v:70: error: Task body with multiple statements requires SystemVerilog.\nfile_workspace/testbenches/testbench_adder_16bit.v:1: error: Task body with multiple statements requires SystemVerilog.\nfile_workspace/testbenches/testbench_adder_16bit.v:117: syntax error\nfile_workspace/testbenches/testbench_adder_16bit.v:117: error: Malformed statement\nfile_workspace/testbenches/testbench_adder_16bit.v:118: syntax error\nfile_workspace/testbenches/testbench_adder_16bit.v:118: error: Malformed statement\nfile_workspace/testbenches/testbench_adder_16bit.v:123: syntax error\nfile_workspace/testbenches/testbench_adder_16bit.v:123: error: Malformed statement\nfile_workspace/testbenches/testbench_adder_16bit.v:124: syntax error\nfile_workspace/testbenches/testbench_adder_16bit.v:124: error: Malformed statement\nfile_workspace/testbenches/testbench_adder_16bit.v:129: syntax error\nfile_workspace/testbenches/testbench_adder_16bit.v:129: error: Malformed statement\nfile_workspace/testbenches/testbench_adder_16bit.v:130: syntax error\nfile_workspace/testbenches/testbench_adder_16bit.v:130: error: Malformed statement\nfile_workspace/testbenches/testbench_adder_16bit.v:110: error: Task body with multiple statements requires SystemVerilog.\nfile_workspace/testbenches/testbench_adder_16bit.v:1: error: Task body with multiple statements requires SystemVerilog.\nfile_workspace/testbenches/testbench_adder_16bit.v:141: syntax error\nfile_workspace/testbenches/testbench_adder_16bit.v:141: error: Malformed statement\nfile_workspace/testbenches/testbench_adder_16bit.v:142: syntax error\nfile_workspace/testbenches/testbench_adder_16bit.v:142: error: Malformed statement\nfile_workspace/testbenches/testbench_adder_16bit.v:148: syntax error\nfile_workspace/testbenches/testbench_adder_16bit.v:148: error: Malformed statement\nfile_workspace/testbenches/testbench_adder_16bit.v:149: syntax error\nfile_workspace/testbenches/testbench_adder_16bit.v:149: error: Malformed statement\nfile_workspace/testbenches/testbench_adder_16bit.v:155: syntax error\nfile_workspace/testbenches/testbench_adder_16bit.v:155: error: Malformed statement\nfile_workspace/testbenches/testbench_adder_16bit.v:156: syntax error\nfile_workspace/testbenches/testbench_adder_16bit.v:156: error: Malformed statement\nfile_workspace/testbenches/testbench_adder_16bit.v:162: syntax error\nfile_workspace/testbenches/testbench_adder_16bit.v:162: error: Malformed statement\nfile_workspace/testbenches/testbench_adder_16bit.v:163: syntax error\nfile_workspace/testbenches/testbench_adder_16bit.v:163: error: Malformed statement\nfile_workspace/testbenches/testbench_adder_16bit.v:134: error: Task body with multiple statements requires SystemVerilog.\nfile_workspace/testbenches/testbench_adder_16bit.v:1: error: Task body with multiple statements requires SystemVerilog.\nfile_workspace/testbenches/testbench_adder_16bit.v:174: syntax error\nfile_workspace/testbenches/testbench_adder_16bit.v:174: error: Malformed statement\nfile_workspace/testbenches/testbench_adder_16bit.v:175: syntax error\nfile_workspace/testbenches/testbench_adder_16bit.v:175: error: Malformed statement\nfile_workspace/testbenches/testbench_adder_16bit.v:181: syntax error\nfile_workspace/testbenches/testbench_adder_16bit.v:181: error: Malformed statement\nfile_workspace/testbenches/testbench_adder_16bit.v:182: syntax error\nfile_workspace/testbenches/testbench_adder_16bit.v:182: error: Malformed statement\nfile_workspace/testbenches/testbench_adder_16bit.v:188: syntax error\nfile_workspace/testbenches/testbench_adder_16bit.v:188: error: Malformed statement\nfile_workspace/testbenches/testbench_adder_16bit.v:189: syntax error\nfile_workspace/testbenches/testbench_adder_16bit.v:189: error: Malformed statement\nfile_workspace/testbenches/testbench_adder_16bit.v:167: error: Task body with multiple statements requires SystemVerilog.\nfile_workspace/testbenches/testbench_adder_16bit.v:1: error: Task body with multiple statements requires SystemVerilog.\nfile_workspace/testbenches/testbench_adder_16bit.v:197: syntax error\nfile_workspace/testbenches/testbench_adder_16bit.v:198: error: Empty function argument list requires SystemVerilog.\nfile_workspace/testbenches/testbench_adder_16bit.v:199: error: Empty function argument list requires SystemVerilog.\nfile_workspace/testbenches/testbench_adder_16bit.v:200: error: Empty function argument list requires SystemVerilog.\nfile_workspace/testbenches/testbench_adder_16bit.v:204: syntax error\nfile_workspace/testbenches/testbench_adder_16bit.v:204: Syntax in assignment statement l-value.\nfile_workspace/testbenches/testbench_adder_16bit.v:205: syntax error\nfile_workspace/testbenches/testbench_adder_16bit.v:205: Syntax in assignment statement l-value.\nfile_workspace/testbenches/testbench_adder_16bit.v:206: syntax error\nfile_workspace/testbenches/testbench_adder_16bit.v:206: Syntax in assignment statement l-value.\nfile_workspace/testbenches/testbench_adder_16bit.v:197: error: Incomprehensible for loop.\n', 'stage': 'compilation', 'compilation_output': 'file_workspace/testbenches/testbench_adder_16bit.v:6: syntax error\nfile_workspace/testbenches/testbench_adder_16bit.v:6: error: Invalid module item.\nfile_workspace/testbenches/testbench_adder_16bit.v:77: syntax error\nfile_workspace/testbenches/testbench_adder_16bit.v:77: error: Malformed statement\nfile_workspace/testbenches/testbench_adder_16bit.v:78: syntax error\nfile_workspace/testbenches/testbench_adder_16bit.v:78: error: Malformed statement\nfile_workspace/testbenches/testbench_adder_16bit.v:84: syntax error\nfile_workspace/testbenches/testbench_adder_16bit.v:84: error: Malformed statement\nfile_workspace/testbenches/testbench_adder_16bit.v:85: syntax error\nfile_workspace/testbenches/testbench_adder_16bit.v:85: error: Malformed statement\nfile_workspace/testbenches/testbench_adder_16bit.v:91: syntax error\nfile_workspace/testbenches/testbench_adder_16bit.v:91: error: Malformed statement\nfile_workspace/testbenches/testbench_adder_16bit.v:92: syntax error\nfile_workspace/testbenches/testbench_adder_16bit.v:92: error: Malformed statement\nfile_workspace/testbenches/testbench_adder_16bit.v:98: syntax error\nfile_workspace/testbenches/testbench_adder_16bit.v:98: error: Malformed statement\nfile_workspace/testbenches/testbench_adder_16bit.v:99: syntax error\nfile_workspace/testbenches/testbench_adder_16bit.v:99: error: Malformed statement\nfile_workspace/testbenches/testbench_adder_16bit.v:105: syntax error\nfile_workspace/testbenches/testbench_adder_16bit.v:105: error: Malformed statement\nfile_workspace/testbenches/testbench_adder_16bit.v:106: syntax error\nfile_workspace/testbenches/testbench_adder_16bit.v:106: error: Malformed statement\nfile_workspace/testbenches/testbench_adder_16bit.v:70: error: Task body with multiple statements requires SystemVerilog.\nfile_workspace/testbenches/testbench_adder_16bit.v:1: error: Task body with multiple statements requires SystemVerilog.\nfile_workspace/testbenches/testbench_adder_16bit.v:117: syntax error\nfile_workspace/testbenches/testbench_adder_16bit.v:117: error: Malformed statement\nfile_workspace/testbenches/testbench_adder_16bit.v:118: syntax error\nfile_workspace/testbenches/testbench_adder_16bit.v:118: error: Malformed statement\nfile_workspace/testbenches/testbench_adder_16bit.v:123: syntax error\nfile_workspace/testbenches/testbench_adder_16bit.v:123: error: Malformed statement\nfile_workspace/testbenches/testbench_adder_16bit.v:124: syntax error\nfile_workspace/testbenches/testbench_adder_16bit.v:124: error: Malformed statement\nfile_workspace/testbenches/testbench_adder_16bit.v:129: syntax error\nfile_workspace/testbenches/testbench_adder_16bit.v:129: error: Malformed statement\nfile_workspace/testbenches/testbench_adder_16bit.v:130: syntax error\nfile_workspace/testbenches/testbench_adder_16bit.v:130: error: Malformed statement\nfile_workspace/testbenches/testbench_adder_16bit.v:110: error: Task body with multiple statements requires SystemVerilog.\nfile_workspace/testbenches/testbench_adder_16bit.v:1: error: Task body with multiple statements requires SystemVerilog.\nfile_workspace/testbenches/testbench_adder_16bit.v:141: syntax error\nfile_workspace/testbenches/testbench_adder_16bit.v:141: error: Malformed statement\nfile_workspace/testbenches/testbench_adder_16bit.v:142: syntax error\nfile_workspace/testbenches/testbench_adder_16bit.v:142: error: Malformed statement\nfile_workspace/testbenches/testbench_adder_16bit.v:148: syntax error\nfile_workspace/testbenches/testbench_adder_16bit.v:148: error: Malformed statement\nfile_workspace/testbenches/testbench_adder_16bit.v:149: syntax error\nfile_workspace/testbenches/testbench_adder_16bit.v:149: error: Malformed statement\nfile_workspace/testbenches/testbench_adder_16bit.v:155: syntax error\nfile_workspace/testbenches/testbench_adder_16bit.v:155: error: Malformed statement\nfile_workspace/testbenches/testbench_adder_16bit.v:156: syntax error\nfile_workspace/testbenches/testbench_adder_16bit.v:156: error: Malformed statement\nfile_workspace/testbenches/testbench_adder_16bit.v:162: syntax error\nfile_workspace/testbenches/testbench_adder_16bit.v:162: error: Malformed statement\nfile_workspace/testbenches/testbench_adder_16bit.v:163: syntax error\nfile_workspace/testbenches/testbench_adder_16bit.v:163: error: Malformed statement\nfile_workspace/testbenches/testbench_adder_16bit.v:134: error: Task body with multiple statements requires SystemVerilog.\nfile_workspace/testbenches/testbench_adder_16bit.v:1: error: Task body with multiple statements requires SystemVerilog.\nfile_workspace/testbenches/testbench_adder_16bit.v:174: syntax error\nfile_workspace/testbenches/testbench_adder_16bit.v:174: error: Malformed statement\nfile_workspace/testbenches/testbench_adder_16bit.v:175: syntax error\nfile_workspace/testbenches/testbench_adder_16bit.v:175: error: Malformed statement\nfile_workspace/testbenches/testbench_adder_16bit.v:181: syntax error\nfile_workspace/testbenches/testbench_adder_16bit.v:181: error: Malformed statement\nfile_workspace/testbenches/testbench_adder_16bit.v:182: syntax error\nfile_workspace/testbenches/testbench_adder_16bit.v:182: error: Malformed statement\nfile_workspace/testbenches/testbench_adder_16bit.v:188: syntax error\nfile_workspace/testbenches/testbench_adder_16bit.v:188: error: Malformed statement\nfile_workspace/testbenches/testbench_adder_16bit.v:189: syntax error\nfile_workspace/testbenches/testbench_adder_16bit.v:189: error: Malformed statement\nfile_workspace/testbenches/testbench_adder_16bit.v:167: error: Task body with multiple statements requires SystemVerilog.\nfile_workspace/testbenches/testbench_adder_16bit.v:1: error: Task body with multiple statements requires SystemVerilog.\nfile_workspace/testbenches/testbench_adder_16bit.v:197: syntax error\nfile_workspace/testbenches/testbench_adder_16bit.v:198: error: Empty function argument list requires SystemVerilog.\nfile_workspace/testbenches/testbench_adder_16bit.v:199: error: Empty function argument list requires SystemVerilog.\nfile_workspace/testbenches/testbench_adder_16bit.v:200: error: Empty function argument list requires SystemVerilog.\nfile_workspace/testbenches/testbench_adder_16bit.v:204: syntax error\nfile_workspace/testbenches/testbench_adder_16bit.v:204: Syntax in assignment statement l-value.\nfile_workspace/testbenches/testbench_adder_16bit.v:205: syntax error\nfile_workspace/testbenches/testbench_adder_16bit.v:205: Syntax in assignment statement l-value.\nfile_workspace/testbenches/testbench_adder_16bit.v:206: syntax error\nfile_workspace/testbenches/testbench_adder_16bit.v:206: Syntax in assignment statement l-value.\nfile_workspace/testbenches/testbench_adder_16bit.v:197: error: Incomprehensible for loop.\n', 'command': 'iverilog -o logs/experiment_20250803_085033/artifacts/simulation file_workspace/designs/adder_16bit.v file_workspace/testbenches/testbench_adder_16bit.v'}
[2025-08-03 08:51:35] Agent.enhanced_real_code_review_agent - ERROR - âŒ ä»¿çœŸæ‰§è¡Œå¤±è´¥ (compilation): ç¼–è¯‘å¤±è´¥: file_workspace/testbenches/testbench_adder_16bit.v:6: syntax error
file_workspace/testbenches/testbench_adder_16bit.v:6: error: Invalid module item.
file_workspace/testbenches/testbench_adder_16bit.v:77: syntax error
file_workspace/testbenches/testbench_adder_16bit.v:77: error: Malformed statement
file_workspace/testbenches/testbench_adder_16bit.v:78: syntax error
file_workspace/testbenches/testbench_adder_16bit.v:78: error: Malformed statement
file_workspace/testbenches/testbench_adder_16bit.v:84: syntax error
file_workspace/testbenches/testbench_adder_16bit.v:84: error: Malformed statement
file_workspace/testbenches/testbench_adder_16bit.v:85: syntax error
file_workspace/testbenches/testbench_adder_16bit.v:85: error: Malformed statement
file_workspace/testbenches/testbench_adder_16bit.v:91: syntax error
file_workspace/testbenches/testbench_adder_16bit.v:91: error: Malformed statement
file_workspace/testbenches/testbench_adder_16bit.v:92: syntax error
file_workspace/testbenches/testbench_adder_16bit.v:92: error: Malformed statement
file_workspace/testbenches/testbench_adder_16bit.v:98: syntax error
file_workspace/testbenches/testbench_adder_16bit.v:98: error: Malformed statement
file_workspace/testbenches/testbench_adder_16bit.v:99: syntax error
file_workspace/testbenches/testbench_adder_16bit.v:99: error: Malformed statement
file_workspace/testbenches/testbench_adder_16bit.v:105: syntax error
file_workspace/testbenches/testbench_adder_16bit.v:105: error: Malformed statement
file_workspace/testbenches/testbench_adder_16bit.v:106: syntax error
file_workspace/testbenches/testbench_adder_16bit.v:106: error: Malformed statement
file_workspace/testbenches/testbench_adder_16bit.v:70: error: Task body with multiple statements requires SystemVerilog.
file_workspace/testbenches/testbench_adder_16bit.v:1: error: Task body with multiple statements requires SystemVerilog.
file_workspace/testbenches/testbench_adder_16bit.v:117: syntax error
file_workspace/testbenches/testbench_adder_16bit.v:117: error: Malformed statement
file_workspace/testbenches/testbench_adder_16bit.v:118: syntax error
file_workspace/testbenches/testbench_adder_16bit.v:118: error: Malformed statement
file_workspace/testbenches/testbench_adder_16bit.v:123: syntax error
file_workspace/testbenches/testbench_adder_16bit.v:123: error: Malformed statement
file_workspace/testbenches/testbench_adder_16bit.v:124: syntax error
file_workspace/testbenches/testbench_adder_16bit.v:124: error: Malformed statement
file_workspace/testbenches/testbench_adder_16bit.v:129: syntax error
file_workspace/testbenches/testbench_adder_16bit.v:129: error: Malformed statement
file_workspace/testbenches/testbench_adder_16bit.v:130: syntax error
file_workspace/testbenches/testbench_adder_16bit.v:130: error: Malformed statement
file_workspace/testbenches/testbench_adder_16bit.v:110: error: Task body with multiple statements requires SystemVerilog.
file_workspace/testbenches/testbench_adder_16bit.v:1: error: Task body with multiple statements requires SystemVerilog.
file_workspace/testbenches/testbench_adder_16bit.v:141: syntax error
file_workspace/testbenches/testbench_adder_16bit.v:141: error: Malformed statement
file_workspace/testbenches/testbench_adder_16bit.v:142: syntax error
file_workspace/testbenches/testbench_adder_16bit.v:142: error: Malformed statement
file_workspace/testbenches/testbench_adder_16bit.v:148: syntax error
file_workspace/testbenches/testbench_adder_16bit.v:148: error: Malformed statement
file_workspace/testbenches/testbench_adder_16bit.v:149: syntax error
file_workspace/testbenches/testbench_adder_16bit.v:149: error: Malformed statement
file_workspace/testbenches/testbench_adder_16bit.v:155: syntax error
file_workspace/testbenches/testbench_adder_16bit.v:155: error: Malformed statement
file_workspace/testbenches/testbench_adder_16bit.v:156: syntax error
file_workspace/testbenches/testbench_adder_16bit.v:156: error: Malformed statement
file_workspace/testbenches/testbench_adder_16bit.v:162: syntax error
file_workspace/testbenches/testbench_adder_16bit.v:162: error: Malformed statement
file_workspace/testbenches/testbench_adder_16bit.v:163: syntax error
file_workspace/testbenches/testbench_adder_16bit.v:163: error: Malformed statement
file_workspace/testbenches/testbench_adder_16bit.v:134: error: Task body with multiple statements requires SystemVerilog.
file_workspace/testbenches/testbench_adder_16bit.v:1: error: Task body with multiple statements requires SystemVerilog.
file_workspace/testbenches/testbench_adder_16bit.v:174: syntax error
file_workspace/testbenches/testbench_adder_16bit.v:174: error: Malformed statement
file_workspace/testbenches/testbench_adder_16bit.v:175: syntax error
file_workspace/testbenches/testbench_adder_16bit.v:175: error: Malformed statement
file_workspace/testbenches/testbench_adder_16bit.v:181: syntax error
file_workspace/testbenches/testbench_adder_16bit.v:181: error: Malformed statement
file_workspace/testbenches/testbench_adder_16bit.v:182: syntax error
file_workspace/testbenches/testbench_adder_16bit.v:182: error: Malformed statement
file_workspace/testbenches/testbench_adder_16bit.v:188: syntax error
file_workspace/testbenches/testbench_adder_16bit.v:188: error: Malformed statement
file_workspace/testbenches/testbench_adder_16bit.v:189: syntax error
file_workspace/testbenches/testbench_adder_16bit.v:189: error: Malformed statement
file_workspace/testbenches/testbench_adder_16bit.v:167: error: Task body with multiple statements requires SystemVerilog.
file_workspace/testbenches/testbench_adder_16bit.v:1: error: Task body with multiple statements requires SystemVerilog.
file_workspace/testbenches/testbench_adder_16bit.v:197: syntax error
file_workspace/testbenches/testbench_adder_16bit.v:198: error: Empty function argument list requires SystemVerilog.
file_workspace/testbenches/testbench_adder_16bit.v:199: error: Empty function argument list requires SystemVerilog.
file_workspace/testbenches/testbench_adder_16bit.v:200: error: Empty function argument list requires SystemVerilog.
file_workspace/testbenches/testbench_adder_16bit.v:204: syntax error
file_workspace/testbenches/testbench_adder_16bit.v:204: Syntax in assignment statement l-value.
file_workspace/testbenches/testbench_adder_16bit.v:205: syntax error
file_workspace/testbenches/testbench_adder_16bit.v:205: Syntax in assignment statement l-value.
file_workspace/testbenches/testbench_adder_16bit.v:206: syntax error
file_workspace/testbenches/testbench_adder_16bit.v:206: Syntax in assignment statement l-value.
file_workspace/testbenches/testbench_adder_16bit.v:197: error: Incomprehensible for loop.

[2025-08-03 08:51:50] Agent.enhanced_real_code_review_agent - INFO - ğŸ” åˆ†æä»£ç è´¨é‡: ieee1800 æ ‡å‡†
[2025-08-03 08:51:50] Agent.enhanced_real_code_review_agent - INFO - ğŸ§ª ç”Ÿæˆæµ‹è¯•å°: adder_16bit
[2025-08-03 08:52:21] Agent.enhanced_real_code_review_agent - INFO - ğŸ“ å†™å…¥æ–‡ä»¶: testbench_adder_16bit.v
[2025-08-03 08:52:21] Agent.enhanced_real_code_review_agent - INFO - ğŸ” filename: testbench_adder_16bit.v
[2025-08-03 08:52:21] Agent.enhanced_real_code_review_agent - INFO - ğŸ” file type: verilog
[2025-08-03 08:52:21] Agent.enhanced_real_code_review_agent - INFO - ğŸ§¹ ä½¿ç”¨æ™ºèƒ½ä»£ç æå–å¤„ç†Verilogæ–‡ä»¶
[2025-08-03 08:52:21] Agent.enhanced_real_code_review_agent - INFO - ğŸ” å¼€å§‹æå–Verilogä»£ç ï¼ŒåŸå§‹å†…å®¹é•¿åº¦: 5855
[2025-08-03 08:52:21] Agent.enhanced_real_code_review_agent - INFO - âœ… æ‰¾åˆ° 1 ä¸ªVerilogä»£ç å—
[2025-08-03 08:52:21] Agent.enhanced_real_code_review_agent - INFO - âœ… ä»£ç å— 1 éªŒè¯é€šè¿‡ï¼Œé•¿åº¦: 4826
[2025-08-03 08:52:21] Agent.enhanced_real_code_review_agent - INFO - âœ… æˆåŠŸæå–Verilogä»£ç ï¼Œé•¿åº¦: 4826
[2025-08-03 08:52:21] Agent.enhanced_real_code_review_agent - INFO - ğŸ§¹ Verilogä»£ç æå–æˆåŠŸï¼š5855 -> 4826 å­—ç¬¦
[2025-08-03 08:52:21] Agent.enhanced_real_code_review_agent - INFO - ğŸ§¹ å†…å®¹å·²æ¸…ç†ï¼š5855 -> 4826 å­—ç¬¦
[2025-08-03 08:52:21] Agent.enhanced_real_code_review_agent - INFO - âœ… æ–‡ä»¶å·²é€šè¿‡ä¸­å¤®ç®¡ç†å™¨ä¿å­˜: testbench_adder_16bit.v (file path: /home/haiyan/Research/CentralizedAgentFramework/file_workspace/testbenches/testbench_adder_16bit.v) (ID: c24a8cc4)
[2025-08-03 08:52:21] Agent.enhanced_real_code_review_agent - INFO - âœ… ä»£ç å®¡æŸ¥ä»»åŠ¡å®Œæˆ: conv_1754182233
