[2025-08-03 09:18:13] core.schema_system.enhanced_base_agent - ERROR - ❌ analyze_code_quality 参数修复失败
[2025-08-03 09:18:42] core.schema_system.enhanced_base_agent - ERROR - ❌ run_simulation 执行失败 (0.06s): 编译错误:
file_workspace/testbenches/testbench_adder_16bit.v:109: syntax error
file_workspace/testbenches/testbench_adder_16bit.v:109: error: Malformed statement
file_workspace/testbenches/testbench_adder_16bit.v:110: syntax error
file_workspace/testbenches/testbench_adder_16bit.v:111: error: Malformed statement
file_workspace/testbenches/testbench_adder_16bit.v:117: syntax error
file_workspace/testbenches/testbench_adder_16bit.v:117: error: Malformed statement
file_workspace/testbenches/testbench_adder_16bit.v:118: syntax error
file_workspace/testbenches/testbench_adder_16bit.v:119: error: Malformed statement
file_workspace/testbenches/testbench_adder_16bit.v:125: syntax error
file_workspace/testbenches/testbench_adder_16bit.v:125: error: Malformed statement
file_workspace/testbenches/testbench_adder_16bit.v:126: syntax error
file_workspace/testbenches/testbench_adder_16bit.v:127: error: Malformed statement
file_workspace/testbenches/testbench_adder_16bit.v:133: syntax error
file_workspace/testbenches/testbench_adder_16bit.v:133: error: Malformed statement
file_workspace/testbenches/testbench_adder_16bit.v:134: syntax error
file_workspace/testbenches/testbench_adder_16bit.v:135: error: Malformed statement
file_workspace/testbenches/testbench_adder_16bit.v:141: syntax error
file_workspace/testbenches/testbench_adder_16bit.v:141: error: Malformed statement
file_workspace/testbenches/testbench_adder_16bit.v:142: syntax error
file_workspace/testbenches/testbench_adder_16bit.v:143: error: Malformed statement


错误消息: 编译失败: file_workspace/testbenches/testbench_adder_16bit.v:109: syntax error
file_workspace/testbenches/testbench_adder_16bit.v:109: error: Malformed statement
file_workspace/testbenches/testbench_adder_16bit.v:110: syntax error
file_workspace/testbenches/testbench_adder_16bit.v:111: error: Malformed statement
file_workspace/testbenches/testbench_adder_16bit.v:117: syntax error
file_workspace/testbenches/testbench_adder_16bit.v:117: error: Malformed statement
file_workspace/testbenches/testbench_adder_16bit.v:118: syntax error
file_workspace/testbenches/testbench_adder_16bit.v:119: error: Malformed statement
file_workspace/testbenches/testbench_adder_16bit.v:125: syntax error
file_workspace/testbenches/testbench_adder_16bit.v:125: error: Malformed statement
file_workspace/testbenches/testbench_adder_16bit.v:126: syntax error
file_workspace/testbenches/testbench_adder_16bit.v:127: error: Malformed statement
file_workspace/testbenches/testbench_adder_16bit.v:133: syntax error
file_workspace/testbenches/testbench_adder_16bit.v:133: error: Malformed statement
file_workspace/testbenches/testbench_adder_16bit.v:134: syntax error
file_workspace/testbenches/testbench_adder_16bit.v:135: error: Malformed statement
file_workspace/testbenches/testbench_adder_16bit.v:141: syntax error
file_workspace/testbenches/testbench_adder_16bit.v:141: error: Malformed statement
file_workspace/testbenches/testbench_adder_16bit.v:142: syntax error
file_workspace/testbenches/testbench_adder_16bit.v:143: error: Malformed statement

[2025-08-03 09:18:42] core.schema_system.enhanced_base_agent - ERROR - ❌ run_simulation 执行失败，标记为永久失败
[2025-08-03 09:18:42] core.schema_system.enhanced_base_agent - ERROR - ❌ 关键工具永久失败: run_simulation，停止后续工具执行
[2025-08-03 09:19:55] core.schema_system.enhanced_base_agent - ERROR - ❌ run_simulation 执行失败 (0.06s): 编译错误:
file_workspace/testbenches/testbench_adder_16bit.v:113: syntax error
file_workspace/testbenches/testbench_adder_16bit.v:113: error: Incomprehensible for loop.


错误消息: 编译失败: file_workspace/testbenches/testbench_adder_16bit.v:113: syntax error
file_workspace/testbenches/testbench_adder_16bit.v:113: error: Incomprehensible for loop.

[2025-08-03 09:19:55] core.schema_system.enhanced_base_agent - ERROR - ❌ run_simulation 执行失败，标记为永久失败
[2025-08-03 09:19:55] core.schema_system.enhanced_base_agent - ERROR - ❌ 关键工具永久失败: run_simulation，停止后续工具执行
