[2025-08-05 07:43:51] Agent.enhanced_real_code_review_agent - ERROR - âŒ ç¼–è¯‘å¤±è´¥ï¼Œè¿”å›ç : 12
[2025-08-05 07:43:51] Agent.enhanced_real_code_review_agent - ERROR - ç¼–è¯‘é”™è¯¯: file_workspace/testbenches/testbench_adder_4bit.v:1: error: Variable declaration in unnamed block requires SystemVerilog.
file_workspace/testbenches/testbench_adder_4bit.v:1: error: Variable declaration in unnamed block requires SystemVerilog.
file_workspace/testbenches/testbench_adder_4bit.v:1: error: Variable declaration in unnamed block requires SystemVerilog.
file_workspace/testbenches/testbench_adder_4bit.v:1: error: Variable declaration in unnamed block requires SystemVerilog.
file_workspace/testbenches/testbench_adder_4bit.v:1: error: Variable declaration in unnamed block requires SystemVerilog.
file_workspace/testbenches/testbench_adder_4bit.v:1: error: Variable declaration in unnamed block requires SystemVerilog.
file_workspace/testbenches/testbench_adder_4bit.v:1: error: Variable declaration in unnamed block requires SystemVerilog.
file_workspace/testbenches/testbench_adder_4bit.v:1: error: Variable declaration in unnamed block requires SystemVerilog.
file_workspace/testbenches/testbench_adder_4bit.v:1: error: Variable declaration in unnamed block requires SystemVerilog.
file_workspace/testbenches/testbench_adder_4bit.v:1: error: Variable declaration in unnamed block requires SystemVerilog.
file_workspace/testbenches/testbench_adder_4bit.v:1: error: Variable declaration in unnamed block requires SystemVerilog.
file_workspace/testbenches/testbench_adder_4bit.v:1: error: Variable declaration in unnamed block requires SystemVerilog.

[2025-08-05 07:43:51] Agent.enhanced_real_code_review_agent - ERROR - âŒ ä»¿çœŸæ‰§è¡Œå¤±è´¥ (compilation): ç¼–è¯‘å¤±è´¥: file_workspace/testbenches/testbench_adder_4bit.v:1: error: Variable declaration in unnamed block requires SystemVerilog.
file_workspace/testbenches/testbench_adder_4bit.v:1: error: Variable declaration in unnamed block requires SystemVerilog.
file_workspace/testbenches/testbench_adder_4bit.v:1: error: Variable declaration in unnamed block requires SystemVerilog.
file_workspace/testbenches/testbench_adder_4bit.v:1: error: Variable declaration in unnamed block requires SystemVerilog.
file_workspace/testbenches/testbench_adder_4bit.v:1: error: Variable declaration in unnamed block requires SystemVerilog.
file_workspace/testbenches/testbench_adder_4bit.v:1: error: Variable declaration in unnamed block requires SystemVerilog.
file_workspace/testbenches/testbench_adder_4bit.v:1: error: Variable declaration in unnamed block requires SystemVerilog.
file_workspace/testbenches/testbench_adder_4bit.v:1: error: Variable declaration in unnamed block requires SystemVerilog.
file_workspace/testbenches/testbench_adder_4bit.v:1: error: Variable declaration in unnamed block requires SystemVerilog.
file_workspace/testbenches/testbench_adder_4bit.v:1: error: Variable declaration in unnamed block requires SystemVerilog.
file_workspace/testbenches/testbench_adder_4bit.v:1: error: Variable declaration in unnamed block requires SystemVerilog.
file_workspace/testbenches/testbench_adder_4bit.v:1: error: Variable declaration in unnamed block requires SystemVerilog.

[2025-08-05 07:44:04] Agent.enhanced_real_code_review_agent - ERROR - âŒ ç¼–è¯‘å¤±è´¥ï¼Œè¿”å›ç : 12
[2025-08-05 07:44:04] Agent.enhanced_real_code_review_agent - ERROR - ç¼–è¯‘é”™è¯¯: file_workspace/testbenches/testbench_adder_4bit.v:1: error: Variable declaration in unnamed block requires SystemVerilog.
file_workspace/testbenches/testbench_adder_4bit.v:1: error: Variable declaration in unnamed block requires SystemVerilog.
file_workspace/testbenches/testbench_adder_4bit.v:1: error: Variable declaration in unnamed block requires SystemVerilog.
file_workspace/testbenches/testbench_adder_4bit.v:1: error: Variable declaration in unnamed block requires SystemVerilog.
file_workspace/testbenches/testbench_adder_4bit.v:1: error: Variable declaration in unnamed block requires SystemVerilog.
file_workspace/testbenches/testbench_adder_4bit.v:1: error: Variable declaration in unnamed block requires SystemVerilog.
file_workspace/testbenches/testbench_adder_4bit.v:1: error: Variable declaration in unnamed block requires SystemVerilog.
file_workspace/testbenches/testbench_adder_4bit.v:1: error: Variable declaration in unnamed block requires SystemVerilog.
file_workspace/testbenches/testbench_adder_4bit.v:1: error: Variable declaration in unnamed block requires SystemVerilog.
file_workspace/testbenches/testbench_adder_4bit.v:1: error: Variable declaration in unnamed block requires SystemVerilog.
file_workspace/testbenches/testbench_adder_4bit.v:1: error: Variable declaration in unnamed block requires SystemVerilog.
file_workspace/testbenches/testbench_adder_4bit.v:1: error: Variable declaration in unnamed block requires SystemVerilog.

[2025-08-05 07:44:04] Agent.enhanced_real_code_review_agent - ERROR - âŒ ä»¿çœŸæ‰§è¡Œå¤±è´¥ (compilation): ç¼–è¯‘å¤±è´¥: file_workspace/testbenches/testbench_adder_4bit.v:1: error: Variable declaration in unnamed block requires SystemVerilog.
file_workspace/testbenches/testbench_adder_4bit.v:1: error: Variable declaration in unnamed block requires SystemVerilog.
file_workspace/testbenches/testbench_adder_4bit.v:1: error: Variable declaration in unnamed block requires SystemVerilog.
file_workspace/testbenches/testbench_adder_4bit.v:1: error: Variable declaration in unnamed block requires SystemVerilog.
file_workspace/testbenches/testbench_adder_4bit.v:1: error: Variable declaration in unnamed block requires SystemVerilog.
file_workspace/testbenches/testbench_adder_4bit.v:1: error: Variable declaration in unnamed block requires SystemVerilog.
file_workspace/testbenches/testbench_adder_4bit.v:1: error: Variable declaration in unnamed block requires SystemVerilog.
file_workspace/testbenches/testbench_adder_4bit.v:1: error: Variable declaration in unnamed block requires SystemVerilog.
file_workspace/testbenches/testbench_adder_4bit.v:1: error: Variable declaration in unnamed block requires SystemVerilog.
file_workspace/testbenches/testbench_adder_4bit.v:1: error: Variable declaration in unnamed block requires SystemVerilog.
file_workspace/testbenches/testbench_adder_4bit.v:1: error: Variable declaration in unnamed block requires SystemVerilog.
file_workspace/testbenches/testbench_adder_4bit.v:1: error: Variable declaration in unnamed block requires SystemVerilog.

[2025-08-05 07:44:17] Agent.enhanced_real_code_review_agent - ERROR - âŒ ç¼–è¯‘å¤±è´¥ï¼Œè¿”å›ç : 12
[2025-08-05 07:44:17] Agent.enhanced_real_code_review_agent - ERROR - ç¼–è¯‘é”™è¯¯: file_workspace/testbenches/testbench_adder_4bit.v:1: error: Variable declaration in unnamed block requires SystemVerilog.
file_workspace/testbenches/testbench_adder_4bit.v:1: error: Variable declaration in unnamed block requires SystemVerilog.
file_workspace/testbenches/testbench_adder_4bit.v:1: error: Variable declaration in unnamed block requires SystemVerilog.
file_workspace/testbenches/testbench_adder_4bit.v:1: error: Variable declaration in unnamed block requires SystemVerilog.
file_workspace/testbenches/testbench_adder_4bit.v:1: error: Variable declaration in unnamed block requires SystemVerilog.
file_workspace/testbenches/testbench_adder_4bit.v:1: error: Variable declaration in unnamed block requires SystemVerilog.
file_workspace/testbenches/testbench_adder_4bit.v:1: error: Variable declaration in unnamed block requires SystemVerilog.
file_workspace/testbenches/testbench_adder_4bit.v:1: error: Variable declaration in unnamed block requires SystemVerilog.
file_workspace/testbenches/testbench_adder_4bit.v:1: error: Variable declaration in unnamed block requires SystemVerilog.
file_workspace/testbenches/testbench_adder_4bit.v:1: error: Variable declaration in unnamed block requires SystemVerilog.
file_workspace/testbenches/testbench_adder_4bit.v:1: error: Variable declaration in unnamed block requires SystemVerilog.
file_workspace/testbenches/testbench_adder_4bit.v:1: error: Variable declaration in unnamed block requires SystemVerilog.

[2025-08-05 07:44:17] Agent.enhanced_real_code_review_agent - ERROR - âŒ ä»¿çœŸæ‰§è¡Œå¤±è´¥ (compilation): ç¼–è¯‘å¤±è´¥: file_workspace/testbenches/testbench_adder_4bit.v:1: error: Variable declaration in unnamed block requires SystemVerilog.
file_workspace/testbenches/testbench_adder_4bit.v:1: error: Variable declaration in unnamed block requires SystemVerilog.
file_workspace/testbenches/testbench_adder_4bit.v:1: error: Variable declaration in unnamed block requires SystemVerilog.
file_workspace/testbenches/testbench_adder_4bit.v:1: error: Variable declaration in unnamed block requires SystemVerilog.
file_workspace/testbenches/testbench_adder_4bit.v:1: error: Variable declaration in unnamed block requires SystemVerilog.
file_workspace/testbenches/testbench_adder_4bit.v:1: error: Variable declaration in unnamed block requires SystemVerilog.
file_workspace/testbenches/testbench_adder_4bit.v:1: error: Variable declaration in unnamed block requires SystemVerilog.
file_workspace/testbenches/testbench_adder_4bit.v:1: error: Variable declaration in unnamed block requires SystemVerilog.
file_workspace/testbenches/testbench_adder_4bit.v:1: error: Variable declaration in unnamed block requires SystemVerilog.
file_workspace/testbenches/testbench_adder_4bit.v:1: error: Variable declaration in unnamed block requires SystemVerilog.
file_workspace/testbenches/testbench_adder_4bit.v:1: error: Variable declaration in unnamed block requires SystemVerilog.
file_workspace/testbenches/testbench_adder_4bit.v:1: error: Variable declaration in unnamed block requires SystemVerilog.

[2025-08-05 07:44:17] Agent.enhanced_real_code_review_agent - ERROR - âŒ å·¥å…·è°ƒç”¨æœ€ç»ˆå¤±è´¥ run_simulation: å·¥å…·å†…éƒ¨æ‰§è¡Œå¤±è´¥
[2025-08-05 07:44:17] Agent.enhanced_real_code_review_agent - ERROR - ğŸ“Š å¤±è´¥ä¸Šä¸‹æ–‡: {
  "tool_name": "run_simulation",
  "parameters": {
    "module_file": "adder_4bit.v",
    "testbench_file": "testbench_adder_4bit.v"
  },
  "error": "\u5de5\u5177\u5185\u90e8\u6267\u884c\u5931\u8d25",
  "error_type": "Exception",
  "attempt": 3,
  "timestamp": 1754351057.907694,
  "agent_id": "enhanced_real_code_review_agent",
  "role": "code_reviewer",
  "detailed_error": "=== \u5de5\u5177\u6267\u884c\u5931\u8d25\u8be6\u7ec6\u5206\u6790 ===\n\ud83d\udd27 \u5de5\u5177\u540d\u79f0: run_simulation\n\ud83d\udcdd \u9519\u8bef\u7c7b\u578b: Exception\n\ud83d\udd0d \u539f\u59cb\u9519\u8bef: \u5de5\u5177\u5185\u90e8\u6267\u884c\u5931\u8d25\n\ud83d\udcca \u5c1d\u8bd5\u6b21\u6570: 3/3\n\u2699\ufe0f \u8c03\u7528\u53c2\u6570: {'module_file': 'adder_4bit.v', 'testbench_file': 'testbench_adder_4bit.v'}\n\n\ud83c\udfaf \u9519\u8bef\u5206\u6790:\n\u901a\u7528\u6267\u884c\u9519\u8bef: \u5de5\u5177\u6267\u884c\u8fc7\u7a0b\u4e2d\u53d1\u751f\u5f02\u5e38: Exception\n\n\ud83d\udca1 \u53ef\u80fd\u539f\u56e0:\n\u2022 \u5de5\u5177\u5185\u90e8\u903b\u8f91\u9519\u8bef\n\u2022 \u8f93\u5165\u6570\u636e\u683c\u5f0f\u95ee\u9898\n\u2022 \u73af\u5883\u914d\u7f6e\u4e0d\u5f53\n\u2022 \u4f9d\u8d56\u5e93\u7248\u672c\u51b2\u7a81\n\n\ud83d\udd27 \u5efa\u8bae\u4fee\u590d:\n\u2022 \u68c0\u67e5\u5de5\u5177\u8f93\u5165\u6570\u636e\n\u2022 \u9a8c\u8bc1\u73af\u5883\u914d\u7f6e\n\u2022 \u66f4\u65b0\u6216\u91cd\u88c5\u4f9d\u8d56\u5e93\n\u2022 \u67e5\u770b\u8be6\u7ec6\u9519\u8bef\u65e5\u5fd7\n\n\u26a0\ufe0f \u5f71\u54cd\u8bc4\u4f30: \u4e2d\u7b49 - \u9700\u8981\u5177\u4f53\u5206\u6790\u89e3\u51b3"
}
[2025-08-05 07:45:21] Agent.enhanced_real_code_review_agent - ERROR - âŒ å·¥å…·è°ƒç”¨æœ€ç»ˆå¤±è´¥ read_file: æ–‡ä»¶ä¸å­˜åœ¨: testbench_adder_4bit.v
[2025-08-05 07:45:21] Agent.enhanced_real_code_review_agent - ERROR - ğŸ“Š å¤±è´¥ä¸Šä¸‹æ–‡: {
  "tool_name": "read_file",
  "parameters": {
    "filepath": "testbench_adder_4bit.v"
  },
  "error": "\u6587\u4ef6\u4e0d\u5b58\u5728: testbench_adder_4bit.v",
  "error_type": "Exception",
  "attempt": 3,
  "timestamp": 1754351121.85378,
  "agent_id": "enhanced_real_code_review_agent",
  "role": "code_reviewer",
  "detailed_error": "=== \u5de5\u5177\u6267\u884c\u5931\u8d25\u8be6\u7ec6\u5206\u6790 ===\n\ud83d\udd27 \u5de5\u5177\u540d\u79f0: read_file\n\ud83d\udcdd \u9519\u8bef\u7c7b\u578b: Exception\n\ud83d\udd0d \u539f\u59cb\u9519\u8bef: \u6587\u4ef6\u4e0d\u5b58\u5728: testbench_adder_4bit.v\n\ud83d\udcca \u5c1d\u8bd5\u6b21\u6570: 3/3\n\u2699\ufe0f \u8c03\u7528\u53c2\u6570: {'filepath': 'testbench_adder_4bit.v'}\n\n\ud83c\udfaf \u9519\u8bef\u5206\u6790:\n\u901a\u7528\u6267\u884c\u9519\u8bef: \u5de5\u5177\u6267\u884c\u8fc7\u7a0b\u4e2d\u53d1\u751f\u5f02\u5e38: Exception\n\n\ud83d\udca1 \u53ef\u80fd\u539f\u56e0:\n\u2022 \u5de5\u5177\u5185\u90e8\u903b\u8f91\u9519\u8bef\n\u2022 \u8f93\u5165\u6570\u636e\u683c\u5f0f\u95ee\u9898\n\u2022 \u73af\u5883\u914d\u7f6e\u4e0d\u5f53\n\u2022 \u4f9d\u8d56\u5e93\u7248\u672c\u51b2\u7a81\n\n\ud83d\udd27 \u5efa\u8bae\u4fee\u590d:\n\u2022 \u68c0\u67e5\u5de5\u5177\u8f93\u5165\u6570\u636e\n\u2022 \u9a8c\u8bc1\u73af\u5883\u914d\u7f6e\n\u2022 \u66f4\u65b0\u6216\u91cd\u88c5\u4f9d\u8d56\u5e93\n\u2022 \u67e5\u770b\u8be6\u7ec6\u9519\u8bef\u65e5\u5fd7\n\n\u26a0\ufe0f \u5f71\u54cd\u8bc4\u4f30: \u4e2d\u7b49 - \u9700\u8981\u5177\u4f53\u5206\u6790\u89e3\u51b3"
}
[2025-08-05 07:45:53] Agent.enhanced_real_code_review_agent - ERROR - âŒ ç¼–è¯‘å¤±è´¥ï¼Œè¿”å›ç : 5
[2025-08-05 07:45:53] Agent.enhanced_real_code_review_agent - ERROR - ç¼–è¯‘é”™è¯¯: file_workspace/testbenches/testbench_adder_4bit.v:1: error: Variable declaration in unnamed block requires SystemVerilog.
file_workspace/testbenches/testbench_adder_4bit.v:1: error: Variable declaration in unnamed block requires SystemVerilog.
file_workspace/testbenches/testbench_adder_4bit.v:1: error: Variable declaration in unnamed block requires SystemVerilog.
file_workspace/testbenches/testbench_adder_4bit.v:1: error: Variable declaration in unnamed block requires SystemVerilog.
file_workspace/testbenches/testbench_adder_4bit.v:1: error: Variable declaration in unnamed block requires SystemVerilog.

[2025-08-05 07:45:53] Agent.enhanced_real_code_review_agent - ERROR - âŒ ä»¿çœŸæ‰§è¡Œå¤±è´¥ (compilation): ç¼–è¯‘å¤±è´¥: file_workspace/testbenches/testbench_adder_4bit.v:1: error: Variable declaration in unnamed block requires SystemVerilog.
file_workspace/testbenches/testbench_adder_4bit.v:1: error: Variable declaration in unnamed block requires SystemVerilog.
file_workspace/testbenches/testbench_adder_4bit.v:1: error: Variable declaration in unnamed block requires SystemVerilog.
file_workspace/testbenches/testbench_adder_4bit.v:1: error: Variable declaration in unnamed block requires SystemVerilog.
file_workspace/testbenches/testbench_adder_4bit.v:1: error: Variable declaration in unnamed block requires SystemVerilog.

[2025-08-05 07:46:02] Agent.enhanced_real_code_review_agent - ERROR - âŒ ç¼–è¯‘å¤±è´¥ï¼Œè¿”å›ç : 5
[2025-08-05 07:46:02] Agent.enhanced_real_code_review_agent - ERROR - ç¼–è¯‘é”™è¯¯: file_workspace/testbenches/testbench_adder_4bit.v:1: error: Variable declaration in unnamed block requires SystemVerilog.
file_workspace/testbenches/testbench_adder_4bit.v:1: error: Variable declaration in unnamed block requires SystemVerilog.
file_workspace/testbenches/testbench_adder_4bit.v:1: error: Variable declaration in unnamed block requires SystemVerilog.
file_workspace/testbenches/testbench_adder_4bit.v:1: error: Variable declaration in unnamed block requires SystemVerilog.
file_workspace/testbenches/testbench_adder_4bit.v:1: error: Variable declaration in unnamed block requires SystemVerilog.

[2025-08-05 07:46:02] Agent.enhanced_real_code_review_agent - ERROR - âŒ ä»¿çœŸæ‰§è¡Œå¤±è´¥ (compilation): ç¼–è¯‘å¤±è´¥: file_workspace/testbenches/testbench_adder_4bit.v:1: error: Variable declaration in unnamed block requires SystemVerilog.
file_workspace/testbenches/testbench_adder_4bit.v:1: error: Variable declaration in unnamed block requires SystemVerilog.
file_workspace/testbenches/testbench_adder_4bit.v:1: error: Variable declaration in unnamed block requires SystemVerilog.
file_workspace/testbenches/testbench_adder_4bit.v:1: error: Variable declaration in unnamed block requires SystemVerilog.
file_workspace/testbenches/testbench_adder_4bit.v:1: error: Variable declaration in unnamed block requires SystemVerilog.

[2025-08-05 07:46:11] Agent.enhanced_real_code_review_agent - ERROR - âŒ ç¼–è¯‘å¤±è´¥ï¼Œè¿”å›ç : 5
[2025-08-05 07:46:11] Agent.enhanced_real_code_review_agent - ERROR - ç¼–è¯‘é”™è¯¯: file_workspace/testbenches/testbench_adder_4bit.v:1: error: Variable declaration in unnamed block requires SystemVerilog.
file_workspace/testbenches/testbench_adder_4bit.v:1: error: Variable declaration in unnamed block requires SystemVerilog.
file_workspace/testbenches/testbench_adder_4bit.v:1: error: Variable declaration in unnamed block requires SystemVerilog.
file_workspace/testbenches/testbench_adder_4bit.v:1: error: Variable declaration in unnamed block requires SystemVerilog.
file_workspace/testbenches/testbench_adder_4bit.v:1: error: Variable declaration in unnamed block requires SystemVerilog.

[2025-08-05 07:46:11] Agent.enhanced_real_code_review_agent - ERROR - âŒ ä»¿çœŸæ‰§è¡Œå¤±è´¥ (compilation): ç¼–è¯‘å¤±è´¥: file_workspace/testbenches/testbench_adder_4bit.v:1: error: Variable declaration in unnamed block requires SystemVerilog.
file_workspace/testbenches/testbench_adder_4bit.v:1: error: Variable declaration in unnamed block requires SystemVerilog.
file_workspace/testbenches/testbench_adder_4bit.v:1: error: Variable declaration in unnamed block requires SystemVerilog.
file_workspace/testbenches/testbench_adder_4bit.v:1: error: Variable declaration in unnamed block requires SystemVerilog.
file_workspace/testbenches/testbench_adder_4bit.v:1: error: Variable declaration in unnamed block requires SystemVerilog.

[2025-08-05 07:46:11] Agent.enhanced_real_code_review_agent - ERROR - âŒ å·¥å…·è°ƒç”¨æœ€ç»ˆå¤±è´¥ run_simulation: å·¥å…·å†…éƒ¨æ‰§è¡Œå¤±è´¥
[2025-08-05 07:46:11] Agent.enhanced_real_code_review_agent - ERROR - ğŸ“Š å¤±è´¥ä¸Šä¸‹æ–‡: {
  "tool_name": "run_simulation",
  "parameters": {
    "module_file": "adder_4bit.v",
    "testbench_file": "testbench_adder_4bit.v"
  },
  "error": "\u5de5\u5177\u5185\u90e8\u6267\u884c\u5931\u8d25",
  "error_type": "Exception",
  "attempt": 3,
  "timestamp": 1754351171.293567,
  "agent_id": "enhanced_real_code_review_agent",
  "role": "code_reviewer",
  "detailed_error": "=== \u5de5\u5177\u6267\u884c\u5931\u8d25\u8be6\u7ec6\u5206\u6790 ===\n\ud83d\udd27 \u5de5\u5177\u540d\u79f0: run_simulation\n\ud83d\udcdd \u9519\u8bef\u7c7b\u578b: Exception\n\ud83d\udd0d \u539f\u59cb\u9519\u8bef: \u5de5\u5177\u5185\u90e8\u6267\u884c\u5931\u8d25\n\ud83d\udcca \u5c1d\u8bd5\u6b21\u6570: 3/3\n\u2699\ufe0f \u8c03\u7528\u53c2\u6570: {'module_file': 'adder_4bit.v', 'testbench_file': 'testbench_adder_4bit.v'}\n\n\ud83c\udfaf \u9519\u8bef\u5206\u6790:\n\u901a\u7528\u6267\u884c\u9519\u8bef: \u5de5\u5177\u6267\u884c\u8fc7\u7a0b\u4e2d\u53d1\u751f\u5f02\u5e38: Exception\n\n\ud83d\udca1 \u53ef\u80fd\u539f\u56e0:\n\u2022 \u5de5\u5177\u5185\u90e8\u903b\u8f91\u9519\u8bef\n\u2022 \u8f93\u5165\u6570\u636e\u683c\u5f0f\u95ee\u9898\n\u2022 \u73af\u5883\u914d\u7f6e\u4e0d\u5f53\n\u2022 \u4f9d\u8d56\u5e93\u7248\u672c\u51b2\u7a81\n\n\ud83d\udd27 \u5efa\u8bae\u4fee\u590d:\n\u2022 \u68c0\u67e5\u5de5\u5177\u8f93\u5165\u6570\u636e\n\u2022 \u9a8c\u8bc1\u73af\u5883\u914d\u7f6e\n\u2022 \u66f4\u65b0\u6216\u91cd\u88c5\u4f9d\u8d56\u5e93\n\u2022 \u67e5\u770b\u8be6\u7ec6\u9519\u8bef\u65e5\u5fd7\n\n\u26a0\ufe0f \u5f71\u54cd\u8bc4\u4f30: \u4e2d\u7b49 - \u9700\u8981\u5177\u4f53\u5206\u6790\u89e3\u51b3"
}
