[2025-08-03 09:01:33] core.schema_system.enhanced_base_agent - ERROR - ❌ analyze_code_quality 参数修复失败
[2025-08-03 09:02:42] core.schema_system.enhanced_base_agent - ERROR - ❌ run_simulation 执行失败 (0.07s): 编译错误:
file_workspace/testbenches/testbench_adder_16bit.v:64: syntax error
file_workspace/testbenches/testbench_adder_16bit.v:64: error: Malformed statement
file_workspace/testbenches/testbench_adder_16bit.v:80: syntax error
file_workspace/testbenches/testbench_adder_16bit.v:80: error: Malformed statement
file_workspace/testbenches/testbench_adder_16bit.v:97: syntax error
file_workspace/testbenches/testbench_adder_16bit.v:97: error: Malformed statement
file_workspace/testbenches/testbench_adder_16bit.v:99: syntax error
file_workspace/testbenches/testbench_adder_16bit.v:99: error: Malformed statement
file_workspace/testbenches/testbench_adder_16bit.v:128: syntax error
file_workspace/testbenches/testbench_adder_16bit.v:128: error: Malformed statement


错误消息: 编译失败: file_workspace/testbenches/testbench_adder_16bit.v:64: syntax error
file_workspace/testbenches/testbench_adder_16bit.v:64: error: Malformed statement
file_workspace/testbenches/testbench_adder_16bit.v:80: syntax error
file_workspace/testbenches/testbench_adder_16bit.v:80: error: Malformed statement
file_workspace/testbenches/testbench_adder_16bit.v:97: syntax error
file_workspace/testbenches/testbench_adder_16bit.v:97: error: Malformed statement
file_workspace/testbenches/testbench_adder_16bit.v:99: syntax error
file_workspace/testbenches/testbench_adder_16bit.v:99: error: Malformed statement
file_workspace/testbenches/testbench_adder_16bit.v:128: syntax error
file_workspace/testbenches/testbench_adder_16bit.v:128: error: Malformed statement

[2025-08-03 09:02:42] core.schema_system.enhanced_base_agent - ERROR - ❌ run_simulation 执行失败，标记为永久失败
[2025-08-03 09:02:42] core.schema_system.enhanced_base_agent - ERROR - ❌ 关键工具永久失败: run_simulation，停止后续工具执行
[2025-08-03 09:05:39] Agent.enhanced_real_code_review_agent - ERROR - ❌ 代码审查任务失败: conv_1754182874 - 达到最大迭代次数 5
