[2025-08-03 08:45:02] core.schema_system.enhanced_base_agent - ERROR - ❌ run_simulation 执行失败 (0.06s): None
[2025-08-03 08:45:02] core.schema_system.enhanced_base_agent - ERROR - ❌ run_simulation 执行失败，标记为永久失败
[2025-08-03 08:45:02] core.schema_system.enhanced_base_agent - ERROR - ❌ 关键工具永久失败: run_simulation，停止后续工具执行
[2025-08-03 08:45:09] core.schema_system.enhanced_base_agent - ERROR - ❌ analyze_code_quality 参数修复失败
[2025-08-03 08:45:18] core.schema_system.enhanced_base_agent - ERROR - ❌ run_simulation 执行失败 (0.06s): None
[2025-08-03 08:45:18] core.schema_system.enhanced_base_agent - ERROR - ❌ run_simulation 执行失败，标记为永久失败
[2025-08-03 08:45:18] core.schema_system.enhanced_base_agent - ERROR - ❌ 关键工具永久失败: run_simulation，停止后续工具执行
ase expression.
file_workspace/testbenches/adder_16bit_tb.v:202: syntax error
file_workspace/testbenches/adder_16bit_tb.v:206: syntax error
file_workspace/testbenches/adder_16bit_tb.v:207: error: Malformed statement
file_workspace/testbenches/adder_16bit_tb.v:204: error: Incomprehensible case expression.
file_workspace/testbenches/adder_16bit_tb.v:212: syntax error
file_workspace/testbenches/adder_16bit_tb.v:214: error: Incomprehensible case expression.

[2025-08-03 08:45:02] Agent.enhanced_real_code_review_agent - ERROR - ❌ 仿真执行失败 (compilation): 编译失败: file_workspace/testbenches/adder_16bit_tb.v:176: syntax error
file_workspace/testbenches/adder_16bit_tb.v:177: error: Malformed statement
file_workspace/testbenches/adder_16bit_tb.v:182: syntax error
file_workspace/testbenches/adder_16bit_tb.v:186: syntax error
file_workspace/testbenches/adder_16bit_tb.v:187: error: Malformed statement
file_workspace/testbenches/adder_16bit_tb.v:184: error: Incomprehensible case expression.
file_workspace/testbenches/adder_16bit_tb.v:192: syntax error
file_workspace/testbenches/adder_16bit_tb.v:196: syntax error
file_workspace/testbenches/adder_16bit_tb.v:197: error: Malformed statement
file_workspace/testbenches/adder_16bit_tb.v:194: error: Incomprehensible case expression.
file_workspace/testbenches/adder_16bit_tb.v:202: syntax error
file_workspace/testbenches/adder_16bit_tb.v:206: syntax error
file_workspace/testbenches/adder_16bit_tb.v:207: error: Malformed statement
file_workspace/testbenches/adder_16bit_tb.v:204: error: Incomprehensible case expression.
file_workspace/testbenches/adder_16bit_tb.v:212: syntax error
file_workspace/testbenches/adder_16bit_tb.v:214: error: Incomprehensible case expression.

[2025-08-03 08:45:18] Agent.enhanced_real_code_review_agent - ERROR - ❌ 编译失败，返回码: 16
[2025-08-03 08:45:18] Agent.enhanced_real_code_review_agent - ERROR - 编译错误: file_workspace/testbenches/adder_16bit_tb.v:176: syntax error
file_workspace/testbenches/adder_16bit_tb.v:177: error: Malformed statement
file_workspace/testbenches/adder_16bit_tb.v:182: syntax error
file_workspace/testbenches/adder_16bit_tb.v:186: syntax error
file_workspace/testbenches/adder_16bit_tb.v:187: error: Malformed statement
file_workspace/testbenches/adder_16bit_tb.v:184: error: Incomprehensible case expression.
file_workspace/testbenches/adder_16bit_tb.v:192: syntax error
file_workspace/testbenches/adder_16bit_tb.v:196: syntax error
file_workspace/testbenches/adder_16bit_tb.v:197: error: Malformed statement
file_workspace/testbenches/adder_16bit_tb.v:194: error: Incomprehensible case expression.
file_workspace/testbenches/adder_16bit_tb.v:202: syntax error
file_workspace/testbenches/adder_16bit_tb.v:206: syntax error
file_workspace/testbenches/adder_16bit_tb.v:207: error: Malformed statement
file_workspace/testbenches/adder_16bit_tb.v:204: error: Incomprehensible case expression.
file_workspace/testbenches/adder_16bit_tb.v:212: syntax error
file_workspace/testbenches/adder_16bit_tb.v:214: error: Incomprehensible case expression.

[2025-08-03 08:45:18] Agent.enhanced_real_code_review_agent - ERROR - ❌ 仿真执行失败 (compilation): 编译失败: file_workspace/testbenches/adder_16bit_tb.v:176: syntax error
file_workspace/testbenches/adder_16bit_tb.v:177: error: Malformed statement
file_workspace/testbenches/adder_16bit_tb.v:182: syntax error
file_workspace/testbenches/adder_16bit_tb.v:186: syntax error
file_workspace/testbenches/adder_16bit_tb.v:187: error: Malformed statement
file_workspace/testbenches/adder_16bit_tb.v:184: error: Incomprehensible case expression.
file_workspace/testbenches/adder_16bit_tb.v:192: syntax error
file_workspace/testbenches/adder_16bit_tb.v:196: syntax error
file_workspace/testbenches/adder_16bit_tb.v:197: error: Malformed statement
file_workspace/testbenches/adder_16bit_tb.v:194: error: Incomprehensible case expression.
file_workspace/testbenches/adder_16bit_tb.v:202: syntax error
file_workspace/testbenches/adder_16bit_tb.v:206: syntax error
file_workspace/testbenches/adder_16bit_tb.v:207: error: Malformed statement
file_workspace/testbenches/adder_16bit_tb.v:204: error: Incomprehensible case expression.
file_workspace/testbenches/adder_16bit_tb.v:212: syntax error
file_workspace/testbenches/adder_16bit_tb.v:214: error: Incomprehensible case expression.

