[2025-08-03 08:44:21] Agent.enhanced_real_verilog_agent - INFO - ğŸ› ï¸ ä¼ ç»Ÿå·¥å…·è°ƒç”¨å·²å¯ç”¨: æƒé™=4
[2025-08-03 08:44:21] Agent.enhanced_real_verilog_agent - INFO - ğŸ”§ æ³¨å†ŒFunction Callingå·¥å…·: write_file
[2025-08-03 08:44:21] Agent.enhanced_real_verilog_agent - INFO - ğŸ”§ æ³¨å†ŒFunction Callingå·¥å…·: read_file
[2025-08-03 08:44:21] Agent.enhanced_real_verilog_agent - INFO - âœ… EnhancedRealVerilogAgent (Function Callingæ”¯æŒ) åˆå§‹åŒ–å®Œæˆ
[2025-08-03 08:44:21] Agent.enhanced_real_verilog_agent - DEBUG - ğŸ“ System prompt é•¿åº¦: 3652 å­—ç¬¦
[2025-08-03 08:44:21] Agent.enhanced_real_verilog_agent - INFO - ğŸ”§ æ³¨å†ŒFunction Callingå·¥å…·: analyze_design_requirements
[2025-08-03 08:44:21] Agent.enhanced_real_verilog_agent - INFO - ğŸ”§ æ³¨å†ŒFunction Callingå·¥å…·: generate_verilog_code
[2025-08-03 08:44:21] Agent.enhanced_real_verilog_agent - INFO - ğŸ”§ æ³¨å†ŒFunction Callingå·¥å…·: search_existing_modules
[2025-08-03 08:44:21] Agent.enhanced_real_verilog_agent - INFO - ğŸ”§ æ³¨å†ŒFunction Callingå·¥å…·: analyze_code_quality
[2025-08-03 08:44:21] Agent.enhanced_real_verilog_agent - INFO - ğŸ”§ æ³¨å†ŒFunction Callingå·¥å…·: generate_testbench
[2025-08-03 08:44:21] Agent.enhanced_real_verilog_agent - INFO - ğŸ”§ å¢å¼ºVerilogè®¾è®¡æ™ºèƒ½ä½“(Schemaæ”¯æŒ)åˆå§‹åŒ–å®Œæˆ
[2025-08-03 08:44:21] EnhancedRealVerilogAgent - INFO - EnhancedRealVerilogAgentåˆå§‹åŒ–å®Œæˆ
[2025-08-03 08:44:21] Agent.enhanced_real_code_review_agent - INFO - ğŸ› ï¸ ä¼ ç»Ÿå·¥å…·è°ƒç”¨å·²å¯ç”¨: æƒé™=2
[2025-08-03 08:44:21] Agent.enhanced_real_code_review_agent - INFO - ğŸ”§ æ³¨å†ŒFunction Callingå·¥å…·: write_file
[2025-08-03 08:44:21] Agent.enhanced_real_code_review_agent - INFO - ğŸ”§ æ³¨å†ŒFunction Callingå·¥å…·: read_file
[2025-08-03 08:44:21] Agent.enhanced_real_code_review_agent - INFO - âœ… EnhancedRealCodeReviewAgent (Function Callingæ”¯æŒ) åˆå§‹åŒ–å®Œæˆ
[2025-08-03 08:44:21] Agent.enhanced_real_code_review_agent - DEBUG - ğŸ“ System prompt é•¿åº¦: 3921 å­—ç¬¦
[2025-08-03 08:44:21] Agent.enhanced_real_code_review_agent - INFO - ğŸ”§ æ³¨å†ŒFunction Callingå·¥å…·: generate_testbench
[2025-08-03 08:44:21] Agent.enhanced_real_code_review_agent - INFO - ğŸ”§ æ³¨å†ŒFunction Callingå·¥å…·: run_simulation
[2025-08-03 08:44:21] Agent.enhanced_real_code_review_agent - INFO - ğŸ”§ æ³¨å†ŒFunction Callingå·¥å…·: analyze_code_quality
[2025-08-03 08:44:21] Agent.enhanced_real_code_review_agent - INFO - ğŸ”§ æ³¨å†ŒFunction Callingå·¥å…·: generate_build_script
[2025-08-03 08:44:21] Agent.enhanced_real_code_review_agent - INFO - ğŸ”§ æ³¨å†ŒFunction Callingå·¥å…·: execute_build_script
[2025-08-03 08:44:21] Agent.enhanced_real_code_review_agent - INFO - ğŸ”§ æ³¨å†ŒFunction Callingå·¥å…·: analyze_coverage
[2025-08-03 08:44:21] Agent.enhanced_real_code_review_agent - INFO - ğŸ”§ æ³¨å†ŒFunction Callingå·¥å…·: analyze_test_failures
[2025-08-03 08:44:21] Agent.enhanced_real_code_review_agent - INFO - ğŸ” å¢å¼ºä»£ç å®¡æŸ¥æ™ºèƒ½ä½“(Schemaæ”¯æŒ)åˆå§‹åŒ–å®Œæˆ
[2025-08-03 08:44:21] EnhancedRealCodeReviewAgent - INFO - EnhancedRealCodeReviewAgentåˆå§‹åŒ–å®Œæˆ
[2025-08-03 08:44:21] Agent.enhanced_real_code_review_agent - INFO - ğŸ“¨ æ”¶åˆ°ä»»åŠ¡æ¶ˆæ¯: task_execution
[2025-08-03 08:44:21] Agent.enhanced_real_code_review_agent - INFO - ğŸ¯ å¼€å§‹æ‰§è¡Œå¢å¼ºä»£ç å®¡æŸ¥ä»»åŠ¡: conv_1754181861
[2025-08-03 08:44:31] Agent.enhanced_real_code_review_agent - INFO - ğŸ§ª ç”Ÿæˆæµ‹è¯•å°: adder_16bit
[2025-08-03 08:45:02] Agent.enhanced_real_code_review_agent - INFO - ğŸ“ å†™å…¥æ–‡ä»¶: testbench_adder_16bit.v
[2025-08-03 08:45:02] Agent.enhanced_real_code_review_agent - INFO - ğŸ” filename: testbench_adder_16bit.v
[2025-08-03 08:45:02] Agent.enhanced_real_code_review_agent - INFO - ğŸ” file type: verilog
[2025-08-03 08:45:02] Agent.enhanced_real_code_review_agent - INFO - ğŸ§¹ ä½¿ç”¨æ™ºèƒ½ä»£ç æå–å¤„ç†Verilogæ–‡ä»¶
[2025-08-03 08:45:02] Agent.enhanced_real_code_review_agent - INFO - ğŸ” å¼€å§‹æå–Verilogä»£ç ï¼ŒåŸå§‹å†…å®¹é•¿åº¦: 5688
[2025-08-03 08:45:02] Agent.enhanced_real_code_review_agent - INFO - âœ… æ‰¾åˆ° 1 ä¸ªVerilogä»£ç å—
[2025-08-03 08:45:02] Agent.enhanced_real_code_review_agent - INFO - âœ… ä»£ç å— 1 éªŒè¯é€šè¿‡ï¼Œé•¿åº¦: 4511
[2025-08-03 08:45:02] Agent.enhanced_real_code_review_agent - INFO - âœ… æˆåŠŸæå–Verilogä»£ç ï¼Œé•¿åº¦: 4511
[2025-08-03 08:45:02] Agent.enhanced_real_code_review_agent - INFO - ğŸ§¹ Verilogä»£ç æå–æˆåŠŸï¼š5688 -> 4511 å­—ç¬¦
[2025-08-03 08:45:02] Agent.enhanced_real_code_review_agent - INFO - ğŸ§¹ å†…å®¹å·²æ¸…ç†ï¼š5688 -> 4511 å­—ç¬¦
[2025-08-03 08:45:02] Agent.enhanced_real_code_review_agent - INFO - âœ… æ–‡ä»¶å·²é€šè¿‡ä¸­å¤®ç®¡ç†å™¨ä¿å­˜: testbench_adder_16bit.v (file path: /home/haiyan/Research/CentralizedAgentFramework/file_workspace/testbenches/testbench_adder_16bit.v) (ID: c24a8cc4)
[2025-08-03 08:45:02] Agent.enhanced_real_code_review_agent - INFO - ğŸ”¬ è¿è¡Œä»¿çœŸ: iverilog
[2025-08-03 08:45:02] Agent.enhanced_real_code_review_agent - INFO - ğŸ“ æ‰¾åˆ°æ¨¡å—æ–‡ä»¶: file_workspace/designs/adder_16bit.v
[2025-08-03 08:45:02] Agent.enhanced_real_code_review_agent - INFO - ğŸ“ æ‰¾åˆ°æµ‹è¯•å°æ–‡ä»¶: file_workspace/testbenches/adder_16bit_tb.v
[2025-08-03 08:45:02] Agent.enhanced_real_code_review_agent - INFO - ğŸ”¨ å¼€å§‹ç¼–è¯‘ 2 ä¸ªæ–‡ä»¶
[2025-08-03 08:45:02] Agent.enhanced_real_code_review_agent - INFO - ğŸ”¨ ç¼–è¯‘å‘½ä»¤: iverilog -o logs/experiment_20250803_084421/artifacts/simulation file_workspace/designs/adder_16bit.v file_workspace/testbenches/adder_16bit_tb.v
[2025-08-03 08:45:02] Agent.enhanced_real_code_review_agent - INFO - ğŸ”¨ ç¼–è¯‘å·¥ä½œç›®å½•: /home/haiyan/Research/CentralizedAgentFramework
[2025-08-03 08:45:02] Agent.enhanced_real_code_review_agent - ERROR - âŒ ç¼–è¯‘å¤±è´¥ï¼Œè¿”å›ç : 16
[2025-08-03 08:45:02] Agent.enhanced_real_code_review_agent - ERROR - ç¼–è¯‘é”™è¯¯: file_workspace/testbenches/adder_16bit_tb.v:176: syntax error
file_workspace/testbenches/adder_16bit_tb.v:177: error: Malformed statement
file_workspace/testbenches/adder_16bit_tb.v:182: syntax error
file_workspace/testbenches/adder_16bit_tb.v:186: syntax error
file_workspace/testbenches/adder_16bit_tb.v:187: error: Malformed statement
file_workspace/testbenches/adder_16bit_tb.v:184: error: Incomprehensible case expression.
file_workspace/testbenches/adder_16bit_tb.v:192: syntax error
file_workspace/testbenches/adder_16bit_tb.v:196: syntax error
file_workspace/testbenches/adder_16bit_tb.v:197: error: Malformed statement
file_workspace/testbenches/adder_16bit_tb.v:194: error: Incomprehensible case expression.
file_workspace/testbenches/adder_16bit_tb.v:202: syntax error
file_workspace/testbenches/adder_16bit_tb.v:206: syntax error
file_workspace/testbenches/adder_16bit_tb.v:207: error: Malformed statement
file_workspace/testbenches/adder_16bit_tb.v:204: error: Incomprehensible case expression.
file_workspace/testbenches/adder_16bit_tb.v:212: syntax error
file_workspace/testbenches/adder_16bit_tb.v:214: error: Incomprehensible case expression.

[2025-08-03 08:45:02] Agent.enhanced_real_code_review_agent - INFO - ğŸ” ä»¿çœŸç»“æœ: {'success': False, 'error': 'ç¼–è¯‘å¤±è´¥: file_workspace/testbenches/adder_16bit_tb.v:176: syntax error\nfile_workspace/testbenches/adder_16bit_tb.v:177: error: Malformed statement\nfile_workspace/testbenches/adder_16bit_tb.v:182: syntax error\nfile_workspace/testbenches/adder_16bit_tb.v:186: syntax error\nfile_workspace/testbenches/adder_16bit_tb.v:187: error: Malformed statement\nfile_workspace/testbenches/adder_16bit_tb.v:184: error: Incomprehensible case expression.\nfile_workspace/testbenches/adder_16bit_tb.v:192: syntax error\nfile_workspace/testbenches/adder_16bit_tb.v:196: syntax error\nfile_workspace/testbenches/adder_16bit_tb.v:197: error: Malformed statement\nfile_workspace/testbenches/adder_16bit_tb.v:194: error: Incomprehensible case expression.\nfile_workspace/testbenches/adder_16bit_tb.v:202: syntax error\nfile_workspace/testbenches/adder_16bit_tb.v:206: syntax error\nfile_workspace/testbenches/adder_16bit_tb.v:207: error: Malformed statement\nfile_workspace/testbenches/adder_16bit_tb.v:204: error: Incomprehensible case expression.\nfile_workspace/testbenches/adder_16bit_tb.v:212: syntax error\nfile_workspace/testbenches/adder_16bit_tb.v:214: error: Incomprehensible case expression.\n', 'stage': 'compilation', 'compilation_output': 'file_workspace/testbenches/adder_16bit_tb.v:176: syntax error\nfile_workspace/testbenches/adder_16bit_tb.v:177: error: Malformed statement\nfile_workspace/testbenches/adder_16bit_tb.v:182: syntax error\nfile_workspace/testbenches/adder_16bit_tb.v:186: syntax error\nfile_workspace/testbenches/adder_16bit_tb.v:187: error: Malformed statement\nfile_workspace/testbenches/adder_16bit_tb.v:184: error: Incomprehensible case expression.\nfile_workspace/testbenches/adder_16bit_tb.v:192: syntax error\nfile_workspace/testbenches/adder_16bit_tb.v:196: syntax error\nfile_workspace/testbenches/adder_16bit_tb.v:197: error: Malformed statement\nfile_workspace/testbenches/adder_16bit_tb.v:194: error: Incomprehensible case expression.\nfile_workspace/testbenches/adder_16bit_tb.v:202: syntax error\nfile_workspace/testbenches/adder_16bit_tb.v:206: syntax error\nfile_workspace/testbenches/adder_16bit_tb.v:207: error: Malformed statement\nfile_workspace/testbenches/adder_16bit_tb.v:204: error: Incomprehensible case expression.\nfile_workspace/testbenches/adder_16bit_tb.v:212: syntax error\nfile_workspace/testbenches/adder_16bit_tb.v:214: error: Incomprehensible case expression.\n', 'command': 'iverilog -o logs/experiment_20250803_084421/artifacts/simulation file_workspace/designs/adder_16bit.v file_workspace/testbenches/adder_16bit_tb.v'}
[2025-08-03 08:45:02] Agent.enhanced_real_code_review_agent - ERROR - âŒ ä»¿çœŸæ‰§è¡Œå¤±è´¥ (compilation): ç¼–è¯‘å¤±è´¥: file_workspace/testbenches/adder_16bit_tb.v:176: syntax error
file_workspace/testbenches/adder_16bit_tb.v:177: error: Malformed statement
file_workspace/testbenches/adder_16bit_tb.v:182: syntax error
file_workspace/testbenches/adder_16bit_tb.v:186: syntax error
file_workspace/testbenches/adder_16bit_tb.v:187: error: Malformed statement
file_workspace/testbenches/adder_16bit_tb.v:184: error: Incomprehensible case expression.
file_workspace/testbenches/adder_16bit_tb.v:192: syntax error
file_workspace/testbenches/adder_16bit_tb.v:196: syntax error
file_workspace/testbenches/adder_16bit_tb.v:197: error: Malformed statement
file_workspace/testbenches/adder_16bit_tb.v:194: error: Incomprehensible case expression.
file_workspace/testbenches/adder_16bit_tb.v:202: syntax error
file_workspace/testbenches/adder_16bit_tb.v:206: syntax error
file_workspace/testbenches/adder_16bit_tb.v:207: error: Malformed statement
file_workspace/testbenches/adder_16bit_tb.v:204: error: Incomprehensible case expression.
file_workspace/testbenches/adder_16bit_tb.v:212: syntax error
file_workspace/testbenches/adder_16bit_tb.v:214: error: Incomprehensible case expression.

[2025-08-03 08:45:09] Agent.enhanced_real_code_review_agent - INFO - ğŸ“œ ç”Ÿæˆæ„å»ºè„šæœ¬: bash
[2025-08-03 08:45:18] Agent.enhanced_real_code_review_agent - INFO - ğŸ” åˆ†æä»£ç è´¨é‡: ieee1800 æ ‡å‡†
[2025-08-03 08:45:18] Agent.enhanced_real_code_review_agent - INFO - ğŸ”¬ è¿è¡Œä»¿çœŸ: iverilog
[2025-08-03 08:45:18] Agent.enhanced_real_code_review_agent - INFO - ğŸ“ æ‰¾åˆ°æ¨¡å—æ–‡ä»¶: file_workspace/designs/adder_16bit.v
[2025-08-03 08:45:18] Agent.enhanced_real_code_review_agent - INFO - ğŸ“ æ‰¾åˆ°æµ‹è¯•å°æ–‡ä»¶: file_workspace/testbenches/adder_16bit_tb.v
[2025-08-03 08:45:18] Agent.enhanced_real_code_review_agent - INFO - ğŸ”¨ å¼€å§‹ç¼–è¯‘ 2 ä¸ªæ–‡ä»¶
[2025-08-03 08:45:18] Agent.enhanced_real_code_review_agent - INFO - ğŸ”¨ ç¼–è¯‘å‘½ä»¤: iverilog -o logs/experiment_20250803_084421/artifacts/simulation file_workspace/designs/adder_16bit.v file_workspace/testbenches/adder_16bit_tb.v
[2025-08-03 08:45:18] Agent.enhanced_real_code_review_agent - INFO - ğŸ”¨ ç¼–è¯‘å·¥ä½œç›®å½•: /home/haiyan/Research/CentralizedAgentFramework
[2025-08-03 08:45:18] Agent.enhanced_real_code_review_agent - ERROR - âŒ ç¼–è¯‘å¤±è´¥ï¼Œè¿”å›ç : 16
[2025-08-03 08:45:18] Agent.enhanced_real_code_review_agent - ERROR - ç¼–è¯‘é”™è¯¯: file_workspace/testbenches/adder_16bit_tb.v:176: syntax error
file_workspace/testbenches/adder_16bit_tb.v:177: error: Malformed statement
file_workspace/testbenches/adder_16bit_tb.v:182: syntax error
file_workspace/testbenches/adder_16bit_tb.v:186: syntax error
file_workspace/testbenches/adder_16bit_tb.v:187: error: Malformed statement
file_workspace/testbenches/adder_16bit_tb.v:184: error: Incomprehensible case expression.
file_workspace/testbenches/adder_16bit_tb.v:192: syntax error
file_workspace/testbenches/adder_16bit_tb.v:196: syntax error
file_workspace/testbenches/adder_16bit_tb.v:197: error: Malformed statement
file_workspace/testbenches/adder_16bit_tb.v:194: error: Incomprehensible case expression.
file_workspace/testbenches/adder_16bit_tb.v:202: syntax error
file_workspace/testbenches/adder_16bit_tb.v:206: syntax error
file_workspace/testbenches/adder_16bit_tb.v:207: error: Malformed statement
file_workspace/testbenches/adder_16bit_tb.v:204: error: Incomprehensible case expression.
file_workspace/testbenches/adder_16bit_tb.v:212: syntax error
file_workspace/testbenches/adder_16bit_tb.v:214: error: Incomprehensible case expression.

[2025-08-03 08:45:18] Agent.enhanced_real_code_review_agent - INFO - ğŸ” ä»¿çœŸç»“æœ: {'success': False, 'error': 'ç¼–è¯‘å¤±è´¥: file_workspace/testbenches/adder_16bit_tb.v:176: syntax error\nfile_workspace/testbenches/adder_16bit_tb.v:177: error: Malformed statement\nfile_workspace/testbenches/adder_16bit_tb.v:182: syntax error\nfile_workspace/testbenches/adder_16bit_tb.v:186: syntax error\nfile_workspace/testbenches/adder_16bit_tb.v:187: error: Malformed statement\nfile_workspace/testbenches/adder_16bit_tb.v:184: error: Incomprehensible case expression.\nfile_workspace/testbenches/adder_16bit_tb.v:192: syntax error\nfile_workspace/testbenches/adder_16bit_tb.v:196: syntax error\nfile_workspace/testbenches/adder_16bit_tb.v:197: error: Malformed statement\nfile_workspace/testbenches/adder_16bit_tb.v:194: error: Incomprehensible case expression.\nfile_workspace/testbenches/adder_16bit_tb.v:202: syntax error\nfile_workspace/testbenches/adder_16bit_tb.v:206: syntax error\nfile_workspace/testbenches/adder_16bit_tb.v:207: error: Malformed statement\nfile_workspace/testbenches/adder_16bit_tb.v:204: error: Incomprehensible case expression.\nfile_workspace/testbenches/adder_16bit_tb.v:212: syntax error\nfile_workspace/testbenches/adder_16bit_tb.v:214: error: Incomprehensible case expression.\n', 'stage': 'compilation', 'compilation_output': 'file_workspace/testbenches/adder_16bit_tb.v:176: syntax error\nfile_workspace/testbenches/adder_16bit_tb.v:177: error: Malformed statement\nfile_workspace/testbenches/adder_16bit_tb.v:182: syntax error\nfile_workspace/testbenches/adder_16bit_tb.v:186: syntax error\nfile_workspace/testbenches/adder_16bit_tb.v:187: error: Malformed statement\nfile_workspace/testbenches/adder_16bit_tb.v:184: error: Incomprehensible case expression.\nfile_workspace/testbenches/adder_16bit_tb.v:192: syntax error\nfile_workspace/testbenches/adder_16bit_tb.v:196: syntax error\nfile_workspace/testbenches/adder_16bit_tb.v:197: error: Malformed statement\nfile_workspace/testbenches/adder_16bit_tb.v:194: error: Incomprehensible case expression.\nfile_workspace/testbenches/adder_16bit_tb.v:202: syntax error\nfile_workspace/testbenches/adder_16bit_tb.v:206: syntax error\nfile_workspace/testbenches/adder_16bit_tb.v:207: error: Malformed statement\nfile_workspace/testbenches/adder_16bit_tb.v:204: error: Incomprehensible case expression.\nfile_workspace/testbenches/adder_16bit_tb.v:212: syntax error\nfile_workspace/testbenches/adder_16bit_tb.v:214: error: Incomprehensible case expression.\n', 'command': 'iverilog -o logs/experiment_20250803_084421/artifacts/simulation file_workspace/designs/adder_16bit.v file_workspace/testbenches/adder_16bit_tb.v'}
[2025-08-03 08:45:18] Agent.enhanced_real_code_review_agent - ERROR - âŒ ä»¿çœŸæ‰§è¡Œå¤±è´¥ (compilation): ç¼–è¯‘å¤±è´¥: file_workspace/testbenches/adder_16bit_tb.v:176: syntax error
file_workspace/testbenches/adder_16bit_tb.v:177: error: Malformed statement
file_workspace/testbenches/adder_16bit_tb.v:182: syntax error
file_workspace/testbenches/adder_16bit_tb.v:186: syntax error
file_workspace/testbenches/adder_16bit_tb.v:187: error: Malformed statement
file_workspace/testbenches/adder_16bit_tb.v:184: error: Incomprehensible case expression.
file_workspace/testbenches/adder_16bit_tb.v:192: syntax error
file_workspace/testbenches/adder_16bit_tb.v:196: syntax error
file_workspace/testbenches/adder_16bit_tb.v:197: error: Malformed statement
file_workspace/testbenches/adder_16bit_tb.v:194: error: Incomprehensible case expression.
file_workspace/testbenches/adder_16bit_tb.v:202: syntax error
file_workspace/testbenches/adder_16bit_tb.v:206: syntax error
file_workspace/testbenches/adder_16bit_tb.v:207: error: Malformed statement
file_workspace/testbenches/adder_16bit_tb.v:204: error: Incomprehensible case expression.
file_workspace/testbenches/adder_16bit_tb.v:212: syntax error
file_workspace/testbenches/adder_16bit_tb.v:214: error: Incomprehensible case expression.

[2025-08-03 08:45:26] Agent.enhanced_real_code_review_agent - INFO - ğŸ” åˆ†æä»£ç è´¨é‡: ieee1800 æ ‡å‡†
[2025-08-03 08:45:26] Agent.enhanced_real_code_review_agent - INFO - ğŸ“œ ç”Ÿæˆæ„å»ºè„šæœ¬: bash
[2025-08-03 08:45:26] Agent.enhanced_real_code_review_agent - INFO - âœ… ä»£ç å®¡æŸ¥ä»»åŠ¡å®Œæˆ: conv_1754181861
