[2025-08-03 08:54:28] Agent.enhanced_real_verilog_agent - INFO - ğŸ› ï¸ ä¼ ç»Ÿå·¥å…·è°ƒç”¨å·²å¯ç”¨: æƒé™=4
[2025-08-03 08:54:28] Agent.enhanced_real_verilog_agent - INFO - ğŸ”§ æ³¨å†ŒFunction Callingå·¥å…·: write_file
[2025-08-03 08:54:28] Agent.enhanced_real_verilog_agent - INFO - ğŸ”§ æ³¨å†ŒFunction Callingå·¥å…·: read_file
[2025-08-03 08:54:28] Agent.enhanced_real_verilog_agent - INFO - âœ… EnhancedRealVerilogAgent (Function Callingæ”¯æŒ) åˆå§‹åŒ–å®Œæˆ
[2025-08-03 08:54:28] Agent.enhanced_real_verilog_agent - DEBUG - ğŸ“ System prompt é•¿åº¦: 3652 å­—ç¬¦
[2025-08-03 08:54:28] Agent.enhanced_real_verilog_agent - INFO - ğŸ”§ æ³¨å†ŒFunction Callingå·¥å…·: analyze_design_requirements
[2025-08-03 08:54:28] Agent.enhanced_real_verilog_agent - INFO - ğŸ”§ æ³¨å†ŒFunction Callingå·¥å…·: generate_verilog_code
[2025-08-03 08:54:28] Agent.enhanced_real_verilog_agent - INFO - ğŸ”§ æ³¨å†ŒFunction Callingå·¥å…·: search_existing_modules
[2025-08-03 08:54:28] Agent.enhanced_real_verilog_agent - INFO - ğŸ”§ æ³¨å†ŒFunction Callingå·¥å…·: analyze_code_quality
[2025-08-03 08:54:28] Agent.enhanced_real_verilog_agent - INFO - ğŸ”§ æ³¨å†ŒFunction Callingå·¥å…·: generate_testbench
[2025-08-03 08:54:28] Agent.enhanced_real_verilog_agent - INFO - ğŸ”§ å¢å¼ºVerilogè®¾è®¡æ™ºèƒ½ä½“(Schemaæ”¯æŒ)åˆå§‹åŒ–å®Œæˆ
[2025-08-03 08:54:28] EnhancedRealVerilogAgent - INFO - EnhancedRealVerilogAgentåˆå§‹åŒ–å®Œæˆ
[2025-08-03 08:54:28] Agent.enhanced_real_code_review_agent - INFO - ğŸ› ï¸ ä¼ ç»Ÿå·¥å…·è°ƒç”¨å·²å¯ç”¨: æƒé™=2
[2025-08-03 08:54:28] Agent.enhanced_real_code_review_agent - INFO - ğŸ”§ æ³¨å†ŒFunction Callingå·¥å…·: write_file
[2025-08-03 08:54:28] Agent.enhanced_real_code_review_agent - INFO - ğŸ”§ æ³¨å†ŒFunction Callingå·¥å…·: read_file
[2025-08-03 08:54:28] Agent.enhanced_real_code_review_agent - INFO - âœ… EnhancedRealCodeReviewAgent (Function Callingæ”¯æŒ) åˆå§‹åŒ–å®Œæˆ
[2025-08-03 08:54:28] Agent.enhanced_real_code_review_agent - DEBUG - ğŸ“ System prompt é•¿åº¦: 4459 å­—ç¬¦
[2025-08-03 08:54:28] Agent.enhanced_real_code_review_agent - INFO - ğŸ”§ æ³¨å†ŒFunction Callingå·¥å…·: generate_testbench
[2025-08-03 08:54:28] Agent.enhanced_real_code_review_agent - INFO - ğŸ”§ æ³¨å†ŒFunction Callingå·¥å…·: run_simulation
[2025-08-03 08:54:28] Agent.enhanced_real_code_review_agent - INFO - ğŸ”§ æ³¨å†ŒFunction Callingå·¥å…·: analyze_code_quality
[2025-08-03 08:54:28] Agent.enhanced_real_code_review_agent - INFO - ğŸ”§ æ³¨å†ŒFunction Callingå·¥å…·: generate_build_script
[2025-08-03 08:54:28] Agent.enhanced_real_code_review_agent - INFO - ğŸ”§ æ³¨å†ŒFunction Callingå·¥å…·: execute_build_script
[2025-08-03 08:54:28] Agent.enhanced_real_code_review_agent - INFO - ğŸ”§ æ³¨å†ŒFunction Callingå·¥å…·: analyze_coverage
[2025-08-03 08:54:28] Agent.enhanced_real_code_review_agent - INFO - ğŸ”§ æ³¨å†ŒFunction Callingå·¥å…·: analyze_test_failures
[2025-08-03 08:54:28] Agent.enhanced_real_code_review_agent - INFO - ğŸ” å¢å¼ºä»£ç å®¡æŸ¥æ™ºèƒ½ä½“(Schemaæ”¯æŒ)åˆå§‹åŒ–å®Œæˆ
[2025-08-03 08:54:28] EnhancedRealCodeReviewAgent - INFO - EnhancedRealCodeReviewAgentåˆå§‹åŒ–å®Œæˆ
[2025-08-03 08:54:28] Agent.enhanced_real_code_review_agent - INFO - ğŸ“¨ æ”¶åˆ°ä»»åŠ¡æ¶ˆæ¯: task_execution
[2025-08-03 08:54:28] Agent.enhanced_real_code_review_agent - INFO - ğŸ¯ å¼€å§‹æ‰§è¡Œå¢å¼ºä»£ç å®¡æŸ¥ä»»åŠ¡: conv_1754182468
[2025-08-03 08:55:00] Agent.enhanced_real_code_review_agent - INFO - ğŸ§ª ç”Ÿæˆæµ‹è¯•å°: adder_16bit
[2025-08-03 08:55:44] Agent.enhanced_real_code_review_agent - INFO - ğŸ“ å†™å…¥æ–‡ä»¶: testbench_adder_16bit.v
[2025-08-03 08:55:44] Agent.enhanced_real_code_review_agent - INFO - ğŸ” filename: testbench_adder_16bit.v
[2025-08-03 08:55:44] Agent.enhanced_real_code_review_agent - INFO - ğŸ” file type: verilog
[2025-08-03 08:55:44] Agent.enhanced_real_code_review_agent - INFO - ğŸ§¹ ä½¿ç”¨æ™ºèƒ½ä»£ç æå–å¤„ç†Verilogæ–‡ä»¶
[2025-08-03 08:55:44] Agent.enhanced_real_code_review_agent - INFO - ğŸ” å¼€å§‹æå–Verilogä»£ç ï¼ŒåŸå§‹å†…å®¹é•¿åº¦: 7442
[2025-08-03 08:55:44] Agent.enhanced_real_code_review_agent - INFO - âœ… æ‰¾åˆ° 1 ä¸ªVerilogä»£ç å—
[2025-08-03 08:55:44] Agent.enhanced_real_code_review_agent - INFO - âœ… ä»£ç å— 1 éªŒè¯é€šè¿‡ï¼Œé•¿åº¦: 6564
[2025-08-03 08:55:44] Agent.enhanced_real_code_review_agent - INFO - âœ… æˆåŠŸæå–Verilogä»£ç ï¼Œé•¿åº¦: 6564
[2025-08-03 08:55:44] Agent.enhanced_real_code_review_agent - INFO - ğŸ§¹ Verilogä»£ç æå–æˆåŠŸï¼š7442 -> 6564 å­—ç¬¦
[2025-08-03 08:55:44] Agent.enhanced_real_code_review_agent - INFO - ğŸ§¹ å†…å®¹å·²æ¸…ç†ï¼š7442 -> 6564 å­—ç¬¦
[2025-08-03 08:55:44] Agent.enhanced_real_code_review_agent - INFO - âœ… æ–‡ä»¶å·²é€šè¿‡ä¸­å¤®ç®¡ç†å™¨ä¿å­˜: testbench_adder_16bit.v (file path: /home/haiyan/Research/CentralizedAgentFramework/file_workspace/testbenches/testbench_adder_16bit.v) (ID: c24a8cc4)
[2025-08-03 08:55:44] Agent.enhanced_real_code_review_agent - INFO - ğŸ” è¿è¡Œä»¿çœŸ: adder_16bit.v testbench_adder_16bit.v None None iverilog None
[2025-08-03 08:55:44] Agent.enhanced_real_code_review_agent - INFO - ğŸ”¬ è¿è¡Œä»¿çœŸ: iverilog
[2025-08-03 08:55:44] Agent.enhanced_real_code_review_agent - INFO - ğŸ“ æ‰¾åˆ°æ¨¡å—æ–‡ä»¶: file_workspace/designs/adder_16bit.v
[2025-08-03 08:55:44] Agent.enhanced_real_code_review_agent - INFO - ğŸ“ æ‰¾åˆ°æœ‰æ•ˆæµ‹è¯•å°æ–‡ä»¶: file_workspace/testbenches/testbench_adder_16bit.v
[2025-08-03 08:55:44] Agent.enhanced_real_code_review_agent - INFO - ğŸ”¨ å¼€å§‹ç¼–è¯‘ 2 ä¸ªæ–‡ä»¶
[2025-08-03 08:55:44] Agent.enhanced_real_code_review_agent - INFO - ğŸ”¨ ç¼–è¯‘å‘½ä»¤: iverilog -o logs/experiment_20250803_085428/artifacts/simulation file_workspace/designs/adder_16bit.v file_workspace/testbenches/testbench_adder_16bit.v
[2025-08-03 08:55:44] Agent.enhanced_real_code_review_agent - INFO - ğŸ”¨ ç¼–è¯‘å·¥ä½œç›®å½•: /home/haiyan/Research/CentralizedAgentFramework
[2025-08-03 08:55:44] Agent.enhanced_real_code_review_agent - ERROR - âŒ ç¼–è¯‘å¤±è´¥ï¼Œè¿”å›ç : 78
[2025-08-03 08:55:44] Agent.enhanced_real_code_review_agent - ERROR - ç¼–è¯‘é”™è¯¯: file_workspace/testbenches/testbench_adder_16bit.v:84: syntax error
file_workspace/testbenches/testbench_adder_16bit.v:84: error: Malformed statement
file_workspace/testbenches/testbench_adder_16bit.v:85: syntax error
file_workspace/testbenches/testbench_adder_16bit.v:85: error: Malformed statement
file_workspace/testbenches/testbench_adder_16bit.v:86: syntax error
file_workspace/testbenches/testbench_adder_16bit.v:86: error: Malformed statement
file_workspace/testbenches/testbench_adder_16bit.v:94: syntax error
file_workspace/testbenches/testbench_adder_16bit.v:94: error: Malformed statement
file_workspace/testbenches/testbench_adder_16bit.v:95: syntax error
file_workspace/testbenches/testbench_adder_16bit.v:95: error: Malformed statement
file_workspace/testbenches/testbench_adder_16bit.v:96: syntax error
file_workspace/testbenches/testbench_adder_16bit.v:96: error: Malformed statement
file_workspace/testbenches/testbench_adder_16bit.v:75: error: Task body with multiple statements requires SystemVerilog.
file_workspace/testbenches/testbench_adder_16bit.v:1: error: Task body with multiple statements requires SystemVerilog.
file_workspace/testbenches/testbench_adder_16bit.v:111: syntax error
file_workspace/testbenches/testbench_adder_16bit.v:111: error: Malformed statement
file_workspace/testbenches/testbench_adder_16bit.v:112: syntax error
file_workspace/testbenches/testbench_adder_16bit.v:112: error: Malformed statement
file_workspace/testbenches/testbench_adder_16bit.v:113: syntax error
file_workspace/testbenches/testbench_adder_16bit.v:113: error: Malformed statement
file_workspace/testbenches/testbench_adder_16bit.v:121: syntax error
file_workspace/testbenches/testbench_adder_16bit.v:121: error: Malformed statement
file_workspace/testbenches/testbench_adder_16bit.v:122: syntax error
file_workspace/testbenches/testbench_adder_16bit.v:122: error: Malformed statement
file_workspace/testbenches/testbench_adder_16bit.v:123: syntax error
file_workspace/testbenches/testbench_adder_16bit.v:123: error: Malformed statement
file_workspace/testbenches/testbench_adder_16bit.v:102: error: Task body with multiple statements requires SystemVerilog.
file_workspace/testbenches/testbench_adder_16bit.v:1: error: Task body with multiple statements requires SystemVerilog.
file_workspace/testbenches/testbench_adder_16bit.v:138: syntax error
file_workspace/testbenches/testbench_adder_16bit.v:138: error: Malformed statement
file_workspace/testbenches/testbench_adder_16bit.v:139: syntax error
file_workspace/testbenches/testbench_adder_16bit.v:139: error: Malformed statement
file_workspace/testbenches/testbench_adder_16bit.v:140: syntax error
file_workspace/testbenches/testbench_adder_16bit.v:140: error: Malformed statement
file_workspace/testbenches/testbench_adder_16bit.v:148: syntax error
file_workspace/testbenches/testbench_adder_16bit.v:148: error: Malformed statement
file_workspace/testbenches/testbench_adder_16bit.v:149: syntax error
file_workspace/testbenches/testbench_adder_16bit.v:149: error: Malformed statement
file_workspace/testbenches/testbench_adder_16bit.v:150: syntax error
file_workspace/testbenches/testbench_adder_16bit.v:150: error: Malformed statement
file_workspace/testbenches/testbench_adder_16bit.v:129: error: Task body with multiple statements requires SystemVerilog.
file_workspace/testbenches/testbench_adder_16bit.v:1: error: Task body with multiple statements requires SystemVerilog.
file_workspace/testbenches/testbench_adder_16bit.v:165: syntax error
file_workspace/testbenches/testbench_adder_16bit.v:165: error: Malformed statement
file_workspace/testbenches/testbench_adder_16bit.v:166: syntax error
file_workspace/testbenches/testbench_adder_16bit.v:166: error: Malformed statement
file_workspace/testbenches/testbench_adder_16bit.v:167: syntax error
file_workspace/testbenches/testbench_adder_16bit.v:167: error: Malformed statement
file_workspace/testbenches/testbench_adder_16bit.v:175: syntax error
file_workspace/testbenches/testbench_adder_16bit.v:175: error: Malformed statement
file_workspace/testbenches/testbench_adder_16bit.v:176: syntax error
file_workspace/testbenches/testbench_adder_16bit.v:176: error: Malformed statement
file_workspace/testbenches/testbench_adder_16bit.v:177: syntax error
file_workspace/testbenches/testbench_adder_16bit.v:177: error: Malformed statement
file_workspace/testbenches/testbench_adder_16bit.v:156: error: Task body with multiple statements requires SystemVerilog.
file_workspace/testbenches/testbench_adder_16bit.v:1: error: Task body with multiple statements requires SystemVerilog.
file_workspace/testbenches/testbench_adder_16bit.v:187: syntax error
file_workspace/testbenches/testbench_adder_16bit.v:195: syntax error
file_workspace/testbenches/testbench_adder_16bit.v:195: error: Malformed statement
file_workspace/testbenches/testbench_adder_16bit.v:196: syntax error
file_workspace/testbenches/testbench_adder_16bit.v:196: error: Malformed statement
file_workspace/testbenches/testbench_adder_16bit.v:197: syntax error
file_workspace/testbenches/testbench_adder_16bit.v:197: error: Malformed statement
file_workspace/testbenches/testbench_adder_16bit.v:200: syntax error
file_workspace/testbenches/testbench_adder_16bit.v:200: Syntax in assignment statement l-value.
file_workspace/testbenches/testbench_adder_16bit.v:201: syntax error
file_workspace/testbenches/testbench_adder_16bit.v:201: Syntax in assignment statement l-value.
file_workspace/testbenches/testbench_adder_16bit.v:202: syntax error
file_workspace/testbenches/testbench_adder_16bit.v:202: Syntax in assignment statement l-value.
file_workspace/testbenches/testbench_adder_16bit.v:209: syntax error
file_workspace/testbenches/testbench_adder_16bit.v:209: error: Malformed statement
file_workspace/testbenches/testbench_adder_16bit.v:210: syntax error
file_workspace/testbenches/testbench_adder_16bit.v:210: error: Malformed statement
file_workspace/testbenches/testbench_adder_16bit.v:211: syntax error
file_workspace/testbenches/testbench_adder_16bit.v:211: error: Malformed statement
file_workspace/testbenches/testbench_adder_16bit.v:187: error: Incomprehensible for loop.
file_workspace/testbenches/testbench_adder_16bit.v:183: error: Task body with multiple statements requires SystemVerilog.
file_workspace/testbenches/testbench_adder_16bit.v:1: error: Task body with multiple statements requires SystemVerilog.

[2025-08-03 08:55:44] Agent.enhanced_real_code_review_agent - INFO - ğŸ” ä»¿çœŸç»“æœ: {'success': False, 'error': 'ç¼–è¯‘å¤±è´¥: file_workspace/testbenches/testbench_adder_16bit.v:84: syntax error\nfile_workspace/testbenches/testbench_adder_16bit.v:84: error: Malformed statement\nfile_workspace/testbenches/testbench_adder_16bit.v:85: syntax error\nfile_workspace/testbenches/testbench_adder_16bit.v:85: error: Malformed statement\nfile_workspace/testbenches/testbench_adder_16bit.v:86: syntax error\nfile_workspace/testbenches/testbench_adder_16bit.v:86: error: Malformed statement\nfile_workspace/testbenches/testbench_adder_16bit.v:94: syntax error\nfile_workspace/testbenches/testbench_adder_16bit.v:94: error: Malformed statement\nfile_workspace/testbenches/testbench_adder_16bit.v:95: syntax error\nfile_workspace/testbenches/testbench_adder_16bit.v:95: error: Malformed statement\nfile_workspace/testbenches/testbench_adder_16bit.v:96: syntax error\nfile_workspace/testbenches/testbench_adder_16bit.v:96: error: Malformed statement\nfile_workspace/testbenches/testbench_adder_16bit.v:75: error: Task body with multiple statements requires SystemVerilog.\nfile_workspace/testbenches/testbench_adder_16bit.v:1: error: Task body with multiple statements requires SystemVerilog.\nfile_workspace/testbenches/testbench_adder_16bit.v:111: syntax error\nfile_workspace/testbenches/testbench_adder_16bit.v:111: error: Malformed statement\nfile_workspace/testbenches/testbench_adder_16bit.v:112: syntax error\nfile_workspace/testbenches/testbench_adder_16bit.v:112: error: Malformed statement\nfile_workspace/testbenches/testbench_adder_16bit.v:113: syntax error\nfile_workspace/testbenches/testbench_adder_16bit.v:113: error: Malformed statement\nfile_workspace/testbenches/testbench_adder_16bit.v:121: syntax error\nfile_workspace/testbenches/testbench_adder_16bit.v:121: error: Malformed statement\nfile_workspace/testbenches/testbench_adder_16bit.v:122: syntax error\nfile_workspace/testbenches/testbench_adder_16bit.v:122: error: Malformed statement\nfile_workspace/testbenches/testbench_adder_16bit.v:123: syntax error\nfile_workspace/testbenches/testbench_adder_16bit.v:123: error: Malformed statement\nfile_workspace/testbenches/testbench_adder_16bit.v:102: error: Task body with multiple statements requires SystemVerilog.\nfile_workspace/testbenches/testbench_adder_16bit.v:1: error: Task body with multiple statements requires SystemVerilog.\nfile_workspace/testbenches/testbench_adder_16bit.v:138: syntax error\nfile_workspace/testbenches/testbench_adder_16bit.v:138: error: Malformed statement\nfile_workspace/testbenches/testbench_adder_16bit.v:139: syntax error\nfile_workspace/testbenches/testbench_adder_16bit.v:139: error: Malformed statement\nfile_workspace/testbenches/testbench_adder_16bit.v:140: syntax error\nfile_workspace/testbenches/testbench_adder_16bit.v:140: error: Malformed statement\nfile_workspace/testbenches/testbench_adder_16bit.v:148: syntax error\nfile_workspace/testbenches/testbench_adder_16bit.v:148: error: Malformed statement\nfile_workspace/testbenches/testbench_adder_16bit.v:149: syntax error\nfile_workspace/testbenches/testbench_adder_16bit.v:149: error: Malformed statement\nfile_workspace/testbenches/testbench_adder_16bit.v:150: syntax error\nfile_workspace/testbenches/testbench_adder_16bit.v:150: error: Malformed statement\nfile_workspace/testbenches/testbench_adder_16bit.v:129: error: Task body with multiple statements requires SystemVerilog.\nfile_workspace/testbenches/testbench_adder_16bit.v:1: error: Task body with multiple statements requires SystemVerilog.\nfile_workspace/testbenches/testbench_adder_16bit.v:165: syntax error\nfile_workspace/testbenches/testbench_adder_16bit.v:165: error: Malformed statement\nfile_workspace/testbenches/testbench_adder_16bit.v:166: syntax error\nfile_workspace/testbenches/testbench_adder_16bit.v:166: error: Malformed statement\nfile_workspace/testbenches/testbench_adder_16bit.v:167: syntax error\nfile_workspace/testbenches/testbench_adder_16bit.v:167: error: Malformed statement\nfile_workspace/testbenches/testbench_adder_16bit.v:175: syntax error\nfile_workspace/testbenches/testbench_adder_16bit.v:175: error: Malformed statement\nfile_workspace/testbenches/testbench_adder_16bit.v:176: syntax error\nfile_workspace/testbenches/testbench_adder_16bit.v:176: error: Malformed statement\nfile_workspace/testbenches/testbench_adder_16bit.v:177: syntax error\nfile_workspace/testbenches/testbench_adder_16bit.v:177: error: Malformed statement\nfile_workspace/testbenches/testbench_adder_16bit.v:156: error: Task body with multiple statements requires SystemVerilog.\nfile_workspace/testbenches/testbench_adder_16bit.v:1: error: Task body with multiple statements requires SystemVerilog.\nfile_workspace/testbenches/testbench_adder_16bit.v:187: syntax error\nfile_workspace/testbenches/testbench_adder_16bit.v:195: syntax error\nfile_workspace/testbenches/testbench_adder_16bit.v:195: error: Malformed statement\nfile_workspace/testbenches/testbench_adder_16bit.v:196: syntax error\nfile_workspace/testbenches/testbench_adder_16bit.v:196: error: Malformed statement\nfile_workspace/testbenches/testbench_adder_16bit.v:197: syntax error\nfile_workspace/testbenches/testbench_adder_16bit.v:197: error: Malformed statement\nfile_workspace/testbenches/testbench_adder_16bit.v:200: syntax error\nfile_workspace/testbenches/testbench_adder_16bit.v:200: Syntax in assignment statement l-value.\nfile_workspace/testbenches/testbench_adder_16bit.v:201: syntax error\nfile_workspace/testbenches/testbench_adder_16bit.v:201: Syntax in assignment statement l-value.\nfile_workspace/testbenches/testbench_adder_16bit.v:202: syntax error\nfile_workspace/testbenches/testbench_adder_16bit.v:202: Syntax in assignment statement l-value.\nfile_workspace/testbenches/testbench_adder_16bit.v:209: syntax error\nfile_workspace/testbenches/testbench_adder_16bit.v:209: error: Malformed statement\nfile_workspace/testbenches/testbench_adder_16bit.v:210: syntax error\nfile_workspace/testbenches/testbench_adder_16bit.v:210: error: Malformed statement\nfile_workspace/testbenches/testbench_adder_16bit.v:211: syntax error\nfile_workspace/testbenches/testbench_adder_16bit.v:211: error: Malformed statement\nfile_workspace/testbenches/testbench_adder_16bit.v:187: error: Incomprehensible for loop.\nfile_workspace/testbenches/testbench_adder_16bit.v:183: error: Task body with multiple statements requires SystemVerilog.\nfile_workspace/testbenches/testbench_adder_16bit.v:1: error: Task body with multiple statements requires SystemVerilog.\n', 'stage': 'compilation', 'compilation_output': 'file_workspace/testbenches/testbench_adder_16bit.v:84: syntax error\nfile_workspace/testbenches/testbench_adder_16bit.v:84: error: Malformed statement\nfile_workspace/testbenches/testbench_adder_16bit.v:85: syntax error\nfile_workspace/testbenches/testbench_adder_16bit.v:85: error: Malformed statement\nfile_workspace/testbenches/testbench_adder_16bit.v:86: syntax error\nfile_workspace/testbenches/testbench_adder_16bit.v:86: error: Malformed statement\nfile_workspace/testbenches/testbench_adder_16bit.v:94: syntax error\nfile_workspace/testbenches/testbench_adder_16bit.v:94: error: Malformed statement\nfile_workspace/testbenches/testbench_adder_16bit.v:95: syntax error\nfile_workspace/testbenches/testbench_adder_16bit.v:95: error: Malformed statement\nfile_workspace/testbenches/testbench_adder_16bit.v:96: syntax error\nfile_workspace/testbenches/testbench_adder_16bit.v:96: error: Malformed statement\nfile_workspace/testbenches/testbench_adder_16bit.v:75: error: Task body with multiple statements requires SystemVerilog.\nfile_workspace/testbenches/testbench_adder_16bit.v:1: error: Task body with multiple statements requires SystemVerilog.\nfile_workspace/testbenches/testbench_adder_16bit.v:111: syntax error\nfile_workspace/testbenches/testbench_adder_16bit.v:111: error: Malformed statement\nfile_workspace/testbenches/testbench_adder_16bit.v:112: syntax error\nfile_workspace/testbenches/testbench_adder_16bit.v:112: error: Malformed statement\nfile_workspace/testbenches/testbench_adder_16bit.v:113: syntax error\nfile_workspace/testbenches/testbench_adder_16bit.v:113: error: Malformed statement\nfile_workspace/testbenches/testbench_adder_16bit.v:121: syntax error\nfile_workspace/testbenches/testbench_adder_16bit.v:121: error: Malformed statement\nfile_workspace/testbenches/testbench_adder_16bit.v:122: syntax error\nfile_workspace/testbenches/testbench_adder_16bit.v:122: error: Malformed statement\nfile_workspace/testbenches/testbench_adder_16bit.v:123: syntax error\nfile_workspace/testbenches/testbench_adder_16bit.v:123: error: Malformed statement\nfile_workspace/testbenches/testbench_adder_16bit.v:102: error: Task body with multiple statements requires SystemVerilog.\nfile_workspace/testbenches/testbench_adder_16bit.v:1: error: Task body with multiple statements requires SystemVerilog.\nfile_workspace/testbenches/testbench_adder_16bit.v:138: syntax error\nfile_workspace/testbenches/testbench_adder_16bit.v:138: error: Malformed statement\nfile_workspace/testbenches/testbench_adder_16bit.v:139: syntax error\nfile_workspace/testbenches/testbench_adder_16bit.v:139: error: Malformed statement\nfile_workspace/testbenches/testbench_adder_16bit.v:140: syntax error\nfile_workspace/testbenches/testbench_adder_16bit.v:140: error: Malformed statement\nfile_workspace/testbenches/testbench_adder_16bit.v:148: syntax error\nfile_workspace/testbenches/testbench_adder_16bit.v:148: error: Malformed statement\nfile_workspace/testbenches/testbench_adder_16bit.v:149: syntax error\nfile_workspace/testbenches/testbench_adder_16bit.v:149: error: Malformed statement\nfile_workspace/testbenches/testbench_adder_16bit.v:150: syntax error\nfile_workspace/testbenches/testbench_adder_16bit.v:150: error: Malformed statement\nfile_workspace/testbenches/testbench_adder_16bit.v:129: error: Task body with multiple statements requires SystemVerilog.\nfile_workspace/testbenches/testbench_adder_16bit.v:1: error: Task body with multiple statements requires SystemVerilog.\nfile_workspace/testbenches/testbench_adder_16bit.v:165: syntax error\nfile_workspace/testbenches/testbench_adder_16bit.v:165: error: Malformed statement\nfile_workspace/testbenches/testbench_adder_16bit.v:166: syntax error\nfile_workspace/testbenches/testbench_adder_16bit.v:166: error: Malformed statement\nfile_workspace/testbenches/testbench_adder_16bit.v:167: syntax error\nfile_workspace/testbenches/testbench_adder_16bit.v:167: error: Malformed statement\nfile_workspace/testbenches/testbench_adder_16bit.v:175: syntax error\nfile_workspace/testbenches/testbench_adder_16bit.v:175: error: Malformed statement\nfile_workspace/testbenches/testbench_adder_16bit.v:176: syntax error\nfile_workspace/testbenches/testbench_adder_16bit.v:176: error: Malformed statement\nfile_workspace/testbenches/testbench_adder_16bit.v:177: syntax error\nfile_workspace/testbenches/testbench_adder_16bit.v:177: error: Malformed statement\nfile_workspace/testbenches/testbench_adder_16bit.v:156: error: Task body with multiple statements requires SystemVerilog.\nfile_workspace/testbenches/testbench_adder_16bit.v:1: error: Task body with multiple statements requires SystemVerilog.\nfile_workspace/testbenches/testbench_adder_16bit.v:187: syntax error\nfile_workspace/testbenches/testbench_adder_16bit.v:195: syntax error\nfile_workspace/testbenches/testbench_adder_16bit.v:195: error: Malformed statement\nfile_workspace/testbenches/testbench_adder_16bit.v:196: syntax error\nfile_workspace/testbenches/testbench_adder_16bit.v:196: error: Malformed statement\nfile_workspace/testbenches/testbench_adder_16bit.v:197: syntax error\nfile_workspace/testbenches/testbench_adder_16bit.v:197: error: Malformed statement\nfile_workspace/testbenches/testbench_adder_16bit.v:200: syntax error\nfile_workspace/testbenches/testbench_adder_16bit.v:200: Syntax in assignment statement l-value.\nfile_workspace/testbenches/testbench_adder_16bit.v:201: syntax error\nfile_workspace/testbenches/testbench_adder_16bit.v:201: Syntax in assignment statement l-value.\nfile_workspace/testbenches/testbench_adder_16bit.v:202: syntax error\nfile_workspace/testbenches/testbench_adder_16bit.v:202: Syntax in assignment statement l-value.\nfile_workspace/testbenches/testbench_adder_16bit.v:209: syntax error\nfile_workspace/testbenches/testbench_adder_16bit.v:209: error: Malformed statement\nfile_workspace/testbenches/testbench_adder_16bit.v:210: syntax error\nfile_workspace/testbenches/testbench_adder_16bit.v:210: error: Malformed statement\nfile_workspace/testbenches/testbench_adder_16bit.v:211: syntax error\nfile_workspace/testbenches/testbench_adder_16bit.v:211: error: Malformed statement\nfile_workspace/testbenches/testbench_adder_16bit.v:187: error: Incomprehensible for loop.\nfile_workspace/testbenches/testbench_adder_16bit.v:183: error: Task body with multiple statements requires SystemVerilog.\nfile_workspace/testbenches/testbench_adder_16bit.v:1: error: Task body with multiple statements requires SystemVerilog.\n', 'command': 'iverilog -o logs/experiment_20250803_085428/artifacts/simulation file_workspace/designs/adder_16bit.v file_workspace/testbenches/testbench_adder_16bit.v'}
[2025-08-03 08:55:44] Agent.enhanced_real_code_review_agent - ERROR - âŒ ä»¿çœŸæ‰§è¡Œå¤±è´¥ (compilation): ç¼–è¯‘å¤±è´¥: file_workspace/testbenches/testbench_adder_16bit.v:84: syntax error
file_workspace/testbenches/testbench_adder_16bit.v:84: error: Malformed statement
file_workspace/testbenches/testbench_adder_16bit.v:85: syntax error
file_workspace/testbenches/testbench_adder_16bit.v:85: error: Malformed statement
file_workspace/testbenches/testbench_adder_16bit.v:86: syntax error
file_workspace/testbenches/testbench_adder_16bit.v:86: error: Malformed statement
file_workspace/testbenches/testbench_adder_16bit.v:94: syntax error
file_workspace/testbenches/testbench_adder_16bit.v:94: error: Malformed statement
file_workspace/testbenches/testbench_adder_16bit.v:95: syntax error
file_workspace/testbenches/testbench_adder_16bit.v:95: error: Malformed statement
file_workspace/testbenches/testbench_adder_16bit.v:96: syntax error
file_workspace/testbenches/testbench_adder_16bit.v:96: error: Malformed statement
file_workspace/testbenches/testbench_adder_16bit.v:75: error: Task body with multiple statements requires SystemVerilog.
file_workspace/testbenches/testbench_adder_16bit.v:1: error: Task body with multiple statements requires SystemVerilog.
file_workspace/testbenches/testbench_adder_16bit.v:111: syntax error
file_workspace/testbenches/testbench_adder_16bit.v:111: error: Malformed statement
file_workspace/testbenches/testbench_adder_16bit.v:112: syntax error
file_workspace/testbenches/testbench_adder_16bit.v:112: error: Malformed statement
file_workspace/testbenches/testbench_adder_16bit.v:113: syntax error
file_workspace/testbenches/testbench_adder_16bit.v:113: error: Malformed statement
file_workspace/testbenches/testbench_adder_16bit.v:121: syntax error
file_workspace/testbenches/testbench_adder_16bit.v:121: error: Malformed statement
file_workspace/testbenches/testbench_adder_16bit.v:122: syntax error
file_workspace/testbenches/testbench_adder_16bit.v:122: error: Malformed statement
file_workspace/testbenches/testbench_adder_16bit.v:123: syntax error
file_workspace/testbenches/testbench_adder_16bit.v:123: error: Malformed statement
file_workspace/testbenches/testbench_adder_16bit.v:102: error: Task body with multiple statements requires SystemVerilog.
file_workspace/testbenches/testbench_adder_16bit.v:1: error: Task body with multiple statements requires SystemVerilog.
file_workspace/testbenches/testbench_adder_16bit.v:138: syntax error
file_workspace/testbenches/testbench_adder_16bit.v:138: error: Malformed statement
file_workspace/testbenches/testbench_adder_16bit.v:139: syntax error
file_workspace/testbenches/testbench_adder_16bit.v:139: error: Malformed statement
file_workspace/testbenches/testbench_adder_16bit.v:140: syntax error
file_workspace/testbenches/testbench_adder_16bit.v:140: error: Malformed statement
file_workspace/testbenches/testbench_adder_16bit.v:148: syntax error
file_workspace/testbenches/testbench_adder_16bit.v:148: error: Malformed statement
file_workspace/testbenches/testbench_adder_16bit.v:149: syntax error
file_workspace/testbenches/testbench_adder_16bit.v:149: error: Malformed statement
file_workspace/testbenches/testbench_adder_16bit.v:150: syntax error
file_workspace/testbenches/testbench_adder_16bit.v:150: error: Malformed statement
file_workspace/testbenches/testbench_adder_16bit.v:129: error: Task body with multiple statements requires SystemVerilog.
file_workspace/testbenches/testbench_adder_16bit.v:1: error: Task body with multiple statements requires SystemVerilog.
file_workspace/testbenches/testbench_adder_16bit.v:165: syntax error
file_workspace/testbenches/testbench_adder_16bit.v:165: error: Malformed statement
file_workspace/testbenches/testbench_adder_16bit.v:166: syntax error
file_workspace/testbenches/testbench_adder_16bit.v:166: error: Malformed statement
file_workspace/testbenches/testbench_adder_16bit.v:167: syntax error
file_workspace/testbenches/testbench_adder_16bit.v:167: error: Malformed statement
file_workspace/testbenches/testbench_adder_16bit.v:175: syntax error
file_workspace/testbenches/testbench_adder_16bit.v:175: error: Malformed statement
file_workspace/testbenches/testbench_adder_16bit.v:176: syntax error
file_workspace/testbenches/testbench_adder_16bit.v:176: error: Malformed statement
file_workspace/testbenches/testbench_adder_16bit.v:177: syntax error
file_workspace/testbenches/testbench_adder_16bit.v:177: error: Malformed statement
file_workspace/testbenches/testbench_adder_16bit.v:156: error: Task body with multiple statements requires SystemVerilog.
file_workspace/testbenches/testbench_adder_16bit.v:1: error: Task body with multiple statements requires SystemVerilog.
file_workspace/testbenches/testbench_adder_16bit.v:187: syntax error
file_workspace/testbenches/testbench_adder_16bit.v:195: syntax error
file_workspace/testbenches/testbench_adder_16bit.v:195: error: Malformed statement
file_workspace/testbenches/testbench_adder_16bit.v:196: syntax error
file_workspace/testbenches/testbench_adder_16bit.v:196: error: Malformed statement
file_workspace/testbenches/testbench_adder_16bit.v:197: syntax error
file_workspace/testbenches/testbench_adder_16bit.v:197: error: Malformed statement
file_workspace/testbenches/testbench_adder_16bit.v:200: syntax error
file_workspace/testbenches/testbench_adder_16bit.v:200: Syntax in assignment statement l-value.
file_workspace/testbenches/testbench_adder_16bit.v:201: syntax error
file_workspace/testbenches/testbench_adder_16bit.v:201: Syntax in assignment statement l-value.
file_workspace/testbenches/testbench_adder_16bit.v:202: syntax error
file_workspace/testbenches/testbench_adder_16bit.v:202: Syntax in assignment statement l-value.
file_workspace/testbenches/testbench_adder_16bit.v:209: syntax error
file_workspace/testbenches/testbench_adder_16bit.v:209: error: Malformed statement
file_workspace/testbenches/testbench_adder_16bit.v:210: syntax error
file_workspace/testbenches/testbench_adder_16bit.v:210: error: Malformed statement
file_workspace/testbenches/testbench_adder_16bit.v:211: syntax error
file_workspace/testbenches/testbench_adder_16bit.v:211: error: Malformed statement
file_workspace/testbenches/testbench_adder_16bit.v:187: error: Incomprehensible for loop.
file_workspace/testbenches/testbench_adder_16bit.v:183: error: Task body with multiple statements requires SystemVerilog.
file_workspace/testbenches/testbench_adder_16bit.v:1: error: Task body with multiple statements requires SystemVerilog.

[2025-08-03 08:56:16] Agent.enhanced_real_code_review_agent - INFO - ğŸ” åˆ†æä»£ç è´¨é‡: ieee1800 æ ‡å‡†
[2025-08-03 08:56:16] Agent.enhanced_real_code_review_agent - INFO - ğŸ§ª ç”Ÿæˆæµ‹è¯•å°: adder_16bit
[2025-08-03 08:56:50] Agent.enhanced_real_code_review_agent - INFO - ğŸ“ å†™å…¥æ–‡ä»¶: testbench_adder_16bit.v
[2025-08-03 08:56:50] Agent.enhanced_real_code_review_agent - INFO - ğŸ” filename: testbench_adder_16bit.v
[2025-08-03 08:56:50] Agent.enhanced_real_code_review_agent - INFO - ğŸ” file type: verilog
[2025-08-03 08:56:50] Agent.enhanced_real_code_review_agent - INFO - ğŸ§¹ ä½¿ç”¨æ™ºèƒ½ä»£ç æå–å¤„ç†Verilogæ–‡ä»¶
[2025-08-03 08:56:50] Agent.enhanced_real_code_review_agent - INFO - ğŸ” å¼€å§‹æå–Verilogä»£ç ï¼ŒåŸå§‹å†…å®¹é•¿åº¦: 7006
[2025-08-03 08:56:50] Agent.enhanced_real_code_review_agent - INFO - âœ… æ‰¾åˆ° 1 ä¸ªVerilogä»£ç å—
[2025-08-03 08:56:50] Agent.enhanced_real_code_review_agent - INFO - âœ… ä»£ç å— 1 éªŒè¯é€šè¿‡ï¼Œé•¿åº¦: 5723
[2025-08-03 08:56:50] Agent.enhanced_real_code_review_agent - INFO - âœ… æˆåŠŸæå–Verilogä»£ç ï¼Œé•¿åº¦: 5723
[2025-08-03 08:56:50] Agent.enhanced_real_code_review_agent - INFO - ğŸ§¹ Verilogä»£ç æå–æˆåŠŸï¼š7006 -> 5723 å­—ç¬¦
[2025-08-03 08:56:50] Agent.enhanced_real_code_review_agent - INFO - ğŸ§¹ å†…å®¹å·²æ¸…ç†ï¼š7006 -> 5723 å­—ç¬¦
[2025-08-03 08:56:50] Agent.enhanced_real_code_review_agent - INFO - âœ… æ–‡ä»¶å·²é€šè¿‡ä¸­å¤®ç®¡ç†å™¨ä¿å­˜: testbench_adder_16bit.v (file path: /home/haiyan/Research/CentralizedAgentFramework/file_workspace/testbenches/testbench_adder_16bit.v) (ID: c24a8cc4)
[2025-08-03 08:56:50] Agent.enhanced_real_code_review_agent - INFO - ğŸ” è¿è¡Œä»¿çœŸ: adder_16bit.v testbench_adder_16bit.v None None iverilog None
[2025-08-03 08:56:50] Agent.enhanced_real_code_review_agent - INFO - ğŸ”¬ è¿è¡Œä»¿çœŸ: iverilog
[2025-08-03 08:56:50] Agent.enhanced_real_code_review_agent - INFO - ğŸ“ æ‰¾åˆ°æ¨¡å—æ–‡ä»¶: file_workspace/designs/adder_16bit.v
[2025-08-03 08:56:50] Agent.enhanced_real_code_review_agent - INFO - ğŸ“ æ‰¾åˆ°æœ‰æ•ˆæµ‹è¯•å°æ–‡ä»¶: file_workspace/testbenches/testbench_adder_16bit.v
[2025-08-03 08:56:50] Agent.enhanced_real_code_review_agent - INFO - ğŸ”¨ å¼€å§‹ç¼–è¯‘ 2 ä¸ªæ–‡ä»¶
[2025-08-03 08:56:50] Agent.enhanced_real_code_review_agent - INFO - ğŸ”¨ ç¼–è¯‘å‘½ä»¤: iverilog -o logs/experiment_20250803_085428/artifacts/simulation file_workspace/designs/adder_16bit.v file_workspace/testbenches/testbench_adder_16bit.v
[2025-08-03 08:56:50] Agent.enhanced_real_code_review_agent - INFO - ğŸ”¨ ç¼–è¯‘å·¥ä½œç›®å½•: /home/haiyan/Research/CentralizedAgentFramework
[2025-08-03 08:56:50] Agent.enhanced_real_code_review_agent - ERROR - âŒ ç¼–è¯‘å¤±è´¥ï¼Œè¿”å›ç : 68
[2025-08-03 08:56:50] Agent.enhanced_real_code_review_agent - ERROR - ç¼–è¯‘é”™è¯¯: file_workspace/testbenches/testbench_adder_16bit.v:85: syntax error
file_workspace/testbenches/testbench_adder_16bit.v:85: error: Malformed statement
file_workspace/testbenches/testbench_adder_16bit.v:86: syntax error
file_workspace/testbenches/testbench_adder_16bit.v:86: error: Malformed statement
file_workspace/testbenches/testbench_adder_16bit.v:87: syntax error
file_workspace/testbenches/testbench_adder_16bit.v:87: error: Malformed statement
file_workspace/testbenches/testbench_adder_16bit.v:95: syntax error
file_workspace/testbenches/testbench_adder_16bit.v:95: error: Malformed statement
file_workspace/testbenches/testbench_adder_16bit.v:96: syntax error
file_workspace/testbenches/testbench_adder_16bit.v:96: error: Malformed statement
file_workspace/testbenches/testbench_adder_16bit.v:97: syntax error
file_workspace/testbenches/testbench_adder_16bit.v:97: error: Malformed statement
file_workspace/testbenches/testbench_adder_16bit.v:74: error: Task body with multiple statements requires SystemVerilog.
file_workspace/testbenches/testbench_adder_16bit.v:1: error: Task body with multiple statements requires SystemVerilog.
file_workspace/testbenches/testbench_adder_16bit.v:114: syntax error
file_workspace/testbenches/testbench_adder_16bit.v:114: error: Malformed statement
file_workspace/testbenches/testbench_adder_16bit.v:115: syntax error
file_workspace/testbenches/testbench_adder_16bit.v:115: error: Malformed statement
file_workspace/testbenches/testbench_adder_16bit.v:116: syntax error
file_workspace/testbenches/testbench_adder_16bit.v:116: error: Malformed statement
file_workspace/testbenches/testbench_adder_16bit.v:103: error: Task body with multiple statements requires SystemVerilog.
file_workspace/testbenches/testbench_adder_16bit.v:1: error: Task body with multiple statements requires SystemVerilog.
file_workspace/testbenches/testbench_adder_16bit.v:132: syntax error
file_workspace/testbenches/testbench_adder_16bit.v:132: error: Malformed statement
file_workspace/testbenches/testbench_adder_16bit.v:133: syntax error
file_workspace/testbenches/testbench_adder_16bit.v:133: error: Malformed statement
file_workspace/testbenches/testbench_adder_16bit.v:134: syntax error
file_workspace/testbenches/testbench_adder_16bit.v:134: error: Malformed statement
file_workspace/testbenches/testbench_adder_16bit.v:142: syntax error
file_workspace/testbenches/testbench_adder_16bit.v:142: error: Malformed statement
file_workspace/testbenches/testbench_adder_16bit.v:143: syntax error
file_workspace/testbenches/testbench_adder_16bit.v:143: error: Malformed statement
file_workspace/testbenches/testbench_adder_16bit.v:144: syntax error
file_workspace/testbenches/testbench_adder_16bit.v:144: error: Malformed statement
file_workspace/testbenches/testbench_adder_16bit.v:122: error: Task body with multiple statements requires SystemVerilog.
file_workspace/testbenches/testbench_adder_16bit.v:1: error: Task body with multiple statements requires SystemVerilog.
file_workspace/testbenches/testbench_adder_16bit.v:160: syntax error
file_workspace/testbenches/testbench_adder_16bit.v:160: error: Malformed statement
file_workspace/testbenches/testbench_adder_16bit.v:161: syntax error
file_workspace/testbenches/testbench_adder_16bit.v:161: error: Malformed statement
file_workspace/testbenches/testbench_adder_16bit.v:162: syntax error
file_workspace/testbenches/testbench_adder_16bit.v:162: error: Malformed statement
file_workspace/testbenches/testbench_adder_16bit.v:170: syntax error
file_workspace/testbenches/testbench_adder_16bit.v:170: error: Malformed statement
file_workspace/testbenches/testbench_adder_16bit.v:171: syntax error
file_workspace/testbenches/testbench_adder_16bit.v:171: error: Malformed statement
file_workspace/testbenches/testbench_adder_16bit.v:172: syntax error
file_workspace/testbenches/testbench_adder_16bit.v:172: error: Malformed statement
file_workspace/testbenches/testbench_adder_16bit.v:150: error: Task body with multiple statements requires SystemVerilog.
file_workspace/testbenches/testbench_adder_16bit.v:1: error: Task body with multiple statements requires SystemVerilog.
file_workspace/testbenches/testbench_adder_16bit.v:183: syntax error
file_workspace/testbenches/testbench_adder_16bit.v:191: syntax error
file_workspace/testbenches/testbench_adder_16bit.v:191: Syntax in assignment statement l-value.
file_workspace/testbenches/testbench_adder_16bit.v:192: syntax error
file_workspace/testbenches/testbench_adder_16bit.v:192: Syntax in assignment statement l-value.
file_workspace/testbenches/testbench_adder_16bit.v:193: syntax error
file_workspace/testbenches/testbench_adder_16bit.v:193: Syntax in assignment statement l-value.
file_workspace/testbenches/testbench_adder_16bit.v:194: syntax error
file_workspace/testbenches/testbench_adder_16bit.v:194: Syntax in assignment statement l-value.
file_workspace/testbenches/testbench_adder_16bit.v:197: syntax error
file_workspace/testbenches/testbench_adder_16bit.v:197: error: Malformed statement
file_workspace/testbenches/testbench_adder_16bit.v:198: syntax error
file_workspace/testbenches/testbench_adder_16bit.v:198: error: Malformed statement
file_workspace/testbenches/testbench_adder_16bit.v:199: syntax error
file_workspace/testbenches/testbench_adder_16bit.v:199: error: Malformed statement
file_workspace/testbenches/testbench_adder_16bit.v:183: error: Incomprehensible for loop.
file_workspace/testbenches/testbench_adder_16bit.v:178: error: Task body with multiple statements requires SystemVerilog.
file_workspace/testbenches/testbench_adder_16bit.v:1: error: Task body with multiple statements requires SystemVerilog.

[2025-08-03 08:56:50] Agent.enhanced_real_code_review_agent - INFO - ğŸ” ä»¿çœŸç»“æœ: {'success': False, 'error': 'ç¼–è¯‘å¤±è´¥: file_workspace/testbenches/testbench_adder_16bit.v:85: syntax error\nfile_workspace/testbenches/testbench_adder_16bit.v:85: error: Malformed statement\nfile_workspace/testbenches/testbench_adder_16bit.v:86: syntax error\nfile_workspace/testbenches/testbench_adder_16bit.v:86: error: Malformed statement\nfile_workspace/testbenches/testbench_adder_16bit.v:87: syntax error\nfile_workspace/testbenches/testbench_adder_16bit.v:87: error: Malformed statement\nfile_workspace/testbenches/testbench_adder_16bit.v:95: syntax error\nfile_workspace/testbenches/testbench_adder_16bit.v:95: error: Malformed statement\nfile_workspace/testbenches/testbench_adder_16bit.v:96: syntax error\nfile_workspace/testbenches/testbench_adder_16bit.v:96: error: Malformed statement\nfile_workspace/testbenches/testbench_adder_16bit.v:97: syntax error\nfile_workspace/testbenches/testbench_adder_16bit.v:97: error: Malformed statement\nfile_workspace/testbenches/testbench_adder_16bit.v:74: error: Task body with multiple statements requires SystemVerilog.\nfile_workspace/testbenches/testbench_adder_16bit.v:1: error: Task body with multiple statements requires SystemVerilog.\nfile_workspace/testbenches/testbench_adder_16bit.v:114: syntax error\nfile_workspace/testbenches/testbench_adder_16bit.v:114: error: Malformed statement\nfile_workspace/testbenches/testbench_adder_16bit.v:115: syntax error\nfile_workspace/testbenches/testbench_adder_16bit.v:115: error: Malformed statement\nfile_workspace/testbenches/testbench_adder_16bit.v:116: syntax error\nfile_workspace/testbenches/testbench_adder_16bit.v:116: error: Malformed statement\nfile_workspace/testbenches/testbench_adder_16bit.v:103: error: Task body with multiple statements requires SystemVerilog.\nfile_workspace/testbenches/testbench_adder_16bit.v:1: error: Task body with multiple statements requires SystemVerilog.\nfile_workspace/testbenches/testbench_adder_16bit.v:132: syntax error\nfile_workspace/testbenches/testbench_adder_16bit.v:132: error: Malformed statement\nfile_workspace/testbenches/testbench_adder_16bit.v:133: syntax error\nfile_workspace/testbenches/testbench_adder_16bit.v:133: error: Malformed statement\nfile_workspace/testbenches/testbench_adder_16bit.v:134: syntax error\nfile_workspace/testbenches/testbench_adder_16bit.v:134: error: Malformed statement\nfile_workspace/testbenches/testbench_adder_16bit.v:142: syntax error\nfile_workspace/testbenches/testbench_adder_16bit.v:142: error: Malformed statement\nfile_workspace/testbenches/testbench_adder_16bit.v:143: syntax error\nfile_workspace/testbenches/testbench_adder_16bit.v:143: error: Malformed statement\nfile_workspace/testbenches/testbench_adder_16bit.v:144: syntax error\nfile_workspace/testbenches/testbench_adder_16bit.v:144: error: Malformed statement\nfile_workspace/testbenches/testbench_adder_16bit.v:122: error: Task body with multiple statements requires SystemVerilog.\nfile_workspace/testbenches/testbench_adder_16bit.v:1: error: Task body with multiple statements requires SystemVerilog.\nfile_workspace/testbenches/testbench_adder_16bit.v:160: syntax error\nfile_workspace/testbenches/testbench_adder_16bit.v:160: error: Malformed statement\nfile_workspace/testbenches/testbench_adder_16bit.v:161: syntax error\nfile_workspace/testbenches/testbench_adder_16bit.v:161: error: Malformed statement\nfile_workspace/testbenches/testbench_adder_16bit.v:162: syntax error\nfile_workspace/testbenches/testbench_adder_16bit.v:162: error: Malformed statement\nfile_workspace/testbenches/testbench_adder_16bit.v:170: syntax error\nfile_workspace/testbenches/testbench_adder_16bit.v:170: error: Malformed statement\nfile_workspace/testbenches/testbench_adder_16bit.v:171: syntax error\nfile_workspace/testbenches/testbench_adder_16bit.v:171: error: Malformed statement\nfile_workspace/testbenches/testbench_adder_16bit.v:172: syntax error\nfile_workspace/testbenches/testbench_adder_16bit.v:172: error: Malformed statement\nfile_workspace/testbenches/testbench_adder_16bit.v:150: error: Task body with multiple statements requires SystemVerilog.\nfile_workspace/testbenches/testbench_adder_16bit.v:1: error: Task body with multiple statements requires SystemVerilog.\nfile_workspace/testbenches/testbench_adder_16bit.v:183: syntax error\nfile_workspace/testbenches/testbench_adder_16bit.v:191: syntax error\nfile_workspace/testbenches/testbench_adder_16bit.v:191: Syntax in assignment statement l-value.\nfile_workspace/testbenches/testbench_adder_16bit.v:192: syntax error\nfile_workspace/testbenches/testbench_adder_16bit.v:192: Syntax in assignment statement l-value.\nfile_workspace/testbenches/testbench_adder_16bit.v:193: syntax error\nfile_workspace/testbenches/testbench_adder_16bit.v:193: Syntax in assignment statement l-value.\nfile_workspace/testbenches/testbench_adder_16bit.v:194: syntax error\nfile_workspace/testbenches/testbench_adder_16bit.v:194: Syntax in assignment statement l-value.\nfile_workspace/testbenches/testbench_adder_16bit.v:197: syntax error\nfile_workspace/testbenches/testbench_adder_16bit.v:197: error: Malformed statement\nfile_workspace/testbenches/testbench_adder_16bit.v:198: syntax error\nfile_workspace/testbenches/testbench_adder_16bit.v:198: error: Malformed statement\nfile_workspace/testbenches/testbench_adder_16bit.v:199: syntax error\nfile_workspace/testbenches/testbench_adder_16bit.v:199: error: Malformed statement\nfile_workspace/testbenches/testbench_adder_16bit.v:183: error: Incomprehensible for loop.\nfile_workspace/testbenches/testbench_adder_16bit.v:178: error: Task body with multiple statements requires SystemVerilog.\nfile_workspace/testbenches/testbench_adder_16bit.v:1: error: Task body with multiple statements requires SystemVerilog.\n', 'stage': 'compilation', 'compilation_output': 'file_workspace/testbenches/testbench_adder_16bit.v:85: syntax error\nfile_workspace/testbenches/testbench_adder_16bit.v:85: error: Malformed statement\nfile_workspace/testbenches/testbench_adder_16bit.v:86: syntax error\nfile_workspace/testbenches/testbench_adder_16bit.v:86: error: Malformed statement\nfile_workspace/testbenches/testbench_adder_16bit.v:87: syntax error\nfile_workspace/testbenches/testbench_adder_16bit.v:87: error: Malformed statement\nfile_workspace/testbenches/testbench_adder_16bit.v:95: syntax error\nfile_workspace/testbenches/testbench_adder_16bit.v:95: error: Malformed statement\nfile_workspace/testbenches/testbench_adder_16bit.v:96: syntax error\nfile_workspace/testbenches/testbench_adder_16bit.v:96: error: Malformed statement\nfile_workspace/testbenches/testbench_adder_16bit.v:97: syntax error\nfile_workspace/testbenches/testbench_adder_16bit.v:97: error: Malformed statement\nfile_workspace/testbenches/testbench_adder_16bit.v:74: error: Task body with multiple statements requires SystemVerilog.\nfile_workspace/testbenches/testbench_adder_16bit.v:1: error: Task body with multiple statements requires SystemVerilog.\nfile_workspace/testbenches/testbench_adder_16bit.v:114: syntax error\nfile_workspace/testbenches/testbench_adder_16bit.v:114: error: Malformed statement\nfile_workspace/testbenches/testbench_adder_16bit.v:115: syntax error\nfile_workspace/testbenches/testbench_adder_16bit.v:115: error: Malformed statement\nfile_workspace/testbenches/testbench_adder_16bit.v:116: syntax error\nfile_workspace/testbenches/testbench_adder_16bit.v:116: error: Malformed statement\nfile_workspace/testbenches/testbench_adder_16bit.v:103: error: Task body with multiple statements requires SystemVerilog.\nfile_workspace/testbenches/testbench_adder_16bit.v:1: error: Task body with multiple statements requires SystemVerilog.\nfile_workspace/testbenches/testbench_adder_16bit.v:132: syntax error\nfile_workspace/testbenches/testbench_adder_16bit.v:132: error: Malformed statement\nfile_workspace/testbenches/testbench_adder_16bit.v:133: syntax error\nfile_workspace/testbenches/testbench_adder_16bit.v:133: error: Malformed statement\nfile_workspace/testbenches/testbench_adder_16bit.v:134: syntax error\nfile_workspace/testbenches/testbench_adder_16bit.v:134: error: Malformed statement\nfile_workspace/testbenches/testbench_adder_16bit.v:142: syntax error\nfile_workspace/testbenches/testbench_adder_16bit.v:142: error: Malformed statement\nfile_workspace/testbenches/testbench_adder_16bit.v:143: syntax error\nfile_workspace/testbenches/testbench_adder_16bit.v:143: error: Malformed statement\nfile_workspace/testbenches/testbench_adder_16bit.v:144: syntax error\nfile_workspace/testbenches/testbench_adder_16bit.v:144: error: Malformed statement\nfile_workspace/testbenches/testbench_adder_16bit.v:122: error: Task body with multiple statements requires SystemVerilog.\nfile_workspace/testbenches/testbench_adder_16bit.v:1: error: Task body with multiple statements requires SystemVerilog.\nfile_workspace/testbenches/testbench_adder_16bit.v:160: syntax error\nfile_workspace/testbenches/testbench_adder_16bit.v:160: error: Malformed statement\nfile_workspace/testbenches/testbench_adder_16bit.v:161: syntax error\nfile_workspace/testbenches/testbench_adder_16bit.v:161: error: Malformed statement\nfile_workspace/testbenches/testbench_adder_16bit.v:162: syntax error\nfile_workspace/testbenches/testbench_adder_16bit.v:162: error: Malformed statement\nfile_workspace/testbenches/testbench_adder_16bit.v:170: syntax error\nfile_workspace/testbenches/testbench_adder_16bit.v:170: error: Malformed statement\nfile_workspace/testbenches/testbench_adder_16bit.v:171: syntax error\nfile_workspace/testbenches/testbench_adder_16bit.v:171: error: Malformed statement\nfile_workspace/testbenches/testbench_adder_16bit.v:172: syntax error\nfile_workspace/testbenches/testbench_adder_16bit.v:172: error: Malformed statement\nfile_workspace/testbenches/testbench_adder_16bit.v:150: error: Task body with multiple statements requires SystemVerilog.\nfile_workspace/testbenches/testbench_adder_16bit.v:1: error: Task body with multiple statements requires SystemVerilog.\nfile_workspace/testbenches/testbench_adder_16bit.v:183: syntax error\nfile_workspace/testbenches/testbench_adder_16bit.v:191: syntax error\nfile_workspace/testbenches/testbench_adder_16bit.v:191: Syntax in assignment statement l-value.\nfile_workspace/testbenches/testbench_adder_16bit.v:192: syntax error\nfile_workspace/testbenches/testbench_adder_16bit.v:192: Syntax in assignment statement l-value.\nfile_workspace/testbenches/testbench_adder_16bit.v:193: syntax error\nfile_workspace/testbenches/testbench_adder_16bit.v:193: Syntax in assignment statement l-value.\nfile_workspace/testbenches/testbench_adder_16bit.v:194: syntax error\nfile_workspace/testbenches/testbench_adder_16bit.v:194: Syntax in assignment statement l-value.\nfile_workspace/testbenches/testbench_adder_16bit.v:197: syntax error\nfile_workspace/testbenches/testbench_adder_16bit.v:197: error: Malformed statement\nfile_workspace/testbenches/testbench_adder_16bit.v:198: syntax error\nfile_workspace/testbenches/testbench_adder_16bit.v:198: error: Malformed statement\nfile_workspace/testbenches/testbench_adder_16bit.v:199: syntax error\nfile_workspace/testbenches/testbench_adder_16bit.v:199: error: Malformed statement\nfile_workspace/testbenches/testbench_adder_16bit.v:183: error: Incomprehensible for loop.\nfile_workspace/testbenches/testbench_adder_16bit.v:178: error: Task body with multiple statements requires SystemVerilog.\nfile_workspace/testbenches/testbench_adder_16bit.v:1: error: Task body with multiple statements requires SystemVerilog.\n', 'command': 'iverilog -o logs/experiment_20250803_085428/artifacts/simulation file_workspace/designs/adder_16bit.v file_workspace/testbenches/testbench_adder_16bit.v'}
[2025-08-03 08:56:50] Agent.enhanced_real_code_review_agent - ERROR - âŒ ä»¿çœŸæ‰§è¡Œå¤±è´¥ (compilation): ç¼–è¯‘å¤±è´¥: file_workspace/testbenches/testbench_adder_16bit.v:85: syntax error
file_workspace/testbenches/testbench_adder_16bit.v:85: error: Malformed statement
file_workspace/testbenches/testbench_adder_16bit.v:86: syntax error
file_workspace/testbenches/testbench_adder_16bit.v:86: error: Malformed statement
file_workspace/testbenches/testbench_adder_16bit.v:87: syntax error
file_workspace/testbenches/testbench_adder_16bit.v:87: error: Malformed statement
file_workspace/testbenches/testbench_adder_16bit.v:95: syntax error
file_workspace/testbenches/testbench_adder_16bit.v:95: error: Malformed statement
file_workspace/testbenches/testbench_adder_16bit.v:96: syntax error
file_workspace/testbenches/testbench_adder_16bit.v:96: error: Malformed statement
file_workspace/testbenches/testbench_adder_16bit.v:97: syntax error
file_workspace/testbenches/testbench_adder_16bit.v:97: error: Malformed statement
file_workspace/testbenches/testbench_adder_16bit.v:74: error: Task body with multiple statements requires SystemVerilog.
file_workspace/testbenches/testbench_adder_16bit.v:1: error: Task body with multiple statements requires SystemVerilog.
file_workspace/testbenches/testbench_adder_16bit.v:114: syntax error
file_workspace/testbenches/testbench_adder_16bit.v:114: error: Malformed statement
file_workspace/testbenches/testbench_adder_16bit.v:115: syntax error
file_workspace/testbenches/testbench_adder_16bit.v:115: error: Malformed statement
file_workspace/testbenches/testbench_adder_16bit.v:116: syntax error
file_workspace/testbenches/testbench_adder_16bit.v:116: error: Malformed statement
file_workspace/testbenches/testbench_adder_16bit.v:103: error: Task body with multiple statements requires SystemVerilog.
file_workspace/testbenches/testbench_adder_16bit.v:1: error: Task body with multiple statements requires SystemVerilog.
file_workspace/testbenches/testbench_adder_16bit.v:132: syntax error
file_workspace/testbenches/testbench_adder_16bit.v:132: error: Malformed statement
file_workspace/testbenches/testbench_adder_16bit.v:133: syntax error
file_workspace/testbenches/testbench_adder_16bit.v:133: error: Malformed statement
file_workspace/testbenches/testbench_adder_16bit.v:134: syntax error
file_workspace/testbenches/testbench_adder_16bit.v:134: error: Malformed statement
file_workspace/testbenches/testbench_adder_16bit.v:142: syntax error
file_workspace/testbenches/testbench_adder_16bit.v:142: error: Malformed statement
file_workspace/testbenches/testbench_adder_16bit.v:143: syntax error
file_workspace/testbenches/testbench_adder_16bit.v:143: error: Malformed statement
file_workspace/testbenches/testbench_adder_16bit.v:144: syntax error
file_workspace/testbenches/testbench_adder_16bit.v:144: error: Malformed statement
file_workspace/testbenches/testbench_adder_16bit.v:122: error: Task body with multiple statements requires SystemVerilog.
file_workspace/testbenches/testbench_adder_16bit.v:1: error: Task body with multiple statements requires SystemVerilog.
file_workspace/testbenches/testbench_adder_16bit.v:160: syntax error
file_workspace/testbenches/testbench_adder_16bit.v:160: error: Malformed statement
file_workspace/testbenches/testbench_adder_16bit.v:161: syntax error
file_workspace/testbenches/testbench_adder_16bit.v:161: error: Malformed statement
file_workspace/testbenches/testbench_adder_16bit.v:162: syntax error
file_workspace/testbenches/testbench_adder_16bit.v:162: error: Malformed statement
file_workspace/testbenches/testbench_adder_16bit.v:170: syntax error
file_workspace/testbenches/testbench_adder_16bit.v:170: error: Malformed statement
file_workspace/testbenches/testbench_adder_16bit.v:171: syntax error
file_workspace/testbenches/testbench_adder_16bit.v:171: error: Malformed statement
file_workspace/testbenches/testbench_adder_16bit.v:172: syntax error
file_workspace/testbenches/testbench_adder_16bit.v:172: error: Malformed statement
file_workspace/testbenches/testbench_adder_16bit.v:150: error: Task body with multiple statements requires SystemVerilog.
file_workspace/testbenches/testbench_adder_16bit.v:1: error: Task body with multiple statements requires SystemVerilog.
file_workspace/testbenches/testbench_adder_16bit.v:183: syntax error
file_workspace/testbenches/testbench_adder_16bit.v:191: syntax error
file_workspace/testbenches/testbench_adder_16bit.v:191: Syntax in assignment statement l-value.
file_workspace/testbenches/testbench_adder_16bit.v:192: syntax error
file_workspace/testbenches/testbench_adder_16bit.v:192: Syntax in assignment statement l-value.
file_workspace/testbenches/testbench_adder_16bit.v:193: syntax error
file_workspace/testbenches/testbench_adder_16bit.v:193: Syntax in assignment statement l-value.
file_workspace/testbenches/testbench_adder_16bit.v:194: syntax error
file_workspace/testbenches/testbench_adder_16bit.v:194: Syntax in assignment statement l-value.
file_workspace/testbenches/testbench_adder_16bit.v:197: syntax error
file_workspace/testbenches/testbench_adder_16bit.v:197: error: Malformed statement
file_workspace/testbenches/testbench_adder_16bit.v:198: syntax error
file_workspace/testbenches/testbench_adder_16bit.v:198: error: Malformed statement
file_workspace/testbenches/testbench_adder_16bit.v:199: syntax error
file_workspace/testbenches/testbench_adder_16bit.v:199: error: Malformed statement
file_workspace/testbenches/testbench_adder_16bit.v:183: error: Incomprehensible for loop.
file_workspace/testbenches/testbench_adder_16bit.v:178: error: Task body with multiple statements requires SystemVerilog.
file_workspace/testbenches/testbench_adder_16bit.v:1: error: Task body with multiple statements requires SystemVerilog.

[2025-08-03 08:57:23] Agent.enhanced_real_code_review_agent - INFO - ğŸ” åˆ†æä»£ç è´¨é‡: ieee1800 æ ‡å‡†
[2025-08-03 08:57:23] Agent.enhanced_real_code_review_agent - INFO - ğŸ§ª ç”Ÿæˆæµ‹è¯•å°: adder_16bit
[2025-08-03 08:58:01] Agent.enhanced_real_code_review_agent - INFO - ğŸ“ å†™å…¥æ–‡ä»¶: testbench_adder_16bit.v
[2025-08-03 08:58:01] Agent.enhanced_real_code_review_agent - INFO - ğŸ” filename: testbench_adder_16bit.v
[2025-08-03 08:58:01] Agent.enhanced_real_code_review_agent - INFO - ğŸ” file type: verilog
[2025-08-03 08:58:01] Agent.enhanced_real_code_review_agent - INFO - ğŸ§¹ ä½¿ç”¨æ™ºèƒ½ä»£ç æå–å¤„ç†Verilogæ–‡ä»¶
[2025-08-03 08:58:01] Agent.enhanced_real_code_review_agent - INFO - ğŸ” å¼€å§‹æå–Verilogä»£ç ï¼ŒåŸå§‹å†…å®¹é•¿åº¦: 7441
[2025-08-03 08:58:01] Agent.enhanced_real_code_review_agent - INFO - âœ… æ‰¾åˆ° 1 ä¸ªVerilogä»£ç å—
[2025-08-03 08:58:01] Agent.enhanced_real_code_review_agent - INFO - âœ… ä»£ç å— 1 éªŒè¯é€šè¿‡ï¼Œé•¿åº¦: 6589
[2025-08-03 08:58:01] Agent.enhanced_real_code_review_agent - INFO - âœ… æˆåŠŸæå–Verilogä»£ç ï¼Œé•¿åº¦: 6589
[2025-08-03 08:58:01] Agent.enhanced_real_code_review_agent - INFO - ğŸ§¹ Verilogä»£ç æå–æˆåŠŸï¼š7441 -> 6589 å­—ç¬¦
[2025-08-03 08:58:01] Agent.enhanced_real_code_review_agent - INFO - ğŸ§¹ å†…å®¹å·²æ¸…ç†ï¼š7441 -> 6589 å­—ç¬¦
[2025-08-03 08:58:01] Agent.enhanced_real_code_review_agent - INFO - âœ… æ–‡ä»¶å·²é€šè¿‡ä¸­å¤®ç®¡ç†å™¨ä¿å­˜: testbench_adder_16bit.v (file path: /home/haiyan/Research/CentralizedAgentFramework/file_workspace/testbenches/testbench_adder_16bit.v) (ID: c24a8cc4)
[2025-08-03 08:58:01] Agent.enhanced_real_code_review_agent - INFO - âœ… ä»£ç å®¡æŸ¥ä»»åŠ¡å®Œæˆ: conv_1754182468
