[2025-08-03 08:09:11] ToolRegistry - INFO - ğŸ—„ï¸ æ•°æ®åº“å·¥å…·æ³¨å†Œå®Œæˆ
[2025-08-03 08:09:11] ToolRegistry - INFO - ğŸ› ï¸ åŸºç¡€å·¥å…·æ³¨å†Œå®Œæˆ
[2025-08-03 08:09:11] core.schema_system.enhanced_base_agent - INFO - âœ… å¢å¼ºBaseAgentåˆå§‹åŒ–å®Œæˆ: enhanced_real_code_review_agent
[2025-08-03 08:09:11] LLMClient-dashscope - INFO - ğŸš€ åˆå§‹åŒ–LLMå®¢æˆ·ç«¯ - æä¾›å•†: dashscope, æ¨¡å‹: qwen-turbo
[2025-08-03 08:09:11] core.schema_system.enhanced_base_agent - INFO - ğŸ”§ å¢å¼ºå·¥å…·æ³¨å†ŒæˆåŠŸ: generate_testbench (å®‰å…¨çº§åˆ«: normal)
[2025-08-03 08:09:11] core.schema_system.enhanced_base_agent - INFO - ğŸ”§ å¢å¼ºå·¥å…·æ³¨å†ŒæˆåŠŸ: run_simulation (å®‰å…¨çº§åˆ«: high)
[2025-08-03 08:09:11] core.schema_system.enhanced_base_agent - INFO - ğŸ”§ å¢å¼ºå·¥å…·æ³¨å†ŒæˆåŠŸ: analyze_code_quality (å®‰å…¨çº§åˆ«: normal)
[2025-08-03 08:09:11] core.schema_system.enhanced_base_agent - INFO - ğŸ”§ å¢å¼ºå·¥å…·æ³¨å†ŒæˆåŠŸ: generate_build_script (å®‰å…¨çº§åˆ«: high)
[2025-08-03 08:09:11] core.schema_system.enhanced_base_agent - INFO - ğŸ”§ å¢å¼ºå·¥å…·æ³¨å†ŒæˆåŠŸ: execute_build_script (å®‰å…¨çº§åˆ«: high)
[2025-08-03 08:09:11] core.schema_system.enhanced_base_agent - INFO - ğŸ”§ å¢å¼ºå·¥å…·æ³¨å†ŒæˆåŠŸ: analyze_coverage (å®‰å…¨çº§åˆ«: normal)
[2025-08-03 08:09:11] core.schema_system.enhanced_base_agent - INFO - ğŸ”§ å¢å¼ºå·¥å…·æ³¨å†ŒæˆåŠŸ: analyze_test_failures (å®‰å…¨çº§åˆ«: normal)
[2025-08-03 08:09:11] extensions.verilog_dependency_analyzer.VerilogDependencyAnalyzer - INFO - å‘ç°æ¨¡å—: adder_16bit (ä¾èµ–: æ— )
[2025-08-03 08:09:11] extensions.verilog_dependency_analyzer.VerilogDependencyAnalyzer - INFO - å‘ç°æ¨¡å—: adder_16bit_tb (ä¾èµ–: ['adder_16bit'])
[2025-08-03 08:09:11] extensions.verilog_dependency_analyzer.VerilogDependencyAnalyzer - INFO - æ·»åŠ æ–‡ä»¶: adder_16bit.v (æ¨¡å—: adder_16bit)
[2025-08-03 08:09:11] extensions.verilog_dependency_analyzer.VerilogDependencyAnalyzer - INFO - æ·»åŠ æ–‡ä»¶: adder_16bit_tb_14.v (æ¨¡å—: adder_16bit_tb)
[2025-08-03 08:09:11] Agent.enhanced_real_code_review_agent - INFO - ğŸ”¨ å¼€å§‹ç¼–è¯‘ 2 ä¸ªæ–‡ä»¶
[2025-08-03 08:09:11] Agent.enhanced_real_code_review_agent - INFO - ğŸ”¨ ç¼–è¯‘å‘½ä»¤: iverilog -o logs/experiment_20250803_080911/artifacts/simulation file_workspace/designs/adder_16bit.v file_workspace/testbenches/adder_16bit_tb_14.v
[2025-08-03 08:09:11] Agent.enhanced_real_code_review_agent - INFO - ğŸ”¨ ç¼–è¯‘å·¥ä½œç›®å½•: /home/haiyan/Research/CentralizedAgentFramework
[2025-08-03 08:09:11] Agent.enhanced_real_code_review_agent - ERROR - âŒ ç¼–è¯‘å¤±è´¥ï¼Œè¿”å›ç : 5
[2025-08-03 08:09:11] Agent.enhanced_real_code_review_agent - ERROR - ç¼–è¯‘é”™è¯¯: file_workspace/testbenches/adder_16bit_tb_14.v:247: syntax error
file_workspace/testbenches/adder_16bit_tb_14.v:248: error: Empty function argument list requires SystemVerilog.
file_workspace/testbenches/adder_16bit_tb_14.v:249: error: Empty function argument list requires SystemVerilog.
file_workspace/testbenches/adder_16bit_tb_14.v:250: error: Empty function argument list requires SystemVerilog.
file_workspace/testbenches/adder_16bit_tb_14.v:247: error: Incomprehensible for loop.

[2025-08-03 08:09:11] Agent.enhanced_real_code_review_agent - INFO - ğŸ” ä»¿çœŸç»“æœ: {'success': False, 'error': 'ç¼–è¯‘å¤±è´¥: file_workspace/testbenches/adder_16bit_tb_14.v:247: syntax error\nfile_workspace/testbenches/adder_16bit_tb_14.v:248: error: Empty function argument list requires SystemVerilog.\nfile_workspace/testbenches/adder_16bit_tb_14.v:249: error: Empty function argument list requires SystemVerilog.\nfile_workspace/testbenches/adder_16bit_tb_14.v:250: error: Empty function argument list requires SystemVerilog.\nfile_workspace/testbenches/adder_16bit_tb_14.v:247: error: Incomprehensible for loop.\n', 'stage': 'compilation', 'compilation_output': 'file_workspace/testbenches/adder_16bit_tb_14.v:247: syntax error\nfile_workspace/testbenches/adder_16bit_tb_14.v:248: error: Empty function argument list requires SystemVerilog.\nfile_workspace/testbenches/adder_16bit_tb_14.v:249: error: Empty function argument list requires SystemVerilog.\nfile_workspace/testbenches/adder_16bit_tb_14.v:250: error: Empty function argument list requires SystemVerilog.\nfile_workspace/testbenches/adder_16bit_tb_14.v:247: error: Incomprehensible for loop.\n', 'command': 'iverilog -o logs/experiment_20250803_080911/artifacts/simulation file_workspace/designs/adder_16bit.v file_workspace/testbenches/adder_16bit_tb_14.v'}
[2025-08-03 08:09:11] Agent.enhanced_real_code_review_agent - ERROR - âŒ ä»¿çœŸæ‰§è¡Œå¤±è´¥ (compilation): ç¼–è¯‘å¤±è´¥: file_workspace/testbenches/adder_16bit_tb_14.v:247: syntax error
file_workspace/testbenches/adder_16bit_tb_14.v:248: error: Empty function argument list requires SystemVerilog.
file_workspace/testbenches/adder_16bit_tb_14.v:249: error: Empty function argument list requires SystemVerilog.
file_workspace/testbenches/adder_16bit_tb_14.v:250: error: Empty function argument list requires SystemVerilog.
file_workspace/testbenches/adder_16bit_tb_14.v:247: error: Incomprehensible for loop.

